ARM GAS  C:\Users\mikke\AppData\Local\Temp\ccZyVuz9.s 			page 1


   1              		.syntax unified
   2              		.cpu cortex-m3
   3              		.fpu softvfp
   4              		.eabi_attribute 20, 1
   5              		.eabi_attribute 21, 1
   6              		.eabi_attribute 23, 3
   7              		.eabi_attribute 24, 1
   8              		.eabi_attribute 25, 1
   9              		.eabi_attribute 26, 1
  10              		.eabi_attribute 30, 6
  11              		.eabi_attribute 34, 1
  12              		.eabi_attribute 18, 4
  13              		.thumb
  14              		.syntax unified
  15              		.file	"cymetadata.c"
  16              		.text
  17              	.Ltext0:
  18              		.cfi_sections	.debug_frame
  19              		.global	cy_meta_configecc
  20              		.section	.cyconfigecc,"a",%progbits
  21              		.align	2
  22              		.type	cy_meta_configecc, %object
  23              		.size	cy_meta_configecc, 972
  24              	cy_meta_configecc:
  25 0000 07       		.byte	7
  26 0001 52       		.byte	82
  27 0002 00       		.byte	0
  28 0003 40       		.byte	64
  29 0004 05       		.byte	5
  30 0005 64       		.byte	100
  31 0006 00       		.byte	0
  32 0007 40       		.byte	64
  33 0008 30       		.byte	48
  34 0009 00       		.byte	0
  35 000a 01       		.byte	1
  36 000b 40       		.byte	64
  37 000c 21       		.byte	33
  38 000d 01       		.byte	1
  39 000e 01       		.byte	1
  40 000f 40       		.byte	64
  41 0010 53       		.byte	83
  42 0011 02       		.byte	2
  43 0012 01       		.byte	1
  44 0013 40       		.byte	64
  45 0014 34       		.byte	52
  46 0015 03       		.byte	3
  47 0016 01       		.byte	1
  48 0017 40       		.byte	64
  49 0018 32       		.byte	50
  50 0019 04       		.byte	4
  51 001a 01       		.byte	1
  52 001b 40       		.byte	64
  53 001c 2C       		.byte	44
  54 001d 05       		.byte	5
  55 001e 01       		.byte	1
  56 001f 40       		.byte	64
  57 0020 02       		.byte	2
ARM GAS  C:\Users\mikke\AppData\Local\Temp\ccZyVuz9.s 			page 2


  58 0021 07       		.byte	7
  59 0022 01       		.byte	1
  60 0023 40       		.byte	64
  61 0024 01       		.byte	1
  62 0025 09       		.byte	9
  63 0026 01       		.byte	1
  64 0027 40       		.byte	64
  65 0028 02       		.byte	2
  66 0029 0B       		.byte	11
  67 002a 01       		.byte	1
  68 002b 40       		.byte	64
  69 002c 04       		.byte	4
  70 002d 0C       		.byte	12
  71 002e 01       		.byte	1
  72 002f 40       		.byte	64
  73 0030 01       		.byte	1
  74 0031 0D       		.byte	13
  75 0032 01       		.byte	1
  76 0033 40       		.byte	64
  77 0034 01       		.byte	1
  78 0035 0F       		.byte	15
  79 0036 01       		.byte	1
  80 0037 40       		.byte	64
  81 0038 01       		.byte	1
  82 0039 15       		.byte	21
  83 003a 01       		.byte	1
  84 003b 40       		.byte	64
  85 003c 01       		.byte	1
  86 003d 1B       		.byte	27
  87 003e 01       		.byte	1
  88 003f 40       		.byte	64
  89 0040 05       		.byte	5
  90 0041 40       		.byte	64
  91 0042 01       		.byte	1
  92 0043 40       		.byte	64
  93 0044 0E       		.byte	14
  94 0045 41       		.byte	65
  95 0046 01       		.byte	1
  96 0047 40       		.byte	64
  97 0048 06       		.byte	6
  98 0049 42       		.byte	66
  99 004a 01       		.byte	1
 100 004b 40       		.byte	64
 101 004c 04       		.byte	4
 102 004d 43       		.byte	67
 103 004e 01       		.byte	1
 104 004f 40       		.byte	64
 105 0050 03       		.byte	3
 106 0051 44       		.byte	68
 107 0052 01       		.byte	1
 108 0053 40       		.byte	64
 109 0054 06       		.byte	6
 110 0055 45       		.byte	69
 111 0056 01       		.byte	1
 112 0057 40       		.byte	64
 113 0058 02       		.byte	2
 114 0059 46       		.byte	70
ARM GAS  C:\Users\mikke\AppData\Local\Temp\ccZyVuz9.s 			page 3


 115 005a 01       		.byte	1
 116 005b 40       		.byte	64
 117 005c 01       		.byte	1
 118 005d 47       		.byte	71
 119 005e 01       		.byte	1
 120 005f 40       		.byte	64
 121 0060 01       		.byte	1
 122 0061 48       		.byte	72
 123 0062 01       		.byte	1
 124 0063 40       		.byte	64
 125 0064 02       		.byte	2
 126 0065 49       		.byte	73
 127 0066 01       		.byte	1
 128 0067 40       		.byte	64
 129 0068 10       		.byte	16
 130 0069 4C       		.byte	76
 131 006a 01       		.byte	1
 132 006b 40       		.byte	64
 133 006c 01       		.byte	1
 134 006d 4D       		.byte	77
 135 006e 01       		.byte	1
 136 006f 40       		.byte	64
 137 0070 03       		.byte	3
 138 0071 50       		.byte	80
 139 0072 01       		.byte	1
 140 0073 40       		.byte	64
 141 0074 02       		.byte	2
 142 0075 51       		.byte	81
 143 0076 01       		.byte	1
 144 0077 40       		.byte	64
 145 0078 00       		.byte	0
 146 0079 01       		.byte	1
 147 007a 01       		.byte	1
 148 007b 11       		.byte	17
 149 007c 03       		.byte	3
 150 007d 01       		.byte	1
 151 007e 09       		.byte	9
 152 007f 40       		.byte	64
 153 0080 0C       		.byte	12
 154 0081 C0       		.byte	-64
 155 0082 10       		.byte	16
 156 0083 40       		.byte	64
 157 0084 11       		.byte	17
 158 0085 40       		.byte	64
 159 0086 71       		.byte	113
 160 0087 01       		.byte	1
 161 0088 72       		.byte	114
 162 0089 01       		.byte	1
 163 008a 80       		.byte	-128
 164 008b 0F       		.byte	15
 165 008c 83       		.byte	-125
 166 008d 0D       		.byte	13
 167 008e 85       		.byte	-123
 168 008f 0D       		.byte	13
 169 0090 0B       		.byte	11
 170 0091 03       		.byte	3
 171 0092 0D       		.byte	13
ARM GAS  C:\Users\mikke\AppData\Local\Temp\ccZyVuz9.s 			page 4


 172 0093 02       		.byte	2
 173 0094 0E       		.byte	14
 174 0095 0D       		.byte	13
 175 0096 12       		.byte	18
 176 0097 02       		.byte	2
 177 0098 15       		.byte	21
 178 0099 08       		.byte	8
 179 009a 16       		.byte	22
 180 009b 01       		.byte	1
 181 009c 1B       		.byte	27
 182 009d 0C       		.byte	12
 183 009e 26       		.byte	38
 184 009f 08       		.byte	8
 185 00a0 2E       		.byte	46
 186 00a1 04       		.byte	4
 187 00a2 30       		.byte	48
 188 00a3 02       		.byte	2
 189 00a4 31       		.byte	49
 190 00a5 01       		.byte	1
 191 00a6 32       		.byte	50
 192 00a7 04       		.byte	4
 193 00a8 33       		.byte	51
 194 00a9 04       		.byte	4
 195 00aa 34       		.byte	52
 196 00ab 01       		.byte	1
 197 00ac 35       		.byte	53
 198 00ad 02       		.byte	2
 199 00ae 36       		.byte	54
 200 00af 08       		.byte	8
 201 00b0 37       		.byte	55
 202 00b1 08       		.byte	8
 203 00b2 3E       		.byte	62
 204 00b3 04       		.byte	4
 205 00b4 40       		.byte	64
 206 00b5 40       		.byte	64
 207 00b6 41       		.byte	65
 208 00b7 05       		.byte	5
 209 00b8 45       		.byte	69
 210 00b9 D1       		.byte	-47
 211 00ba 46       		.byte	70
 212 00bb 50       		.byte	80
 213 00bc 47       		.byte	71
 214 00bd 20       		.byte	32
 215 00be 48       		.byte	72
 216 00bf 2B       		.byte	43
 217 00c0 49       		.byte	73
 218 00c1 FF       		.byte	-1
 219 00c2 4A       		.byte	74
 220 00c3 FF       		.byte	-1
 221 00c4 4B       		.byte	75
 222 00c5 FF       		.byte	-1
 223 00c6 4D       		.byte	77
 224 00c7 A0       		.byte	-96
 225 00c8 4F       		.byte	79
 226 00c9 04       		.byte	4
 227 00ca 50       		.byte	80
 228 00cb 18       		.byte	24
ARM GAS  C:\Users\mikke\AppData\Local\Temp\ccZyVuz9.s 			page 5


 229 00cc 52       		.byte	82
 230 00cd 80       		.byte	-128
 231 00ce 54       		.byte	84
 232 00cf 07       		.byte	7
 233 00d0 58       		.byte	88
 234 00d1 04       		.byte	4
 235 00d2 59       		.byte	89
 236 00d3 04       		.byte	4
 237 00d4 5A       		.byte	90
 238 00d5 04       		.byte	4
 239 00d6 5B       		.byte	91
 240 00d7 04       		.byte	4
 241 00d8 5F       		.byte	95
 242 00d9 01       		.byte	1
 243 00da 60       		.byte	96
 244 00db 40       		.byte	64
 245 00dc 62       		.byte	98
 246 00dd C0       		.byte	-64
 247 00de 64       		.byte	100
 248 00df 40       		.byte	64
 249 00e0 65       		.byte	101
 250 00e1 40       		.byte	64
 251 00e2 66       		.byte	102
 252 00e3 C0       		.byte	-64
 253 00e4 68       		.byte	104
 254 00e5 C0       		.byte	-64
 255 00e6 6A       		.byte	106
 256 00e7 C0       		.byte	-64
 257 00e8 6C       		.byte	108
 258 00e9 C0       		.byte	-64
 259 00ea 6E       		.byte	110
 260 00eb C0       		.byte	-64
 261 00ec DB       		.byte	-37
 262 00ed 04       		.byte	4
 263 00ee DF       		.byte	-33
 264 00ef 01       		.byte	1
 265 00f0 00       		.byte	0
 266 00f1 40       		.byte	64
 267 00f2 0A       		.byte	10
 268 00f3 40       		.byte	64
 269 00f4 0B       		.byte	11
 270 00f5 20       		.byte	32
 271 00f6 10       		.byte	16
 272 00f7 22       		.byte	34
 273 00f8 18       		.byte	24
 274 00f9 40       		.byte	64
 275 00fa 19       		.byte	25
 276 00fb 44       		.byte	68
 277 00fc 1B       		.byte	27
 278 00fd 10       		.byte	16
 279 00fe 21       		.byte	33
 280 00ff 08       		.byte	8
 281 0100 22       		.byte	34
 282 0101 50       		.byte	80
 283 0102 23       		.byte	35
 284 0103 40       		.byte	64
 285 0104 30       		.byte	48
ARM GAS  C:\Users\mikke\AppData\Local\Temp\ccZyVuz9.s 			page 6


 286 0105 20       		.byte	32
 287 0106 31       		.byte	49
 288 0107 08       		.byte	8
 289 0108 3B       		.byte	59
 290 0109 60       		.byte	96
 291 010a 40       		.byte	64
 292 010b 40       		.byte	64
 293 010c 48       		.byte	72
 294 010d 22       		.byte	34
 295 010e 49       		.byte	73
 296 010f 01       		.byte	1
 297 0110 50       		.byte	80
 298 0111 02       		.byte	2
 299 0112 53       		.byte	83
 300 0113 10       		.byte	16
 301 0114 59       		.byte	89
 302 0115 05       		.byte	5
 303 0116 5A       		.byte	90
 304 0117 A0       		.byte	-96
 305 0118 6D       		.byte	109
 306 0119 80       		.byte	-128
 307 011a 72       		.byte	114
 308 011b 40       		.byte	64
 309 011c 85       		.byte	-123
 310 011d 40       		.byte	64
 311 011e 89       		.byte	-119
 312 011f 40       		.byte	64
 313 0120 8F       		.byte	-113
 314 0121 10       		.byte	16
 315 0122 C0       		.byte	-64
 316 0123 01       		.byte	1
 317 0124 C2       		.byte	-62
 318 0125 0C       		.byte	12
 319 0126 C4       		.byte	-60
 320 0127 05       		.byte	5
 321 0128 CC       		.byte	-52
 322 0129 06       		.byte	6
 323 012a CE       		.byte	-50
 324 012b 0C       		.byte	12
 325 012c D0       		.byte	-48
 326 012d 01       		.byte	1
 327 012e D2       		.byte	-46
 328 012f 08       		.byte	8
 329 0130 D6       		.byte	-42
 330 0131 0F       		.byte	15
 331 0132 40       		.byte	64
 332 0133 65       		.byte	101
 333 0134 41       		.byte	65
 334 0135 01       		.byte	1
 335 0136 49       		.byte	73
 336 0137 FF       		.byte	-1
 337 0138 4A       		.byte	74
 338 0139 FF       		.byte	-1
 339 013a 4B       		.byte	75
 340 013b FF       		.byte	-1
 341 013c 4F       		.byte	79
 342 013d 01       		.byte	1
ARM GAS  C:\Users\mikke\AppData\Local\Temp\ccZyVuz9.s 			page 7


 343 013e 50       		.byte	80
 344 013f 18       		.byte	24
 345 0140 5A       		.byte	90
 346 0141 04       		.byte	4
 347 0142 5B       		.byte	91
 348 0143 04       		.byte	4
 349 0144 5D       		.byte	93
 350 0145 01       		.byte	1
 351 0146 5F       		.byte	95
 352 0147 01       		.byte	1
 353 0148 60       		.byte	96
 354 0149 40       		.byte	64
 355 014a 62       		.byte	98
 356 014b 40       		.byte	64
 357 014c 64       		.byte	100
 358 014d 40       		.byte	64
 359 014e 65       		.byte	101
 360 014f 40       		.byte	64
 361 0150 66       		.byte	102
 362 0151 80       		.byte	-128
 363 0152 68       		.byte	104
 364 0153 80       		.byte	-128
 365 0154 6A       		.byte	106
 366 0155 80       		.byte	-128
 367 0156 6C       		.byte	108
 368 0157 80       		.byte	-128
 369 0158 6E       		.byte	110
 370 0159 80       		.byte	-128
 371 015a 80       		.byte	-128
 372 015b 08       		.byte	8
 373 015c 82       		.byte	-126
 374 015d 40       		.byte	64
 375 015e 83       		.byte	-125
 376 015f 0E       		.byte	14
 377 0160 84       		.byte	-124
 378 0161 10       		.byte	16
 379 0162 88       		.byte	-120
 380 0163 0E       		.byte	14
 381 0164 8A       		.byte	-118
 382 0165 80       		.byte	-128
 383 0166 8D       		.byte	-115
 384 0167 04       		.byte	4
 385 0168 8E       		.byte	-114
 386 0169 10       		.byte	16
 387 016a 90       		.byte	-112
 388 016b 02       		.byte	2
 389 016c 92       		.byte	-110
 390 016d 41       		.byte	65
 391 016e 93       		.byte	-109
 392 016f 01       		.byte	1
 393 0170 94       		.byte	-108
 394 0171 04       		.byte	4
 395 0172 96       		.byte	-106
 396 0173 40       		.byte	64
 397 0174 97       		.byte	-105
 398 0175 08       		.byte	8
 399 0176 9B       		.byte	-101
ARM GAS  C:\Users\mikke\AppData\Local\Temp\ccZyVuz9.s 			page 8


 400 0177 01       		.byte	1
 401 0178 9C       		.byte	-100
 402 0179 FE       		.byte	-2
 403 017a 9D       		.byte	-99
 404 017b 0C       		.byte	12
 405 017c A2       		.byte	-94
 406 017d 7F       		.byte	127
 407 017e A3       		.byte	-93
 408 017f 0D       		.byte	13
 409 0180 A6       		.byte	-90
 410 0181 6F       		.byte	111
 411 0182 A7       		.byte	-89
 412 0183 01       		.byte	1
 413 0184 AB       		.byte	-85
 414 0185 04       		.byte	4
 415 0186 AE       		.byte	-82
 416 0187 3E       		.byte	62
 417 0188 B0       		.byte	-80
 418 0189 0E       		.byte	14
 419 018a B1       		.byte	-79
 420 018b 01       		.byte	1
 421 018c B2       		.byte	-78
 422 018d C0       		.byte	-64
 423 018e B3       		.byte	-77
 424 018f 0C       		.byte	12
 425 0190 B4       		.byte	-76
 426 0191 01       		.byte	1
 427 0192 B5       		.byte	-75
 428 0193 02       		.byte	2
 429 0194 B6       		.byte	-74
 430 0195 30       		.byte	48
 431 0196 B7       		.byte	-73
 432 0197 01       		.byte	1
 433 0198 BE       		.byte	-66
 434 0199 10       		.byte	16
 435 019a BF       		.byte	-65
 436 019b 40       		.byte	64
 437 019c C0       		.byte	-64
 438 019d 25       		.byte	37
 439 019e C1       		.byte	-63
 440 019f 04       		.byte	4
 441 01a0 C5       		.byte	-59
 442 01a1 EC       		.byte	-20
 443 01a2 C7       		.byte	-57
 444 01a3 20       		.byte	32
 445 01a4 C8       		.byte	-56
 446 01a5 23       		.byte	35
 447 01a6 C9       		.byte	-55
 448 01a7 FF       		.byte	-1
 449 01a8 CA       		.byte	-54
 450 01a9 FF       		.byte	-1
 451 01aa CB       		.byte	-53
 452 01ab FF       		.byte	-1
 453 01ac CD       		.byte	-51
 454 01ad 83       		.byte	-125
 455 01ae CE       		.byte	-50
 456 01af 03       		.byte	3
ARM GAS  C:\Users\mikke\AppData\Local\Temp\ccZyVuz9.s 			page 9


 457 01b0 CF       		.byte	-49
 458 01b1 01       		.byte	1
 459 01b2 D0       		.byte	-48
 460 01b3 18       		.byte	24
 461 01b4 D2       		.byte	-46
 462 01b5 90       		.byte	-112
 463 01b6 D4       		.byte	-44
 464 01b7 01       		.byte	1
 465 01b8 D8       		.byte	-40
 466 01b9 04       		.byte	4
 467 01ba D9       		.byte	-39
 468 01bb 04       		.byte	4
 469 01bc DA       		.byte	-38
 470 01bd 04       		.byte	4
 471 01be DB       		.byte	-37
 472 01bf 04       		.byte	4
 473 01c0 DC       		.byte	-36
 474 01c1 11       		.byte	17
 475 01c2 DD       		.byte	-35
 476 01c3 11       		.byte	17
 477 01c4 DF       		.byte	-33
 478 01c5 05       		.byte	5
 479 01c6 E0       		.byte	-32
 480 01c7 40       		.byte	64
 481 01c8 E2       		.byte	-30
 482 01c9 40       		.byte	64
 483 01ca E4       		.byte	-28
 484 01cb 40       		.byte	64
 485 01cc E5       		.byte	-27
 486 01cd 40       		.byte	64
 487 01ce E6       		.byte	-26
 488 01cf 80       		.byte	-128
 489 01d0 E8       		.byte	-24
 490 01d1 80       		.byte	-128
 491 01d2 EA       		.byte	-22
 492 01d3 80       		.byte	-128
 493 01d4 EC       		.byte	-20
 494 01d5 80       		.byte	-128
 495 01d6 EE       		.byte	-18
 496 01d7 80       		.byte	-128
 497 01d8 00       		.byte	0
 498 01d9 02       		.byte	2
 499 01da 01       		.byte	1
 500 01db 40       		.byte	64
 501 01dc 02       		.byte	2
 502 01dd 10       		.byte	16
 503 01de 03       		.byte	3
 504 01df 08       		.byte	8
 505 01e0 08       		.byte	8
 506 01e1 80       		.byte	-128
 507 01e2 0A       		.byte	10
 508 01e3 60       		.byte	96
 509 01e4 10       		.byte	16
 510 01e5 90       		.byte	-112
 511 01e6 12       		.byte	18
 512 01e7 01       		.byte	1
 513 01e8 13       		.byte	19
ARM GAS  C:\Users\mikke\AppData\Local\Temp\ccZyVuz9.s 			page 10


 514 01e9 40       		.byte	64
 515 01ea 18       		.byte	24
 516 01eb 04       		.byte	4
 517 01ec 1A       		.byte	26
 518 01ed 42       		.byte	66
 519 01ee 1B       		.byte	27
 520 01ef 18       		.byte	24
 521 01f0 20       		.byte	32
 522 01f1 40       		.byte	64
 523 01f2 21       		.byte	33
 524 01f3 08       		.byte	8
 525 01f4 22       		.byte	34
 526 01f5 50       		.byte	80
 527 01f6 23       		.byte	35
 528 01f7 80       		.byte	-128
 529 01f8 28       		.byte	40
 530 01f9 10       		.byte	16
 531 01fa 29       		.byte	41
 532 01fb 10       		.byte	16
 533 01fc 2A       		.byte	42
 534 01fd 12       		.byte	18
 535 01fe 31       		.byte	49
 536 01ff 88       		.byte	-120
 537 0200 32       		.byte	50
 538 0201 12       		.byte	18
 539 0202 39       		.byte	57
 540 0203 40       		.byte	64
 541 0204 3A       		.byte	58
 542 0205 01       		.byte	1
 543 0206 40       		.byte	64
 544 0207 C4       		.byte	-60
 545 0208 45       		.byte	69
 546 0209 80       		.byte	-128
 547 020a 47       		.byte	71
 548 020b 80       		.byte	-128
 549 020c 48       		.byte	72
 550 020d 01       		.byte	1
 551 020e 49       		.byte	73
 552 020f 0A       		.byte	10
 553 0210 4A       		.byte	74
 554 0211 02       		.byte	2
 555 0212 4E       		.byte	78
 556 0213 02       		.byte	2
 557 0214 4F       		.byte	79
 558 0215 20       		.byte	32
 559 0216 52       		.byte	82
 560 0217 02       		.byte	2
 561 0218 59       		.byte	89
 562 0219 0A       		.byte	10
 563 021a 5A       		.byte	90
 564 021b 80       		.byte	-128
 565 021c 6F       		.byte	111
 566 021d 01       		.byte	1
 567 021e 70       		.byte	112
 568 021f 80       		.byte	-128
 569 0220 72       		.byte	114
 570 0221 02       		.byte	2
ARM GAS  C:\Users\mikke\AppData\Local\Temp\ccZyVuz9.s 			page 11


 571 0222 73       		.byte	115
 572 0223 40       		.byte	64
 573 0224 78       		.byte	120
 574 0225 80       		.byte	-128
 575 0226 87       		.byte	-121
 576 0227 01       		.byte	1
 577 0228 8D       		.byte	-115
 578 0229 80       		.byte	-128
 579 022a C0       		.byte	-64
 580 022b 0F       		.byte	15
 581 022c C2       		.byte	-62
 582 022d 0D       		.byte	13
 583 022e C4       		.byte	-60
 584 022f 0D       		.byte	13
 585 0230 CA       		.byte	-54
 586 0231 07       		.byte	7
 587 0232 CC       		.byte	-52
 588 0233 0F       		.byte	15
 589 0234 CE       		.byte	-50
 590 0235 09       		.byte	9
 591 0236 D0       		.byte	-48
 592 0237 15       		.byte	21
 593 0238 D2       		.byte	-46
 594 0239 38       		.byte	56
 595 023a D6       		.byte	-42
 596 023b 0B       		.byte	11
 597 023c DE       		.byte	-34
 598 023d 08       		.byte	8
 599 023e E2       		.byte	-30
 600 023f 10       		.byte	16
 601 0240 2E       		.byte	46
 602 0241 01       		.byte	1
 603 0242 34       		.byte	52
 604 0243 01       		.byte	1
 605 0244 52       		.byte	82
 606 0245 01       		.byte	1
 607 0246 53       		.byte	83
 608 0247 01       		.byte	1
 609 0248 56       		.byte	86
 610 0249 10       		.byte	16
 611 024a 58       		.byte	88
 612 024b 04       		.byte	4
 613 024c 5B       		.byte	91
 614 024d 04       		.byte	4
 615 024e 5C       		.byte	92
 616 024f 01       		.byte	1
 617 0250 5D       		.byte	93
 618 0251 10       		.byte	16
 619 0252 5F       		.byte	95
 620 0253 01       		.byte	1
 621 0254 83       		.byte	-125
 622 0255 01       		.byte	1
 623 0256 92       		.byte	-110
 624 0257 05       		.byte	5
 625 0258 9A       		.byte	-102
 626 0259 04       		.byte	4
 627 025a 9E       		.byte	-98
ARM GAS  C:\Users\mikke\AppData\Local\Temp\ccZyVuz9.s 			page 12


 628 025b 09       		.byte	9
 629 025c A9       		.byte	-87
 630 025d 01       		.byte	1
 631 025e AE       		.byte	-82
 632 025f 02       		.byte	2
 633 0260 B0       		.byte	-80
 634 0261 02       		.byte	2
 635 0262 B1       		.byte	-79
 636 0263 01       		.byte	1
 637 0264 B2       		.byte	-78
 638 0265 08       		.byte	8
 639 0266 B4       		.byte	-76
 640 0267 04       		.byte	4
 641 0268 B6       		.byte	-74
 642 0269 01       		.byte	1
 643 026a BE       		.byte	-66
 644 026b 10       		.byte	16
 645 026c C0       		.byte	-64
 646 026d 40       		.byte	64
 647 026e C1       		.byte	-63
 648 026f 05       		.byte	5
 649 0270 C5       		.byte	-59
 650 0271 D2       		.byte	-46
 651 0272 C6       		.byte	-58
 652 0273 02       		.byte	2
 653 0274 C7       		.byte	-57
 654 0275 10       		.byte	16
 655 0276 C8       		.byte	-56
 656 0277 27       		.byte	39
 657 0278 C9       		.byte	-55
 658 0279 FF       		.byte	-1
 659 027a CA       		.byte	-54
 660 027b FF       		.byte	-1
 661 027c CB       		.byte	-53
 662 027d FF       		.byte	-1
 663 027e CD       		.byte	-51
 664 027f A0       		.byte	-96
 665 0280 CF       		.byte	-49
 666 0281 04       		.byte	4
 667 0282 D0       		.byte	-48
 668 0283 18       		.byte	24
 669 0284 D2       		.byte	-46
 670 0285 80       		.byte	-128
 671 0286 D4       		.byte	-44
 672 0287 05       		.byte	5
 673 0288 D8       		.byte	-40
 674 0289 04       		.byte	4
 675 028a D9       		.byte	-39
 676 028b 04       		.byte	4
 677 028c DA       		.byte	-38
 678 028d 04       		.byte	4
 679 028e DB       		.byte	-37
 680 028f 04       		.byte	4
 681 0290 DF       		.byte	-33
 682 0291 01       		.byte	1
 683 0292 E0       		.byte	-32
 684 0293 40       		.byte	64
ARM GAS  C:\Users\mikke\AppData\Local\Temp\ccZyVuz9.s 			page 13


 685 0294 E2       		.byte	-30
 686 0295 C0       		.byte	-64
 687 0296 E4       		.byte	-28
 688 0297 40       		.byte	64
 689 0298 E5       		.byte	-27
 690 0299 40       		.byte	64
 691 029a E6       		.byte	-26
 692 029b C0       		.byte	-64
 693 029c E8       		.byte	-24
 694 029d C0       		.byte	-64
 695 029e EA       		.byte	-22
 696 029f C0       		.byte	-64
 697 02a0 EC       		.byte	-20
 698 02a1 C0       		.byte	-64
 699 02a2 EE       		.byte	-18
 700 02a3 C0       		.byte	-64
 701 02a4 0E       		.byte	14
 702 02a5 80       		.byte	-128
 703 02a6 0F       		.byte	15
 704 02a7 0A       		.byte	10
 705 02a8 11       		.byte	17
 706 02a9 40       		.byte	64
 707 02aa 17       		.byte	23
 708 02ab 40       		.byte	64
 709 02ac 19       		.byte	25
 710 02ad 10       		.byte	16
 711 02ae 1D       		.byte	29
 712 02af 02       		.byte	2
 713 02b0 1E       		.byte	30
 714 02b1 88       		.byte	-120
 715 02b2 1F       		.byte	31
 716 02b3 48       		.byte	72
 717 02b4 27       		.byte	39
 718 02b5 80       		.byte	-128
 719 02b6 2F       		.byte	47
 720 02b7 08       		.byte	8
 721 02b8 3F       		.byte	63
 722 02b9 02       		.byte	2
 723 02ba 45       		.byte	69
 724 02bb 02       		.byte	2
 725 02bc 4F       		.byte	79
 726 02bd 89       		.byte	-119
 727 02be 57       		.byte	87
 728 02bf 41       		.byte	65
 729 02c0 58       		.byte	88
 730 02c1 04       		.byte	4
 731 02c2 59       		.byte	89
 732 02c3 81       		.byte	-127
 733 02c4 5B       		.byte	91
 734 02c5 10       		.byte	16
 735 02c6 5E       		.byte	94
 736 02c7 08       		.byte	8
 737 02c8 5F       		.byte	95
 738 02c9 81       		.byte	-127
 739 02ca 61       		.byte	97
 740 02cb 21       		.byte	33
 741 02cc 62       		.byte	98
ARM GAS  C:\Users\mikke\AppData\Local\Temp\ccZyVuz9.s 			page 14


 742 02cd 48       		.byte	72
 743 02ce 69       		.byte	105
 744 02cf 40       		.byte	64
 745 02d0 77       		.byte	119
 746 02d1 40       		.byte	64
 747 02d2 81       		.byte	-127
 748 02d3 21       		.byte	33
 749 02d4 82       		.byte	-126
 750 02d5 08       		.byte	8
 751 02d6 83       		.byte	-125
 752 02d7 10       		.byte	16
 753 02d8 84       		.byte	-124
 754 02d9 04       		.byte	4
 755 02da 85       		.byte	-123
 756 02db 20       		.byte	32
 757 02dc 86       		.byte	-122
 758 02dd 40       		.byte	64
 759 02de 8B       		.byte	-117
 760 02df 40       		.byte	64
 761 02e0 95       		.byte	-107
 762 02e1 40       		.byte	64
 763 02e2 9D       		.byte	-99
 764 02e3 10       		.byte	16
 765 02e4 AC       		.byte	-84
 766 02e5 10       		.byte	16
 767 02e6 AE       		.byte	-82
 768 02e7 01       		.byte	1
 769 02e8 C2       		.byte	-62
 770 02e9 D0       		.byte	-48
 771 02ea C4       		.byte	-60
 772 02eb 81       		.byte	-127
 773 02ec CA       		.byte	-54
 774 02ed 20       		.byte	32
 775 02ee CE       		.byte	-50
 776 02ef 80       		.byte	-128
 777 02f0 D0       		.byte	-48
 778 02f1 80       		.byte	-128
 779 02f2 D2       		.byte	-46
 780 02f3 10       		.byte	16
 781 02f4 D6       		.byte	-42
 782 02f5 DF       		.byte	-33
 783 02f6 D8       		.byte	-40
 784 02f7 0F       		.byte	15
 785 02f8 E2       		.byte	-30
 786 02f9 04       		.byte	4
 787 02fa E6       		.byte	-26
 788 02fb 80       		.byte	-128
 789 02fc A9       		.byte	-87
 790 02fd 80       		.byte	-128
 791 02fe EE       		.byte	-18
 792 02ff 04       		.byte	4
 793 0300 EE       		.byte	-18
 794 0301 04       		.byte	4
 795 0302 83       		.byte	-125
 796 0303 40       		.byte	64
 797 0304 A3       		.byte	-93
 798 0305 40       		.byte	64
ARM GAS  C:\Users\mikke\AppData\Local\Temp\ccZyVuz9.s 			page 15


 799 0306 B8       		.byte	-72
 800 0307 80       		.byte	-128
 801 0308 BE       		.byte	-66
 802 0309 40       		.byte	64
 803 030a D8       		.byte	-40
 804 030b 04       		.byte	4
 805 030c DF       		.byte	-33
 806 030d 01       		.byte	1
 807 030e 1B       		.byte	27
 808 030f 40       		.byte	64
 809 0310 E0       		.byte	-32
 810 0311 90       		.byte	-112
 811 0312 EA       		.byte	-22
 812 0313 01       		.byte	1
 813 0314 EA       		.byte	-22
 814 0315 01       		.byte	1
 815 0316 33       		.byte	51
 816 0317 20       		.byte	32
 817 0318 35       		.byte	53
 818 0319 20       		.byte	32
 819 031a 87       		.byte	-121
 820 031b 20       		.byte	32
 821 031c CC       		.byte	-52
 822 031d 30       		.byte	48
 823 031e E2       		.byte	-30
 824 031f 40       		.byte	64
 825 0320 03       		.byte	3
 826 0321 10       		.byte	16
 827 0322 5F       		.byte	95
 828 0323 20       		.byte	32
 829 0324 62       		.byte	98
 830 0325 08       		.byte	8
 831 0326 6B       		.byte	107
 832 0327 80       		.byte	-128
 833 0328 87       		.byte	-121
 834 0329 80       		.byte	-128
 835 032a 8D       		.byte	-115
 836 032b 20       		.byte	32
 837 032c 9B       		.byte	-101
 838 032d 20       		.byte	32
 839 032e 9D       		.byte	-99
 840 032f 20       		.byte	32
 841 0330 A7       		.byte	-89
 842 0331 20       		.byte	32
 843 0332 C0       		.byte	-64
 844 0333 10       		.byte	16
 845 0334 D6       		.byte	-42
 846 0335 20       		.byte	32
 847 0336 D8       		.byte	-40
 848 0337 40       		.byte	64
 849 0338 DC       		.byte	-36
 850 0339 20       		.byte	32
 851 033a E2       		.byte	-30
 852 033b 40       		.byte	64
 853 033c 3E       		.byte	62
 854 033d 10       		.byte	16
 855 033e 8A       		.byte	-118
ARM GAS  C:\Users\mikke\AppData\Local\Temp\ccZyVuz9.s 			page 16


 856 033f 08       		.byte	8
 857 0340 9B       		.byte	-101
 858 0341 10       		.byte	16
 859 0342 A6       		.byte	-90
 860 0343 08       		.byte	8
 861 0344 A7       		.byte	-89
 862 0345 20       		.byte	32
 863 0346 CE       		.byte	-50
 864 0347 20       		.byte	32
 865 0348 96       		.byte	-106
 866 0349 10       		.byte	16
 867 034a AB       		.byte	-85
 868 034b 30       		.byte	48
 869 034c E8       		.byte	-24
 870 034d 20       		.byte	32
 871 034e EE       		.byte	-18
 872 034f 20       		.byte	32
 873 0350 8A       		.byte	-118
 874 0351 02       		.byte	2
 875 0352 8F       		.byte	-113
 876 0353 02       		.byte	2
 877 0354 E0       		.byte	-32
 878 0355 09       		.byte	9
 879 0356 5B       		.byte	91
 880 0357 02       		.byte	2
 881 0358 66       		.byte	102
 882 0359 02       		.byte	2
 883 035a 9A       		.byte	-102
 884 035b 02       		.byte	2
 885 035c 9B       		.byte	-101
 886 035d 02       		.byte	2
 887 035e D6       		.byte	-42
 888 035f 02       		.byte	2
 889 0360 D8       		.byte	-40
 890 0361 01       		.byte	1
 891 0362 1B       		.byte	27
 892 0363 04       		.byte	4
 893 0364 C6       		.byte	-58
 894 0365 08       		.byte	8
 895 0366 AB       		.byte	-85
 896 0367 04       		.byte	4
 897 0368 96       		.byte	-106
 898 0369 10       		.byte	16
 899 036a AA       		.byte	-86
 900 036b 10       		.byte	16
 901 036c EA       		.byte	-22
 902 036d 80       		.byte	-128
 903 036e 08       		.byte	8
 904 036f 10       		.byte	16
 905 0370 0E       		.byte	14
 906 0371 04       		.byte	4
 907 0372 12       		.byte	18
 908 0373 20       		.byte	32
 909 0374 13       		.byte	19
 910 0375 20       		.byte	32
 911 0376 17       		.byte	23
 912 0377 01       		.byte	1
ARM GAS  C:\Users\mikke\AppData\Local\Temp\ccZyVuz9.s 			page 17


 913 0378 3C       		.byte	60
 914 0379 01       		.byte	1
 915 037a 3E       		.byte	62
 916 037b 04       		.byte	4
 917 037c 5B       		.byte	91
 918 037d 01       		.byte	1
 919 037e 62       		.byte	98
 920 037f 20       		.byte	32
 921 0380 78       		.byte	120
 922 0381 10       		.byte	16
 923 0382 7C       		.byte	124
 924 0383 01       		.byte	1
 925 0384 C2       		.byte	-62
 926 0385 03       		.byte	3
 927 0386 C4       		.byte	-60
 928 0387 0E       		.byte	14
 929 0388 D6       		.byte	-42
 930 0389 02       		.byte	2
 931 038a D8       		.byte	-40
 932 038b 02       		.byte	2
 933 038c DE       		.byte	-34
 934 038d 03       		.byte	3
 935 038e AB       		.byte	-85
 936 038f 20       		.byte	32
 937 0390 00       		.byte	0
 938 0391 03       		.byte	3
 939 0392 08       		.byte	8
 940 0393 03       		.byte	3
 941 0394 0A       		.byte	10
 942 0395 03       		.byte	3
 943 0396 00       		.byte	0
 944 0397 0F       		.byte	15
 945 0398 03       		.byte	3
 946 0399 C0       		.byte	-64
 947 039a 00       		.byte	0
 948 039b 00       		.byte	0
 949 039c 01       		.byte	1
 950 039d 00       		.byte	0
 951 039e 00       		.byte	0
 952 039f 11       		.byte	17
 953 03a0 10       		.byte	16
 954 03a1 00       		.byte	0
 955 03a2 11       		.byte	17
 956 03a3 01       		.byte	1
 957 03a4 08       		.byte	8
 958 03a5 00       		.byte	0
 959 03a6 00       		.byte	0
 960 03a7 00       		.byte	0
 961 03a8 80       		.byte	-128
 962 03a9 00       		.byte	0
 963 03aa 00       		.byte	0
 964 03ab 80       		.byte	-128
 965 03ac 80       		.byte	-128
 966 03ad 00       		.byte	0
 967 03ae 00       		.byte	0
 968 03af 00       		.byte	0
 969 03b0 00       		.byte	0
ARM GAS  C:\Users\mikke\AppData\Local\Temp\ccZyVuz9.s 			page 18


 970 03b1 00       		.byte	0
 971 03b2 00       		.byte	0
 972 03b3 00       		.byte	0
 973 03b4 C0       		.byte	-64
 974 03b5 00       		.byte	0
 975 03b6 00       		.byte	0
 976 03b7 0B       		.byte	11
 977 03b8 CB       		.byte	-53
 978 03b9 00       		.byte	0
 979 03ba C0       		.byte	-64
 980 03bb 00       		.byte	0
 981 03bc 00       		.byte	0
 982 03bd 00       		.byte	0
 983 03be 00       		.byte	0
 984 03bf 00       		.byte	0
 985 03c0 00       		.byte	0
 986 03c1 C0       		.byte	-64
 987 03c2 C0       		.byte	-64
 988 03c3 00       		.byte	0
 989 03c4 C0       		.byte	-64
 990 03c5 00       		.byte	0
 991 03c6 00       		.byte	0
 992 03c7 00       		.byte	0
 993 03c8 0E       		.byte	14
 994 03c9 00       		.byte	0
 995 03ca 18       		.byte	24
 996 03cb 01       		.byte	1
 997              		.global	cy_meta_custnvl
 998              		.section	.cycustnvl,"a",%progbits
 999              		.align	2
 1000              		.type	cy_meta_custnvl, %object
 1001              		.size	cy_meta_custnvl, 4
 1002              	cy_meta_custnvl:
 1003 0000 00       		.byte	0
 1004 0001 00       		.byte	0
 1005 0002 40       		.byte	64
 1006 0003 05       		.byte	5
 1007              		.global	cy_meta_wonvl
 1008              		.section	.cywolatch,"a",%progbits
 1009              		.align	2
 1010              		.type	cy_meta_wonvl, %object
 1011              		.size	cy_meta_wonvl, 4
 1012              	cy_meta_wonvl:
 1013 0000 BC       		.byte	-68
 1014 0001 90       		.byte	-112
 1015 0002 AC       		.byte	-84
 1016 0003 AF       		.byte	-81
 1017              		.global	cy_meta_flashprotect
 1018              		.section	.cyflashprotect,"a",%progbits
 1019              		.align	2
 1020              		.type	cy_meta_flashprotect, %object
 1021              		.size	cy_meta_flashprotect, 256
 1022              	cy_meta_flashprotect:
 1023 0000 00000000 		.space	256
 1023      00000000 
 1023      00000000 
 1023      00000000 
ARM GAS  C:\Users\mikke\AppData\Local\Temp\ccZyVuz9.s 			page 19


 1023      00000000 
 1024              		.global	cy_metadata
 1025              		.section	.cymeta,"a",%progbits
 1026              		.align	2
 1027              		.type	cy_metadata, %object
 1028              		.size	cy_metadata, 12
 1029              	cy_metadata:
 1030 0000 00       		.byte	0
 1031 0001 01       		.byte	1
 1032 0002 2E       		.byte	46
 1033 0003 16       		.byte	22
 1034 0004 10       		.byte	16
 1035 0005 69       		.byte	105
 1036 0006 00       		.byte	0
 1037 0007 01       		.byte	1
 1038 0008 00       		.byte	0
 1039 0009 00       		.byte	0
 1040 000a 00       		.byte	0
 1041 000b 00       		.byte	0
 1042              		.text
 1043              	.Letext0:
 1044              		.file 1 "c:\\program files (x86)\\cypress\\psoc creator\\4.3\\psoc creator\\import\\gnu\\arm\\5.4.
 1045              		.file 2 "c:\\program files (x86)\\cypress\\psoc creator\\4.3\\psoc creator\\import\\gnu\\arm\\5.4.
 1046              		.file 3 "Generated_Source\\PSoC5\\cymetadata.c"
 1047              		.section	.debug_info,"",%progbits
 1048              	.Ldebug_info0:
 1049 0000 31010000 		.4byte	0x131
 1050 0004 0400     		.2byte	0x4
 1051 0006 00000000 		.4byte	.Ldebug_abbrev0
 1052 000a 04       		.byte	0x4
 1053 000b 01       		.uleb128 0x1
 1054 000c 0A000000 		.4byte	.LASF17
 1055 0010 0C       		.byte	0xc
 1056 0011 C1010000 		.4byte	.LASF18
 1057 0015 A4000000 		.4byte	.LASF19
 1058 0019 00000000 		.4byte	.Ldebug_line0
 1059 001d 02       		.uleb128 0x2
 1060 001e 01       		.byte	0x1
 1061 001f 06       		.byte	0x6
 1062 0020 B5010000 		.4byte	.LASF0
 1063 0024 03       		.uleb128 0x3
 1064 0025 00000000 		.4byte	.LASF9
 1065 0029 01       		.byte	0x1
 1066 002a 1D       		.byte	0x1d
 1067 002b 2F000000 		.4byte	0x2f
 1068 002f 02       		.uleb128 0x2
 1069 0030 01       		.byte	0x1
 1070 0031 08       		.byte	0x8
 1071 0032 E7000000 		.4byte	.LASF1
 1072 0036 02       		.uleb128 0x2
 1073 0037 02       		.byte	0x2
 1074 0038 05       		.byte	0x5
 1075 0039 A2010000 		.4byte	.LASF2
 1076 003d 02       		.uleb128 0x2
 1077 003e 02       		.byte	0x2
 1078 003f 07       		.byte	0x7
 1079 0040 07010000 		.4byte	.LASF3
ARM GAS  C:\Users\mikke\AppData\Local\Temp\ccZyVuz9.s 			page 20


 1080 0044 02       		.uleb128 0x2
 1081 0045 04       		.byte	0x4
 1082 0046 05       		.byte	0x5
 1083 0047 AC010000 		.4byte	.LASF4
 1084 004b 02       		.uleb128 0x2
 1085 004c 04       		.byte	0x4
 1086 004d 07       		.byte	0x7
 1087 004e F5000000 		.4byte	.LASF5
 1088 0052 02       		.uleb128 0x2
 1089 0053 08       		.byte	0x8
 1090 0054 05       		.byte	0x5
 1091 0055 94010000 		.4byte	.LASF6
 1092 0059 02       		.uleb128 0x2
 1093 005a 08       		.byte	0x8
 1094 005b 07       		.byte	0x7
 1095 005c 49010000 		.4byte	.LASF7
 1096 0060 04       		.uleb128 0x4
 1097 0061 04       		.byte	0x4
 1098 0062 05       		.byte	0x5
 1099 0063 696E7400 		.ascii	"int\000"
 1100 0067 02       		.uleb128 0x2
 1101 0068 04       		.byte	0x4
 1102 0069 07       		.byte	0x7
 1103 006a 3C010000 		.4byte	.LASF8
 1104 006e 03       		.uleb128 0x3
 1105 006f 60010000 		.4byte	.LASF10
 1106 0073 02       		.byte	0x2
 1107 0074 18       		.byte	0x18
 1108 0075 24000000 		.4byte	0x24
 1109 0079 05       		.uleb128 0x5
 1110 007a 91000000 		.4byte	0x91
 1111 007e 8A000000 		.4byte	0x8a
 1112 0082 06       		.uleb128 0x6
 1113 0083 8A000000 		.4byte	0x8a
 1114 0087 CB03     		.2byte	0x3cb
 1115 0089 00       		.byte	0
 1116 008a 02       		.uleb128 0x2
 1117 008b 04       		.byte	0x4
 1118 008c 07       		.byte	0x7
 1119 008d 8B010000 		.4byte	.LASF11
 1120 0091 07       		.uleb128 0x7
 1121 0092 6E000000 		.4byte	0x6e
 1122 0096 08       		.uleb128 0x8
 1123 0097 2A010000 		.4byte	.LASF12
 1124 009b 03       		.byte	0x3
 1125 009c 1F       		.byte	0x1f
 1126 009d A7000000 		.4byte	0xa7
 1127 00a1 05       		.uleb128 0x5
 1128 00a2 03       		.byte	0x3
 1129 00a3 00000000 		.4byte	cy_meta_configecc
 1130 00a7 07       		.uleb128 0x7
 1131 00a8 79000000 		.4byte	0x79
 1132 00ac 05       		.uleb128 0x5
 1133 00ad 91000000 		.4byte	0x91
 1134 00b1 BC000000 		.4byte	0xbc
 1135 00b5 09       		.uleb128 0x9
 1136 00b6 8A000000 		.4byte	0x8a
ARM GAS  C:\Users\mikke\AppData\Local\Temp\ccZyVuz9.s 			page 21


 1137 00ba 03       		.byte	0x3
 1138 00bb 00       		.byte	0
 1139 00bc 08       		.uleb128 0x8
 1140 00bd 1A010000 		.4byte	.LASF13
 1141 00c1 03       		.byte	0x3
 1142 00c2 A6       		.byte	0xa6
 1143 00c3 CD000000 		.4byte	0xcd
 1144 00c7 05       		.uleb128 0x5
 1145 00c8 03       		.byte	0x3
 1146 00c9 00000000 		.4byte	cy_meta_custnvl
 1147 00cd 07       		.uleb128 0x7
 1148 00ce AC000000 		.4byte	0xac
 1149 00d2 08       		.uleb128 0x8
 1150 00d3 7D010000 		.4byte	.LASF14
 1151 00d7 03       		.byte	0x3
 1152 00d8 B4       		.byte	0xb4
 1153 00d9 E3000000 		.4byte	0xe3
 1154 00dd 05       		.uleb128 0x5
 1155 00de 03       		.byte	0x3
 1156 00df 00000000 		.4byte	cy_meta_wonvl
 1157 00e3 07       		.uleb128 0x7
 1158 00e4 AC000000 		.4byte	0xac
 1159 00e8 05       		.uleb128 0x5
 1160 00e9 91000000 		.4byte	0x91
 1161 00ed F8000000 		.4byte	0xf8
 1162 00f1 09       		.uleb128 0x9
 1163 00f2 8A000000 		.4byte	0x8a
 1164 00f6 FF       		.byte	0xff
 1165 00f7 00       		.byte	0
 1166 00f8 08       		.uleb128 0x8
 1167 00f9 68010000 		.4byte	.LASF15
 1168 00fd 03       		.byte	0x3
 1169 00fe C2       		.byte	0xc2
 1170 00ff 09010000 		.4byte	0x109
 1171 0103 05       		.uleb128 0x5
 1172 0104 03       		.byte	0x3
 1173 0105 00000000 		.4byte	cy_meta_flashprotect
 1174 0109 07       		.uleb128 0x7
 1175 010a E8000000 		.4byte	0xe8
 1176 010e 05       		.uleb128 0x5
 1177 010f 91000000 		.4byte	0x91
 1178 0113 1E010000 		.4byte	0x11e
 1179 0117 09       		.uleb128 0x9
 1180 0118 8A000000 		.4byte	0x8a
 1181 011c 0B       		.byte	0xb
 1182 011d 00       		.byte	0
 1183 011e 08       		.uleb128 0x8
 1184 011f 98000000 		.4byte	.LASF16
 1185 0123 03       		.byte	0x3
 1186 0124 EF       		.byte	0xef
 1187 0125 2F010000 		.4byte	0x12f
 1188 0129 05       		.uleb128 0x5
 1189 012a 03       		.byte	0x3
 1190 012b 00000000 		.4byte	cy_metadata
 1191 012f 07       		.uleb128 0x7
 1192 0130 0E010000 		.4byte	0x10e
 1193 0134 00       		.byte	0
ARM GAS  C:\Users\mikke\AppData\Local\Temp\ccZyVuz9.s 			page 22


 1194              		.section	.debug_abbrev,"",%progbits
 1195              	.Ldebug_abbrev0:
 1196 0000 01       		.uleb128 0x1
 1197 0001 11       		.uleb128 0x11
 1198 0002 01       		.byte	0x1
 1199 0003 25       		.uleb128 0x25
 1200 0004 0E       		.uleb128 0xe
 1201 0005 13       		.uleb128 0x13
 1202 0006 0B       		.uleb128 0xb
 1203 0007 03       		.uleb128 0x3
 1204 0008 0E       		.uleb128 0xe
 1205 0009 1B       		.uleb128 0x1b
 1206 000a 0E       		.uleb128 0xe
 1207 000b 10       		.uleb128 0x10
 1208 000c 17       		.uleb128 0x17
 1209 000d 00       		.byte	0
 1210 000e 00       		.byte	0
 1211 000f 02       		.uleb128 0x2
 1212 0010 24       		.uleb128 0x24
 1213 0011 00       		.byte	0
 1214 0012 0B       		.uleb128 0xb
 1215 0013 0B       		.uleb128 0xb
 1216 0014 3E       		.uleb128 0x3e
 1217 0015 0B       		.uleb128 0xb
 1218 0016 03       		.uleb128 0x3
 1219 0017 0E       		.uleb128 0xe
 1220 0018 00       		.byte	0
 1221 0019 00       		.byte	0
 1222 001a 03       		.uleb128 0x3
 1223 001b 16       		.uleb128 0x16
 1224 001c 00       		.byte	0
 1225 001d 03       		.uleb128 0x3
 1226 001e 0E       		.uleb128 0xe
 1227 001f 3A       		.uleb128 0x3a
 1228 0020 0B       		.uleb128 0xb
 1229 0021 3B       		.uleb128 0x3b
 1230 0022 0B       		.uleb128 0xb
 1231 0023 49       		.uleb128 0x49
 1232 0024 13       		.uleb128 0x13
 1233 0025 00       		.byte	0
 1234 0026 00       		.byte	0
 1235 0027 04       		.uleb128 0x4
 1236 0028 24       		.uleb128 0x24
 1237 0029 00       		.byte	0
 1238 002a 0B       		.uleb128 0xb
 1239 002b 0B       		.uleb128 0xb
 1240 002c 3E       		.uleb128 0x3e
 1241 002d 0B       		.uleb128 0xb
 1242 002e 03       		.uleb128 0x3
 1243 002f 08       		.uleb128 0x8
 1244 0030 00       		.byte	0
 1245 0031 00       		.byte	0
 1246 0032 05       		.uleb128 0x5
 1247 0033 01       		.uleb128 0x1
 1248 0034 01       		.byte	0x1
 1249 0035 49       		.uleb128 0x49
 1250 0036 13       		.uleb128 0x13
ARM GAS  C:\Users\mikke\AppData\Local\Temp\ccZyVuz9.s 			page 23


 1251 0037 01       		.uleb128 0x1
 1252 0038 13       		.uleb128 0x13
 1253 0039 00       		.byte	0
 1254 003a 00       		.byte	0
 1255 003b 06       		.uleb128 0x6
 1256 003c 21       		.uleb128 0x21
 1257 003d 00       		.byte	0
 1258 003e 49       		.uleb128 0x49
 1259 003f 13       		.uleb128 0x13
 1260 0040 2F       		.uleb128 0x2f
 1261 0041 05       		.uleb128 0x5
 1262 0042 00       		.byte	0
 1263 0043 00       		.byte	0
 1264 0044 07       		.uleb128 0x7
 1265 0045 26       		.uleb128 0x26
 1266 0046 00       		.byte	0
 1267 0047 49       		.uleb128 0x49
 1268 0048 13       		.uleb128 0x13
 1269 0049 00       		.byte	0
 1270 004a 00       		.byte	0
 1271 004b 08       		.uleb128 0x8
 1272 004c 34       		.uleb128 0x34
 1273 004d 00       		.byte	0
 1274 004e 03       		.uleb128 0x3
 1275 004f 0E       		.uleb128 0xe
 1276 0050 3A       		.uleb128 0x3a
 1277 0051 0B       		.uleb128 0xb
 1278 0052 3B       		.uleb128 0x3b
 1279 0053 0B       		.uleb128 0xb
 1280 0054 49       		.uleb128 0x49
 1281 0055 13       		.uleb128 0x13
 1282 0056 3F       		.uleb128 0x3f
 1283 0057 19       		.uleb128 0x19
 1284 0058 02       		.uleb128 0x2
 1285 0059 18       		.uleb128 0x18
 1286 005a 00       		.byte	0
 1287 005b 00       		.byte	0
 1288 005c 09       		.uleb128 0x9
 1289 005d 21       		.uleb128 0x21
 1290 005e 00       		.byte	0
 1291 005f 49       		.uleb128 0x49
 1292 0060 13       		.uleb128 0x13
 1293 0061 2F       		.uleb128 0x2f
 1294 0062 0B       		.uleb128 0xb
 1295 0063 00       		.byte	0
 1296 0064 00       		.byte	0
 1297 0065 00       		.byte	0
 1298              		.section	.debug_aranges,"",%progbits
 1299 0000 14000000 		.4byte	0x14
 1300 0004 0200     		.2byte	0x2
 1301 0006 00000000 		.4byte	.Ldebug_info0
 1302 000a 04       		.byte	0x4
 1303 000b 00       		.byte	0
 1304 000c 0000     		.2byte	0
 1305 000e 0000     		.2byte	0
 1306 0010 00000000 		.4byte	0
 1307 0014 00000000 		.4byte	0
ARM GAS  C:\Users\mikke\AppData\Local\Temp\ccZyVuz9.s 			page 24


 1308              		.section	.debug_line,"",%progbits
 1309              	.Ldebug_line0:
 1310 0000 3D010000 		.section	.debug_str,"MS",%progbits,1
 1310      02003701 
 1310      00000201 
 1310      FB0E0D00 
 1310      01010101 
 1311              	.LASF9:
 1312 0000 5F5F7569 		.ascii	"__uint8_t\000"
 1312      6E74385F 
 1312      7400
 1313              	.LASF17:
 1314 000a 474E5520 		.ascii	"GNU C11 5.4.1 20160609 (release) [ARM/embedded-5-br"
 1314      43313120 
 1314      352E342E 
 1314      31203230 
 1314      31363036 
 1315 003d 616E6368 		.ascii	"anch revision 237715] -mcpu=cortex-m3 -mthumb -g -O"
 1315      20726576 
 1315      6973696F 
 1315      6E203233 
 1315      37373135 
 1316 0070 30202D66 		.ascii	"0 -ffunction-sections -ffat-lto-objects\000"
 1316      66756E63 
 1316      74696F6E 
 1316      2D736563 
 1316      74696F6E 
 1317              	.LASF16:
 1318 0098 63795F6D 		.ascii	"cy_metadata\000"
 1318      65746164 
 1318      61746100 
 1319              	.LASF19:
 1320 00a4 433A5C43 		.ascii	"C:\\Code\\P4\\P4_Vertical_farm\\RTOS_TEMPLATE-maste"
 1320      6F64655C 
 1320      50345C50 
 1320      345F5665 
 1320      72746963 
 1321 00d3 725C506C 		.ascii	"r\\PlanteModul.cydsn\000"
 1321      616E7465 
 1321      4D6F6475 
 1321      6C2E6379 
 1321      64736E00 
 1322              	.LASF1:
 1323 00e7 756E7369 		.ascii	"unsigned char\000"
 1323      676E6564 
 1323      20636861 
 1323      7200
 1324              	.LASF5:
 1325 00f5 6C6F6E67 		.ascii	"long unsigned int\000"
 1325      20756E73 
 1325      69676E65 
 1325      6420696E 
 1325      7400
 1326              	.LASF3:
 1327 0107 73686F72 		.ascii	"short unsigned int\000"
 1327      7420756E 
 1327      7369676E 
ARM GAS  C:\Users\mikke\AppData\Local\Temp\ccZyVuz9.s 			page 25


 1327      65642069 
 1327      6E7400
 1328              	.LASF13:
 1329 011a 63795F6D 		.ascii	"cy_meta_custnvl\000"
 1329      6574615F 
 1329      63757374 
 1329      6E766C00 
 1330              	.LASF12:
 1331 012a 63795F6D 		.ascii	"cy_meta_configecc\000"
 1331      6574615F 
 1331      636F6E66 
 1331      69676563 
 1331      6300
 1332              	.LASF8:
 1333 013c 756E7369 		.ascii	"unsigned int\000"
 1333      676E6564 
 1333      20696E74 
 1333      00
 1334              	.LASF7:
 1335 0149 6C6F6E67 		.ascii	"long long unsigned int\000"
 1335      206C6F6E 
 1335      6720756E 
 1335      7369676E 
 1335      65642069 
 1336              	.LASF10:
 1337 0160 75696E74 		.ascii	"uint8_t\000"
 1337      385F7400 
 1338              	.LASF15:
 1339 0168 63795F6D 		.ascii	"cy_meta_flashprotect\000"
 1339      6574615F 
 1339      666C6173 
 1339      6870726F 
 1339      74656374 
 1340              	.LASF14:
 1341 017d 63795F6D 		.ascii	"cy_meta_wonvl\000"
 1341      6574615F 
 1341      776F6E76 
 1341      6C00
 1342              	.LASF11:
 1343 018b 73697A65 		.ascii	"sizetype\000"
 1343      74797065 
 1343      00
 1344              	.LASF6:
 1345 0194 6C6F6E67 		.ascii	"long long int\000"
 1345      206C6F6E 
 1345      6720696E 
 1345      7400
 1346              	.LASF2:
 1347 01a2 73686F72 		.ascii	"short int\000"
 1347      7420696E 
 1347      7400
 1348              	.LASF4:
 1349 01ac 6C6F6E67 		.ascii	"long int\000"
 1349      20696E74 
 1349      00
 1350              	.LASF0:
 1351 01b5 7369676E 		.ascii	"signed char\000"
ARM GAS  C:\Users\mikke\AppData\Local\Temp\ccZyVuz9.s 			page 26


 1351      65642063 
 1351      68617200 
 1352              	.LASF18:
 1353 01c1 47656E65 		.ascii	"Generated_Source\\PSoC5\\cymetadata.c\000"
 1353      72617465 
 1353      645F536F 
 1353      75726365 
 1353      5C50536F 
 1354              		.ident	"GCC: (GNU Tools for ARM Embedded Processors) 5.4.1 20160609 (release) [ARM/embedded-5-bran
