ARM GAS  C:\Users\mikke\AppData\Local\Temp\cclmTA2O.s 			page 1


   1              		.syntax unified
   2              		.cpu cortex-m3
   3              		.fpu softvfp
   4              		.eabi_attribute 20, 1
   5              		.eabi_attribute 21, 1
   6              		.eabi_attribute 23, 3
   7              		.eabi_attribute 24, 1
   8              		.eabi_attribute 25, 1
   9              		.eabi_attribute 26, 1
  10              		.eabi_attribute 30, 6
  11              		.eabi_attribute 34, 1
  12              		.eabi_attribute 18, 4
  13              		.thumb
  14              		.syntax unified
  15              		.file	"i2cReaction.c"
  16              		.text
  17              	.Ltext0:
  18              		.cfi_sections	.debug_frame
  19              		.comm	xQueue,4,4
  20              		.section	.text.vTaskGetI2CData,"ax",%progbits
  21              		.align	2
  22              		.global	vTaskGetI2CData
  23              		.thumb
  24              		.thumb_func
  25              		.type	vTaskGetI2CData, %function
  26              	vTaskGetI2CData:
  27              	.LFB68:
  28              		.file 1 "i2cReaction.c"
   1:i2cReaction.c **** /* ========================================
   2:i2cReaction.c ****  *
   3:i2cReaction.c ****  * Copyright YOUR COMPANY, THE YEAR
   4:i2cReaction.c ****  * All Rights Reserved
   5:i2cReaction.c ****  * UNPUBLISHED, LICENSED SOFTWARE.
   6:i2cReaction.c ****  *
   7:i2cReaction.c ****  * CONFIDENTIAL AND PROPRIETARY INFORMATION
   8:i2cReaction.c ****  * WHICH IS THE PROPERTY OF your company.
   9:i2cReaction.c ****  *
  10:i2cReaction.c ****  * ========================================
  11:i2cReaction.c **** */
  12:i2cReaction.c **** 
  13:i2cReaction.c **** /* [] END OF FILE */
  14:i2cReaction.c **** /* Scheduler include files. */
  15:i2cReaction.c **** //#include <stdlib.h>
  16:i2cReaction.c **** //#include <string.h>
  17:i2cReaction.c **** #include "FreeRTOS.h"
  18:i2cReaction.c **** #include "task.h"
  19:i2cReaction.c **** #include "queue.h"
  20:i2cReaction.c **** #include "GlobalVariables.h"
  21:i2cReaction.c **** 
  22:i2cReaction.c **** /* Demo program include files. */
  23:i2cReaction.c **** #include "i2cReaction.h"
  24:i2cReaction.c **** 
  25:i2cReaction.c **** 
  26:i2cReaction.c **** 
  27:i2cReaction.c **** 
  28:i2cReaction.c **** 
  29:i2cReaction.c **** void vTaskGetI2CData(void *pvParameters){
ARM GAS  C:\Users\mikke\AppData\Local\Temp\cclmTA2O.s 			page 2


  29              		.loc 1 29 0
  30              		.cfi_startproc
  31              		@ args = 0, pretend = 0, frame = 16
  32              		@ frame_needed = 1, uses_anonymous_args = 0
  33 0000 80B5     		push	{r7, lr}
  34              		.cfi_def_cfa_offset 8
  35              		.cfi_offset 7, -8
  36              		.cfi_offset 14, -4
  37 0002 84B0     		sub	sp, sp, #16
  38              		.cfi_def_cfa_offset 24
  39 0004 00AF     		add	r7, sp, #0
  40              		.cfi_def_cfa_register 7
  41 0006 7860     		str	r0, [r7, #4]
  30:i2cReaction.c ****     const TickType_t xDelay1000ms = pdMS_TO_TICKS(1000); 
  42              		.loc 1 30 0
  43 0008 4FF47A73 		mov	r3, #1000
  44 000c FB60     		str	r3, [r7, #12]
  31:i2cReaction.c ****     const uint8 slaveAdress = 8;
  45              		.loc 1 31 0
  46 000e 0823     		movs	r3, #8
  47 0010 FB72     		strb	r3, [r7, #11]
  32:i2cReaction.c ****     const uint8 bytesToRead = 1;
  48              		.loc 1 32 0
  49 0012 0123     		movs	r3, #1
  50 0014 BB72     		strb	r3, [r7, #10]
  51              	.L2:
  33:i2cReaction.c ****     uint8 incommingBuffer[1]; 
  34:i2cReaction.c ****     
  35:i2cReaction.c ****     for( ; ;){  
  36:i2cReaction.c ****         Pin_LED0_Write(1u);
  52              		.loc 1 36 0 discriminator 1
  53 0016 0120     		movs	r0, #1
  54 0018 FFF7FEFF 		bl	Pin_LED0_Write
  37:i2cReaction.c ****         I2C_MasterReadBuf(slaveAdress , incommingBuffer , bytesToRead , I2C_MODE_COMPLETE_XFER);
  55              		.loc 1 37 0 discriminator 1
  56 001c BA7A     		ldrb	r2, [r7, #10]	@ zero_extendqisi2
  57 001e 07F10801 		add	r1, r7, #8
  58 0022 F87A     		ldrb	r0, [r7, #11]	@ zero_extendqisi2
  59 0024 0023     		movs	r3, #0
  60 0026 FFF7FEFF 		bl	I2C_MasterReadBuf
  38:i2cReaction.c ****         xQueueSendToBack(xQueue , incommingBuffer, 0);
  61              		.loc 1 38 0 discriminator 1
  62 002a 074B     		ldr	r3, .L3
  63 002c 1868     		ldr	r0, [r3]
  64 002e 07F10801 		add	r1, r7, #8
  65 0032 0023     		movs	r3, #0
  66 0034 0022     		movs	r2, #0
  67 0036 FFF7FEFF 		bl	xQueueGenericSend
  39:i2cReaction.c ****         Pin_LED0_Write(0);
  68              		.loc 1 39 0 discriminator 1
  69 003a 0020     		movs	r0, #0
  70 003c FFF7FEFF 		bl	Pin_LED0_Write
  40:i2cReaction.c ****         vTaskDelay(xDelay1000ms);
  71              		.loc 1 40 0 discriminator 1
  72 0040 F868     		ldr	r0, [r7, #12]
  73 0042 FFF7FEFF 		bl	vTaskDelay
  41:i2cReaction.c ****     }
ARM GAS  C:\Users\mikke\AppData\Local\Temp\cclmTA2O.s 			page 3


  74              		.loc 1 41 0 discriminator 1
  75 0046 E6E7     		b	.L2
  76              	.L4:
  77              		.align	2
  78              	.L3:
  79 0048 00000000 		.word	xQueue
  80              		.cfi_endproc
  81              	.LFE68:
  82              		.size	vTaskGetI2CData, .-vTaskGetI2CData
  83              		.section	.text.vTaskGetSetLed,"ax",%progbits
  84              		.align	2
  85              		.global	vTaskGetSetLed
  86              		.thumb
  87              		.thumb_func
  88              		.type	vTaskGetSetLed, %function
  89              	vTaskGetSetLed:
  90              	.LFB69:
  42:i2cReaction.c **** }
  43:i2cReaction.c **** 
  44:i2cReaction.c **** 
  45:i2cReaction.c **** void vTaskGetSetLed(void *pvParameters){
  91              		.loc 1 45 0
  92              		.cfi_startproc
  93              		@ args = 0, pretend = 0, frame = 16
  94              		@ frame_needed = 1, uses_anonymous_args = 0
  95 0000 80B5     		push	{r7, lr}
  96              		.cfi_def_cfa_offset 8
  97              		.cfi_offset 7, -8
  98              		.cfi_offset 14, -4
  99 0002 84B0     		sub	sp, sp, #16
 100              		.cfi_def_cfa_offset 24
 101 0004 00AF     		add	r7, sp, #0
 102              		.cfi_def_cfa_register 7
 103 0006 7860     		str	r0, [r7, #4]
 104              	.L9:
  46:i2cReaction.c ****     int8_t lRecievedValue;
  47:i2cReaction.c ****     
  48:i2cReaction.c ****     for( ; ;){  
  49:i2cReaction.c ****         xQueueReceive(xQueue , &lRecievedValue , portMAX_DELAY);
 105              		.loc 1 49 0
 106 0008 104B     		ldr	r3, .L10
 107 000a 1B68     		ldr	r3, [r3]
 108 000c 07F10F01 		add	r1, r7, #15
 109 0010 4FF0FF32 		mov	r2, #-1
 110 0014 1846     		mov	r0, r3
 111 0016 FFF7FEFF 		bl	xQueueReceive
  50:i2cReaction.c ****         if(lRecievedValue == 0){
 112              		.loc 1 50 0
 113 001a 97F90F30 		ldrsb	r3, [r7, #15]
 114 001e 002B     		cmp	r3, #0
 115 0020 03D1     		bne	.L6
  51:i2cReaction.c ****            Pin_LED1_Write(1u);
 116              		.loc 1 51 0
 117 0022 0120     		movs	r0, #1
 118 0024 FFF7FEFF 		bl	Pin_LED1_Write
 119 0028 EEE7     		b	.L9
 120              	.L6:
ARM GAS  C:\Users\mikke\AppData\Local\Temp\cclmTA2O.s 			page 4


  52:i2cReaction.c ****         }
  53:i2cReaction.c ****         else if(lRecievedValue == 1){
 121              		.loc 1 53 0
 122 002a 97F90F30 		ldrsb	r3, [r7, #15]
 123 002e 012B     		cmp	r3, #1
 124 0030 03D1     		bne	.L8
  54:i2cReaction.c ****             Pin_LED2_Write(1u);
 125              		.loc 1 54 0
 126 0032 0120     		movs	r0, #1
 127 0034 FFF7FEFF 		bl	Pin_LED2_Write
 128 0038 E6E7     		b	.L9
 129              	.L8:
  55:i2cReaction.c ****         }
  56:i2cReaction.c ****         else if(lRecievedValue == 2){
 130              		.loc 1 56 0
 131 003a 97F90F30 		ldrsb	r3, [r7, #15]
 132 003e 022B     		cmp	r3, #2
 133 0040 E2D1     		bne	.L9
  57:i2cReaction.c ****             Pin_LED3_Write(1u);   
 134              		.loc 1 57 0
 135 0042 0120     		movs	r0, #1
 136 0044 FFF7FEFF 		bl	Pin_LED3_Write
  58:i2cReaction.c ****         }
  59:i2cReaction.c ****     }
 137              		.loc 1 59 0
 138 0048 DEE7     		b	.L9
 139              	.L11:
 140 004a 00BF     		.align	2
 141              	.L10:
 142 004c 00000000 		.word	xQueue
 143              		.cfi_endproc
 144              	.LFE69:
 145              		.size	vTaskGetSetLed, .-vTaskGetSetLed
 146              		.text
 147              	.Letext0:
 148              		.file 2 "c:\\program files (x86)\\cypress\\psoc creator\\4.3\\psoc creator\\import\\gnu\\arm\\5.4.
 149              		.file 3 "c:\\program files (x86)\\cypress\\psoc creator\\4.3\\psoc creator\\import\\gnu\\arm\\5.4.
 150              		.file 4 "Generated_Source\\PSoC5/cytypes.h"
 151              		.file 5 ".\\Source\\portable\\GCC\\ARM_CM3/portmacro.h"
 152              		.file 6 ".\\Source\\include/queue.h"
 153              		.file 7 "Generated_Source\\PSoC5/core_cm3.h"
 154              		.file 8 "GlobalVariables.h"
 155              		.section	.debug_info,"",%progbits
 156              	.Ldebug_info0:
 157 0000 D1010000 		.4byte	0x1d1
 158 0004 0400     		.2byte	0x4
 159 0006 00000000 		.4byte	.Ldebug_abbrev0
 160 000a 04       		.byte	0x4
 161 000b 01       		.uleb128 0x1
 162 000c 14000000 		.4byte	.LASF34
 163 0010 0C       		.byte	0xc
 164 0011 A9010000 		.4byte	.LASF35
 165 0015 E6000000 		.4byte	.LASF36
 166 0019 00000000 		.4byte	.Ldebug_ranges0+0
 167 001d 00000000 		.4byte	0
 168 0021 00000000 		.4byte	.Ldebug_line0
 169 0025 02       		.uleb128 0x2
ARM GAS  C:\Users\mikke\AppData\Local\Temp\cclmTA2O.s 			page 5


 170 0026 04       		.byte	0x4
 171 0027 05       		.byte	0x5
 172 0028 696E7400 		.ascii	"int\000"
 173 002c 03       		.uleb128 0x3
 174 002d 04       		.byte	0x4
 175 002e 07       		.byte	0x7
 176 002f B7010000 		.4byte	.LASF0
 177 0033 03       		.uleb128 0x3
 178 0034 08       		.byte	0x8
 179 0035 05       		.byte	0x5
 180 0036 EC010000 		.4byte	.LASF1
 181 003a 03       		.uleb128 0x3
 182 003b 08       		.byte	0x8
 183 003c 04       		.byte	0x4
 184 003d 48020000 		.4byte	.LASF2
 185 0041 04       		.uleb128 0x4
 186 0042 0B000000 		.4byte	.LASF7
 187 0046 02       		.byte	0x2
 188 0047 1B       		.byte	0x1b
 189 0048 4C000000 		.4byte	0x4c
 190 004c 03       		.uleb128 0x3
 191 004d 01       		.byte	0x1
 192 004e 06       		.byte	0x6
 193 004f 54020000 		.4byte	.LASF3
 194 0053 03       		.uleb128 0x3
 195 0054 01       		.byte	0x1
 196 0055 08       		.byte	0x8
 197 0056 38010000 		.4byte	.LASF4
 198 005a 03       		.uleb128 0x3
 199 005b 02       		.byte	0x2
 200 005c 05       		.byte	0x5
 201 005d 0C020000 		.4byte	.LASF5
 202 0061 03       		.uleb128 0x3
 203 0062 02       		.byte	0x2
 204 0063 07       		.byte	0x7
 205 0064 58010000 		.4byte	.LASF6
 206 0068 04       		.uleb128 0x4
 207 0069 B2000000 		.4byte	.LASF8
 208 006d 02       		.byte	0x2
 209 006e 3F       		.byte	0x3f
 210 006f 73000000 		.4byte	0x73
 211 0073 03       		.uleb128 0x3
 212 0074 04       		.byte	0x4
 213 0075 05       		.byte	0x5
 214 0076 C3000000 		.4byte	.LASF9
 215 007a 04       		.uleb128 0x4
 216 007b 8E010000 		.4byte	.LASF10
 217 007f 02       		.byte	0x2
 218 0080 41       		.byte	0x41
 219 0081 85000000 		.4byte	0x85
 220 0085 03       		.uleb128 0x3
 221 0086 04       		.byte	0x4
 222 0087 07       		.byte	0x7
 223 0088 46010000 		.4byte	.LASF11
 224 008c 03       		.uleb128 0x3
 225 008d 08       		.byte	0x8
 226 008e 07       		.byte	0x7
ARM GAS  C:\Users\mikke\AppData\Local\Temp\cclmTA2O.s 			page 6


 227 008f C4010000 		.4byte	.LASF12
 228 0093 04       		.uleb128 0x4
 229 0094 25010000 		.4byte	.LASF13
 230 0098 03       		.byte	0x3
 231 0099 14       		.byte	0x14
 232 009a 41000000 		.4byte	0x41
 233 009e 04       		.uleb128 0x4
 234 009f DB010000 		.4byte	.LASF14
 235 00a3 03       		.byte	0x3
 236 00a4 2C       		.byte	0x2c
 237 00a5 68000000 		.4byte	0x68
 238 00a9 04       		.uleb128 0x4
 239 00aa 33020000 		.4byte	.LASF15
 240 00ae 03       		.byte	0x3
 241 00af 30       		.byte	0x30
 242 00b0 7A000000 		.4byte	0x7a
 243 00b4 05       		.uleb128 0x5
 244 00b5 32010000 		.4byte	.LASF16
 245 00b9 04       		.byte	0x4
 246 00ba E401     		.2byte	0x1e4
 247 00bc 53000000 		.4byte	0x53
 248 00c0 03       		.uleb128 0x3
 249 00c1 04       		.byte	0x4
 250 00c2 04       		.byte	0x4
 251 00c3 2C010000 		.4byte	.LASF17
 252 00c7 03       		.uleb128 0x3
 253 00c8 08       		.byte	0x8
 254 00c9 04       		.byte	0x4
 255 00ca 78010000 		.4byte	.LASF18
 256 00ce 03       		.uleb128 0x3
 257 00cf 01       		.byte	0x1
 258 00d0 08       		.byte	0x8
 259 00d1 FA010000 		.4byte	.LASF19
 260 00d5 03       		.uleb128 0x3
 261 00d6 04       		.byte	0x4
 262 00d7 07       		.byte	0x7
 263 00d8 E3010000 		.4byte	.LASF20
 264 00dc 06       		.uleb128 0x6
 265 00dd 04       		.byte	0x4
 266 00de 04       		.uleb128 0x4
 267 00df 60020000 		.4byte	.LASF21
 268 00e3 05       		.byte	0x5
 269 00e4 38       		.byte	0x38
 270 00e5 73000000 		.4byte	0x73
 271 00e9 04       		.uleb128 0x4
 272 00ea 00000000 		.4byte	.LASF22
 273 00ee 05       		.byte	0x5
 274 00ef 3F       		.byte	0x3f
 275 00f0 A9000000 		.4byte	0xa9
 276 00f4 04       		.uleb128 0x4
 277 00f5 CC000000 		.4byte	.LASF23
 278 00f9 06       		.byte	0x6
 279 00fa 30       		.byte	0x30
 280 00fb FF000000 		.4byte	0xff
 281 00ff 07       		.uleb128 0x7
 282 0100 04       		.byte	0x4
 283 0101 05010000 		.4byte	0x105
ARM GAS  C:\Users\mikke\AppData\Local\Temp\cclmTA2O.s 			page 7


 284 0105 08       		.uleb128 0x8
 285 0106 99010000 		.4byte	.LASF37
 286 010a 09       		.uleb128 0x9
 287 010b 16020000 		.4byte	.LASF28
 288 010f 01       		.byte	0x1
 289 0110 1D       		.byte	0x1d
 290 0111 00000000 		.4byte	.LFB68
 291 0115 4C000000 		.4byte	.LFE68-.LFB68
 292 0119 01       		.uleb128 0x1
 293 011a 9C       		.byte	0x9c
 294 011b 66010000 		.4byte	0x166
 295 011f 0A       		.uleb128 0xa
 296 0120 FF010000 		.4byte	.LASF30
 297 0124 01       		.byte	0x1
 298 0125 1D       		.byte	0x1d
 299 0126 DC000000 		.4byte	0xdc
 300 012a 02       		.uleb128 0x2
 301 012b 91       		.byte	0x91
 302 012c 6C       		.sleb128 -20
 303 012d 0B       		.uleb128 0xb
 304 012e 26020000 		.4byte	.LASF24
 305 0132 01       		.byte	0x1
 306 0133 1E       		.byte	0x1e
 307 0134 66010000 		.4byte	0x166
 308 0138 02       		.uleb128 0x2
 309 0139 91       		.byte	0x91
 310 013a 74       		.sleb128 -12
 311 013b 0B       		.uleb128 0xb
 312 013c 3C020000 		.4byte	.LASF25
 313 0140 01       		.byte	0x1
 314 0141 1F       		.byte	0x1f
 315 0142 6B010000 		.4byte	0x16b
 316 0146 02       		.uleb128 0x2
 317 0147 91       		.byte	0x91
 318 0148 73       		.sleb128 -13
 319 0149 0B       		.uleb128 0xb
 320 014a DA000000 		.4byte	.LASF26
 321 014e 01       		.byte	0x1
 322 014f 20       		.byte	0x20
 323 0150 6B010000 		.4byte	0x16b
 324 0154 02       		.uleb128 0x2
 325 0155 91       		.byte	0x91
 326 0156 72       		.sleb128 -14
 327 0157 0B       		.uleb128 0xb
 328 0158 A2000000 		.4byte	.LASF27
 329 015c 01       		.byte	0x1
 330 015d 21       		.byte	0x21
 331 015e 70010000 		.4byte	0x170
 332 0162 02       		.uleb128 0x2
 333 0163 91       		.byte	0x91
 334 0164 70       		.sleb128 -16
 335 0165 00       		.byte	0
 336 0166 0C       		.uleb128 0xc
 337 0167 E9000000 		.4byte	0xe9
 338 016b 0C       		.uleb128 0xc
 339 016c B4000000 		.4byte	0xb4
 340 0170 0D       		.uleb128 0xd
ARM GAS  C:\Users\mikke\AppData\Local\Temp\cclmTA2O.s 			page 8


 341 0171 B4000000 		.4byte	0xb4
 342 0175 80010000 		.4byte	0x180
 343 0179 0E       		.uleb128 0xe
 344 017a D5000000 		.4byte	0xd5
 345 017e 00       		.byte	0
 346 017f 00       		.byte	0
 347 0180 09       		.uleb128 0x9
 348 0181 7F010000 		.4byte	.LASF29
 349 0185 01       		.byte	0x1
 350 0186 2D       		.byte	0x2d
 351 0187 00000000 		.4byte	.LFB69
 352 018b 50000000 		.4byte	.LFE69-.LFB69
 353 018f 01       		.uleb128 0x1
 354 0190 9C       		.byte	0x9c
 355 0191 B2010000 		.4byte	0x1b2
 356 0195 0A       		.uleb128 0xa
 357 0196 FF010000 		.4byte	.LASF30
 358 019a 01       		.byte	0x1
 359 019b 2D       		.byte	0x2d
 360 019c DC000000 		.4byte	0xdc
 361 01a0 02       		.uleb128 0x2
 362 01a1 91       		.byte	0x91
 363 01a2 6C       		.sleb128 -20
 364 01a3 0B       		.uleb128 0xb
 365 01a4 6B020000 		.4byte	.LASF31
 366 01a8 01       		.byte	0x1
 367 01a9 2E       		.byte	0x2e
 368 01aa 93000000 		.4byte	0x93
 369 01ae 02       		.uleb128 0x2
 370 01af 91       		.byte	0x91
 371 01b0 77       		.sleb128 -9
 372 01b1 00       		.byte	0
 373 01b2 0F       		.uleb128 0xf
 374 01b3 6B010000 		.4byte	.LASF32
 375 01b7 07       		.byte	0x7
 376 01b8 1207     		.2byte	0x712
 377 01ba BE010000 		.4byte	0x1be
 378 01be 10       		.uleb128 0x10
 379 01bf 9E000000 		.4byte	0x9e
 380 01c3 11       		.uleb128 0x11
 381 01c4 BC000000 		.4byte	.LASF33
 382 01c8 08       		.byte	0x8
 383 01c9 15       		.byte	0x15
 384 01ca F4000000 		.4byte	0xf4
 385 01ce 05       		.uleb128 0x5
 386 01cf 03       		.byte	0x3
 387 01d0 00000000 		.4byte	xQueue
 388 01d4 00       		.byte	0
 389              		.section	.debug_abbrev,"",%progbits
 390              	.Ldebug_abbrev0:
 391 0000 01       		.uleb128 0x1
 392 0001 11       		.uleb128 0x11
 393 0002 01       		.byte	0x1
 394 0003 25       		.uleb128 0x25
 395 0004 0E       		.uleb128 0xe
 396 0005 13       		.uleb128 0x13
 397 0006 0B       		.uleb128 0xb
ARM GAS  C:\Users\mikke\AppData\Local\Temp\cclmTA2O.s 			page 9


 398 0007 03       		.uleb128 0x3
 399 0008 0E       		.uleb128 0xe
 400 0009 1B       		.uleb128 0x1b
 401 000a 0E       		.uleb128 0xe
 402 000b 55       		.uleb128 0x55
 403 000c 17       		.uleb128 0x17
 404 000d 11       		.uleb128 0x11
 405 000e 01       		.uleb128 0x1
 406 000f 10       		.uleb128 0x10
 407 0010 17       		.uleb128 0x17
 408 0011 00       		.byte	0
 409 0012 00       		.byte	0
 410 0013 02       		.uleb128 0x2
 411 0014 24       		.uleb128 0x24
 412 0015 00       		.byte	0
 413 0016 0B       		.uleb128 0xb
 414 0017 0B       		.uleb128 0xb
 415 0018 3E       		.uleb128 0x3e
 416 0019 0B       		.uleb128 0xb
 417 001a 03       		.uleb128 0x3
 418 001b 08       		.uleb128 0x8
 419 001c 00       		.byte	0
 420 001d 00       		.byte	0
 421 001e 03       		.uleb128 0x3
 422 001f 24       		.uleb128 0x24
 423 0020 00       		.byte	0
 424 0021 0B       		.uleb128 0xb
 425 0022 0B       		.uleb128 0xb
 426 0023 3E       		.uleb128 0x3e
 427 0024 0B       		.uleb128 0xb
 428 0025 03       		.uleb128 0x3
 429 0026 0E       		.uleb128 0xe
 430 0027 00       		.byte	0
 431 0028 00       		.byte	0
 432 0029 04       		.uleb128 0x4
 433 002a 16       		.uleb128 0x16
 434 002b 00       		.byte	0
 435 002c 03       		.uleb128 0x3
 436 002d 0E       		.uleb128 0xe
 437 002e 3A       		.uleb128 0x3a
 438 002f 0B       		.uleb128 0xb
 439 0030 3B       		.uleb128 0x3b
 440 0031 0B       		.uleb128 0xb
 441 0032 49       		.uleb128 0x49
 442 0033 13       		.uleb128 0x13
 443 0034 00       		.byte	0
 444 0035 00       		.byte	0
 445 0036 05       		.uleb128 0x5
 446 0037 16       		.uleb128 0x16
 447 0038 00       		.byte	0
 448 0039 03       		.uleb128 0x3
 449 003a 0E       		.uleb128 0xe
 450 003b 3A       		.uleb128 0x3a
 451 003c 0B       		.uleb128 0xb
 452 003d 3B       		.uleb128 0x3b
 453 003e 05       		.uleb128 0x5
 454 003f 49       		.uleb128 0x49
ARM GAS  C:\Users\mikke\AppData\Local\Temp\cclmTA2O.s 			page 10


 455 0040 13       		.uleb128 0x13
 456 0041 00       		.byte	0
 457 0042 00       		.byte	0
 458 0043 06       		.uleb128 0x6
 459 0044 0F       		.uleb128 0xf
 460 0045 00       		.byte	0
 461 0046 0B       		.uleb128 0xb
 462 0047 0B       		.uleb128 0xb
 463 0048 00       		.byte	0
 464 0049 00       		.byte	0
 465 004a 07       		.uleb128 0x7
 466 004b 0F       		.uleb128 0xf
 467 004c 00       		.byte	0
 468 004d 0B       		.uleb128 0xb
 469 004e 0B       		.uleb128 0xb
 470 004f 49       		.uleb128 0x49
 471 0050 13       		.uleb128 0x13
 472 0051 00       		.byte	0
 473 0052 00       		.byte	0
 474 0053 08       		.uleb128 0x8
 475 0054 13       		.uleb128 0x13
 476 0055 00       		.byte	0
 477 0056 03       		.uleb128 0x3
 478 0057 0E       		.uleb128 0xe
 479 0058 3C       		.uleb128 0x3c
 480 0059 19       		.uleb128 0x19
 481 005a 00       		.byte	0
 482 005b 00       		.byte	0
 483 005c 09       		.uleb128 0x9
 484 005d 2E       		.uleb128 0x2e
 485 005e 01       		.byte	0x1
 486 005f 3F       		.uleb128 0x3f
 487 0060 19       		.uleb128 0x19
 488 0061 03       		.uleb128 0x3
 489 0062 0E       		.uleb128 0xe
 490 0063 3A       		.uleb128 0x3a
 491 0064 0B       		.uleb128 0xb
 492 0065 3B       		.uleb128 0x3b
 493 0066 0B       		.uleb128 0xb
 494 0067 27       		.uleb128 0x27
 495 0068 19       		.uleb128 0x19
 496 0069 11       		.uleb128 0x11
 497 006a 01       		.uleb128 0x1
 498 006b 12       		.uleb128 0x12
 499 006c 06       		.uleb128 0x6
 500 006d 40       		.uleb128 0x40
 501 006e 18       		.uleb128 0x18
 502 006f 9642     		.uleb128 0x2116
 503 0071 19       		.uleb128 0x19
 504 0072 01       		.uleb128 0x1
 505 0073 13       		.uleb128 0x13
 506 0074 00       		.byte	0
 507 0075 00       		.byte	0
 508 0076 0A       		.uleb128 0xa
 509 0077 05       		.uleb128 0x5
 510 0078 00       		.byte	0
 511 0079 03       		.uleb128 0x3
ARM GAS  C:\Users\mikke\AppData\Local\Temp\cclmTA2O.s 			page 11


 512 007a 0E       		.uleb128 0xe
 513 007b 3A       		.uleb128 0x3a
 514 007c 0B       		.uleb128 0xb
 515 007d 3B       		.uleb128 0x3b
 516 007e 0B       		.uleb128 0xb
 517 007f 49       		.uleb128 0x49
 518 0080 13       		.uleb128 0x13
 519 0081 02       		.uleb128 0x2
 520 0082 18       		.uleb128 0x18
 521 0083 00       		.byte	0
 522 0084 00       		.byte	0
 523 0085 0B       		.uleb128 0xb
 524 0086 34       		.uleb128 0x34
 525 0087 00       		.byte	0
 526 0088 03       		.uleb128 0x3
 527 0089 0E       		.uleb128 0xe
 528 008a 3A       		.uleb128 0x3a
 529 008b 0B       		.uleb128 0xb
 530 008c 3B       		.uleb128 0x3b
 531 008d 0B       		.uleb128 0xb
 532 008e 49       		.uleb128 0x49
 533 008f 13       		.uleb128 0x13
 534 0090 02       		.uleb128 0x2
 535 0091 18       		.uleb128 0x18
 536 0092 00       		.byte	0
 537 0093 00       		.byte	0
 538 0094 0C       		.uleb128 0xc
 539 0095 26       		.uleb128 0x26
 540 0096 00       		.byte	0
 541 0097 49       		.uleb128 0x49
 542 0098 13       		.uleb128 0x13
 543 0099 00       		.byte	0
 544 009a 00       		.byte	0
 545 009b 0D       		.uleb128 0xd
 546 009c 01       		.uleb128 0x1
 547 009d 01       		.byte	0x1
 548 009e 49       		.uleb128 0x49
 549 009f 13       		.uleb128 0x13
 550 00a0 01       		.uleb128 0x1
 551 00a1 13       		.uleb128 0x13
 552 00a2 00       		.byte	0
 553 00a3 00       		.byte	0
 554 00a4 0E       		.uleb128 0xe
 555 00a5 21       		.uleb128 0x21
 556 00a6 00       		.byte	0
 557 00a7 49       		.uleb128 0x49
 558 00a8 13       		.uleb128 0x13
 559 00a9 2F       		.uleb128 0x2f
 560 00aa 0B       		.uleb128 0xb
 561 00ab 00       		.byte	0
 562 00ac 00       		.byte	0
 563 00ad 0F       		.uleb128 0xf
 564 00ae 34       		.uleb128 0x34
 565 00af 00       		.byte	0
 566 00b0 03       		.uleb128 0x3
 567 00b1 0E       		.uleb128 0xe
 568 00b2 3A       		.uleb128 0x3a
ARM GAS  C:\Users\mikke\AppData\Local\Temp\cclmTA2O.s 			page 12


 569 00b3 0B       		.uleb128 0xb
 570 00b4 3B       		.uleb128 0x3b
 571 00b5 05       		.uleb128 0x5
 572 00b6 49       		.uleb128 0x49
 573 00b7 13       		.uleb128 0x13
 574 00b8 3F       		.uleb128 0x3f
 575 00b9 19       		.uleb128 0x19
 576 00ba 3C       		.uleb128 0x3c
 577 00bb 19       		.uleb128 0x19
 578 00bc 00       		.byte	0
 579 00bd 00       		.byte	0
 580 00be 10       		.uleb128 0x10
 581 00bf 35       		.uleb128 0x35
 582 00c0 00       		.byte	0
 583 00c1 49       		.uleb128 0x49
 584 00c2 13       		.uleb128 0x13
 585 00c3 00       		.byte	0
 586 00c4 00       		.byte	0
 587 00c5 11       		.uleb128 0x11
 588 00c6 34       		.uleb128 0x34
 589 00c7 00       		.byte	0
 590 00c8 03       		.uleb128 0x3
 591 00c9 0E       		.uleb128 0xe
 592 00ca 3A       		.uleb128 0x3a
 593 00cb 0B       		.uleb128 0xb
 594 00cc 3B       		.uleb128 0x3b
 595 00cd 0B       		.uleb128 0xb
 596 00ce 49       		.uleb128 0x49
 597 00cf 13       		.uleb128 0x13
 598 00d0 3F       		.uleb128 0x3f
 599 00d1 19       		.uleb128 0x19
 600 00d2 02       		.uleb128 0x2
 601 00d3 18       		.uleb128 0x18
 602 00d4 00       		.byte	0
 603 00d5 00       		.byte	0
 604 00d6 00       		.byte	0
 605              		.section	.debug_aranges,"",%progbits
 606 0000 24000000 		.4byte	0x24
 607 0004 0200     		.2byte	0x2
 608 0006 00000000 		.4byte	.Ldebug_info0
 609 000a 04       		.byte	0x4
 610 000b 00       		.byte	0
 611 000c 0000     		.2byte	0
 612 000e 0000     		.2byte	0
 613 0010 00000000 		.4byte	.LFB68
 614 0014 4C000000 		.4byte	.LFE68-.LFB68
 615 0018 00000000 		.4byte	.LFB69
 616 001c 50000000 		.4byte	.LFE69-.LFB69
 617 0020 00000000 		.4byte	0
 618 0024 00000000 		.4byte	0
 619              		.section	.debug_ranges,"",%progbits
 620              	.Ldebug_ranges0:
 621 0000 00000000 		.4byte	.LFB68
 622 0004 4C000000 		.4byte	.LFE68
 623 0008 00000000 		.4byte	.LFB69
 624 000c 50000000 		.4byte	.LFE69
 625 0010 00000000 		.4byte	0
ARM GAS  C:\Users\mikke\AppData\Local\Temp\cclmTA2O.s 			page 13


 626 0014 00000000 		.4byte	0
 627              		.section	.debug_line,"",%progbits
 628              	.Ldebug_line0:
 629 0000 FE010000 		.section	.debug_str,"MS",%progbits,1
 629      0200B101 
 629      00000201 
 629      FB0E0D00 
 629      01010101 
 630              	.LASF22:
 631 0000 5469636B 		.ascii	"TickType_t\000"
 631      54797065 
 631      5F7400
 632              	.LASF7:
 633 000b 5F5F696E 		.ascii	"__int8_t\000"
 633      74385F74 
 633      00
 634              	.LASF34:
 635 0014 474E5520 		.ascii	"GNU C11 5.4.1 20160609 (release) [ARM/embedded-5-br"
 635      43313120 
 635      352E342E 
 635      31203230 
 635      31363036 
 636 0047 616E6368 		.ascii	"anch revision 237715] -mcpu=cortex-m3 -mthumb -g -O"
 636      20726576 
 636      6973696F 
 636      6E203233 
 636      37373135 
 637 007a 30202D66 		.ascii	"0 -ffunction-sections -ffat-lto-objects\000"
 637      66756E63 
 637      74696F6E 
 637      2D736563 
 637      74696F6E 
 638              	.LASF27:
 639 00a2 696E636F 		.ascii	"incommingBuffer\000"
 639      6D6D696E 
 639      67427566 
 639      66657200 
 640              	.LASF8:
 641 00b2 5F5F696E 		.ascii	"__int32_t\000"
 641      7433325F 
 641      7400
 642              	.LASF33:
 643 00bc 78517565 		.ascii	"xQueue\000"
 643      756500
 644              	.LASF9:
 645 00c3 6C6F6E67 		.ascii	"long int\000"
 645      20696E74 
 645      00
 646              	.LASF23:
 647 00cc 51756575 		.ascii	"QueueHandle_t\000"
 647      6548616E 
 647      646C655F 
 647      7400
 648              	.LASF26:
 649 00da 62797465 		.ascii	"bytesToRead\000"
 649      73546F52 
 649      65616400 
ARM GAS  C:\Users\mikke\AppData\Local\Temp\cclmTA2O.s 			page 14


 650              	.LASF36:
 651 00e6 433A5C43 		.ascii	"C:\\Code\\PSoCProjector\\RTOS_TEMPLATE-master\\Test"
 651      6F64655C 
 651      50536F43 
 651      50726F6A 
 651      6563746F 
 652 0115 4C656765 		.ascii	"LegePlads.cydsn\000"
 652      506C6164 
 652      732E6379 
 652      64736E00 
 653              	.LASF13:
 654 0125 696E7438 		.ascii	"int8_t\000"
 654      5F7400
 655              	.LASF17:
 656 012c 666C6F61 		.ascii	"float\000"
 656      7400
 657              	.LASF16:
 658 0132 75696E74 		.ascii	"uint8\000"
 658      3800
 659              	.LASF4:
 660 0138 756E7369 		.ascii	"unsigned char\000"
 660      676E6564 
 660      20636861 
 660      7200
 661              	.LASF11:
 662 0146 6C6F6E67 		.ascii	"long unsigned int\000"
 662      20756E73 
 662      69676E65 
 662      6420696E 
 662      7400
 663              	.LASF6:
 664 0158 73686F72 		.ascii	"short unsigned int\000"
 664      7420756E 
 664      7369676E 
 664      65642069 
 664      6E7400
 665              	.LASF32:
 666 016b 49544D5F 		.ascii	"ITM_RxBuffer\000"
 666      52784275 
 666      66666572 
 666      00
 667              	.LASF18:
 668 0178 646F7562 		.ascii	"double\000"
 668      6C6500
 669              	.LASF29:
 670 017f 76546173 		.ascii	"vTaskGetSetLed\000"
 670      6B476574 
 670      5365744C 
 670      656400
 671              	.LASF10:
 672 018e 5F5F7569 		.ascii	"__uint32_t\000"
 672      6E743332 
 672      5F7400
 673              	.LASF37:
 674 0199 51756575 		.ascii	"QueueDefinition\000"
 674      65446566 
 674      696E6974 
ARM GAS  C:\Users\mikke\AppData\Local\Temp\cclmTA2O.s 			page 15


 674      696F6E00 
 675              	.LASF35:
 676 01a9 69326352 		.ascii	"i2cReaction.c\000"
 676      65616374 
 676      696F6E2E 
 676      6300
 677              	.LASF0:
 678 01b7 756E7369 		.ascii	"unsigned int\000"
 678      676E6564 
 678      20696E74 
 678      00
 679              	.LASF12:
 680 01c4 6C6F6E67 		.ascii	"long long unsigned int\000"
 680      206C6F6E 
 680      6720756E 
 680      7369676E 
 680      65642069 
 681              	.LASF14:
 682 01db 696E7433 		.ascii	"int32_t\000"
 682      325F7400 
 683              	.LASF20:
 684 01e3 73697A65 		.ascii	"sizetype\000"
 684      74797065 
 684      00
 685              	.LASF1:
 686 01ec 6C6F6E67 		.ascii	"long long int\000"
 686      206C6F6E 
 686      6720696E 
 686      7400
 687              	.LASF19:
 688 01fa 63686172 		.ascii	"char\000"
 688      00
 689              	.LASF30:
 690 01ff 70765061 		.ascii	"pvParameters\000"
 690      72616D65 
 690      74657273 
 690      00
 691              	.LASF5:
 692 020c 73686F72 		.ascii	"short int\000"
 692      7420696E 
 692      7400
 693              	.LASF28:
 694 0216 76546173 		.ascii	"vTaskGetI2CData\000"
 694      6B476574 
 694      49324344 
 694      61746100 
 695              	.LASF24:
 696 0226 7844656C 		.ascii	"xDelay1000ms\000"
 696      61793130 
 696      30306D73 
 696      00
 697              	.LASF15:
 698 0233 75696E74 		.ascii	"uint32_t\000"
 698      33325F74 
 698      00
 699              	.LASF25:
 700 023c 736C6176 		.ascii	"slaveAdress\000"
ARM GAS  C:\Users\mikke\AppData\Local\Temp\cclmTA2O.s 			page 16


 700      65416472 
 700      65737300 
 701              	.LASF2:
 702 0248 6C6F6E67 		.ascii	"long double\000"
 702      20646F75 
 702      626C6500 
 703              	.LASF3:
 704 0254 7369676E 		.ascii	"signed char\000"
 704      65642063 
 704      68617200 
 705              	.LASF21:
 706 0260 42617365 		.ascii	"BaseType_t\000"
 706      54797065 
 706      5F7400
 707              	.LASF31:
 708 026b 6C526563 		.ascii	"lRecievedValue\000"
 708      69657665 
 708      6456616C 
 708      756500
 709              		.ident	"GCC: (GNU Tools for ARM Embedded Processors) 5.4.1 20160609 (release) [ARM/embedded-5-bran
