ARM GAS  C:\Users\krist\AppData\Local\Temp\cckuheoS.s 			page 1


   1              		.syntax unified
   2              		.cpu cortex-m3
   3              		.fpu softvfp
   4              		.eabi_attribute 20, 1
   5              		.eabi_attribute 21, 1
   6              		.eabi_attribute 23, 3
   7              		.eabi_attribute 24, 1
   8              		.eabi_attribute 25, 1
   9              		.eabi_attribute 26, 1
  10              		.eabi_attribute 30, 6
  11              		.eabi_attribute 34, 1
  12              		.eabi_attribute 18, 4
  13              		.thumb
  14              		.syntax unified
  15              		.file	"Light.c"
  16              		.text
  17              	.Ltext0:
  18              		.cfi_sections	.debug_frame
  19              		.comm	DS18x8_Sensor,32,4
  20              		.comm	DS18x8_DataReady,1,1
  21              		.comm	Light,1,1
  22              		.comm	Time,1,1
  23              		.comm	bLEDState,1,1
  24              		.global	bAlarmState
  25              		.bss
  26              		.type	bAlarmState, %object
  27              		.size	bAlarmState, 1
  28              	bAlarmState:
  29 0000 00       		.space	1
  30              		.comm	Start,8,4
  31              		.comm	CurrentTime,8,4
  32              		.comm	xQueueLightValue,4,4
  33              		.comm	xQueueCurrentTime,12,4
  34              		.section	.rodata
  35              		.align	2
  36              	.LC1:
  37 0000 4C696768 		.ascii	"Light\000"
  37      7400
  38 0006 0000     		.align	2
  39              	.LC2:
  40 0008 4C696768 		.ascii	"Light controller\000"
  40      7420636F 
  40      6E74726F 
  40      6C6C6572 
  40      00
  41              		.section	.text.vLightInit,"ax",%progbits
  42              		.align	2
  43              		.global	vLightInit
  44              		.thumb
  45              		.thumb_func
  46              		.type	vLightInit, %function
  47              	vLightInit:
  48              	.LFB68:
  49              		.file 1 "Light.c"
   1:Light.c       **** /* ========================================
   2:Light.c       ****  *
   3:Light.c       ****  * Copyright YOUR COMPANY, THE YEAR
ARM GAS  C:\Users\krist\AppData\Local\Temp\cckuheoS.s 			page 2


   4:Light.c       ****  * All Rights Reserved
   5:Light.c       ****  * UNPUBLISHED, LICENSED SOFTWARE.
   6:Light.c       ****  *
   7:Light.c       ****  * CONFIDENTIAL AND PROPRIETARY INFORMATION
   8:Light.c       ****  * WHICH IS THE PROPERTY OF your company.
   9:Light.c       ****  *
  10:Light.c       ****  * ========================================
  11:Light.c       **** */
  12:Light.c       **** 
  13:Light.c       **** /* [] END OF FILE */
  14:Light.c       **** 
  15:Light.c       **** #include "FreeRTOS.h"
  16:Light.c       **** #include "light.h"
  17:Light.c       **** #include "task.h"
  18:Light.c       **** #include "queue.h"
  19:Light.c       **** 
  20:Light.c       **** uint8 Light; // Variable contains measured light value
  21:Light.c       **** uint8 Time;
  22:Light.c       **** _Bool bLEDState;
  23:Light.c       **** _Bool bAlarmState = 0;
  24:Light.c       **** 
  25:Light.c       **** struct Clock
  26:Light.c       ****     {
  27:Light.c       ****         uint8 Sec;
  28:Light.c       ****         uint8 Min;
  29:Light.c       ****         uint8 Hour;
  30:Light.c       ****         uint8 DayOfMonth;
  31:Light.c       ****         uint8 Month;
  32:Light.c       ****         uint16 Year;
  33:Light.c       ****         
  34:Light.c       ****     };
  35:Light.c       **** struct Clock Start;
  36:Light.c       **** struct Clock CurrentTime;
  37:Light.c       **** 
  38:Light.c       **** /* Create a queue for sending the light value through UART */
  39:Light.c       **** QueueHandle_t xQueueLightValue;
  40:Light.c       **** 
  41:Light.c       **** /* Create a queue for checking the light cycle */
  42:Light.c       **** QueueHandle_t xQueueCurrentTime[3];
  43:Light.c       **** 
  44:Light.c       **** void vLightInit(){
  50              		.loc 1 44 0
  51              		.cfi_startproc
  52              		@ args = 0, pretend = 0, frame = 0
  53              		@ frame_needed = 1, uses_anonymous_args = 0
  54 0000 80B5     		push	{r7, lr}
  55              		.cfi_def_cfa_offset 8
  56              		.cfi_offset 7, -8
  57              		.cfi_offset 14, -4
  58 0002 82B0     		sub	sp, sp, #8
  59              		.cfi_def_cfa_offset 16
  60 0004 02AF     		add	r7, sp, #8
  61              		.cfi_def_cfa 7, 8
  45:Light.c       ****     /*
  46:Light.c       ****     struct Clock
  47:Light.c       ****     {
  48:Light.c       ****         uint8 Sec;
ARM GAS  C:\Users\krist\AppData\Local\Temp\cckuheoS.s 			page 3


  49:Light.c       ****         uint8 Min;
  50:Light.c       ****         uint8 Hour;
  51:Light.c       ****         uint8 DayOfMonth;
  52:Light.c       ****         uint8 Month;
  53:Light.c       ****         uint16 Year;
  54:Light.c       ****         
  55:Light.c       ****     };   
  56:Light.c       ****     */
  57:Light.c       ****     
  58:Light.c       ****     /* Fill struct with date and time */
  59:Light.c       ****     Start.Sec = 00u;
  62              		.loc 1 59 0
  63 0006 354B     		ldr	r3, .L2
  64 0008 0022     		movs	r2, #0
  65 000a 1A70     		strb	r2, [r3]
  60:Light.c       ****     Start.Min = 25u;
  66              		.loc 1 60 0
  67 000c 334B     		ldr	r3, .L2
  68 000e 1922     		movs	r2, #25
  69 0010 5A70     		strb	r2, [r3, #1]
  61:Light.c       ****     Start.Hour = 18u;
  70              		.loc 1 61 0
  71 0012 324B     		ldr	r3, .L2
  72 0014 1222     		movs	r2, #18
  73 0016 9A70     		strb	r2, [r3, #2]
  62:Light.c       ****     Start.DayOfMonth = 23u;
  74              		.loc 1 62 0
  75 0018 304B     		ldr	r3, .L2
  76 001a 1722     		movs	r2, #23
  77 001c DA70     		strb	r2, [r3, #3]
  63:Light.c       ****     Start.Month = 04u;
  78              		.loc 1 63 0
  79 001e 2F4B     		ldr	r3, .L2
  80 0020 0422     		movs	r2, #4
  81 0022 1A71     		strb	r2, [r3, #4]
  64:Light.c       ****     Start.Year = 2020u;
  82              		.loc 1 64 0
  83 0024 2D4B     		ldr	r3, .L2
  84 0026 40F2E472 		movw	r2, #2020
  85 002a DA80     		strh	r2, [r3, #6]	@ movhi
  65:Light.c       ****     
  66:Light.c       ****     RTC_WriteSecond(Start.Sec);
  86              		.loc 1 66 0
  87 002c 2B4B     		ldr	r3, .L2
  88 002e 1B78     		ldrb	r3, [r3]	@ zero_extendqisi2
  89 0030 1846     		mov	r0, r3
  90 0032 FFF7FEFF 		bl	RTC_WriteSecond
  67:Light.c       ****     RTC_WriteMinute(Start.Min);
  91              		.loc 1 67 0
  92 0036 294B     		ldr	r3, .L2
  93 0038 5B78     		ldrb	r3, [r3, #1]	@ zero_extendqisi2
  94 003a 1846     		mov	r0, r3
  95 003c FFF7FEFF 		bl	RTC_WriteMinute
  68:Light.c       ****     RTC_WriteHour(Start.Hour);
  96              		.loc 1 68 0
  97 0040 264B     		ldr	r3, .L2
  98 0042 9B78     		ldrb	r3, [r3, #2]	@ zero_extendqisi2
ARM GAS  C:\Users\krist\AppData\Local\Temp\cckuheoS.s 			page 4


  99 0044 1846     		mov	r0, r3
 100 0046 FFF7FEFF 		bl	RTC_WriteHour
  69:Light.c       ****     RTC_WriteDayOfMonth(Start.DayOfMonth);
 101              		.loc 1 69 0
 102 004a 244B     		ldr	r3, .L2
 103 004c DB78     		ldrb	r3, [r3, #3]	@ zero_extendqisi2
 104 004e 1846     		mov	r0, r3
 105 0050 FFF7FEFF 		bl	RTC_WriteDayOfMonth
  70:Light.c       ****     RTC_WriteMonth(Start.Month);
 106              		.loc 1 70 0
 107 0054 214B     		ldr	r3, .L2
 108 0056 1B79     		ldrb	r3, [r3, #4]	@ zero_extendqisi2
 109 0058 1846     		mov	r0, r3
 110 005a FFF7FEFF 		bl	RTC_WriteMonth
  71:Light.c       ****     RTC_WriteYear(Start.Year);
 111              		.loc 1 71 0
 112 005e 1F4B     		ldr	r3, .L2
 113 0060 DB88     		ldrh	r3, [r3, #6]
 114 0062 1846     		mov	r0, r3
 115 0064 FFF7FEFF 		bl	RTC_WriteYear
  72:Light.c       ****     
  73:Light.c       ****     
  74:Light.c       ****     
  75:Light.c       ****     
  76:Light.c       ****     
  77:Light.c       ****     
  78:Light.c       ****     /*  The queue is created to hold a maximum of 1 value, each of which is
  79:Light.c       ****         large enough to hold a variable at the size of uint8. */
  80:Light.c       ****     xQueueLightValue = xQueueCreate(1, sizeof(uint8));
 116              		.loc 1 80 0
 117 0068 0022     		movs	r2, #0
 118 006a 0121     		movs	r1, #1
 119 006c 0120     		movs	r0, #1
 120 006e FFF7FEFF 		bl	xQueueGenericCreate
 121 0072 0246     		mov	r2, r0
 122 0074 1A4B     		ldr	r3, .L2+4
 123 0076 1A60     		str	r2, [r3]
  81:Light.c       ****     
  82:Light.c       ****     xQueueCurrentTime[0] = xQueueCreate(1, sizeof(uint8));
 124              		.loc 1 82 0
 125 0078 0022     		movs	r2, #0
 126 007a 0121     		movs	r1, #1
 127 007c 0120     		movs	r0, #1
 128 007e FFF7FEFF 		bl	xQueueGenericCreate
 129 0082 0246     		mov	r2, r0
 130 0084 174B     		ldr	r3, .L2+8
 131 0086 1A60     		str	r2, [r3]
  83:Light.c       ****     xQueueCurrentTime[1] = xQueueCreate(1, sizeof(uint8));
 132              		.loc 1 83 0
 133 0088 0022     		movs	r2, #0
 134 008a 0121     		movs	r1, #1
 135 008c 0120     		movs	r0, #1
 136 008e FFF7FEFF 		bl	xQueueGenericCreate
 137 0092 0246     		mov	r2, r0
 138 0094 134B     		ldr	r3, .L2+8
 139 0096 5A60     		str	r2, [r3, #4]
  84:Light.c       ****     xQueueCurrentTime[2] = xQueueCreate(1, sizeof(uint8));
ARM GAS  C:\Users\krist\AppData\Local\Temp\cckuheoS.s 			page 5


 140              		.loc 1 84 0
 141 0098 0022     		movs	r2, #0
 142 009a 0121     		movs	r1, #1
 143 009c 0120     		movs	r0, #1
 144 009e FFF7FEFF 		bl	xQueueGenericCreate
 145 00a2 0246     		mov	r2, r0
 146 00a4 0F4B     		ldr	r3, .L2+8
 147 00a6 9A60     		str	r2, [r3, #8]
  85:Light.c       ****     
  86:Light.c       ****     /*  Create the task that will control the light sensor. The task is created with
  87:Light.c       ****         priority 2. */
  88:Light.c       ****     xTaskCreate(vTaskLightMeasure, "Light", 1000 , NULL , 2 , NULL);
 148              		.loc 1 88 0
 149 00a8 0023     		movs	r3, #0
 150 00aa 0193     		str	r3, [sp, #4]
 151 00ac 0223     		movs	r3, #2
 152 00ae 0093     		str	r3, [sp]
 153 00b0 0023     		movs	r3, #0
 154 00b2 4FF47A72 		mov	r2, #1000
 155 00b6 0C49     		ldr	r1, .L2+12
 156 00b8 0C48     		ldr	r0, .L2+16
 157 00ba FFF7FEFF 		bl	xTaskCreate
  89:Light.c       ****     
  90:Light.c       ****     /*  Create the controller task that will recieve external commands 
  91:Light.c       ****         and regulate the LED based on the sensor value. 
  92:Light.c       ****         The task is created with priority 2. */
  93:Light.c       ****     xTaskCreate(vTaskLightController, "Light controller", 100, NULL, 2, NULL);
 158              		.loc 1 93 0
 159 00be 0023     		movs	r3, #0
 160 00c0 0193     		str	r3, [sp, #4]
 161 00c2 0223     		movs	r3, #2
 162 00c4 0093     		str	r3, [sp]
 163 00c6 0023     		movs	r3, #0
 164 00c8 6422     		movs	r2, #100
 165 00ca 0949     		ldr	r1, .L2+20
 166 00cc 0948     		ldr	r0, .L2+24
 167 00ce FFF7FEFF 		bl	xTaskCreate
  94:Light.c       ****     
  95:Light.c       ****     /*Initialize test tasks*/
  96:Light.c       ****     #if LIGHTTEST == 1
  97:Light.c       ****         vTestLightTaskInit();
 168              		.loc 1 97 0
 169 00d2 FFF7FEFF 		bl	vTestLightTaskInit
  98:Light.c       ****     #endif
  99:Light.c       **** }
 170              		.loc 1 99 0
 171 00d6 00BF     		nop
 172 00d8 BD46     		mov	sp, r7
 173              		.cfi_def_cfa_register 13
 174              		@ sp needed
 175 00da 80BD     		pop	{r7, pc}
 176              	.L3:
 177              		.align	2
 178              	.L2:
 179 00dc 00000000 		.word	Start
 180 00e0 00000000 		.word	xQueueLightValue
 181 00e4 00000000 		.word	xQueueCurrentTime
ARM GAS  C:\Users\krist\AppData\Local\Temp\cckuheoS.s 			page 6


 182 00e8 00000000 		.word	.LC1
 183 00ec 00000000 		.word	vTaskLightMeasure
 184 00f0 08000000 		.word	.LC2
 185 00f4 00000000 		.word	vTaskLightController
 186              		.cfi_endproc
 187              	.LFE68:
 188              		.size	vLightInit, .-vLightInit
 189              		.section	.text.vTaskLightMeasure,"ax",%progbits
 190              		.align	2
 191              		.global	vTaskLightMeasure
 192              		.thumb
 193              		.thumb_func
 194              		.type	vTaskLightMeasure, %function
 195              	vTaskLightMeasure:
 196              	.LFB69:
 100:Light.c       **** 
 101:Light.c       **** /*  This function turns on the light sensor, periodically reads the sensor 
 102:Light.c       ****     and sends the measured value to the created queue for UART */
 103:Light.c       **** void vTaskLightMeasure(){
 197              		.loc 1 103 0
 198              		.cfi_startproc
 199              		@ args = 0, pretend = 0, frame = 8
 200              		@ frame_needed = 1, uses_anonymous_args = 0
 201 0000 80B5     		push	{r7, lr}
 202              		.cfi_def_cfa_offset 8
 203              		.cfi_offset 7, -8
 204              		.cfi_offset 14, -4
 205 0002 82B0     		sub	sp, sp, #8
 206              		.cfi_def_cfa_offset 16
 207 0004 00AF     		add	r7, sp, #0
 208              		.cfi_def_cfa_register 7
 104:Light.c       ****     Pin_5V_out_Write(1u);
 209              		.loc 1 104 0
 210 0006 0120     		movs	r0, #1
 211 0008 FFF7FEFF 		bl	Pin_5V_out_Write
 105:Light.c       ****     const TickType_t xDelayms = pdMS_TO_TICKS( 10000 ); // Sets the measurement resolution.
 212              		.loc 1 105 0
 213 000c 42F21073 		movw	r3, #10000
 214 0010 7B60     		str	r3, [r7, #4]
 215              	.L5:
 216              	.LBB2:
 106:Light.c       ****     
 107:Light.c       ****     for(;;){
 108:Light.c       ****        
 109:Light.c       ****         uint8 LightRead = Pin_LIGHT_in_Read();
 217              		.loc 1 109 0 discriminator 1
 218 0012 FFF7FEFF 		bl	Pin_LIGHT_in_Read
 219 0016 0346     		mov	r3, r0
 220 0018 FB70     		strb	r3, [r7, #3]
 110:Light.c       ****         Light = LightRead;
 221              		.loc 1 110 0 discriminator 1
 222 001a 034A     		ldr	r2, .L6
 223 001c FB78     		ldrb	r3, [r7, #3]
 224 001e 1370     		strb	r3, [r2]
 111:Light.c       ****         //xQueueSendToBack(xQueueLightValue, &Light, portMAX_DELAY);
 112:Light.c       ****         vTaskDelay(xDelayms); 
 225              		.loc 1 112 0 discriminator 1
ARM GAS  C:\Users\krist\AppData\Local\Temp\cckuheoS.s 			page 7


 226 0020 7868     		ldr	r0, [r7, #4]
 227 0022 FFF7FEFF 		bl	vTaskDelay
 228              	.LBE2:
 113:Light.c       ****     }
 229              		.loc 1 113 0 discriminator 1
 230 0026 F4E7     		b	.L5
 231              	.L7:
 232              		.align	2
 233              	.L6:
 234 0028 00000000 		.word	Light
 235              		.cfi_endproc
 236              	.LFE69:
 237              		.size	vTaskLightMeasure, .-vTaskLightMeasure
 238              		.section	.rodata
 239 0019 000000   		.align	2
 240              	.LC3:
 241 001c 57697468 		.ascii	"Within active hours of light cycle: TRUE \012\000"
 241      696E2061 
 241      63746976 
 241      6520686F 
 241      75727320 
 242 0047 00       		.align	2
 243              	.LC4:
 244 0048 456E6F75 		.ascii	"Enough light: TRUE \012 \012\000"
 244      6768206C 
 244      69676874 
 244      3A205452 
 244      5545200A 
 245 005f 00       		.align	2
 246              	.LC5:
 247 0060 456E6F75 		.ascii	"Enough light: FALSE \012 \012\000"
 247      6768206C 
 247      69676874 
 247      3A204641 
 247      4C534520 
 248              		.align	2
 249              	.LC6:
 250 0078 57697468 		.ascii	"Within active hours of light cycle: FALSE \012\000"
 250      696E2061 
 250      63746976 
 250      6520686F 
 250      75727320 
 251              		.align	2
 252              	.LC0:
 253 00a4 08       		.byte	8
 254 00a5 15       		.byte	21
 255              		.section	.text.vTaskLightController,"ax",%progbits
 256              		.align	2
 257              		.global	vTaskLightController
 258              		.thumb
 259              		.thumb_func
 260              		.type	vTaskLightController, %function
 261              	vTaskLightController:
 262              	.LFB70:
 114:Light.c       **** }
 115:Light.c       **** 
 116:Light.c       **** 
ARM GAS  C:\Users\krist\AppData\Local\Temp\cckuheoS.s 			page 8


 117:Light.c       **** /*  This function recieves info about which time interval there should be light, 
 118:Light.c       ****     turns on/off LED lights and periodically checks if the lights are on */
 119:Light.c       **** void vTaskLightController(){
 263              		.loc 1 119 0
 264              		.cfi_startproc
 265              		@ args = 0, pretend = 0, frame = 16
 266              		@ frame_needed = 1, uses_anonymous_args = 0
 267 0000 80B5     		push	{r7, lr}
 268              		.cfi_def_cfa_offset 8
 269              		.cfi_offset 7, -8
 270              		.cfi_offset 14, -4
 271 0002 84B0     		sub	sp, sp, #16
 272              		.cfi_def_cfa_offset 24
 273 0004 00AF     		add	r7, sp, #0
 274              		.cfi_def_cfa_register 7
 120:Light.c       ****     uint8 LightCycle[] = {8, 21}; // Input parameters with start and stop time for the light cycle
 275              		.loc 1 120 0
 276 0006 304A     		ldr	r2, .L15
 277 0008 3B1D     		adds	r3, r7, #4
 278 000a 1288     		ldrh	r2, [r2]	@ unaligned
 279 000c 1A80     		strh	r2, [r3]	@ unaligned
 121:Light.c       ****     const TickType_t xDelayms = pdMS_TO_TICKS( 100 ); // Sets the measurement resolution.
 280              		.loc 1 121 0
 281 000e 6423     		movs	r3, #100
 282 0010 FB60     		str	r3, [r7, #12]
 122:Light.c       ****     const TickType_t xShortDelayms = pdMS_TO_TICKS( 100 );
 283              		.loc 1 122 0
 284 0012 6423     		movs	r3, #100
 285 0014 BB60     		str	r3, [r7, #8]
 286              	.L13:
 123:Light.c       ****     //SW_UART_TEST_USB_PutString("before time read");
 124:Light.c       ****     //SW_UART_TEST_USB_PutString("\n");
 125:Light.c       ****     
 126:Light.c       ****     for(;;){
 127:Light.c       ****         CurrentTime.Sec = RTC_currentTimeDate.Sec;
 287              		.loc 1 127 0
 288 0016 2D4B     		ldr	r3, .L15+4
 289 0018 1B78     		ldrb	r3, [r3]
 290 001a DAB2     		uxtb	r2, r3
 291 001c 2C4B     		ldr	r3, .L15+8
 292 001e 1A70     		strb	r2, [r3]
 128:Light.c       ****         CurrentTime.Min = RTC_currentTimeDate.Min;
 293              		.loc 1 128 0
 294 0020 2A4B     		ldr	r3, .L15+4
 295 0022 5B78     		ldrb	r3, [r3, #1]
 296 0024 DAB2     		uxtb	r2, r3
 297 0026 2A4B     		ldr	r3, .L15+8
 298 0028 5A70     		strb	r2, [r3, #1]
 129:Light.c       ****         CurrentTime.Hour = RTC_currentTimeDate.Hour;
 299              		.loc 1 129 0
 300 002a 284B     		ldr	r3, .L15+4
 301 002c 9B78     		ldrb	r3, [r3, #2]
 302 002e DAB2     		uxtb	r2, r3
 303 0030 274B     		ldr	r3, .L15+8
 304 0032 9A70     		strb	r2, [r3, #2]
 130:Light.c       ****         
 131:Light.c       ****         //uint8 CurrentHour = RTC_currentTimeDate.Hour; // Reads the current hour from the internal
ARM GAS  C:\Users\krist\AppData\Local\Temp\cckuheoS.s 			page 9


 132:Light.c       ****         //SW_UART_TEST_USB_PutString("time read");
 133:Light.c       ****         //SW_UART_TEST_USB_PutString("\n");
 134:Light.c       ****         //Time = CurrentHour;
 135:Light.c       ****         xQueueSendToBack(xQueueCurrentTime[0], &CurrentTime.Sec, portMAX_DELAY);
 305              		.loc 1 135 0
 306 0034 274B     		ldr	r3, .L15+12
 307 0036 1868     		ldr	r0, [r3]
 308 0038 0023     		movs	r3, #0
 309 003a 4FF0FF32 		mov	r2, #-1
 310 003e 2449     		ldr	r1, .L15+8
 311 0040 FFF7FEFF 		bl	xQueueGenericSend
 136:Light.c       ****         xQueueSendToBack(xQueueCurrentTime[1], &CurrentTime.Min, portMAX_DELAY);
 312              		.loc 1 136 0
 313 0044 234B     		ldr	r3, .L15+12
 314 0046 5868     		ldr	r0, [r3, #4]
 315 0048 0023     		movs	r3, #0
 316 004a 4FF0FF32 		mov	r2, #-1
 317 004e 2249     		ldr	r1, .L15+16
 318 0050 FFF7FEFF 		bl	xQueueGenericSend
 137:Light.c       ****         xQueueSendToBack(xQueueCurrentTime[2], &CurrentTime.Hour, portMAX_DELAY);
 319              		.loc 1 137 0
 320 0054 1F4B     		ldr	r3, .L15+12
 321 0056 9868     		ldr	r0, [r3, #8]
 322 0058 0023     		movs	r3, #0
 323 005a 4FF0FF32 		mov	r2, #-1
 324 005e 1F49     		ldr	r1, .L15+20
 325 0060 FFF7FEFF 		bl	xQueueGenericSend
 138:Light.c       ****         vTaskDelay(xShortDelayms);
 326              		.loc 1 138 0
 327 0064 B868     		ldr	r0, [r7, #8]
 328 0066 FFF7FEFF 		bl	vTaskDelay
 139:Light.c       ****                 
 140:Light.c       ****         /* This if-statement checks if the current hour is within the on-interval of the light cycl
 141:Light.c       ****             If so, the LED is turned on. 
 142:Light.c       ****             After a short delay, the light sensor is read to make sure that the LED is on */
 143:Light.c       ****         if((CurrentTime.Hour >= LightCycle[0]) && (CurrentTime.Hour <= LightCycle[1])){
 329              		.loc 1 143 0
 330 006a 194B     		ldr	r3, .L15+8
 331 006c 9A78     		ldrb	r2, [r3, #2]	@ zero_extendqisi2
 332 006e 3B79     		ldrb	r3, [r7, #4]	@ zero_extendqisi2
 333 0070 9A42     		cmp	r2, r3
 334 0072 1DD3     		bcc	.L9
 335              		.loc 1 143 0 is_stmt 0 discriminator 1
 336 0074 164B     		ldr	r3, .L15+8
 337 0076 9A78     		ldrb	r2, [r3, #2]	@ zero_extendqisi2
 338 0078 7B79     		ldrb	r3, [r7, #5]	@ zero_extendqisi2
 339 007a 9A42     		cmp	r2, r3
 340 007c 18D8     		bhi	.L9
 144:Light.c       ****             
 145:Light.c       ****             // some code that turns on the LED
 146:Light.c       ****             bLEDState = 1;
 341              		.loc 1 146 0 is_stmt 1
 342 007e 184B     		ldr	r3, .L15+24
 343 0080 0122     		movs	r2, #1
 344 0082 1A70     		strb	r2, [r3]
 147:Light.c       ****             SW_UART_TEST_USB_PutString("Within active hours of light cycle: TRUE \n");
 345              		.loc 1 147 0
ARM GAS  C:\Users\krist\AppData\Local\Temp\cckuheoS.s 			page 10


 346 0084 1748     		ldr	r0, .L15+28
 347 0086 FFF7FEFF 		bl	SW_UART_TEST_USB_PutString
 148:Light.c       ****             vTaskDelay(xShortDelayms);
 348              		.loc 1 148 0
 349 008a B868     		ldr	r0, [r7, #8]
 350 008c FFF7FEFF 		bl	vTaskDelay
 149:Light.c       ****             
 150:Light.c       ****             if(Light == 0){
 351              		.loc 1 150 0
 352 0090 154B     		ldr	r3, .L15+32
 353 0092 1B78     		ldrb	r3, [r3]	@ zero_extendqisi2
 354 0094 002B     		cmp	r3, #0
 355 0096 03D1     		bne	.L10
 151:Light.c       ****                 // The LED are on, all is good
 152:Light.c       ****                 SW_UART_TEST_USB_PutString("Enough light: TRUE \n \n");
 356              		.loc 1 152 0
 357 0098 1448     		ldr	r0, .L15+36
 358 009a FFF7FEFF 		bl	SW_UART_TEST_USB_PutString
 150:Light.c       ****                 // The LED are on, all is good
 359              		.loc 1 150 0
 360 009e 0EE0     		b	.L14
 361              	.L10:
 153:Light.c       ****             }
 154:Light.c       ****             else if(Light == 1){
 362              		.loc 1 154 0
 363 00a0 114B     		ldr	r3, .L15+32
 364 00a2 1B78     		ldrb	r3, [r3]	@ zero_extendqisi2
 365 00a4 012B     		cmp	r3, #1
 366 00a6 0AD1     		bne	.L14
 155:Light.c       ****                 // The LED are not on, all is not good
 156:Light.c       ****                 SW_UART_TEST_USB_PutString("Enough light: FALSE \n \n");
 367              		.loc 1 156 0
 368 00a8 1148     		ldr	r0, .L15+40
 369 00aa FFF7FEFF 		bl	SW_UART_TEST_USB_PutString
 150:Light.c       ****                 // The LED are on, all is good
 370              		.loc 1 150 0
 371 00ae 06E0     		b	.L14
 372              	.L9:
 157:Light.c       ****                 // some code to force turn on LED and send alarm
 158:Light.c       ****             }
 159:Light.c       ****             else{
 160:Light.c       ****                 //panic
 161:Light.c       ****             }    
 162:Light.c       ****         }
 163:Light.c       ****         else{
 164:Light.c       ****             // The LED should not be on
 165:Light.c       ****             bLEDState = 0;
 373              		.loc 1 165 0
 374 00b0 0B4B     		ldr	r3, .L15+24
 375 00b2 0022     		movs	r2, #0
 376 00b4 1A70     		strb	r2, [r3]
 166:Light.c       ****             // some code to turn off LED
 167:Light.c       ****             
 168:Light.c       ****             SW_UART_TEST_USB_PutString("Within active hours of light cycle: FALSE \n");
 377              		.loc 1 168 0
 378 00b6 0F48     		ldr	r0, .L15+44
 379 00b8 FFF7FEFF 		bl	SW_UART_TEST_USB_PutString
ARM GAS  C:\Users\krist\AppData\Local\Temp\cckuheoS.s 			page 11


 380 00bc 00E0     		b	.L12
 381              	.L14:
 150:Light.c       ****                 // The LED are on, all is good
 382              		.loc 1 150 0
 383 00be 00BF     		nop
 384              	.L12:
 169:Light.c       ****         }    
 170:Light.c       ****     vTaskDelay(xDelayms); 
 385              		.loc 1 170 0
 386 00c0 F868     		ldr	r0, [r7, #12]
 387 00c2 FFF7FEFF 		bl	vTaskDelay
 171:Light.c       ****     }
 388              		.loc 1 171 0
 389 00c6 A6E7     		b	.L13
 390              	.L16:
 391              		.align	2
 392              	.L15:
 393 00c8 A4000000 		.word	.LC0
 394 00cc 00000000 		.word	RTC_currentTimeDate
 395 00d0 00000000 		.word	CurrentTime
 396 00d4 00000000 		.word	xQueueCurrentTime
 397 00d8 01000000 		.word	CurrentTime+1
 398 00dc 02000000 		.word	CurrentTime+2
 399 00e0 00000000 		.word	bLEDState
 400 00e4 1C000000 		.word	.LC3
 401 00e8 00000000 		.word	Light
 402 00ec 48000000 		.word	.LC4
 403 00f0 60000000 		.word	.LC5
 404 00f4 78000000 		.word	.LC6
 405              		.cfi_endproc
 406              	.LFE70:
 407              		.size	vTaskLightController, .-vTaskLightController
 408              		.section	.rodata
 409 00a6 0000     		.align	2
 410              	.LC7:
 411 00a8 54657374 		.ascii	"TestLight\000"
 411      4C696768 
 411      7400
 412              		.section	.text.vTestLightTaskInit,"ax",%progbits
 413              		.align	2
 414              		.global	vTestLightTaskInit
 415              		.thumb
 416              		.thumb_func
 417              		.type	vTestLightTaskInit, %function
 418              	vTestLightTaskInit:
 419              	.LFB71:
 172:Light.c       **** }
 173:Light.c       **** 
 174:Light.c       **** 
 175:Light.c       **** /* --- TEST TASK --- */
 176:Light.c       **** 
 177:Light.c       **** /*
 178:Light.c       ****     Task for testing existing implementations.
 179:Light.c       **** 
 180:Light.c       ****     DO NOT delete this functions/tasks, but comment them out if they arn't nexessary 
 181:Light.c       ****     for your current implementation/testing
 182:Light.c       ****     
ARM GAS  C:\Users\krist\AppData\Local\Temp\cckuheoS.s 			page 12


 183:Light.c       ****     All test task/functions, must start with (type)Test(Task/Function/Var)(Name)
 184:Light.c       **** 
 185:Light.c       ****     
 186:Light.c       **** */
 187:Light.c       **** 
 188:Light.c       **** /*Initialize test tasks*/
 189:Light.c       **** void vTestLightTaskInit(){
 420              		.loc 1 189 0
 421              		.cfi_startproc
 422              		@ args = 0, pretend = 0, frame = 0
 423              		@ frame_needed = 1, uses_anonymous_args = 0
 424 0000 80B5     		push	{r7, lr}
 425              		.cfi_def_cfa_offset 8
 426              		.cfi_offset 7, -8
 427              		.cfi_offset 14, -4
 428 0002 82B0     		sub	sp, sp, #8
 429              		.cfi_def_cfa_offset 16
 430 0004 02AF     		add	r7, sp, #8
 431              		.cfi_def_cfa 7, 8
 190:Light.c       ****     xTaskCreate(vTestLightTask, "TestLight", 1000, NULL, 2, NULL);
 432              		.loc 1 190 0
 433 0006 0023     		movs	r3, #0
 434 0008 0193     		str	r3, [sp, #4]
 435 000a 0223     		movs	r3, #2
 436 000c 0093     		str	r3, [sp]
 437 000e 0023     		movs	r3, #0
 438 0010 4FF47A72 		mov	r2, #1000
 439 0014 0349     		ldr	r1, .L18
 440 0016 0448     		ldr	r0, .L18+4
 441 0018 FFF7FEFF 		bl	xTaskCreate
 191:Light.c       **** }    
 442              		.loc 1 191 0
 443 001c 00BF     		nop
 444 001e BD46     		mov	sp, r7
 445              		.cfi_def_cfa_register 13
 446              		@ sp needed
 447 0020 80BD     		pop	{r7, pc}
 448              	.L19:
 449 0022 00BF     		.align	2
 450              	.L18:
 451 0024 A8000000 		.word	.LC7
 452 0028 00000000 		.word	vTestLightTask
 453              		.cfi_endproc
 454              	.LFE71:
 455              		.size	vTestLightTaskInit, .-vTestLightTaskInit
 456              		.section	.rodata
 457 00b2 0000     		.align	2
 458              	.LC8:
 459 00b4 43757272 		.ascii	"Current time: \000"
 459      656E7420 
 459      74696D65 
 459      3A2000
 460 00c3 00       		.align	2
 461              	.LC9:
 462 00c4 3A00     		.ascii	":\000"
 463 00c6 0000     		.align	2
 464              	.LC10:
ARM GAS  C:\Users\krist\AppData\Local\Temp\cckuheoS.s 			page 13


 465 00c8 0A00     		.ascii	"\012\000"
 466              		.section	.text.vTestLightTask,"ax",%progbits
 467              		.align	2
 468              		.global	vTestLightTask
 469              		.thumb
 470              		.thumb_func
 471              		.type	vTestLightTask, %function
 472              	vTestLightTask:
 473              	.LFB72:
 192:Light.c       **** 
 193:Light.c       **** /* Function tests vTaskLightMeasure() by reading from the queue and sending to serial monitor */
 194:Light.c       **** void vTestLightTask(){
 474              		.loc 1 194 0
 475              		.cfi_startproc
 476              		@ args = 0, pretend = 0, frame = 8
 477              		@ frame_needed = 1, uses_anonymous_args = 0
 478 0000 80B5     		push	{r7, lr}
 479              		.cfi_def_cfa_offset 8
 480              		.cfi_offset 7, -8
 481              		.cfi_offset 14, -4
 482 0002 82B0     		sub	sp, sp, #8
 483              		.cfi_def_cfa_offset 16
 484 0004 00AF     		add	r7, sp, #0
 485              		.cfi_def_cfa_register 7
 486              	.L21:
 195:Light.c       ****     //uint8 TestLightValue;
 196:Light.c       ****     uint8 TestCurrentHour;
 197:Light.c       ****     uint8 TestCurrentMin;
 198:Light.c       ****     uint8 TestCurrentSec;
 199:Light.c       ****     for(;;){
 200:Light.c       ****         //xQueueReceive(xQueueLightValue, &TestLightValue, portMAX_DELAY);
 201:Light.c       ****         xQueueReceive(xQueueCurrentTime[0], &TestCurrentSec, portMAX_DELAY);
 487              		.loc 1 201 0 discriminator 1
 488 0006 184B     		ldr	r3, .L22
 489 0008 1B68     		ldr	r3, [r3]
 490 000a 791D     		adds	r1, r7, #5
 491 000c 4FF0FF32 		mov	r2, #-1
 492 0010 1846     		mov	r0, r3
 493 0012 FFF7FEFF 		bl	xQueueReceive
 202:Light.c       ****         xQueueReceive(xQueueCurrentTime[1], &TestCurrentMin, portMAX_DELAY);
 494              		.loc 1 202 0 discriminator 1
 495 0016 144B     		ldr	r3, .L22
 496 0018 5B68     		ldr	r3, [r3, #4]
 497 001a B91D     		adds	r1, r7, #6
 498 001c 4FF0FF32 		mov	r2, #-1
 499 0020 1846     		mov	r0, r3
 500 0022 FFF7FEFF 		bl	xQueueReceive
 203:Light.c       ****         xQueueReceive(xQueueCurrentTime[2], &TestCurrentHour, portMAX_DELAY);
 501              		.loc 1 203 0 discriminator 1
 502 0026 104B     		ldr	r3, .L22
 503 0028 9B68     		ldr	r3, [r3, #8]
 504 002a F91D     		adds	r1, r7, #7
 505 002c 4FF0FF32 		mov	r2, #-1
 506 0030 1846     		mov	r0, r3
 507 0032 FFF7FEFF 		bl	xQueueReceive
 204:Light.c       ****         //SW_UART_TEST_USB_PutString("Light Value: ");
 205:Light.c       ****         //SW_UART_TEST_USB_PutHexInt(TestLightValue);
ARM GAS  C:\Users\krist\AppData\Local\Temp\cckuheoS.s 			page 14


 206:Light.c       ****         //SW_UART_TEST_USB_PutString("Current Hour: ");
 207:Light.c       ****         //SW_UART_TEST_USB_PutHexByte(TestCurrentHour);
 208:Light.c       ****         //SW_UART_TEST_USB_PutString("\n");
 209:Light.c       ****         
 210:Light.c       ****         SW_UART_TEST_USB_PutString("Current time: ");
 508              		.loc 1 210 0 discriminator 1
 509 0036 0D48     		ldr	r0, .L22+4
 510 0038 FFF7FEFF 		bl	SW_UART_TEST_USB_PutString
 211:Light.c       ****         SW_UART_TEST_USB_PutHexByte(TestCurrentHour);
 511              		.loc 1 211 0 discriminator 1
 512 003c FB79     		ldrb	r3, [r7, #7]	@ zero_extendqisi2
 513 003e 1846     		mov	r0, r3
 514 0040 FFF7FEFF 		bl	SW_UART_TEST_USB_PutHexByte
 212:Light.c       ****         SW_UART_TEST_USB_PutString(":");
 515              		.loc 1 212 0 discriminator 1
 516 0044 0A48     		ldr	r0, .L22+8
 517 0046 FFF7FEFF 		bl	SW_UART_TEST_USB_PutString
 213:Light.c       ****         SW_UART_TEST_USB_PutHexByte(TestCurrentMin);
 518              		.loc 1 213 0 discriminator 1
 519 004a BB79     		ldrb	r3, [r7, #6]	@ zero_extendqisi2
 520 004c 1846     		mov	r0, r3
 521 004e FFF7FEFF 		bl	SW_UART_TEST_USB_PutHexByte
 214:Light.c       ****         SW_UART_TEST_USB_PutString(":");
 522              		.loc 1 214 0 discriminator 1
 523 0052 0748     		ldr	r0, .L22+8
 524 0054 FFF7FEFF 		bl	SW_UART_TEST_USB_PutString
 215:Light.c       ****         SW_UART_TEST_USB_PutHexByte(TestCurrentSec);
 525              		.loc 1 215 0 discriminator 1
 526 0058 7B79     		ldrb	r3, [r7, #5]	@ zero_extendqisi2
 527 005a 1846     		mov	r0, r3
 528 005c FFF7FEFF 		bl	SW_UART_TEST_USB_PutHexByte
 216:Light.c       ****         SW_UART_TEST_USB_PutString("\n");
 529              		.loc 1 216 0 discriminator 1
 530 0060 0448     		ldr	r0, .L22+12
 531 0062 FFF7FEFF 		bl	SW_UART_TEST_USB_PutString
 217:Light.c       ****     }    
 532              		.loc 1 217 0 discriminator 1
 533 0066 CEE7     		b	.L21
 534              	.L23:
 535              		.align	2
 536              	.L22:
 537 0068 00000000 		.word	xQueueCurrentTime
 538 006c B4000000 		.word	.LC8
 539 0070 C4000000 		.word	.LC9
 540 0074 C8000000 		.word	.LC10
 541              		.cfi_endproc
 542              	.LFE72:
 543              		.size	vTestLightTask, .-vTestLightTask
 544              		.text
 545              	.Letext0:
 546              		.file 2 "c:\\program files (x86)\\cypress\\psoc creator\\4.3\\psoc creator\\import\\gnu\\arm\\5.4.
 547              		.file 3 "c:\\program files (x86)\\cypress\\psoc creator\\4.3\\psoc creator\\import\\gnu\\arm\\5.4.
 548              		.file 4 "Generated_Source\\PSoC5/cytypes.h"
 549              		.file 5 "Generated_Source\\PSoC5/DS18x8.h"
 550              		.file 6 "Generated_Source\\PSoC5/RTC.h"
 551              		.file 7 ".\\Source\\portable\\GCC\\ARM_CM3/portmacro.h"
 552              		.file 8 ".\\Source\\include/queue.h"
ARM GAS  C:\Users\krist\AppData\Local\Temp\cckuheoS.s 			page 15


 553              		.file 9 "Generated_Source\\PSoC5/core_cm3.h"
 554              		.section	.debug_info,"",%progbits
 555              	.Ldebug_info0:
 556 0000 EA030000 		.4byte	0x3ea
 557 0004 0400     		.2byte	0x4
 558 0006 00000000 		.4byte	.Ldebug_abbrev0
 559 000a 04       		.byte	0x4
 560 000b 01       		.uleb128 0x1
 561 000c 38000000 		.4byte	.LASF61
 562 0010 0C       		.byte	0xc
 563 0011 67010000 		.4byte	.LASF62
 564 0015 1D030000 		.4byte	.LASF63
 565 0019 00000000 		.4byte	.Ldebug_ranges0+0
 566 001d 00000000 		.4byte	0
 567 0021 00000000 		.4byte	.Ldebug_line0
 568 0025 02       		.uleb128 0x2
 569 0026 04       		.byte	0x4
 570 0027 05       		.byte	0x5
 571 0028 696E7400 		.ascii	"int\000"
 572 002c 03       		.uleb128 0x3
 573 002d 04       		.byte	0x4
 574 002e 07       		.byte	0x7
 575 002f 25020000 		.4byte	.LASF0
 576 0033 03       		.uleb128 0x3
 577 0034 08       		.byte	0x8
 578 0035 05       		.byte	0x5
 579 0036 4E010000 		.4byte	.LASF1
 580 003a 03       		.uleb128 0x3
 581 003b 08       		.byte	0x8
 582 003c 04       		.byte	0x4
 583 003d 9B010000 		.4byte	.LASF2
 584 0041 03       		.uleb128 0x3
 585 0042 01       		.byte	0x1
 586 0043 06       		.byte	0x6
 587 0044 DB010000 		.4byte	.LASF3
 588 0048 04       		.uleb128 0x4
 589 0049 7D010000 		.4byte	.LASF7
 590 004d 02       		.byte	0x2
 591 004e 1D       		.byte	0x1d
 592 004f 53000000 		.4byte	0x53
 593 0053 03       		.uleb128 0x3
 594 0054 01       		.byte	0x1
 595 0055 08       		.byte	0x8
 596 0056 C3010000 		.4byte	.LASF4
 597 005a 03       		.uleb128 0x3
 598 005b 02       		.byte	0x2
 599 005c 05       		.byte	0x5
 600 005d 12000000 		.4byte	.LASF5
 601 0061 03       		.uleb128 0x3
 602 0062 02       		.byte	0x2
 603 0063 07       		.byte	0x7
 604 0064 81020000 		.4byte	.LASF6
 605 0068 04       		.uleb128 0x4
 606 0069 D7020000 		.4byte	.LASF8
 607 006d 02       		.byte	0x2
 608 006e 3F       		.byte	0x3f
 609 006f 73000000 		.4byte	0x73
ARM GAS  C:\Users\krist\AppData\Local\Temp\cckuheoS.s 			page 16


 610 0073 03       		.uleb128 0x3
 611 0074 04       		.byte	0x4
 612 0075 05       		.byte	0x5
 613 0076 6F010000 		.4byte	.LASF9
 614 007a 04       		.uleb128 0x4
 615 007b CC020000 		.4byte	.LASF10
 616 007f 02       		.byte	0x2
 617 0080 41       		.byte	0x41
 618 0081 85000000 		.4byte	0x85
 619 0085 03       		.uleb128 0x3
 620 0086 04       		.byte	0x4
 621 0087 07       		.byte	0x7
 622 0088 AE020000 		.4byte	.LASF11
 623 008c 03       		.uleb128 0x3
 624 008d 08       		.byte	0x8
 625 008e 07       		.byte	0x7
 626 008f E7010000 		.4byte	.LASF12
 627 0093 04       		.uleb128 0x4
 628 0094 20010000 		.4byte	.LASF13
 629 0098 03       		.byte	0x3
 630 0099 18       		.byte	0x18
 631 009a 48000000 		.4byte	0x48
 632 009e 04       		.uleb128 0x4
 633 009f 79020000 		.4byte	.LASF14
 634 00a3 03       		.byte	0x3
 635 00a4 2C       		.byte	0x2c
 636 00a5 68000000 		.4byte	0x68
 637 00a9 04       		.uleb128 0x4
 638 00aa 08020000 		.4byte	.LASF15
 639 00ae 03       		.byte	0x3
 640 00af 30       		.byte	0x30
 641 00b0 7A000000 		.4byte	0x7a
 642 00b4 05       		.uleb128 0x5
 643 00b5 28010000 		.4byte	.LASF16
 644 00b9 04       		.byte	0x4
 645 00ba E401     		.2byte	0x1e4
 646 00bc 53000000 		.4byte	0x53
 647 00c0 05       		.uleb128 0x5
 648 00c1 19010000 		.4byte	.LASF17
 649 00c5 04       		.byte	0x4
 650 00c6 E501     		.2byte	0x1e5
 651 00c8 61000000 		.4byte	0x61
 652 00cc 03       		.uleb128 0x3
 653 00cd 04       		.byte	0x4
 654 00ce 04       		.byte	0x4
 655 00cf 48010000 		.4byte	.LASF18
 656 00d3 03       		.uleb128 0x3
 657 00d4 08       		.byte	0x8
 658 00d5 04       		.byte	0x4
 659 00d6 C0020000 		.4byte	.LASF19
 660 00da 03       		.uleb128 0x3
 661 00db 01       		.byte	0x1
 662 00dc 08       		.byte	0x8
 663 00dd 6E020000 		.4byte	.LASF20
 664 00e1 06       		.uleb128 0x6
 665 00e2 B4000000 		.4byte	0xb4
 666 00e6 03       		.uleb128 0x3
ARM GAS  C:\Users\krist\AppData\Local\Temp\cckuheoS.s 			page 17


 667 00e7 04       		.byte	0x4
 668 00e8 07       		.byte	0x7
 669 00e9 EF020000 		.4byte	.LASF21
 670 00ed 07       		.uleb128 0x7
 671 00ee 94020000 		.4byte	.LASF34
 672 00f2 04       		.byte	0x4
 673 00f3 05       		.byte	0x5
 674 00f4 30       		.byte	0x30
 675 00f5 12010000 		.4byte	0x112
 676 00f9 08       		.uleb128 0x8
 677 00fa 11030000 		.4byte	.LASF22
 678 00fe 05       		.byte	0x5
 679 00ff 31       		.byte	0x31
 680 0100 C0000000 		.4byte	0xc0
 681 0104 00       		.byte	0
 682 0105 08       		.uleb128 0x8
 683 0106 E1020000 		.4byte	.LASF23
 684 010a 05       		.byte	0x5
 685 010b 32       		.byte	0x32
 686 010c B4000000 		.4byte	0xb4
 687 0110 02       		.byte	0x2
 688 0111 00       		.byte	0
 689 0112 09       		.uleb128 0x9
 690 0113 0C       		.byte	0xc
 691 0114 06       		.byte	0x6
 692 0115 30       		.byte	0x30
 693 0116 7B010000 		.4byte	0x17b
 694 011a 0A       		.uleb128 0xa
 695 011b 53656300 		.ascii	"Sec\000"
 696 011f 06       		.byte	0x6
 697 0120 32       		.byte	0x32
 698 0121 B4000000 		.4byte	0xb4
 699 0125 00       		.byte	0
 700 0126 0A       		.uleb128 0xa
 701 0127 4D696E00 		.ascii	"Min\000"
 702 012b 06       		.byte	0x6
 703 012c 33       		.byte	0x33
 704 012d B4000000 		.4byte	0xb4
 705 0131 01       		.byte	0x1
 706 0132 08       		.uleb128 0x8
 707 0133 FA000000 		.4byte	.LASF24
 708 0137 06       		.byte	0x6
 709 0138 34       		.byte	0x34
 710 0139 B4000000 		.4byte	0xb4
 711 013d 02       		.byte	0x2
 712 013e 08       		.uleb128 0x8
 713 013f D1010000 		.4byte	.LASF25
 714 0143 06       		.byte	0x6
 715 0144 35       		.byte	0x35
 716 0145 B4000000 		.4byte	0xb4
 717 0149 03       		.byte	0x3
 718 014a 08       		.uleb128 0x8
 719 014b A3020000 		.4byte	.LASF26
 720 014f 06       		.byte	0x6
 721 0150 36       		.byte	0x36
 722 0151 B4000000 		.4byte	0xb4
 723 0155 04       		.byte	0x4
ARM GAS  C:\Users\krist\AppData\Local\Temp\cckuheoS.s 			page 18


 724 0156 08       		.uleb128 0x8
 725 0157 B8030000 		.4byte	.LASF27
 726 015b 06       		.byte	0x6
 727 015c 37       		.byte	0x37
 728 015d C0000000 		.4byte	0xc0
 729 0161 06       		.byte	0x6
 730 0162 08       		.uleb128 0x8
 731 0163 95010000 		.4byte	.LASF28
 732 0167 06       		.byte	0x6
 733 0168 38       		.byte	0x38
 734 0169 B4000000 		.4byte	0xb4
 735 016d 08       		.byte	0x8
 736 016e 08       		.uleb128 0x8
 737 016f 78010000 		.4byte	.LASF29
 738 0173 06       		.byte	0x6
 739 0174 39       		.byte	0x39
 740 0175 C0000000 		.4byte	0xc0
 741 0179 0A       		.byte	0xa
 742 017a 00       		.byte	0
 743 017b 04       		.uleb128 0x4
 744 017c 1C000000 		.4byte	.LASF30
 745 0180 06       		.byte	0x6
 746 0181 3A       		.byte	0x3a
 747 0182 86010000 		.4byte	0x186
 748 0186 06       		.uleb128 0x6
 749 0187 12010000 		.4byte	0x112
 750 018b 04       		.uleb128 0x4
 751 018c 32020000 		.4byte	.LASF31
 752 0190 07       		.byte	0x7
 753 0191 38       		.byte	0x38
 754 0192 73000000 		.4byte	0x73
 755 0196 04       		.uleb128 0x4
 756 0197 5C010000 		.4byte	.LASF32
 757 019b 07       		.byte	0x7
 758 019c 3F       		.byte	0x3f
 759 019d A9000000 		.4byte	0xa9
 760 01a1 04       		.uleb128 0x4
 761 01a2 87010000 		.4byte	.LASF33
 762 01a6 08       		.byte	0x8
 763 01a7 30       		.byte	0x30
 764 01a8 AC010000 		.4byte	0x1ac
 765 01ac 0B       		.uleb128 0xb
 766 01ad 04       		.byte	0x4
 767 01ae B2010000 		.4byte	0x1b2
 768 01b2 0C       		.uleb128 0xc
 769 01b3 3D020000 		.4byte	.LASF64
 770 01b7 07       		.uleb128 0x7
 771 01b8 E9020000 		.4byte	.LASF35
 772 01bc 08       		.byte	0x8
 773 01bd 01       		.byte	0x1
 774 01be 19       		.byte	0x19
 775 01bf 0C020000 		.4byte	0x20c
 776 01c3 0A       		.uleb128 0xa
 777 01c4 53656300 		.ascii	"Sec\000"
 778 01c8 01       		.byte	0x1
 779 01c9 1B       		.byte	0x1b
 780 01ca B4000000 		.4byte	0xb4
ARM GAS  C:\Users\krist\AppData\Local\Temp\cckuheoS.s 			page 19


 781 01ce 00       		.byte	0
 782 01cf 0A       		.uleb128 0xa
 783 01d0 4D696E00 		.ascii	"Min\000"
 784 01d4 01       		.byte	0x1
 785 01d5 1C       		.byte	0x1c
 786 01d6 B4000000 		.4byte	0xb4
 787 01da 01       		.byte	0x1
 788 01db 08       		.uleb128 0x8
 789 01dc FA000000 		.4byte	.LASF24
 790 01e0 01       		.byte	0x1
 791 01e1 1D       		.byte	0x1d
 792 01e2 B4000000 		.4byte	0xb4
 793 01e6 02       		.byte	0x2
 794 01e7 08       		.uleb128 0x8
 795 01e8 A3020000 		.4byte	.LASF26
 796 01ec 01       		.byte	0x1
 797 01ed 1E       		.byte	0x1e
 798 01ee B4000000 		.4byte	0xb4
 799 01f2 03       		.byte	0x3
 800 01f3 08       		.uleb128 0x8
 801 01f4 95010000 		.4byte	.LASF28
 802 01f8 01       		.byte	0x1
 803 01f9 1F       		.byte	0x1f
 804 01fa B4000000 		.4byte	0xb4
 805 01fe 04       		.byte	0x4
 806 01ff 08       		.uleb128 0x8
 807 0200 78010000 		.4byte	.LASF29
 808 0204 01       		.byte	0x1
 809 0205 20       		.byte	0x20
 810 0206 C0000000 		.4byte	0xc0
 811 020a 06       		.byte	0x6
 812 020b 00       		.byte	0
 813 020c 0D       		.uleb128 0xd
 814 020d B8010000 		.4byte	.LASF42
 815 0211 01       		.byte	0x1
 816 0212 2C       		.byte	0x2c
 817 0213 00000000 		.4byte	.LFB68
 818 0217 F8000000 		.4byte	.LFE68-.LFB68
 819 021b 01       		.uleb128 0x1
 820 021c 9C       		.byte	0x9c
 821 021d 0E       		.uleb128 0xe
 822 021e 00000000 		.4byte	.LASF38
 823 0222 01       		.byte	0x1
 824 0223 67       		.byte	0x67
 825 0224 00000000 		.4byte	.LFB69
 826 0228 2C000000 		.4byte	.LFE69-.LFB69
 827 022c 01       		.uleb128 0x1
 828 022d 9C       		.byte	0x9c
 829 022e 59020000 		.4byte	0x259
 830 0232 0F       		.uleb128 0xf
 831 0233 0A010000 		.4byte	.LASF36
 832 0237 01       		.byte	0x1
 833 0238 69       		.byte	0x69
 834 0239 59020000 		.4byte	0x259
 835 023d 02       		.uleb128 0x2
 836 023e 91       		.byte	0x91
 837 023f 74       		.sleb128 -12
ARM GAS  C:\Users\krist\AppData\Local\Temp\cckuheoS.s 			page 20


 838 0240 10       		.uleb128 0x10
 839 0241 12000000 		.4byte	.LBB2
 840 0245 14000000 		.4byte	.LBE2-.LBB2
 841 0249 0F       		.uleb128 0xf
 842 024a 8E030000 		.4byte	.LASF37
 843 024e 01       		.byte	0x1
 844 024f 6D       		.byte	0x6d
 845 0250 B4000000 		.4byte	0xb4
 846 0254 02       		.uleb128 0x2
 847 0255 91       		.byte	0x91
 848 0256 73       		.sleb128 -13
 849 0257 00       		.byte	0
 850 0258 00       		.byte	0
 851 0259 11       		.uleb128 0x11
 852 025a 96010000 		.4byte	0x196
 853 025e 0E       		.uleb128 0xe
 854 025f D6000000 		.4byte	.LASF39
 855 0263 01       		.byte	0x1
 856 0264 77       		.byte	0x77
 857 0265 00000000 		.4byte	.LFB70
 858 0269 F8000000 		.4byte	.LFE70-.LFB70
 859 026d 01       		.uleb128 0x1
 860 026e 9C       		.byte	0x9c
 861 026f 9E020000 		.4byte	0x29e
 862 0273 0F       		.uleb128 0xf
 863 0274 FF000000 		.4byte	.LASF40
 864 0278 01       		.byte	0x1
 865 0279 78       		.byte	0x78
 866 027a 9E020000 		.4byte	0x29e
 867 027e 02       		.uleb128 0x2
 868 027f 91       		.byte	0x91
 869 0280 6C       		.sleb128 -20
 870 0281 0F       		.uleb128 0xf
 871 0282 0A010000 		.4byte	.LASF36
 872 0286 01       		.byte	0x1
 873 0287 79       		.byte	0x79
 874 0288 59020000 		.4byte	0x259
 875 028c 02       		.uleb128 0x2
 876 028d 91       		.byte	0x91
 877 028e 74       		.sleb128 -12
 878 028f 0F       		.uleb128 0xf
 879 0290 2E010000 		.4byte	.LASF41
 880 0294 01       		.byte	0x1
 881 0295 7A       		.byte	0x7a
 882 0296 59020000 		.4byte	0x259
 883 029a 02       		.uleb128 0x2
 884 029b 91       		.byte	0x91
 885 029c 70       		.sleb128 -16
 886 029d 00       		.byte	0
 887 029e 12       		.uleb128 0x12
 888 029f B4000000 		.4byte	0xb4
 889 02a3 AE020000 		.4byte	0x2ae
 890 02a7 13       		.uleb128 0x13
 891 02a8 E6000000 		.4byte	0xe6
 892 02ac 01       		.byte	0x1
 893 02ad 00       		.byte	0
 894 02ae 0D       		.uleb128 0xd
ARM GAS  C:\Users\krist\AppData\Local\Temp\cckuheoS.s 			page 21


 895 02af FE020000 		.4byte	.LASF43
 896 02b3 01       		.byte	0x1
 897 02b4 BD       		.byte	0xbd
 898 02b5 00000000 		.4byte	.LFB71
 899 02b9 2C000000 		.4byte	.LFE71-.LFB71
 900 02bd 01       		.uleb128 0x1
 901 02be 9C       		.byte	0x9c
 902 02bf 0E       		.uleb128 0xe
 903 02c0 4D020000 		.4byte	.LASF44
 904 02c4 01       		.byte	0x1
 905 02c5 C2       		.byte	0xc2
 906 02c6 00000000 		.4byte	.LFB72
 907 02ca 78000000 		.4byte	.LFE72-.LFB72
 908 02ce 01       		.uleb128 0x1
 909 02cf 9C       		.byte	0x9c
 910 02d0 FF020000 		.4byte	0x2ff
 911 02d4 0F       		.uleb128 0xf
 912 02d5 C6000000 		.4byte	.LASF45
 913 02d9 01       		.byte	0x1
 914 02da C4       		.byte	0xc4
 915 02db B4000000 		.4byte	0xb4
 916 02df 02       		.uleb128 0x2
 917 02e0 91       		.byte	0x91
 918 02e1 77       		.sleb128 -9
 919 02e2 0F       		.uleb128 0xf
 920 02e3 EB000000 		.4byte	.LASF46
 921 02e7 01       		.byte	0x1
 922 02e8 C5       		.byte	0xc5
 923 02e9 B4000000 		.4byte	0xb4
 924 02ed 02       		.uleb128 0x2
 925 02ee 91       		.byte	0x91
 926 02ef 76       		.sleb128 -10
 927 02f0 0F       		.uleb128 0xf
 928 02f1 98030000 		.4byte	.LASF47
 929 02f5 01       		.byte	0x1
 930 02f6 C6       		.byte	0xc6
 931 02f7 B4000000 		.4byte	0xb4
 932 02fb 02       		.uleb128 0x2
 933 02fc 91       		.byte	0x91
 934 02fd 75       		.sleb128 -11
 935 02fe 00       		.byte	0
 936 02ff 12       		.uleb128 0x12
 937 0300 ED000000 		.4byte	0xed
 938 0304 0F030000 		.4byte	0x30f
 939 0308 13       		.uleb128 0x13
 940 0309 E6000000 		.4byte	0xe6
 941 030d 07       		.byte	0x7
 942 030e 00       		.byte	0
 943 030f 14       		.uleb128 0x14
 944 0310 2A000000 		.4byte	.LASF48
 945 0314 05       		.byte	0x5
 946 0315 34       		.byte	0x34
 947 0316 FF020000 		.4byte	0x2ff
 948 031a 05       		.uleb128 0x5
 949 031b 03       		.byte	0x3
 950 031c 00000000 		.4byte	DS18x8_Sensor
 951 0320 14       		.uleb128 0x14
ARM GAS  C:\Users\krist\AppData\Local\Temp\cckuheoS.s 			page 22


 952 0321 A7030000 		.4byte	.LASF49
 953 0325 05       		.byte	0x5
 954 0326 39       		.byte	0x39
 955 0327 E1000000 		.4byte	0xe1
 956 032b 05       		.uleb128 0x5
 957 032c 03       		.byte	0x3
 958 032d 00000000 		.4byte	DS18x8_DataReady
 959 0331 15       		.uleb128 0x15
 960 0332 11020000 		.4byte	.LASF50
 961 0336 06       		.byte	0x6
 962 0337 2E01     		.2byte	0x12e
 963 0339 7B010000 		.4byte	0x17b
 964 033d 15       		.uleb128 0x15
 965 033e 81030000 		.4byte	.LASF51
 966 0342 09       		.byte	0x9
 967 0343 1207     		.2byte	0x712
 968 0345 49030000 		.4byte	0x349
 969 0349 06       		.uleb128 0x6
 970 034a 9E000000 		.4byte	0x9e
 971 034e 14       		.uleb128 0x14
 972 034f 13010000 		.4byte	.LASF52
 973 0353 01       		.byte	0x1
 974 0354 14       		.byte	0x14
 975 0355 B4000000 		.4byte	0xb4
 976 0359 05       		.uleb128 0x5
 977 035a 03       		.byte	0x3
 978 035b 00000000 		.4byte	Light
 979 035f 14       		.uleb128 0x14
 980 0360 C7020000 		.4byte	.LASF53
 981 0364 01       		.byte	0x1
 982 0365 15       		.byte	0x15
 983 0366 B4000000 		.4byte	0xb4
 984 036a 05       		.uleb128 0x5
 985 036b 03       		.byte	0x3
 986 036c 00000000 		.4byte	Time
 987 0370 14       		.uleb128 0x14
 988 0371 FE010000 		.4byte	.LASF54
 989 0375 01       		.byte	0x1
 990 0376 16       		.byte	0x16
 991 0377 81030000 		.4byte	0x381
 992 037b 05       		.uleb128 0x5
 993 037c 03       		.byte	0x3
 994 037d 00000000 		.4byte	bLEDState
 995 0381 03       		.uleb128 0x3
 996 0382 01       		.byte	0x1
 997 0383 02       		.byte	0x2
 998 0384 73020000 		.4byte	.LASF55
 999 0388 14       		.uleb128 0x14
 1000 0389 75030000 		.4byte	.LASF56
 1001 038d 01       		.byte	0x1
 1002 038e 17       		.byte	0x17
 1003 038f 81030000 		.4byte	0x381
 1004 0393 05       		.uleb128 0x5
 1005 0394 03       		.byte	0x3
 1006 0395 00000000 		.4byte	bAlarmState
 1007 0399 14       		.uleb128 0x14
 1008 039a F8020000 		.4byte	.LASF57
ARM GAS  C:\Users\krist\AppData\Local\Temp\cckuheoS.s 			page 23


 1009 039e 01       		.byte	0x1
 1010 039f 23       		.byte	0x23
 1011 03a0 B7010000 		.4byte	0x1b7
 1012 03a4 05       		.uleb128 0x5
 1013 03a5 03       		.byte	0x3
 1014 03a6 00000000 		.4byte	Start
 1015 03aa 14       		.uleb128 0x14
 1016 03ab 3C010000 		.4byte	.LASF58
 1017 03af 01       		.byte	0x1
 1018 03b0 24       		.byte	0x24
 1019 03b1 B7010000 		.4byte	0x1b7
 1020 03b5 05       		.uleb128 0x5
 1021 03b6 03       		.byte	0x3
 1022 03b7 00000000 		.4byte	CurrentTime
 1023 03bb 14       		.uleb128 0x14
 1024 03bc A7010000 		.4byte	.LASF59
 1025 03c0 01       		.byte	0x1
 1026 03c1 27       		.byte	0x27
 1027 03c2 A1010000 		.4byte	0x1a1
 1028 03c6 05       		.uleb128 0x5
 1029 03c7 03       		.byte	0x3
 1030 03c8 00000000 		.4byte	xQueueLightValue
 1031 03cc 12       		.uleb128 0x12
 1032 03cd A1010000 		.4byte	0x1a1
 1033 03d1 DC030000 		.4byte	0x3dc
 1034 03d5 13       		.uleb128 0x13
 1035 03d6 E6000000 		.4byte	0xe6
 1036 03da 02       		.byte	0x2
 1037 03db 00       		.byte	0
 1038 03dc 14       		.uleb128 0x14
 1039 03dd 5C020000 		.4byte	.LASF60
 1040 03e1 01       		.byte	0x1
 1041 03e2 2A       		.byte	0x2a
 1042 03e3 CC030000 		.4byte	0x3cc
 1043 03e7 05       		.uleb128 0x5
 1044 03e8 03       		.byte	0x3
 1045 03e9 00000000 		.4byte	xQueueCurrentTime
 1046 03ed 00       		.byte	0
 1047              		.section	.debug_abbrev,"",%progbits
 1048              	.Ldebug_abbrev0:
 1049 0000 01       		.uleb128 0x1
 1050 0001 11       		.uleb128 0x11
 1051 0002 01       		.byte	0x1
 1052 0003 25       		.uleb128 0x25
 1053 0004 0E       		.uleb128 0xe
 1054 0005 13       		.uleb128 0x13
 1055 0006 0B       		.uleb128 0xb
 1056 0007 03       		.uleb128 0x3
 1057 0008 0E       		.uleb128 0xe
 1058 0009 1B       		.uleb128 0x1b
 1059 000a 0E       		.uleb128 0xe
 1060 000b 55       		.uleb128 0x55
 1061 000c 17       		.uleb128 0x17
 1062 000d 11       		.uleb128 0x11
 1063 000e 01       		.uleb128 0x1
 1064 000f 10       		.uleb128 0x10
 1065 0010 17       		.uleb128 0x17
ARM GAS  C:\Users\krist\AppData\Local\Temp\cckuheoS.s 			page 24


 1066 0011 00       		.byte	0
 1067 0012 00       		.byte	0
 1068 0013 02       		.uleb128 0x2
 1069 0014 24       		.uleb128 0x24
 1070 0015 00       		.byte	0
 1071 0016 0B       		.uleb128 0xb
 1072 0017 0B       		.uleb128 0xb
 1073 0018 3E       		.uleb128 0x3e
 1074 0019 0B       		.uleb128 0xb
 1075 001a 03       		.uleb128 0x3
 1076 001b 08       		.uleb128 0x8
 1077 001c 00       		.byte	0
 1078 001d 00       		.byte	0
 1079 001e 03       		.uleb128 0x3
 1080 001f 24       		.uleb128 0x24
 1081 0020 00       		.byte	0
 1082 0021 0B       		.uleb128 0xb
 1083 0022 0B       		.uleb128 0xb
 1084 0023 3E       		.uleb128 0x3e
 1085 0024 0B       		.uleb128 0xb
 1086 0025 03       		.uleb128 0x3
 1087 0026 0E       		.uleb128 0xe
 1088 0027 00       		.byte	0
 1089 0028 00       		.byte	0
 1090 0029 04       		.uleb128 0x4
 1091 002a 16       		.uleb128 0x16
 1092 002b 00       		.byte	0
 1093 002c 03       		.uleb128 0x3
 1094 002d 0E       		.uleb128 0xe
 1095 002e 3A       		.uleb128 0x3a
 1096 002f 0B       		.uleb128 0xb
 1097 0030 3B       		.uleb128 0x3b
 1098 0031 0B       		.uleb128 0xb
 1099 0032 49       		.uleb128 0x49
 1100 0033 13       		.uleb128 0x13
 1101 0034 00       		.byte	0
 1102 0035 00       		.byte	0
 1103 0036 05       		.uleb128 0x5
 1104 0037 16       		.uleb128 0x16
 1105 0038 00       		.byte	0
 1106 0039 03       		.uleb128 0x3
 1107 003a 0E       		.uleb128 0xe
 1108 003b 3A       		.uleb128 0x3a
 1109 003c 0B       		.uleb128 0xb
 1110 003d 3B       		.uleb128 0x3b
 1111 003e 05       		.uleb128 0x5
 1112 003f 49       		.uleb128 0x49
 1113 0040 13       		.uleb128 0x13
 1114 0041 00       		.byte	0
 1115 0042 00       		.byte	0
 1116 0043 06       		.uleb128 0x6
 1117 0044 35       		.uleb128 0x35
 1118 0045 00       		.byte	0
 1119 0046 49       		.uleb128 0x49
 1120 0047 13       		.uleb128 0x13
 1121 0048 00       		.byte	0
 1122 0049 00       		.byte	0
ARM GAS  C:\Users\krist\AppData\Local\Temp\cckuheoS.s 			page 25


 1123 004a 07       		.uleb128 0x7
 1124 004b 13       		.uleb128 0x13
 1125 004c 01       		.byte	0x1
 1126 004d 03       		.uleb128 0x3
 1127 004e 0E       		.uleb128 0xe
 1128 004f 0B       		.uleb128 0xb
 1129 0050 0B       		.uleb128 0xb
 1130 0051 3A       		.uleb128 0x3a
 1131 0052 0B       		.uleb128 0xb
 1132 0053 3B       		.uleb128 0x3b
 1133 0054 0B       		.uleb128 0xb
 1134 0055 01       		.uleb128 0x1
 1135 0056 13       		.uleb128 0x13
 1136 0057 00       		.byte	0
 1137 0058 00       		.byte	0
 1138 0059 08       		.uleb128 0x8
 1139 005a 0D       		.uleb128 0xd
 1140 005b 00       		.byte	0
 1141 005c 03       		.uleb128 0x3
 1142 005d 0E       		.uleb128 0xe
 1143 005e 3A       		.uleb128 0x3a
 1144 005f 0B       		.uleb128 0xb
 1145 0060 3B       		.uleb128 0x3b
 1146 0061 0B       		.uleb128 0xb
 1147 0062 49       		.uleb128 0x49
 1148 0063 13       		.uleb128 0x13
 1149 0064 38       		.uleb128 0x38
 1150 0065 0B       		.uleb128 0xb
 1151 0066 00       		.byte	0
 1152 0067 00       		.byte	0
 1153 0068 09       		.uleb128 0x9
 1154 0069 13       		.uleb128 0x13
 1155 006a 01       		.byte	0x1
 1156 006b 0B       		.uleb128 0xb
 1157 006c 0B       		.uleb128 0xb
 1158 006d 3A       		.uleb128 0x3a
 1159 006e 0B       		.uleb128 0xb
 1160 006f 3B       		.uleb128 0x3b
 1161 0070 0B       		.uleb128 0xb
 1162 0071 01       		.uleb128 0x1
 1163 0072 13       		.uleb128 0x13
 1164 0073 00       		.byte	0
 1165 0074 00       		.byte	0
 1166 0075 0A       		.uleb128 0xa
 1167 0076 0D       		.uleb128 0xd
 1168 0077 00       		.byte	0
 1169 0078 03       		.uleb128 0x3
 1170 0079 08       		.uleb128 0x8
 1171 007a 3A       		.uleb128 0x3a
 1172 007b 0B       		.uleb128 0xb
 1173 007c 3B       		.uleb128 0x3b
 1174 007d 0B       		.uleb128 0xb
 1175 007e 49       		.uleb128 0x49
 1176 007f 13       		.uleb128 0x13
 1177 0080 38       		.uleb128 0x38
 1178 0081 0B       		.uleb128 0xb
 1179 0082 00       		.byte	0
ARM GAS  C:\Users\krist\AppData\Local\Temp\cckuheoS.s 			page 26


 1180 0083 00       		.byte	0
 1181 0084 0B       		.uleb128 0xb
 1182 0085 0F       		.uleb128 0xf
 1183 0086 00       		.byte	0
 1184 0087 0B       		.uleb128 0xb
 1185 0088 0B       		.uleb128 0xb
 1186 0089 49       		.uleb128 0x49
 1187 008a 13       		.uleb128 0x13
 1188 008b 00       		.byte	0
 1189 008c 00       		.byte	0
 1190 008d 0C       		.uleb128 0xc
 1191 008e 13       		.uleb128 0x13
 1192 008f 00       		.byte	0
 1193 0090 03       		.uleb128 0x3
 1194 0091 0E       		.uleb128 0xe
 1195 0092 3C       		.uleb128 0x3c
 1196 0093 19       		.uleb128 0x19
 1197 0094 00       		.byte	0
 1198 0095 00       		.byte	0
 1199 0096 0D       		.uleb128 0xd
 1200 0097 2E       		.uleb128 0x2e
 1201 0098 00       		.byte	0
 1202 0099 3F       		.uleb128 0x3f
 1203 009a 19       		.uleb128 0x19
 1204 009b 03       		.uleb128 0x3
 1205 009c 0E       		.uleb128 0xe
 1206 009d 3A       		.uleb128 0x3a
 1207 009e 0B       		.uleb128 0xb
 1208 009f 3B       		.uleb128 0x3b
 1209 00a0 0B       		.uleb128 0xb
 1210 00a1 11       		.uleb128 0x11
 1211 00a2 01       		.uleb128 0x1
 1212 00a3 12       		.uleb128 0x12
 1213 00a4 06       		.uleb128 0x6
 1214 00a5 40       		.uleb128 0x40
 1215 00a6 18       		.uleb128 0x18
 1216 00a7 9642     		.uleb128 0x2116
 1217 00a9 19       		.uleb128 0x19
 1218 00aa 00       		.byte	0
 1219 00ab 00       		.byte	0
 1220 00ac 0E       		.uleb128 0xe
 1221 00ad 2E       		.uleb128 0x2e
 1222 00ae 01       		.byte	0x1
 1223 00af 3F       		.uleb128 0x3f
 1224 00b0 19       		.uleb128 0x19
 1225 00b1 03       		.uleb128 0x3
 1226 00b2 0E       		.uleb128 0xe
 1227 00b3 3A       		.uleb128 0x3a
 1228 00b4 0B       		.uleb128 0xb
 1229 00b5 3B       		.uleb128 0x3b
 1230 00b6 0B       		.uleb128 0xb
 1231 00b7 11       		.uleb128 0x11
 1232 00b8 01       		.uleb128 0x1
 1233 00b9 12       		.uleb128 0x12
 1234 00ba 06       		.uleb128 0x6
 1235 00bb 40       		.uleb128 0x40
 1236 00bc 18       		.uleb128 0x18
ARM GAS  C:\Users\krist\AppData\Local\Temp\cckuheoS.s 			page 27


 1237 00bd 9642     		.uleb128 0x2116
 1238 00bf 19       		.uleb128 0x19
 1239 00c0 01       		.uleb128 0x1
 1240 00c1 13       		.uleb128 0x13
 1241 00c2 00       		.byte	0
 1242 00c3 00       		.byte	0
 1243 00c4 0F       		.uleb128 0xf
 1244 00c5 34       		.uleb128 0x34
 1245 00c6 00       		.byte	0
 1246 00c7 03       		.uleb128 0x3
 1247 00c8 0E       		.uleb128 0xe
 1248 00c9 3A       		.uleb128 0x3a
 1249 00ca 0B       		.uleb128 0xb
 1250 00cb 3B       		.uleb128 0x3b
 1251 00cc 0B       		.uleb128 0xb
 1252 00cd 49       		.uleb128 0x49
 1253 00ce 13       		.uleb128 0x13
 1254 00cf 02       		.uleb128 0x2
 1255 00d0 18       		.uleb128 0x18
 1256 00d1 00       		.byte	0
 1257 00d2 00       		.byte	0
 1258 00d3 10       		.uleb128 0x10
 1259 00d4 0B       		.uleb128 0xb
 1260 00d5 01       		.byte	0x1
 1261 00d6 11       		.uleb128 0x11
 1262 00d7 01       		.uleb128 0x1
 1263 00d8 12       		.uleb128 0x12
 1264 00d9 06       		.uleb128 0x6
 1265 00da 00       		.byte	0
 1266 00db 00       		.byte	0
 1267 00dc 11       		.uleb128 0x11
 1268 00dd 26       		.uleb128 0x26
 1269 00de 00       		.byte	0
 1270 00df 49       		.uleb128 0x49
 1271 00e0 13       		.uleb128 0x13
 1272 00e1 00       		.byte	0
 1273 00e2 00       		.byte	0
 1274 00e3 12       		.uleb128 0x12
 1275 00e4 01       		.uleb128 0x1
 1276 00e5 01       		.byte	0x1
 1277 00e6 49       		.uleb128 0x49
 1278 00e7 13       		.uleb128 0x13
 1279 00e8 01       		.uleb128 0x1
 1280 00e9 13       		.uleb128 0x13
 1281 00ea 00       		.byte	0
 1282 00eb 00       		.byte	0
 1283 00ec 13       		.uleb128 0x13
 1284 00ed 21       		.uleb128 0x21
 1285 00ee 00       		.byte	0
 1286 00ef 49       		.uleb128 0x49
 1287 00f0 13       		.uleb128 0x13
 1288 00f1 2F       		.uleb128 0x2f
 1289 00f2 0B       		.uleb128 0xb
 1290 00f3 00       		.byte	0
 1291 00f4 00       		.byte	0
 1292 00f5 14       		.uleb128 0x14
 1293 00f6 34       		.uleb128 0x34
ARM GAS  C:\Users\krist\AppData\Local\Temp\cckuheoS.s 			page 28


 1294 00f7 00       		.byte	0
 1295 00f8 03       		.uleb128 0x3
 1296 00f9 0E       		.uleb128 0xe
 1297 00fa 3A       		.uleb128 0x3a
 1298 00fb 0B       		.uleb128 0xb
 1299 00fc 3B       		.uleb128 0x3b
 1300 00fd 0B       		.uleb128 0xb
 1301 00fe 49       		.uleb128 0x49
 1302 00ff 13       		.uleb128 0x13
 1303 0100 3F       		.uleb128 0x3f
 1304 0101 19       		.uleb128 0x19
 1305 0102 02       		.uleb128 0x2
 1306 0103 18       		.uleb128 0x18
 1307 0104 00       		.byte	0
 1308 0105 00       		.byte	0
 1309 0106 15       		.uleb128 0x15
 1310 0107 34       		.uleb128 0x34
 1311 0108 00       		.byte	0
 1312 0109 03       		.uleb128 0x3
 1313 010a 0E       		.uleb128 0xe
 1314 010b 3A       		.uleb128 0x3a
 1315 010c 0B       		.uleb128 0xb
 1316 010d 3B       		.uleb128 0x3b
 1317 010e 05       		.uleb128 0x5
 1318 010f 49       		.uleb128 0x49
 1319 0110 13       		.uleb128 0x13
 1320 0111 3F       		.uleb128 0x3f
 1321 0112 19       		.uleb128 0x19
 1322 0113 3C       		.uleb128 0x3c
 1323 0114 19       		.uleb128 0x19
 1324 0115 00       		.byte	0
 1325 0116 00       		.byte	0
 1326 0117 00       		.byte	0
 1327              		.section	.debug_aranges,"",%progbits
 1328 0000 3C000000 		.4byte	0x3c
 1329 0004 0200     		.2byte	0x2
 1330 0006 00000000 		.4byte	.Ldebug_info0
 1331 000a 04       		.byte	0x4
 1332 000b 00       		.byte	0
 1333 000c 0000     		.2byte	0
 1334 000e 0000     		.2byte	0
 1335 0010 00000000 		.4byte	.LFB68
 1336 0014 F8000000 		.4byte	.LFE68-.LFB68
 1337 0018 00000000 		.4byte	.LFB69
 1338 001c 2C000000 		.4byte	.LFE69-.LFB69
 1339 0020 00000000 		.4byte	.LFB70
 1340 0024 F8000000 		.4byte	.LFE70-.LFB70
 1341 0028 00000000 		.4byte	.LFB71
 1342 002c 2C000000 		.4byte	.LFE71-.LFB71
 1343 0030 00000000 		.4byte	.LFB72
 1344 0034 78000000 		.4byte	.LFE72-.LFB72
 1345 0038 00000000 		.4byte	0
 1346 003c 00000000 		.4byte	0
 1347              		.section	.debug_ranges,"",%progbits
 1348              	.Ldebug_ranges0:
 1349 0000 00000000 		.4byte	.LFB68
 1350 0004 F8000000 		.4byte	.LFE68
ARM GAS  C:\Users\krist\AppData\Local\Temp\cckuheoS.s 			page 29


 1351 0008 00000000 		.4byte	.LFB69
 1352 000c 2C000000 		.4byte	.LFE69
 1353 0010 00000000 		.4byte	.LFB70
 1354 0014 F8000000 		.4byte	.LFE70
 1355 0018 00000000 		.4byte	.LFB71
 1356 001c 2C000000 		.4byte	.LFE71
 1357 0020 00000000 		.4byte	.LFB72
 1358 0024 78000000 		.4byte	.LFE72
 1359 0028 00000000 		.4byte	0
 1360 002c 00000000 		.4byte	0
 1361              		.section	.debug_line,"",%progbits
 1362              	.Ldebug_line0:
 1363 0000 8E020000 		.section	.debug_str,"MS",%progbits,1
 1363      0200AB01 
 1363      00000201 
 1363      FB0E0D00 
 1363      01010101 
 1364              	.LASF38:
 1365 0000 76546173 		.ascii	"vTaskLightMeasure\000"
 1365      6B4C6967 
 1365      68744D65 
 1365      61737572 
 1365      6500
 1366              	.LASF5:
 1367 0012 73686F72 		.ascii	"short int\000"
 1367      7420696E 
 1367      7400
 1368              	.LASF30:
 1369 001c 5254435F 		.ascii	"RTC_TIME_DATE\000"
 1369      54494D45 
 1369      5F444154 
 1369      4500
 1370              	.LASF48:
 1371 002a 44533138 		.ascii	"DS18x8_Sensor\000"
 1371      78385F53 
 1371      656E736F 
 1371      7200
 1372              	.LASF61:
 1373 0038 474E5520 		.ascii	"GNU C11 5.4.1 20160609 (release) [ARM/embedded-5-br"
 1373      43313120 
 1373      352E342E 
 1373      31203230 
 1373      31363036 
 1374 006b 616E6368 		.ascii	"anch revision 237715] -mcpu=cortex-m3 -mthumb -g -O"
 1374      20726576 
 1374      6973696F 
 1374      6E203233 
 1374      37373135 
 1375 009e 30202D66 		.ascii	"0 -ffunction-sections -ffat-lto-objects\000"
 1375      66756E63 
 1375      74696F6E 
 1375      2D736563 
 1375      74696F6E 
 1376              	.LASF45:
 1377 00c6 54657374 		.ascii	"TestCurrentHour\000"
 1377      43757272 
 1377      656E7448 
ARM GAS  C:\Users\krist\AppData\Local\Temp\cckuheoS.s 			page 30


 1377      6F757200 
 1378              	.LASF39:
 1379 00d6 76546173 		.ascii	"vTaskLightController\000"
 1379      6B4C6967 
 1379      6874436F 
 1379      6E74726F 
 1379      6C6C6572 
 1380              	.LASF46:
 1381 00eb 54657374 		.ascii	"TestCurrentMin\000"
 1381      43757272 
 1381      656E744D 
 1381      696E00
 1382              	.LASF24:
 1383 00fa 486F7572 		.ascii	"Hour\000"
 1383      00
 1384              	.LASF40:
 1385 00ff 4C696768 		.ascii	"LightCycle\000"
 1385      74437963 
 1385      6C6500
 1386              	.LASF36:
 1387 010a 7844656C 		.ascii	"xDelayms\000"
 1387      61796D73 
 1387      00
 1388              	.LASF52:
 1389 0113 4C696768 		.ascii	"Light\000"
 1389      7400
 1390              	.LASF17:
 1391 0119 75696E74 		.ascii	"uint16\000"
 1391      313600
 1392              	.LASF13:
 1393 0120 75696E74 		.ascii	"uint8_t\000"
 1393      385F7400 
 1394              	.LASF16:
 1395 0128 75696E74 		.ascii	"uint8\000"
 1395      3800
 1396              	.LASF41:
 1397 012e 7853686F 		.ascii	"xShortDelayms\000"
 1397      72744465 
 1397      6C61796D 
 1397      7300
 1398              	.LASF58:
 1399 013c 43757272 		.ascii	"CurrentTime\000"
 1399      656E7454 
 1399      696D6500 
 1400              	.LASF18:
 1401 0148 666C6F61 		.ascii	"float\000"
 1401      7400
 1402              	.LASF1:
 1403 014e 6C6F6E67 		.ascii	"long long int\000"
 1403      206C6F6E 
 1403      6720696E 
 1403      7400
 1404              	.LASF32:
 1405 015c 5469636B 		.ascii	"TickType_t\000"
 1405      54797065 
 1405      5F7400
 1406              	.LASF62:
ARM GAS  C:\Users\krist\AppData\Local\Temp\cckuheoS.s 			page 31


 1407 0167 4C696768 		.ascii	"Light.c\000"
 1407      742E6300 
 1408              	.LASF9:
 1409 016f 6C6F6E67 		.ascii	"long int\000"
 1409      20696E74 
 1409      00
 1410              	.LASF29:
 1411 0178 59656172 		.ascii	"Year\000"
 1411      00
 1412              	.LASF7:
 1413 017d 5F5F7569 		.ascii	"__uint8_t\000"
 1413      6E74385F 
 1413      7400
 1414              	.LASF33:
 1415 0187 51756575 		.ascii	"QueueHandle_t\000"
 1415      6548616E 
 1415      646C655F 
 1415      7400
 1416              	.LASF28:
 1417 0195 4D6F6E74 		.ascii	"Month\000"
 1417      6800
 1418              	.LASF2:
 1419 019b 6C6F6E67 		.ascii	"long double\000"
 1419      20646F75 
 1419      626C6500 
 1420              	.LASF59:
 1421 01a7 78517565 		.ascii	"xQueueLightValue\000"
 1421      75654C69 
 1421      67687456 
 1421      616C7565 
 1421      00
 1422              	.LASF42:
 1423 01b8 764C6967 		.ascii	"vLightInit\000"
 1423      6874496E 
 1423      697400
 1424              	.LASF4:
 1425 01c3 756E7369 		.ascii	"unsigned char\000"
 1425      676E6564 
 1425      20636861 
 1425      7200
 1426              	.LASF25:
 1427 01d1 4461794F 		.ascii	"DayOfWeek\000"
 1427      66576565 
 1427      6B00
 1428              	.LASF3:
 1429 01db 7369676E 		.ascii	"signed char\000"
 1429      65642063 
 1429      68617200 
 1430              	.LASF12:
 1431 01e7 6C6F6E67 		.ascii	"long long unsigned int\000"
 1431      206C6F6E 
 1431      6720756E 
 1431      7369676E 
 1431      65642069 
 1432              	.LASF54:
 1433 01fe 624C4544 		.ascii	"bLEDState\000"
 1433      53746174 
ARM GAS  C:\Users\krist\AppData\Local\Temp\cckuheoS.s 			page 32


 1433      6500
 1434              	.LASF15:
 1435 0208 75696E74 		.ascii	"uint32_t\000"
 1435      33325F74 
 1435      00
 1436              	.LASF50:
 1437 0211 5254435F 		.ascii	"RTC_currentTimeDate\000"
 1437      63757272 
 1437      656E7454 
 1437      696D6544 
 1437      61746500 
 1438              	.LASF0:
 1439 0225 756E7369 		.ascii	"unsigned int\000"
 1439      676E6564 
 1439      20696E74 
 1439      00
 1440              	.LASF31:
 1441 0232 42617365 		.ascii	"BaseType_t\000"
 1441      54797065 
 1441      5F7400
 1442              	.LASF64:
 1443 023d 51756575 		.ascii	"QueueDefinition\000"
 1443      65446566 
 1443      696E6974 
 1443      696F6E00 
 1444              	.LASF44:
 1445 024d 76546573 		.ascii	"vTestLightTask\000"
 1445      744C6967 
 1445      68745461 
 1445      736B00
 1446              	.LASF60:
 1447 025c 78517565 		.ascii	"xQueueCurrentTime\000"
 1447      75654375 
 1447      7272656E 
 1447      7454696D 
 1447      6500
 1448              	.LASF20:
 1449 026e 63686172 		.ascii	"char\000"
 1449      00
 1450              	.LASF55:
 1451 0273 5F426F6F 		.ascii	"_Bool\000"
 1451      6C00
 1452              	.LASF14:
 1453 0279 696E7433 		.ascii	"int32_t\000"
 1453      325F7400 
 1454              	.LASF6:
 1455 0281 73686F72 		.ascii	"short unsigned int\000"
 1455      7420756E 
 1455      7369676E 
 1455      65642069 
 1455      6E7400
 1456              	.LASF34:
 1457 0294 44533138 		.ascii	"DS18x8_TSensor\000"
 1457      78385F54 
 1457      53656E73 
 1457      6F7200
 1458              	.LASF26:
ARM GAS  C:\Users\krist\AppData\Local\Temp\cckuheoS.s 			page 33


 1459 02a3 4461794F 		.ascii	"DayOfMonth\000"
 1459      664D6F6E 
 1459      746800
 1460              	.LASF11:
 1461 02ae 6C6F6E67 		.ascii	"long unsigned int\000"
 1461      20756E73 
 1461      69676E65 
 1461      6420696E 
 1461      7400
 1462              	.LASF19:
 1463 02c0 646F7562 		.ascii	"double\000"
 1463      6C6500
 1464              	.LASF53:
 1465 02c7 54696D65 		.ascii	"Time\000"
 1465      00
 1466              	.LASF10:
 1467 02cc 5F5F7569 		.ascii	"__uint32_t\000"
 1467      6E743332 
 1467      5F7400
 1468              	.LASF8:
 1469 02d7 5F5F696E 		.ascii	"__int32_t\000"
 1469      7433325F 
 1469      7400
 1470              	.LASF23:
 1471 02e1 70726573 		.ascii	"present\000"
 1471      656E7400 
 1472              	.LASF35:
 1473 02e9 436C6F63 		.ascii	"Clock\000"
 1473      6B00
 1474              	.LASF21:
 1475 02ef 73697A65 		.ascii	"sizetype\000"
 1475      74797065 
 1475      00
 1476              	.LASF57:
 1477 02f8 53746172 		.ascii	"Start\000"
 1477      7400
 1478              	.LASF43:
 1479 02fe 76546573 		.ascii	"vTestLightTaskInit\000"
 1479      744C6967 
 1479      68745461 
 1479      736B496E 
 1479      697400
 1480              	.LASF22:
 1481 0311 54656D70 		.ascii	"Temperature\000"
 1481      65726174 
 1481      75726500 
 1482              	.LASF63:
 1483 031d 433A5C55 		.ascii	"C:\\Users\\krist\\Documents\\GitHub\\P4_Vertical_fa"
 1483      73657273 
 1483      5C6B7269 
 1483      73745C44 
 1483      6F63756D 
 1484 034b 726D5C52 		.ascii	"rm\\RTOS_TEMPLATE-master\\PlanteModul.cydsn\000"
 1484      544F535F 
 1484      54454D50 
 1484      4C415445 
 1484      2D6D6173 
ARM GAS  C:\Users\krist\AppData\Local\Temp\cckuheoS.s 			page 34


 1485              	.LASF56:
 1486 0375 62416C61 		.ascii	"bAlarmState\000"
 1486      726D5374 
 1486      61746500 
 1487              	.LASF51:
 1488 0381 49544D5F 		.ascii	"ITM_RxBuffer\000"
 1488      52784275 
 1488      66666572 
 1488      00
 1489              	.LASF37:
 1490 038e 4C696768 		.ascii	"LightRead\000"
 1490      74526561 
 1490      6400
 1491              	.LASF47:
 1492 0398 54657374 		.ascii	"TestCurrentSec\000"
 1492      43757272 
 1492      656E7453 
 1492      656300
 1493              	.LASF49:
 1494 03a7 44533138 		.ascii	"DS18x8_DataReady\000"
 1494      78385F44 
 1494      61746152 
 1494      65616479 
 1494      00
 1495              	.LASF27:
 1496 03b8 4461794F 		.ascii	"DayOfYear\000"
 1496      66596561 
 1496      7200
 1497              		.ident	"GCC: (GNU Tools for ARM Embedded Processors) 5.4.1 20160609 (release) [ARM/embedded-5-bran
