ARM GAS  C:\Users\mikke\AppData\Local\Temp\ccf2UgOO.s 			page 1


   1              		.syntax unified
   2              		.cpu cortex-m3
   3              		.fpu softvfp
   4              		.eabi_attribute 20, 1
   5              		.eabi_attribute 21, 1
   6              		.eabi_attribute 23, 3
   7              		.eabi_attribute 24, 1
   8              		.eabi_attribute 25, 1
   9              		.eabi_attribute 26, 1
  10              		.eabi_attribute 30, 6
  11              		.eabi_attribute 34, 1
  12              		.eabi_attribute 18, 4
  13              		.thumb
  14              		.syntax unified
  15              		.file	"list.c"
  16              		.text
  17              	.Ltext0:
  18              		.cfi_sections	.debug_frame
  19              		.section	.text.vListInitialise,"ax",%progbits
  20              		.align	2
  21              		.global	vListInitialise
  22              		.thumb
  23              		.thumb_func
  24              		.type	vListInitialise, %function
  25              	vListInitialise:
  26              	.LFB68:
  27              		.file 1 "Source\\list.c"
   1:Source/list.c **** /*
   2:Source/list.c ****  * FreeRTOS Kernel V10.3.1
   3:Source/list.c ****  * Copyright (C) 2020 Amazon.com, Inc. or its affiliates.  All Rights Reserved.
   4:Source/list.c ****  *
   5:Source/list.c ****  * Permission is hereby granted, free of charge, to any person obtaining a copy of
   6:Source/list.c ****  * this software and associated documentation files (the "Software"), to deal in
   7:Source/list.c ****  * the Software without restriction, including without limitation the rights to
   8:Source/list.c ****  * use, copy, modify, merge, publish, distribute, sublicense, and/or sell copies of
   9:Source/list.c ****  * the Software, and to permit persons to whom the Software is furnished to do so,
  10:Source/list.c ****  * subject to the following conditions:
  11:Source/list.c ****  *
  12:Source/list.c ****  * The above copyright notice and this permission notice shall be included in all
  13:Source/list.c ****  * copies or substantial portions of the Software.
  14:Source/list.c ****  *
  15:Source/list.c ****  * THE SOFTWARE IS PROVIDED "AS IS", WITHOUT WARRANTY OF ANY KIND, EXPRESS OR
  16:Source/list.c ****  * IMPLIED, INCLUDING BUT NOT LIMITED TO THE WARRANTIES OF MERCHANTABILITY, FITNESS
  17:Source/list.c ****  * FOR A PARTICULAR PURPOSE AND NONINFRINGEMENT. IN NO EVENT SHALL THE AUTHORS OR
  18:Source/list.c ****  * COPYRIGHT HOLDERS BE LIABLE FOR ANY CLAIM, DAMAGES OR OTHER LIABILITY, WHETHER
  19:Source/list.c ****  * IN AN ACTION OF CONTRACT, TORT OR OTHERWISE, ARISING FROM, OUT OF OR IN
  20:Source/list.c ****  * CONNECTION WITH THE SOFTWARE OR THE USE OR OTHER DEALINGS IN THE SOFTWARE.
  21:Source/list.c ****  *
  22:Source/list.c ****  * http://www.FreeRTOS.org
  23:Source/list.c ****  * http://aws.amazon.com/freertos
  24:Source/list.c ****  *
  25:Source/list.c ****  * 1 tab == 4 spaces!
  26:Source/list.c ****  */
  27:Source/list.c **** 
  28:Source/list.c **** 
  29:Source/list.c **** #include <stdlib.h>
  30:Source/list.c **** #include "FreeRTOS.h"
ARM GAS  C:\Users\mikke\AppData\Local\Temp\ccf2UgOO.s 			page 2


  31:Source/list.c **** #include "list.h"
  32:Source/list.c **** 
  33:Source/list.c **** /*-----------------------------------------------------------
  34:Source/list.c ****  * PUBLIC LIST API documented in list.h
  35:Source/list.c ****  *----------------------------------------------------------*/
  36:Source/list.c **** 
  37:Source/list.c **** void vListInitialise( List_t * const pxList )
  38:Source/list.c **** {
  28              		.loc 1 38 0
  29              		.cfi_startproc
  30              		@ args = 0, pretend = 0, frame = 8
  31              		@ frame_needed = 1, uses_anonymous_args = 0
  32              		@ link register save eliminated.
  33 0000 80B4     		push	{r7}
  34              		.cfi_def_cfa_offset 4
  35              		.cfi_offset 7, -4
  36 0002 83B0     		sub	sp, sp, #12
  37              		.cfi_def_cfa_offset 16
  38 0004 00AF     		add	r7, sp, #0
  39              		.cfi_def_cfa_register 7
  40 0006 7860     		str	r0, [r7, #4]
  39:Source/list.c **** 	/* The list structure contains a list item which is used to mark the
  40:Source/list.c **** 	end of the list.  To initialise the list the list end is inserted
  41:Source/list.c **** 	as the only list entry. */
  42:Source/list.c **** 	pxList->pxIndex = ( ListItem_t * ) &( pxList->xListEnd );			/*lint !e826 !e740 !e9087 The mini lis
  41              		.loc 1 42 0
  42 0008 7B68     		ldr	r3, [r7, #4]
  43 000a 03F10802 		add	r2, r3, #8
  44 000e 7B68     		ldr	r3, [r7, #4]
  45 0010 5A60     		str	r2, [r3, #4]
  43:Source/list.c **** 
  44:Source/list.c **** 	/* The list end value is the highest possible value in the list to
  45:Source/list.c **** 	ensure it remains at the end of the list. */
  46:Source/list.c **** 	pxList->xListEnd.xItemValue = portMAX_DELAY;
  46              		.loc 1 46 0
  47 0012 7B68     		ldr	r3, [r7, #4]
  48 0014 4FF0FF32 		mov	r2, #-1
  49 0018 9A60     		str	r2, [r3, #8]
  47:Source/list.c **** 
  48:Source/list.c **** 	/* The list end next and previous pointers point to itself so we know
  49:Source/list.c **** 	when the list is empty. */
  50:Source/list.c **** 	pxList->xListEnd.pxNext = ( ListItem_t * ) &( pxList->xListEnd );	/*lint !e826 !e740 !e9087 The mi
  50              		.loc 1 50 0
  51 001a 7B68     		ldr	r3, [r7, #4]
  52 001c 03F10802 		add	r2, r3, #8
  53 0020 7B68     		ldr	r3, [r7, #4]
  54 0022 DA60     		str	r2, [r3, #12]
  51:Source/list.c **** 	pxList->xListEnd.pxPrevious = ( ListItem_t * ) &( pxList->xListEnd );/*lint !e826 !e740 !e9087 The
  55              		.loc 1 51 0
  56 0024 7B68     		ldr	r3, [r7, #4]
  57 0026 03F10802 		add	r2, r3, #8
  58 002a 7B68     		ldr	r3, [r7, #4]
  59 002c 1A61     		str	r2, [r3, #16]
  52:Source/list.c **** 
  53:Source/list.c **** 	pxList->uxNumberOfItems = ( UBaseType_t ) 0U;
  60              		.loc 1 53 0
  61 002e 7B68     		ldr	r3, [r7, #4]
ARM GAS  C:\Users\mikke\AppData\Local\Temp\ccf2UgOO.s 			page 3


  62 0030 0022     		movs	r2, #0
  63 0032 1A60     		str	r2, [r3]
  54:Source/list.c **** 
  55:Source/list.c **** 	/* Write known values into the list if
  56:Source/list.c **** 	configUSE_LIST_DATA_INTEGRITY_CHECK_BYTES is set to 1. */
  57:Source/list.c **** 	listSET_LIST_INTEGRITY_CHECK_1_VALUE( pxList );
  58:Source/list.c **** 	listSET_LIST_INTEGRITY_CHECK_2_VALUE( pxList );
  59:Source/list.c **** }
  64              		.loc 1 59 0
  65 0034 00BF     		nop
  66 0036 0C37     		adds	r7, r7, #12
  67              		.cfi_def_cfa_offset 4
  68 0038 BD46     		mov	sp, r7
  69              		.cfi_def_cfa_register 13
  70              		@ sp needed
  71 003a 80BC     		pop	{r7}
  72              		.cfi_restore 7
  73              		.cfi_def_cfa_offset 0
  74 003c 7047     		bx	lr
  75              		.cfi_endproc
  76              	.LFE68:
  77              		.size	vListInitialise, .-vListInitialise
  78 003e 00BF     		.section	.text.vListInitialiseItem,"ax",%progbits
  79              		.align	2
  80              		.global	vListInitialiseItem
  81              		.thumb
  82              		.thumb_func
  83              		.type	vListInitialiseItem, %function
  84              	vListInitialiseItem:
  85              	.LFB69:
  60:Source/list.c **** /*-----------------------------------------------------------*/
  61:Source/list.c **** 
  62:Source/list.c **** void vListInitialiseItem( ListItem_t * const pxItem )
  63:Source/list.c **** {
  86              		.loc 1 63 0
  87              		.cfi_startproc
  88              		@ args = 0, pretend = 0, frame = 8
  89              		@ frame_needed = 1, uses_anonymous_args = 0
  90              		@ link register save eliminated.
  91 0000 80B4     		push	{r7}
  92              		.cfi_def_cfa_offset 4
  93              		.cfi_offset 7, -4
  94 0002 83B0     		sub	sp, sp, #12
  95              		.cfi_def_cfa_offset 16
  96 0004 00AF     		add	r7, sp, #0
  97              		.cfi_def_cfa_register 7
  98 0006 7860     		str	r0, [r7, #4]
  64:Source/list.c **** 	/* Make sure the list item is not recorded as being on a list. */
  65:Source/list.c **** 	pxItem->pxContainer = NULL;
  99              		.loc 1 65 0
 100 0008 7B68     		ldr	r3, [r7, #4]
 101 000a 0022     		movs	r2, #0
 102 000c 1A61     		str	r2, [r3, #16]
  66:Source/list.c **** 
  67:Source/list.c **** 	/* Write known values into the list item if
  68:Source/list.c **** 	configUSE_LIST_DATA_INTEGRITY_CHECK_BYTES is set to 1. */
  69:Source/list.c **** 	listSET_FIRST_LIST_ITEM_INTEGRITY_CHECK_VALUE( pxItem );
ARM GAS  C:\Users\mikke\AppData\Local\Temp\ccf2UgOO.s 			page 4


  70:Source/list.c **** 	listSET_SECOND_LIST_ITEM_INTEGRITY_CHECK_VALUE( pxItem );
  71:Source/list.c **** }
 103              		.loc 1 71 0
 104 000e 00BF     		nop
 105 0010 0C37     		adds	r7, r7, #12
 106              		.cfi_def_cfa_offset 4
 107 0012 BD46     		mov	sp, r7
 108              		.cfi_def_cfa_register 13
 109              		@ sp needed
 110 0014 80BC     		pop	{r7}
 111              		.cfi_restore 7
 112              		.cfi_def_cfa_offset 0
 113 0016 7047     		bx	lr
 114              		.cfi_endproc
 115              	.LFE69:
 116              		.size	vListInitialiseItem, .-vListInitialiseItem
 117              		.section	.text.vListInsertEnd,"ax",%progbits
 118              		.align	2
 119              		.global	vListInsertEnd
 120              		.thumb
 121              		.thumb_func
 122              		.type	vListInsertEnd, %function
 123              	vListInsertEnd:
 124              	.LFB70:
  72:Source/list.c **** /*-----------------------------------------------------------*/
  73:Source/list.c **** 
  74:Source/list.c **** void vListInsertEnd( List_t * const pxList, ListItem_t * const pxNewListItem )
  75:Source/list.c **** {
 125              		.loc 1 75 0
 126              		.cfi_startproc
 127              		@ args = 0, pretend = 0, frame = 16
 128              		@ frame_needed = 1, uses_anonymous_args = 0
 129              		@ link register save eliminated.
 130 0000 80B4     		push	{r7}
 131              		.cfi_def_cfa_offset 4
 132              		.cfi_offset 7, -4
 133 0002 85B0     		sub	sp, sp, #20
 134              		.cfi_def_cfa_offset 24
 135 0004 00AF     		add	r7, sp, #0
 136              		.cfi_def_cfa_register 7
 137 0006 7860     		str	r0, [r7, #4]
 138 0008 3960     		str	r1, [r7]
  76:Source/list.c **** ListItem_t * const pxIndex = pxList->pxIndex;
 139              		.loc 1 76 0
 140 000a 7B68     		ldr	r3, [r7, #4]
 141 000c 5B68     		ldr	r3, [r3, #4]
 142 000e FB60     		str	r3, [r7, #12]
  77:Source/list.c **** 
  78:Source/list.c **** 	/* Only effective when configASSERT() is also defined, these tests may catch
  79:Source/list.c **** 	the list data structures being overwritten in memory.  They will not catch
  80:Source/list.c **** 	data errors caused by incorrect configuration or use of FreeRTOS. */
  81:Source/list.c **** 	listTEST_LIST_INTEGRITY( pxList );
  82:Source/list.c **** 	listTEST_LIST_ITEM_INTEGRITY( pxNewListItem );
  83:Source/list.c **** 
  84:Source/list.c **** 	/* Insert a new list item into pxList, but rather than sort the list,
  85:Source/list.c **** 	makes the new list item the last item to be removed by a call to
  86:Source/list.c **** 	listGET_OWNER_OF_NEXT_ENTRY(). */
ARM GAS  C:\Users\mikke\AppData\Local\Temp\ccf2UgOO.s 			page 5


  87:Source/list.c **** 	pxNewListItem->pxNext = pxIndex;
 143              		.loc 1 87 0
 144 0010 3B68     		ldr	r3, [r7]
 145 0012 FA68     		ldr	r2, [r7, #12]
 146 0014 5A60     		str	r2, [r3, #4]
  88:Source/list.c **** 	pxNewListItem->pxPrevious = pxIndex->pxPrevious;
 147              		.loc 1 88 0
 148 0016 FB68     		ldr	r3, [r7, #12]
 149 0018 9A68     		ldr	r2, [r3, #8]
 150 001a 3B68     		ldr	r3, [r7]
 151 001c 9A60     		str	r2, [r3, #8]
  89:Source/list.c **** 
  90:Source/list.c **** 	/* Only used during decision coverage testing. */
  91:Source/list.c **** 	mtCOVERAGE_TEST_DELAY();
  92:Source/list.c **** 
  93:Source/list.c **** 	pxIndex->pxPrevious->pxNext = pxNewListItem;
 152              		.loc 1 93 0
 153 001e FB68     		ldr	r3, [r7, #12]
 154 0020 9B68     		ldr	r3, [r3, #8]
 155 0022 3A68     		ldr	r2, [r7]
 156 0024 5A60     		str	r2, [r3, #4]
  94:Source/list.c **** 	pxIndex->pxPrevious = pxNewListItem;
 157              		.loc 1 94 0
 158 0026 FB68     		ldr	r3, [r7, #12]
 159 0028 3A68     		ldr	r2, [r7]
 160 002a 9A60     		str	r2, [r3, #8]
  95:Source/list.c **** 
  96:Source/list.c **** 	/* Remember which list the item is in. */
  97:Source/list.c **** 	pxNewListItem->pxContainer = pxList;
 161              		.loc 1 97 0
 162 002c 3B68     		ldr	r3, [r7]
 163 002e 7A68     		ldr	r2, [r7, #4]
 164 0030 1A61     		str	r2, [r3, #16]
  98:Source/list.c **** 
  99:Source/list.c **** 	( pxList->uxNumberOfItems )++;
 165              		.loc 1 99 0
 166 0032 7B68     		ldr	r3, [r7, #4]
 167 0034 1B68     		ldr	r3, [r3]
 168 0036 5A1C     		adds	r2, r3, #1
 169 0038 7B68     		ldr	r3, [r7, #4]
 170 003a 1A60     		str	r2, [r3]
 100:Source/list.c **** }
 171              		.loc 1 100 0
 172 003c 00BF     		nop
 173 003e 1437     		adds	r7, r7, #20
 174              		.cfi_def_cfa_offset 4
 175 0040 BD46     		mov	sp, r7
 176              		.cfi_def_cfa_register 13
 177              		@ sp needed
 178 0042 80BC     		pop	{r7}
 179              		.cfi_restore 7
 180              		.cfi_def_cfa_offset 0
 181 0044 7047     		bx	lr
 182              		.cfi_endproc
 183              	.LFE70:
 184              		.size	vListInsertEnd, .-vListInsertEnd
 185 0046 00BF     		.section	.text.vListInsert,"ax",%progbits
ARM GAS  C:\Users\mikke\AppData\Local\Temp\ccf2UgOO.s 			page 6


 186              		.align	2
 187              		.global	vListInsert
 188              		.thumb
 189              		.thumb_func
 190              		.type	vListInsert, %function
 191              	vListInsert:
 192              	.LFB71:
 101:Source/list.c **** /*-----------------------------------------------------------*/
 102:Source/list.c **** 
 103:Source/list.c **** void vListInsert( List_t * const pxList, ListItem_t * const pxNewListItem )
 104:Source/list.c **** {
 193              		.loc 1 104 0
 194              		.cfi_startproc
 195              		@ args = 0, pretend = 0, frame = 16
 196              		@ frame_needed = 1, uses_anonymous_args = 0
 197              		@ link register save eliminated.
 198 0000 80B4     		push	{r7}
 199              		.cfi_def_cfa_offset 4
 200              		.cfi_offset 7, -4
 201 0002 85B0     		sub	sp, sp, #20
 202              		.cfi_def_cfa_offset 24
 203 0004 00AF     		add	r7, sp, #0
 204              		.cfi_def_cfa_register 7
 205 0006 7860     		str	r0, [r7, #4]
 206 0008 3960     		str	r1, [r7]
 105:Source/list.c **** ListItem_t *pxIterator;
 106:Source/list.c **** const TickType_t xValueOfInsertion = pxNewListItem->xItemValue;
 207              		.loc 1 106 0
 208 000a 3B68     		ldr	r3, [r7]
 209 000c 1B68     		ldr	r3, [r3]
 210 000e BB60     		str	r3, [r7, #8]
 107:Source/list.c **** 
 108:Source/list.c **** 	/* Only effective when configASSERT() is also defined, these tests may catch
 109:Source/list.c **** 	the list data structures being overwritten in memory.  They will not catch
 110:Source/list.c **** 	data errors caused by incorrect configuration or use of FreeRTOS. */
 111:Source/list.c **** 	listTEST_LIST_INTEGRITY( pxList );
 112:Source/list.c **** 	listTEST_LIST_ITEM_INTEGRITY( pxNewListItem );
 113:Source/list.c **** 
 114:Source/list.c **** 	/* Insert the new list item into the list, sorted in xItemValue order.
 115:Source/list.c **** 
 116:Source/list.c **** 	If the list already contains a list item with the same item value then the
 117:Source/list.c **** 	new list item should be placed after it.  This ensures that TCBs which are
 118:Source/list.c **** 	stored in ready lists (all of which have the same xItemValue value) get a
 119:Source/list.c **** 	share of the CPU.  However, if the xItemValue is the same as the back marker
 120:Source/list.c **** 	the iteration loop below will not end.  Therefore the value is checked
 121:Source/list.c **** 	first, and the algorithm slightly modified if necessary. */
 122:Source/list.c **** 	if( xValueOfInsertion == portMAX_DELAY )
 211              		.loc 1 122 0
 212 0010 BB68     		ldr	r3, [r7, #8]
 213 0012 B3F1FF3F 		cmp	r3, #-1
 214 0016 03D1     		bne	.L5
 123:Source/list.c **** 	{
 124:Source/list.c **** 		pxIterator = pxList->xListEnd.pxPrevious;
 215              		.loc 1 124 0
 216 0018 7B68     		ldr	r3, [r7, #4]
 217 001a 1B69     		ldr	r3, [r3, #16]
 218 001c FB60     		str	r3, [r7, #12]
ARM GAS  C:\Users\mikke\AppData\Local\Temp\ccf2UgOO.s 			page 7


 219 001e 0CE0     		b	.L6
 220              	.L5:
 125:Source/list.c **** 	}
 126:Source/list.c **** 	else
 127:Source/list.c **** 	{
 128:Source/list.c **** 		/* *** NOTE ***********************************************************
 129:Source/list.c **** 		If you find your application is crashing here then likely causes are
 130:Source/list.c **** 		listed below.  In addition see https://www.freertos.org/FAQHelp.html for
 131:Source/list.c **** 		more tips, and ensure configASSERT() is defined!
 132:Source/list.c **** 		https://www.freertos.org/a00110.html#configASSERT
 133:Source/list.c **** 
 134:Source/list.c **** 			1) Stack overflow -
 135:Source/list.c **** 			   see https://www.freertos.org/Stacks-and-stack-overflow-checking.html
 136:Source/list.c **** 			2) Incorrect interrupt priority assignment, especially on Cortex-M
 137:Source/list.c **** 			   parts where numerically high priority values denote low actual
 138:Source/list.c **** 			   interrupt priorities, which can seem counter intuitive.  See
 139:Source/list.c **** 			   https://www.freertos.org/RTOS-Cortex-M3-M4.html and the definition
 140:Source/list.c **** 			   of configMAX_SYSCALL_INTERRUPT_PRIORITY on
 141:Source/list.c **** 			   https://www.freertos.org/a00110.html
 142:Source/list.c **** 			3) Calling an API function from within a critical section or when
 143:Source/list.c **** 			   the scheduler is suspended, or calling an API function that does
 144:Source/list.c **** 			   not end in "FromISR" from an interrupt.
 145:Source/list.c **** 			4) Using a queue or semaphore before it has been initialised or
 146:Source/list.c **** 			   before the scheduler has been started (are interrupts firing
 147:Source/list.c **** 			   before vTaskStartScheduler() has been called?).
 148:Source/list.c **** 		**********************************************************************/
 149:Source/list.c **** 
 150:Source/list.c **** 		for( pxIterator = ( ListItem_t * ) &( pxList->xListEnd ); pxIterator->pxNext->xItemValue <= xValu
 221              		.loc 1 150 0
 222 0020 7B68     		ldr	r3, [r7, #4]
 223 0022 0833     		adds	r3, r3, #8
 224 0024 FB60     		str	r3, [r7, #12]
 225 0026 02E0     		b	.L7
 226              	.L8:
 227              		.loc 1 150 0 is_stmt 0 discriminator 3
 228 0028 FB68     		ldr	r3, [r7, #12]
 229 002a 5B68     		ldr	r3, [r3, #4]
 230 002c FB60     		str	r3, [r7, #12]
 231              	.L7:
 232              		.loc 1 150 0 discriminator 1
 233 002e FB68     		ldr	r3, [r7, #12]
 234 0030 5B68     		ldr	r3, [r3, #4]
 235 0032 1A68     		ldr	r2, [r3]
 236 0034 BB68     		ldr	r3, [r7, #8]
 237 0036 9A42     		cmp	r2, r3
 238 0038 F6D9     		bls	.L8
 239              	.L6:
 151:Source/list.c **** 		{
 152:Source/list.c **** 			/* There is nothing to do here, just iterating to the wanted
 153:Source/list.c **** 			insertion position. */
 154:Source/list.c **** 		}
 155:Source/list.c **** 	}
 156:Source/list.c **** 
 157:Source/list.c **** 	pxNewListItem->pxNext = pxIterator->pxNext;
 240              		.loc 1 157 0 is_stmt 1
 241 003a FB68     		ldr	r3, [r7, #12]
 242 003c 5A68     		ldr	r2, [r3, #4]
ARM GAS  C:\Users\mikke\AppData\Local\Temp\ccf2UgOO.s 			page 8


 243 003e 3B68     		ldr	r3, [r7]
 244 0040 5A60     		str	r2, [r3, #4]
 158:Source/list.c **** 	pxNewListItem->pxNext->pxPrevious = pxNewListItem;
 245              		.loc 1 158 0
 246 0042 3B68     		ldr	r3, [r7]
 247 0044 5B68     		ldr	r3, [r3, #4]
 248 0046 3A68     		ldr	r2, [r7]
 249 0048 9A60     		str	r2, [r3, #8]
 159:Source/list.c **** 	pxNewListItem->pxPrevious = pxIterator;
 250              		.loc 1 159 0
 251 004a 3B68     		ldr	r3, [r7]
 252 004c FA68     		ldr	r2, [r7, #12]
 253 004e 9A60     		str	r2, [r3, #8]
 160:Source/list.c **** 	pxIterator->pxNext = pxNewListItem;
 254              		.loc 1 160 0
 255 0050 FB68     		ldr	r3, [r7, #12]
 256 0052 3A68     		ldr	r2, [r7]
 257 0054 5A60     		str	r2, [r3, #4]
 161:Source/list.c **** 
 162:Source/list.c **** 	/* Remember which list the item is in.  This allows fast removal of the
 163:Source/list.c **** 	item later. */
 164:Source/list.c **** 	pxNewListItem->pxContainer = pxList;
 258              		.loc 1 164 0
 259 0056 3B68     		ldr	r3, [r7]
 260 0058 7A68     		ldr	r2, [r7, #4]
 261 005a 1A61     		str	r2, [r3, #16]
 165:Source/list.c **** 
 166:Source/list.c **** 	( pxList->uxNumberOfItems )++;
 262              		.loc 1 166 0
 263 005c 7B68     		ldr	r3, [r7, #4]
 264 005e 1B68     		ldr	r3, [r3]
 265 0060 5A1C     		adds	r2, r3, #1
 266 0062 7B68     		ldr	r3, [r7, #4]
 267 0064 1A60     		str	r2, [r3]
 167:Source/list.c **** }
 268              		.loc 1 167 0
 269 0066 00BF     		nop
 270 0068 1437     		adds	r7, r7, #20
 271              		.cfi_def_cfa_offset 4
 272 006a BD46     		mov	sp, r7
 273              		.cfi_def_cfa_register 13
 274              		@ sp needed
 275 006c 80BC     		pop	{r7}
 276              		.cfi_restore 7
 277              		.cfi_def_cfa_offset 0
 278 006e 7047     		bx	lr
 279              		.cfi_endproc
 280              	.LFE71:
 281              		.size	vListInsert, .-vListInsert
 282              		.section	.text.uxListRemove,"ax",%progbits
 283              		.align	2
 284              		.global	uxListRemove
 285              		.thumb
 286              		.thumb_func
 287              		.type	uxListRemove, %function
 288              	uxListRemove:
 289              	.LFB72:
ARM GAS  C:\Users\mikke\AppData\Local\Temp\ccf2UgOO.s 			page 9


 168:Source/list.c **** /*-----------------------------------------------------------*/
 169:Source/list.c **** 
 170:Source/list.c **** UBaseType_t uxListRemove( ListItem_t * const pxItemToRemove )
 171:Source/list.c **** {
 290              		.loc 1 171 0
 291              		.cfi_startproc
 292              		@ args = 0, pretend = 0, frame = 16
 293              		@ frame_needed = 1, uses_anonymous_args = 0
 294              		@ link register save eliminated.
 295 0000 80B4     		push	{r7}
 296              		.cfi_def_cfa_offset 4
 297              		.cfi_offset 7, -4
 298 0002 85B0     		sub	sp, sp, #20
 299              		.cfi_def_cfa_offset 24
 300 0004 00AF     		add	r7, sp, #0
 301              		.cfi_def_cfa_register 7
 302 0006 7860     		str	r0, [r7, #4]
 172:Source/list.c **** /* The list item knows which list it is in.  Obtain the list from the list
 173:Source/list.c **** item. */
 174:Source/list.c **** List_t * const pxList = pxItemToRemove->pxContainer;
 303              		.loc 1 174 0
 304 0008 7B68     		ldr	r3, [r7, #4]
 305 000a 1B69     		ldr	r3, [r3, #16]
 306 000c FB60     		str	r3, [r7, #12]
 175:Source/list.c **** 
 176:Source/list.c **** 	pxItemToRemove->pxNext->pxPrevious = pxItemToRemove->pxPrevious;
 307              		.loc 1 176 0
 308 000e 7B68     		ldr	r3, [r7, #4]
 309 0010 5B68     		ldr	r3, [r3, #4]
 310 0012 7A68     		ldr	r2, [r7, #4]
 311 0014 9268     		ldr	r2, [r2, #8]
 312 0016 9A60     		str	r2, [r3, #8]
 177:Source/list.c **** 	pxItemToRemove->pxPrevious->pxNext = pxItemToRemove->pxNext;
 313              		.loc 1 177 0
 314 0018 7B68     		ldr	r3, [r7, #4]
 315 001a 9B68     		ldr	r3, [r3, #8]
 316 001c 7A68     		ldr	r2, [r7, #4]
 317 001e 5268     		ldr	r2, [r2, #4]
 318 0020 5A60     		str	r2, [r3, #4]
 178:Source/list.c **** 
 179:Source/list.c **** 	/* Only used during decision coverage testing. */
 180:Source/list.c **** 	mtCOVERAGE_TEST_DELAY();
 181:Source/list.c **** 
 182:Source/list.c **** 	/* Make sure the index is left pointing to a valid item. */
 183:Source/list.c **** 	if( pxList->pxIndex == pxItemToRemove )
 319              		.loc 1 183 0
 320 0022 FB68     		ldr	r3, [r7, #12]
 321 0024 5A68     		ldr	r2, [r3, #4]
 322 0026 7B68     		ldr	r3, [r7, #4]
 323 0028 9A42     		cmp	r2, r3
 324 002a 03D1     		bne	.L10
 184:Source/list.c **** 	{
 185:Source/list.c **** 		pxList->pxIndex = pxItemToRemove->pxPrevious;
 325              		.loc 1 185 0
 326 002c 7B68     		ldr	r3, [r7, #4]
 327 002e 9A68     		ldr	r2, [r3, #8]
 328 0030 FB68     		ldr	r3, [r7, #12]
ARM GAS  C:\Users\mikke\AppData\Local\Temp\ccf2UgOO.s 			page 10


 329 0032 5A60     		str	r2, [r3, #4]
 330              	.L10:
 186:Source/list.c **** 	}
 187:Source/list.c **** 	else
 188:Source/list.c **** 	{
 189:Source/list.c **** 		mtCOVERAGE_TEST_MARKER();
 190:Source/list.c **** 	}
 191:Source/list.c **** 
 192:Source/list.c **** 	pxItemToRemove->pxContainer = NULL;
 331              		.loc 1 192 0
 332 0034 7B68     		ldr	r3, [r7, #4]
 333 0036 0022     		movs	r2, #0
 334 0038 1A61     		str	r2, [r3, #16]
 193:Source/list.c **** 	( pxList->uxNumberOfItems )--;
 335              		.loc 1 193 0
 336 003a FB68     		ldr	r3, [r7, #12]
 337 003c 1B68     		ldr	r3, [r3]
 338 003e 5A1E     		subs	r2, r3, #1
 339 0040 FB68     		ldr	r3, [r7, #12]
 340 0042 1A60     		str	r2, [r3]
 194:Source/list.c **** 
 195:Source/list.c **** 	return pxList->uxNumberOfItems;
 341              		.loc 1 195 0
 342 0044 FB68     		ldr	r3, [r7, #12]
 343 0046 1B68     		ldr	r3, [r3]
 196:Source/list.c **** }
 344              		.loc 1 196 0
 345 0048 1846     		mov	r0, r3
 346 004a 1437     		adds	r7, r7, #20
 347              		.cfi_def_cfa_offset 4
 348 004c BD46     		mov	sp, r7
 349              		.cfi_def_cfa_register 13
 350              		@ sp needed
 351 004e 80BC     		pop	{r7}
 352              		.cfi_restore 7
 353              		.cfi_def_cfa_offset 0
 354 0050 7047     		bx	lr
 355              		.cfi_endproc
 356              	.LFE72:
 357              		.size	uxListRemove, .-uxListRemove
 358 0052 00BF     		.text
 359              	.Letext0:
 360              		.file 2 "c:\\program files (x86)\\cypress\\psoc creator\\4.3\\psoc creator\\import\\gnu\\arm\\5.4.
 361              		.file 3 "c:\\program files (x86)\\cypress\\psoc creator\\4.3\\psoc creator\\import\\gnu\\arm\\5.4.
 362              		.file 4 ".\\Source\\portable\\GCC\\ARM_CM3/portmacro.h"
 363              		.file 5 ".\\Source\\include/list.h"
 364              		.file 6 "Generated_Source\\PSoC5/core_cm3.h"
 365              		.section	.debug_info,"",%progbits
 366              	.Ldebug_info0:
 367 0000 E4020000 		.4byte	0x2e4
 368 0004 0400     		.2byte	0x4
 369 0006 00000000 		.4byte	.Ldebug_abbrev0
 370 000a 04       		.byte	0x4
 371 000b 01       		.uleb128 0x1
 372 000c 0B000000 		.4byte	.LASF44
 373 0010 0C       		.byte	0xc
 374 0011 D1000000 		.4byte	.LASF45
ARM GAS  C:\Users\mikke\AppData\Local\Temp\ccf2UgOO.s 			page 11


 375 0015 09010000 		.4byte	.LASF46
 376 0019 00000000 		.4byte	.Ldebug_ranges0+0
 377 001d 00000000 		.4byte	0
 378 0021 00000000 		.4byte	.Ldebug_line0
 379 0025 02       		.uleb128 0x2
 380 0026 04       		.byte	0x4
 381 0027 07       		.byte	0x7
 382 0028 E6010000 		.4byte	.LASF0
 383 002c 03       		.uleb128 0x3
 384 002d 04       		.byte	0x4
 385 002e 05       		.byte	0x5
 386 002f 696E7400 		.ascii	"int\000"
 387 0033 02       		.uleb128 0x2
 388 0034 08       		.byte	0x8
 389 0035 05       		.byte	0x5
 390 0036 66020000 		.4byte	.LASF1
 391 003a 02       		.uleb128 0x2
 392 003b 08       		.byte	0x8
 393 003c 04       		.byte	0x4
 394 003d 3E020000 		.4byte	.LASF2
 395 0041 02       		.uleb128 0x2
 396 0042 01       		.byte	0x1
 397 0043 06       		.byte	0x6
 398 0044 BD020000 		.4byte	.LASF3
 399 0048 02       		.uleb128 0x2
 400 0049 01       		.byte	0x1
 401 004a 08       		.byte	0x8
 402 004b 4C010000 		.4byte	.LASF4
 403 004f 02       		.uleb128 0x2
 404 0050 02       		.byte	0x2
 405 0051 05       		.byte	0x5
 406 0052 84020000 		.4byte	.LASF5
 407 0056 02       		.uleb128 0x2
 408 0057 02       		.byte	0x2
 409 0058 07       		.byte	0x7
 410 0059 53020000 		.4byte	.LASF6
 411 005d 04       		.uleb128 0x4
 412 005e BC000000 		.4byte	.LASF8
 413 0062 02       		.byte	0x2
 414 0063 3F       		.byte	0x3f
 415 0064 68000000 		.4byte	0x68
 416 0068 02       		.uleb128 0x2
 417 0069 04       		.byte	0x4
 418 006a 05       		.byte	0x5
 419 006b 97020000 		.4byte	.LASF7
 420 006f 04       		.uleb128 0x4
 421 0070 B5010000 		.4byte	.LASF9
 422 0074 02       		.byte	0x2
 423 0075 41       		.byte	0x41
 424 0076 7A000000 		.4byte	0x7a
 425 007a 02       		.uleb128 0x2
 426 007b 04       		.byte	0x4
 427 007c 07       		.byte	0x7
 428 007d 5A010000 		.4byte	.LASF10
 429 0081 02       		.uleb128 0x2
 430 0082 08       		.byte	0x8
 431 0083 07       		.byte	0x7
ARM GAS  C:\Users\mikke\AppData\Local\Temp\ccf2UgOO.s 			page 12


 432 0084 15020000 		.4byte	.LASF11
 433 0088 02       		.uleb128 0x2
 434 0089 04       		.byte	0x4
 435 008a 07       		.byte	0x7
 436 008b 4A020000 		.4byte	.LASF12
 437 008f 05       		.uleb128 0x5
 438 0090 04       		.byte	0x4
 439 0091 02       		.uleb128 0x2
 440 0092 01       		.byte	0x1
 441 0093 08       		.byte	0x8
 442 0094 74020000 		.4byte	.LASF13
 443 0098 04       		.uleb128 0x4
 444 0099 FB000000 		.4byte	.LASF14
 445 009d 03       		.byte	0x3
 446 009e 2C       		.byte	0x2c
 447 009f 5D000000 		.4byte	0x5d
 448 00a3 04       		.uleb128 0x4
 449 00a4 8E020000 		.4byte	.LASF15
 450 00a8 03       		.byte	0x3
 451 00a9 30       		.byte	0x30
 452 00aa 6F000000 		.4byte	0x6f
 453 00ae 02       		.uleb128 0x2
 454 00af 04       		.byte	0x4
 455 00b0 04       		.byte	0x4
 456 00b1 03010000 		.4byte	.LASF16
 457 00b5 02       		.uleb128 0x2
 458 00b6 08       		.byte	0x8
 459 00b7 04       		.byte	0x4
 460 00b8 AE010000 		.4byte	.LASF17
 461 00bc 04       		.uleb128 0x4
 462 00bd D6020000 		.4byte	.LASF18
 463 00c1 04       		.byte	0x4
 464 00c2 39       		.byte	0x39
 465 00c3 7A000000 		.4byte	0x7a
 466 00c7 04       		.uleb128 0x4
 467 00c8 00000000 		.4byte	.LASF19
 468 00cc 04       		.byte	0x4
 469 00cd 3F       		.byte	0x3f
 470 00ce A3000000 		.4byte	0xa3
 471 00d2 06       		.uleb128 0x6
 472 00d3 F0000000 		.4byte	.LASF25
 473 00d7 14       		.byte	0x14
 474 00d8 05       		.byte	0x5
 475 00d9 8C       		.byte	0x8c
 476 00da 1B010000 		.4byte	0x11b
 477 00de 07       		.uleb128 0x7
 478 00df C6000000 		.4byte	.LASF20
 479 00e3 05       		.byte	0x5
 480 00e4 8F       		.byte	0x8f
 481 00e5 C7000000 		.4byte	0xc7
 482 00e9 00       		.byte	0
 483 00ea 07       		.uleb128 0x7
 484 00eb DF010000 		.4byte	.LASF21
 485 00ef 05       		.byte	0x5
 486 00f0 90       		.byte	0x90
 487 00f1 1B010000 		.4byte	0x11b
 488 00f5 04       		.byte	0x4
ARM GAS  C:\Users\mikke\AppData\Local\Temp\ccf2UgOO.s 			page 13


 489 00f6 07       		.uleb128 0x7
 490 00f7 7B010000 		.4byte	.LASF22
 491 00fb 05       		.byte	0x5
 492 00fc 91       		.byte	0x91
 493 00fd 1B010000 		.4byte	0x11b
 494 0101 08       		.byte	0x8
 495 0102 07       		.uleb128 0x7
 496 0103 E8000000 		.4byte	.LASF23
 497 0107 05       		.byte	0x5
 498 0108 92       		.byte	0x92
 499 0109 8F000000 		.4byte	0x8f
 500 010d 0C       		.byte	0xc
 501 010e 07       		.uleb128 0x7
 502 010f 99000000 		.4byte	.LASF24
 503 0113 05       		.byte	0x5
 504 0114 93       		.byte	0x93
 505 0115 52010000 		.4byte	0x152
 506 0119 10       		.byte	0x10
 507 011a 00       		.byte	0
 508 011b 08       		.uleb128 0x8
 509 011c 04       		.byte	0x4
 510 011d D2000000 		.4byte	0xd2
 511 0121 06       		.uleb128 0x6
 512 0122 D0020000 		.4byte	.LASF26
 513 0126 14       		.byte	0x14
 514 0127 05       		.byte	0x5
 515 0128 A4       		.byte	0xa4
 516 0129 52010000 		.4byte	0x152
 517 012d 07       		.uleb128 0x7
 518 012e C0010000 		.4byte	.LASF27
 519 0132 05       		.byte	0x5
 520 0133 A7       		.byte	0xa7
 521 0134 9F010000 		.4byte	0x19f
 522 0138 00       		.byte	0
 523 0139 07       		.uleb128 0x7
 524 013a A5000000 		.4byte	.LASF28
 525 013e 05       		.byte	0x5
 526 013f A8       		.byte	0xa8
 527 0140 A4010000 		.4byte	0x1a4
 528 0144 04       		.byte	0x4
 529 0145 07       		.uleb128 0x7
 530 0146 DF000000 		.4byte	.LASF29
 531 014a 05       		.byte	0x5
 532 014b A9       		.byte	0xa9
 533 014c 94010000 		.4byte	0x194
 534 0150 08       		.byte	0x8
 535 0151 00       		.byte	0
 536 0152 08       		.uleb128 0x8
 537 0153 04       		.byte	0x4
 538 0154 21010000 		.4byte	0x121
 539 0158 04       		.uleb128 0x4
 540 0159 33020000 		.4byte	.LASF30
 541 015d 05       		.byte	0x5
 542 015e 96       		.byte	0x96
 543 015f D2000000 		.4byte	0xd2
 544 0163 06       		.uleb128 0x6
 545 0164 AD020000 		.4byte	.LASF31
ARM GAS  C:\Users\mikke\AppData\Local\Temp\ccf2UgOO.s 			page 14


 546 0168 0C       		.byte	0xc
 547 0169 05       		.byte	0x5
 548 016a 98       		.byte	0x98
 549 016b 94010000 		.4byte	0x194
 550 016f 07       		.uleb128 0x7
 551 0170 C6000000 		.4byte	.LASF20
 552 0174 05       		.byte	0x5
 553 0175 9B       		.byte	0x9b
 554 0176 C7000000 		.4byte	0xc7
 555 017a 00       		.byte	0
 556 017b 07       		.uleb128 0x7
 557 017c DF010000 		.4byte	.LASF21
 558 0180 05       		.byte	0x5
 559 0181 9C       		.byte	0x9c
 560 0182 1B010000 		.4byte	0x11b
 561 0186 04       		.byte	0x4
 562 0187 07       		.uleb128 0x7
 563 0188 7B010000 		.4byte	.LASF22
 564 018c 05       		.byte	0x5
 565 018d 9D       		.byte	0x9d
 566 018e 1B010000 		.4byte	0x11b
 567 0192 08       		.byte	0x8
 568 0193 00       		.byte	0
 569 0194 04       		.uleb128 0x4
 570 0195 AD000000 		.4byte	.LASF32
 571 0199 05       		.byte	0x5
 572 019a 9F       		.byte	0x9f
 573 019b 63010000 		.4byte	0x163
 574 019f 09       		.uleb128 0x9
 575 01a0 BC000000 		.4byte	0xbc
 576 01a4 08       		.uleb128 0x8
 577 01a5 04       		.byte	0x4
 578 01a6 58010000 		.4byte	0x158
 579 01aa 04       		.uleb128 0x4
 580 01ab A7010000 		.4byte	.LASF33
 581 01af 05       		.byte	0x5
 582 01b0 AB       		.byte	0xab
 583 01b1 21010000 		.4byte	0x121
 584 01b5 0A       		.uleb128 0xa
 585 01b6 F3010000 		.4byte	.LASF34
 586 01ba 01       		.byte	0x1
 587 01bb 25       		.byte	0x25
 588 01bc 00000000 		.4byte	.LFB68
 589 01c0 3E000000 		.4byte	.LFE68-.LFB68
 590 01c4 01       		.uleb128 0x1
 591 01c5 9C       		.byte	0x9c
 592 01c6 D9010000 		.4byte	0x1d9
 593 01ca 0B       		.uleb128 0xb
 594 01cb C9020000 		.4byte	.LASF36
 595 01cf 01       		.byte	0x1
 596 01d0 25       		.byte	0x25
 597 01d1 DF010000 		.4byte	0x1df
 598 01d5 02       		.uleb128 0x2
 599 01d6 91       		.byte	0x91
 600 01d7 74       		.sleb128 -12
 601 01d8 00       		.byte	0
 602 01d9 08       		.uleb128 0x8
ARM GAS  C:\Users\mikke\AppData\Local\Temp\ccf2UgOO.s 			page 15


 603 01da 04       		.byte	0x4
 604 01db AA010000 		.4byte	0x1aa
 605 01df 0C       		.uleb128 0xc
 606 01e0 D9010000 		.4byte	0x1d9
 607 01e4 0A       		.uleb128 0xa
 608 01e5 93010000 		.4byte	.LASF35
 609 01e9 01       		.byte	0x1
 610 01ea 3E       		.byte	0x3e
 611 01eb 00000000 		.4byte	.LFB69
 612 01ef 18000000 		.4byte	.LFE69-.LFB69
 613 01f3 01       		.uleb128 0x1
 614 01f4 9C       		.byte	0x9c
 615 01f5 08020000 		.4byte	0x208
 616 01f9 0B       		.uleb128 0xb
 617 01fa 2C020000 		.4byte	.LASF37
 618 01fe 01       		.byte	0x1
 619 01ff 3E       		.byte	0x3e
 620 0200 08020000 		.4byte	0x208
 621 0204 02       		.uleb128 0x2
 622 0205 91       		.byte	0x91
 623 0206 74       		.sleb128 -12
 624 0207 00       		.byte	0
 625 0208 0C       		.uleb128 0xc
 626 0209 A4010000 		.4byte	0x1a4
 627 020d 0A       		.uleb128 0xa
 628 020e D0010000 		.4byte	.LASF38
 629 0212 01       		.byte	0x1
 630 0213 4A       		.byte	0x4a
 631 0214 00000000 		.4byte	.LFB70
 632 0218 46000000 		.4byte	.LFE70-.LFB70
 633 021c 01       		.uleb128 0x1
 634 021d 9C       		.byte	0x9c
 635 021e 4D020000 		.4byte	0x24d
 636 0222 0B       		.uleb128 0xb
 637 0223 C9020000 		.4byte	.LASF36
 638 0227 01       		.byte	0x1
 639 0228 4A       		.byte	0x4a
 640 0229 DF010000 		.4byte	0x1df
 641 022d 02       		.uleb128 0x2
 642 022e 91       		.byte	0x91
 643 022f 6C       		.sleb128 -20
 644 0230 0B       		.uleb128 0xb
 645 0231 E2020000 		.4byte	.LASF39
 646 0235 01       		.byte	0x1
 647 0236 4A       		.byte	0x4a
 648 0237 08020000 		.4byte	0x208
 649 023b 02       		.uleb128 0x2
 650 023c 91       		.byte	0x91
 651 023d 68       		.sleb128 -24
 652 023e 0D       		.uleb128 0xd
 653 023f A5000000 		.4byte	.LASF28
 654 0243 01       		.byte	0x1
 655 0244 4C       		.byte	0x4c
 656 0245 08020000 		.4byte	0x208
 657 0249 02       		.uleb128 0x2
 658 024a 91       		.byte	0x91
 659 024b 74       		.sleb128 -12
ARM GAS  C:\Users\mikke\AppData\Local\Temp\ccf2UgOO.s 			page 16


 660 024c 00       		.byte	0
 661 024d 0A       		.uleb128 0xa
 662 024e F0020000 		.4byte	.LASF40
 663 0252 01       		.byte	0x1
 664 0253 67       		.byte	0x67
 665 0254 00000000 		.4byte	.LFB71
 666 0258 70000000 		.4byte	.LFE71-.LFB71
 667 025c 01       		.uleb128 0x1
 668 025d 9C       		.byte	0x9c
 669 025e 9B020000 		.4byte	0x29b
 670 0262 0B       		.uleb128 0xb
 671 0263 C9020000 		.4byte	.LASF36
 672 0267 01       		.byte	0x1
 673 0268 67       		.byte	0x67
 674 0269 DF010000 		.4byte	0x1df
 675 026d 02       		.uleb128 0x2
 676 026e 91       		.byte	0x91
 677 026f 6C       		.sleb128 -20
 678 0270 0B       		.uleb128 0xb
 679 0271 E2020000 		.4byte	.LASF39
 680 0275 01       		.byte	0x1
 681 0276 67       		.byte	0x67
 682 0277 08020000 		.4byte	0x208
 683 027b 02       		.uleb128 0x2
 684 027c 91       		.byte	0x91
 685 027d 68       		.sleb128 -24
 686 027e 0D       		.uleb128 0xd
 687 027f 79020000 		.4byte	.LASF41
 688 0283 01       		.byte	0x1
 689 0284 69       		.byte	0x69
 690 0285 A4010000 		.4byte	0x1a4
 691 0289 02       		.uleb128 0x2
 692 028a 91       		.byte	0x91
 693 028b 74       		.sleb128 -12
 694 028c 0D       		.uleb128 0xd
 695 028d 03020000 		.4byte	.LASF42
 696 0291 01       		.byte	0x1
 697 0292 6A       		.byte	0x6a
 698 0293 9B020000 		.4byte	0x29b
 699 0297 02       		.uleb128 0x2
 700 0298 91       		.byte	0x91
 701 0299 70       		.sleb128 -16
 702 029a 00       		.byte	0
 703 029b 0C       		.uleb128 0xc
 704 029c C7000000 		.4byte	0xc7
 705 02a0 0E       		.uleb128 0xe
 706 02a1 A0020000 		.4byte	.LASF47
 707 02a5 01       		.byte	0x1
 708 02a6 AA       		.byte	0xaa
 709 02a7 BC000000 		.4byte	0xbc
 710 02ab 00000000 		.4byte	.LFB72
 711 02af 52000000 		.4byte	.LFE72-.LFB72
 712 02b3 01       		.uleb128 0x1
 713 02b4 9C       		.byte	0x9c
 714 02b5 D6020000 		.4byte	0x2d6
 715 02b9 0B       		.uleb128 0xb
 716 02ba 6C010000 		.4byte	.LASF43
ARM GAS  C:\Users\mikke\AppData\Local\Temp\ccf2UgOO.s 			page 17


 717 02be 01       		.byte	0x1
 718 02bf AA       		.byte	0xaa
 719 02c0 08020000 		.4byte	0x208
 720 02c4 02       		.uleb128 0x2
 721 02c5 91       		.byte	0x91
 722 02c6 6C       		.sleb128 -20
 723 02c7 0D       		.uleb128 0xd
 724 02c8 C9020000 		.4byte	.LASF36
 725 02cc 01       		.byte	0x1
 726 02cd AE       		.byte	0xae
 727 02ce DF010000 		.4byte	0x1df
 728 02d2 02       		.uleb128 0x2
 729 02d3 91       		.byte	0x91
 730 02d4 74       		.sleb128 -12
 731 02d5 00       		.byte	0
 732 02d6 0F       		.uleb128 0xf
 733 02d7 86010000 		.4byte	.LASF48
 734 02db 06       		.byte	0x6
 735 02dc 1207     		.2byte	0x712
 736 02de E2020000 		.4byte	0x2e2
 737 02e2 09       		.uleb128 0x9
 738 02e3 98000000 		.4byte	0x98
 739 02e7 00       		.byte	0
 740              		.section	.debug_abbrev,"",%progbits
 741              	.Ldebug_abbrev0:
 742 0000 01       		.uleb128 0x1
 743 0001 11       		.uleb128 0x11
 744 0002 01       		.byte	0x1
 745 0003 25       		.uleb128 0x25
 746 0004 0E       		.uleb128 0xe
 747 0005 13       		.uleb128 0x13
 748 0006 0B       		.uleb128 0xb
 749 0007 03       		.uleb128 0x3
 750 0008 0E       		.uleb128 0xe
 751 0009 1B       		.uleb128 0x1b
 752 000a 0E       		.uleb128 0xe
 753 000b 55       		.uleb128 0x55
 754 000c 17       		.uleb128 0x17
 755 000d 11       		.uleb128 0x11
 756 000e 01       		.uleb128 0x1
 757 000f 10       		.uleb128 0x10
 758 0010 17       		.uleb128 0x17
 759 0011 00       		.byte	0
 760 0012 00       		.byte	0
 761 0013 02       		.uleb128 0x2
 762 0014 24       		.uleb128 0x24
 763 0015 00       		.byte	0
 764 0016 0B       		.uleb128 0xb
 765 0017 0B       		.uleb128 0xb
 766 0018 3E       		.uleb128 0x3e
 767 0019 0B       		.uleb128 0xb
 768 001a 03       		.uleb128 0x3
 769 001b 0E       		.uleb128 0xe
 770 001c 00       		.byte	0
 771 001d 00       		.byte	0
 772 001e 03       		.uleb128 0x3
 773 001f 24       		.uleb128 0x24
ARM GAS  C:\Users\mikke\AppData\Local\Temp\ccf2UgOO.s 			page 18


 774 0020 00       		.byte	0
 775 0021 0B       		.uleb128 0xb
 776 0022 0B       		.uleb128 0xb
 777 0023 3E       		.uleb128 0x3e
 778 0024 0B       		.uleb128 0xb
 779 0025 03       		.uleb128 0x3
 780 0026 08       		.uleb128 0x8
 781 0027 00       		.byte	0
 782 0028 00       		.byte	0
 783 0029 04       		.uleb128 0x4
 784 002a 16       		.uleb128 0x16
 785 002b 00       		.byte	0
 786 002c 03       		.uleb128 0x3
 787 002d 0E       		.uleb128 0xe
 788 002e 3A       		.uleb128 0x3a
 789 002f 0B       		.uleb128 0xb
 790 0030 3B       		.uleb128 0x3b
 791 0031 0B       		.uleb128 0xb
 792 0032 49       		.uleb128 0x49
 793 0033 13       		.uleb128 0x13
 794 0034 00       		.byte	0
 795 0035 00       		.byte	0
 796 0036 05       		.uleb128 0x5
 797 0037 0F       		.uleb128 0xf
 798 0038 00       		.byte	0
 799 0039 0B       		.uleb128 0xb
 800 003a 0B       		.uleb128 0xb
 801 003b 00       		.byte	0
 802 003c 00       		.byte	0
 803 003d 06       		.uleb128 0x6
 804 003e 13       		.uleb128 0x13
 805 003f 01       		.byte	0x1
 806 0040 03       		.uleb128 0x3
 807 0041 0E       		.uleb128 0xe
 808 0042 0B       		.uleb128 0xb
 809 0043 0B       		.uleb128 0xb
 810 0044 3A       		.uleb128 0x3a
 811 0045 0B       		.uleb128 0xb
 812 0046 3B       		.uleb128 0x3b
 813 0047 0B       		.uleb128 0xb
 814 0048 01       		.uleb128 0x1
 815 0049 13       		.uleb128 0x13
 816 004a 00       		.byte	0
 817 004b 00       		.byte	0
 818 004c 07       		.uleb128 0x7
 819 004d 0D       		.uleb128 0xd
 820 004e 00       		.byte	0
 821 004f 03       		.uleb128 0x3
 822 0050 0E       		.uleb128 0xe
 823 0051 3A       		.uleb128 0x3a
 824 0052 0B       		.uleb128 0xb
 825 0053 3B       		.uleb128 0x3b
 826 0054 0B       		.uleb128 0xb
 827 0055 49       		.uleb128 0x49
 828 0056 13       		.uleb128 0x13
 829 0057 38       		.uleb128 0x38
 830 0058 0B       		.uleb128 0xb
ARM GAS  C:\Users\mikke\AppData\Local\Temp\ccf2UgOO.s 			page 19


 831 0059 00       		.byte	0
 832 005a 00       		.byte	0
 833 005b 08       		.uleb128 0x8
 834 005c 0F       		.uleb128 0xf
 835 005d 00       		.byte	0
 836 005e 0B       		.uleb128 0xb
 837 005f 0B       		.uleb128 0xb
 838 0060 49       		.uleb128 0x49
 839 0061 13       		.uleb128 0x13
 840 0062 00       		.byte	0
 841 0063 00       		.byte	0
 842 0064 09       		.uleb128 0x9
 843 0065 35       		.uleb128 0x35
 844 0066 00       		.byte	0
 845 0067 49       		.uleb128 0x49
 846 0068 13       		.uleb128 0x13
 847 0069 00       		.byte	0
 848 006a 00       		.byte	0
 849 006b 0A       		.uleb128 0xa
 850 006c 2E       		.uleb128 0x2e
 851 006d 01       		.byte	0x1
 852 006e 3F       		.uleb128 0x3f
 853 006f 19       		.uleb128 0x19
 854 0070 03       		.uleb128 0x3
 855 0071 0E       		.uleb128 0xe
 856 0072 3A       		.uleb128 0x3a
 857 0073 0B       		.uleb128 0xb
 858 0074 3B       		.uleb128 0x3b
 859 0075 0B       		.uleb128 0xb
 860 0076 27       		.uleb128 0x27
 861 0077 19       		.uleb128 0x19
 862 0078 11       		.uleb128 0x11
 863 0079 01       		.uleb128 0x1
 864 007a 12       		.uleb128 0x12
 865 007b 06       		.uleb128 0x6
 866 007c 40       		.uleb128 0x40
 867 007d 18       		.uleb128 0x18
 868 007e 9742     		.uleb128 0x2117
 869 0080 19       		.uleb128 0x19
 870 0081 01       		.uleb128 0x1
 871 0082 13       		.uleb128 0x13
 872 0083 00       		.byte	0
 873 0084 00       		.byte	0
 874 0085 0B       		.uleb128 0xb
 875 0086 05       		.uleb128 0x5
 876 0087 00       		.byte	0
 877 0088 03       		.uleb128 0x3
 878 0089 0E       		.uleb128 0xe
 879 008a 3A       		.uleb128 0x3a
 880 008b 0B       		.uleb128 0xb
 881 008c 3B       		.uleb128 0x3b
 882 008d 0B       		.uleb128 0xb
 883 008e 49       		.uleb128 0x49
 884 008f 13       		.uleb128 0x13
 885 0090 02       		.uleb128 0x2
 886 0091 18       		.uleb128 0x18
 887 0092 00       		.byte	0
ARM GAS  C:\Users\mikke\AppData\Local\Temp\ccf2UgOO.s 			page 20


 888 0093 00       		.byte	0
 889 0094 0C       		.uleb128 0xc
 890 0095 26       		.uleb128 0x26
 891 0096 00       		.byte	0
 892 0097 49       		.uleb128 0x49
 893 0098 13       		.uleb128 0x13
 894 0099 00       		.byte	0
 895 009a 00       		.byte	0
 896 009b 0D       		.uleb128 0xd
 897 009c 34       		.uleb128 0x34
 898 009d 00       		.byte	0
 899 009e 03       		.uleb128 0x3
 900 009f 0E       		.uleb128 0xe
 901 00a0 3A       		.uleb128 0x3a
 902 00a1 0B       		.uleb128 0xb
 903 00a2 3B       		.uleb128 0x3b
 904 00a3 0B       		.uleb128 0xb
 905 00a4 49       		.uleb128 0x49
 906 00a5 13       		.uleb128 0x13
 907 00a6 02       		.uleb128 0x2
 908 00a7 18       		.uleb128 0x18
 909 00a8 00       		.byte	0
 910 00a9 00       		.byte	0
 911 00aa 0E       		.uleb128 0xe
 912 00ab 2E       		.uleb128 0x2e
 913 00ac 01       		.byte	0x1
 914 00ad 3F       		.uleb128 0x3f
 915 00ae 19       		.uleb128 0x19
 916 00af 03       		.uleb128 0x3
 917 00b0 0E       		.uleb128 0xe
 918 00b1 3A       		.uleb128 0x3a
 919 00b2 0B       		.uleb128 0xb
 920 00b3 3B       		.uleb128 0x3b
 921 00b4 0B       		.uleb128 0xb
 922 00b5 27       		.uleb128 0x27
 923 00b6 19       		.uleb128 0x19
 924 00b7 49       		.uleb128 0x49
 925 00b8 13       		.uleb128 0x13
 926 00b9 11       		.uleb128 0x11
 927 00ba 01       		.uleb128 0x1
 928 00bb 12       		.uleb128 0x12
 929 00bc 06       		.uleb128 0x6
 930 00bd 40       		.uleb128 0x40
 931 00be 18       		.uleb128 0x18
 932 00bf 9742     		.uleb128 0x2117
 933 00c1 19       		.uleb128 0x19
 934 00c2 01       		.uleb128 0x1
 935 00c3 13       		.uleb128 0x13
 936 00c4 00       		.byte	0
 937 00c5 00       		.byte	0
 938 00c6 0F       		.uleb128 0xf
 939 00c7 34       		.uleb128 0x34
 940 00c8 00       		.byte	0
 941 00c9 03       		.uleb128 0x3
 942 00ca 0E       		.uleb128 0xe
 943 00cb 3A       		.uleb128 0x3a
 944 00cc 0B       		.uleb128 0xb
ARM GAS  C:\Users\mikke\AppData\Local\Temp\ccf2UgOO.s 			page 21


 945 00cd 3B       		.uleb128 0x3b
 946 00ce 05       		.uleb128 0x5
 947 00cf 49       		.uleb128 0x49
 948 00d0 13       		.uleb128 0x13
 949 00d1 3F       		.uleb128 0x3f
 950 00d2 19       		.uleb128 0x19
 951 00d3 3C       		.uleb128 0x3c
 952 00d4 19       		.uleb128 0x19
 953 00d5 00       		.byte	0
 954 00d6 00       		.byte	0
 955 00d7 00       		.byte	0
 956              		.section	.debug_aranges,"",%progbits
 957 0000 3C000000 		.4byte	0x3c
 958 0004 0200     		.2byte	0x2
 959 0006 00000000 		.4byte	.Ldebug_info0
 960 000a 04       		.byte	0x4
 961 000b 00       		.byte	0
 962 000c 0000     		.2byte	0
 963 000e 0000     		.2byte	0
 964 0010 00000000 		.4byte	.LFB68
 965 0014 3E000000 		.4byte	.LFE68-.LFB68
 966 0018 00000000 		.4byte	.LFB69
 967 001c 18000000 		.4byte	.LFE69-.LFB69
 968 0020 00000000 		.4byte	.LFB70
 969 0024 46000000 		.4byte	.LFE70-.LFB70
 970 0028 00000000 		.4byte	.LFB71
 971 002c 70000000 		.4byte	.LFE71-.LFB71
 972 0030 00000000 		.4byte	.LFB72
 973 0034 52000000 		.4byte	.LFE72-.LFB72
 974 0038 00000000 		.4byte	0
 975 003c 00000000 		.4byte	0
 976              		.section	.debug_ranges,"",%progbits
 977              	.Ldebug_ranges0:
 978 0000 00000000 		.4byte	.LFB68
 979 0004 3E000000 		.4byte	.LFE68
 980 0008 00000000 		.4byte	.LFB69
 981 000c 18000000 		.4byte	.LFE69
 982 0010 00000000 		.4byte	.LFB70
 983 0014 46000000 		.4byte	.LFE70
 984 0018 00000000 		.4byte	.LFB71
 985 001c 70000000 		.4byte	.LFE71
 986 0020 00000000 		.4byte	.LFB72
 987 0024 52000000 		.4byte	.LFE72
 988 0028 00000000 		.4byte	0
 989 002c 00000000 		.4byte	0
 990              		.section	.debug_line,"",%progbits
 991              	.Ldebug_line0:
 992 0000 18020000 		.section	.debug_str,"MS",%progbits,1
 992      02008E01 
 992      00000201 
 992      FB0E0D00 
 992      01010101 
 993              	.LASF19:
 994 0000 5469636B 		.ascii	"TickType_t\000"
 994      54797065 
 994      5F7400
 995              	.LASF44:
ARM GAS  C:\Users\mikke\AppData\Local\Temp\ccf2UgOO.s 			page 22


 996 000b 474E5520 		.ascii	"GNU C11 5.4.1 20160609 (release) [ARM/embedded-5-br"
 996      43313120 
 996      352E342E 
 996      31203230 
 996      31363036 
 997 003e 616E6368 		.ascii	"anch revision 237715] -mcpu=cortex-m3 -mthumb -g -O"
 997      20726576 
 997      6973696F 
 997      6E203233 
 997      37373135 
 998 0071 30202D66 		.ascii	"0 -ffunction-sections -ffat-lto-objects\000"
 998      66756E63 
 998      74696F6E 
 998      2D736563 
 998      74696F6E 
 999              	.LASF24:
 1000 0099 7076436F 		.ascii	"pvContainer\000"
 1000      6E746169 
 1000      6E657200 
 1001              	.LASF28:
 1002 00a5 7078496E 		.ascii	"pxIndex\000"
 1002      64657800 
 1003              	.LASF32:
 1004 00ad 4D696E69 		.ascii	"MiniListItem_t\000"
 1004      4C697374 
 1004      4974656D 
 1004      5F7400
 1005              	.LASF8:
 1006 00bc 5F5F696E 		.ascii	"__int32_t\000"
 1006      7433325F 
 1006      7400
 1007              	.LASF20:
 1008 00c6 78497465 		.ascii	"xItemValue\000"
 1008      6D56616C 
 1008      756500
 1009              	.LASF45:
 1010 00d1 536F7572 		.ascii	"Source\\list.c\000"
 1010      63655C6C 
 1010      6973742E 
 1010      6300
 1011              	.LASF29:
 1012 00df 784C6973 		.ascii	"xListEnd\000"
 1012      74456E64 
 1012      00
 1013              	.LASF23:
 1014 00e8 70764F77 		.ascii	"pvOwner\000"
 1014      6E657200 
 1015              	.LASF25:
 1016 00f0 784C4953 		.ascii	"xLIST_ITEM\000"
 1016      545F4954 
 1016      454D00
 1017              	.LASF14:
 1018 00fb 696E7433 		.ascii	"int32_t\000"
 1018      325F7400 
 1019              	.LASF16:
 1020 0103 666C6F61 		.ascii	"float\000"
 1020      7400
ARM GAS  C:\Users\mikke\AppData\Local\Temp\ccf2UgOO.s 			page 23


 1021              	.LASF46:
 1022 0109 433A5C43 		.ascii	"C:\\Code\\P4\\P4_Vertical_farm\\RTOS_TEMPLATE-maste"
 1022      6F64655C 
 1022      50345C50 
 1022      345F5665 
 1022      72746963 
 1023 0138 725C506C 		.ascii	"r\\PlanteModul.cydsn\000"
 1023      616E7465 
 1023      4D6F6475 
 1023      6C2E6379 
 1023      64736E00 
 1024              	.LASF4:
 1025 014c 756E7369 		.ascii	"unsigned char\000"
 1025      676E6564 
 1025      20636861 
 1025      7200
 1026              	.LASF10:
 1027 015a 6C6F6E67 		.ascii	"long unsigned int\000"
 1027      20756E73 
 1027      69676E65 
 1027      6420696E 
 1027      7400
 1028              	.LASF43:
 1029 016c 70784974 		.ascii	"pxItemToRemove\000"
 1029      656D546F 
 1029      52656D6F 
 1029      766500
 1030              	.LASF22:
 1031 017b 70785072 		.ascii	"pxPrevious\000"
 1031      6576696F 
 1031      757300
 1032              	.LASF48:
 1033 0186 49544D5F 		.ascii	"ITM_RxBuffer\000"
 1033      52784275 
 1033      66666572 
 1033      00
 1034              	.LASF35:
 1035 0193 764C6973 		.ascii	"vListInitialiseItem\000"
 1035      74496E69 
 1035      7469616C 
 1035      69736549 
 1035      74656D00 
 1036              	.LASF33:
 1037 01a7 4C697374 		.ascii	"List_t\000"
 1037      5F7400
 1038              	.LASF17:
 1039 01ae 646F7562 		.ascii	"double\000"
 1039      6C6500
 1040              	.LASF9:
 1041 01b5 5F5F7569 		.ascii	"__uint32_t\000"
 1041      6E743332 
 1041      5F7400
 1042              	.LASF27:
 1043 01c0 75784E75 		.ascii	"uxNumberOfItems\000"
 1043      6D626572 
 1043      4F664974 
 1043      656D7300 
ARM GAS  C:\Users\mikke\AppData\Local\Temp\ccf2UgOO.s 			page 24


 1044              	.LASF38:
 1045 01d0 764C6973 		.ascii	"vListInsertEnd\000"
 1045      74496E73 
 1045      65727445 
 1045      6E6400
 1046              	.LASF21:
 1047 01df 70784E65 		.ascii	"pxNext\000"
 1047      787400
 1048              	.LASF0:
 1049 01e6 756E7369 		.ascii	"unsigned int\000"
 1049      676E6564 
 1049      20696E74 
 1049      00
 1050              	.LASF34:
 1051 01f3 764C6973 		.ascii	"vListInitialise\000"
 1051      74496E69 
 1051      7469616C 
 1051      69736500 
 1052              	.LASF42:
 1053 0203 7856616C 		.ascii	"xValueOfInsertion\000"
 1053      75654F66 
 1053      496E7365 
 1053      7274696F 
 1053      6E00
 1054              	.LASF11:
 1055 0215 6C6F6E67 		.ascii	"long long unsigned int\000"
 1055      206C6F6E 
 1055      6720756E 
 1055      7369676E 
 1055      65642069 
 1056              	.LASF37:
 1057 022c 70784974 		.ascii	"pxItem\000"
 1057      656D00
 1058              	.LASF30:
 1059 0233 4C697374 		.ascii	"ListItem_t\000"
 1059      4974656D 
 1059      5F7400
 1060              	.LASF2:
 1061 023e 6C6F6E67 		.ascii	"long double\000"
 1061      20646F75 
 1061      626C6500 
 1062              	.LASF12:
 1063 024a 73697A65 		.ascii	"sizetype\000"
 1063      74797065 
 1063      00
 1064              	.LASF6:
 1065 0253 73686F72 		.ascii	"short unsigned int\000"
 1065      7420756E 
 1065      7369676E 
 1065      65642069 
 1065      6E7400
 1066              	.LASF1:
 1067 0266 6C6F6E67 		.ascii	"long long int\000"
 1067      206C6F6E 
 1067      6720696E 
 1067      7400
 1068              	.LASF13:
ARM GAS  C:\Users\mikke\AppData\Local\Temp\ccf2UgOO.s 			page 25


 1069 0274 63686172 		.ascii	"char\000"
 1069      00
 1070              	.LASF41:
 1071 0279 70784974 		.ascii	"pxIterator\000"
 1071      65726174 
 1071      6F7200
 1072              	.LASF5:
 1073 0284 73686F72 		.ascii	"short int\000"
 1073      7420696E 
 1073      7400
 1074              	.LASF15:
 1075 028e 75696E74 		.ascii	"uint32_t\000"
 1075      33325F74 
 1075      00
 1076              	.LASF7:
 1077 0297 6C6F6E67 		.ascii	"long int\000"
 1077      20696E74 
 1077      00
 1078              	.LASF47:
 1079 02a0 75784C69 		.ascii	"uxListRemove\000"
 1079      73745265 
 1079      6D6F7665 
 1079      00
 1080              	.LASF31:
 1081 02ad 784D494E 		.ascii	"xMINI_LIST_ITEM\000"
 1081      495F4C49 
 1081      53545F49 
 1081      54454D00 
 1082              	.LASF3:
 1083 02bd 7369676E 		.ascii	"signed char\000"
 1083      65642063 
 1083      68617200 
 1084              	.LASF36:
 1085 02c9 70784C69 		.ascii	"pxList\000"
 1085      737400
 1086              	.LASF26:
 1087 02d0 784C4953 		.ascii	"xLIST\000"
 1087      5400
 1088              	.LASF18:
 1089 02d6 55426173 		.ascii	"UBaseType_t\000"
 1089      65547970 
 1089      655F7400 
 1090              	.LASF39:
 1091 02e2 70784E65 		.ascii	"pxNewListItem\000"
 1091      774C6973 
 1091      74497465 
 1091      6D00
 1092              	.LASF40:
 1093 02f0 764C6973 		.ascii	"vListInsert\000"
 1093      74496E73 
 1093      65727400 
 1094              		.ident	"GCC: (GNU Tools for ARM Embedded Processors) 5.4.1 20160609 (release) [ARM/embedded-5-bran
