ARM GAS  C:\Users\mag94\AppData\Local\Temp\cci7MTUe.s 			page 1


   1              		.syntax unified
   2              		.cpu cortex-m3
   3              		.fpu softvfp
   4              		.eabi_attribute 20, 1
   5              		.eabi_attribute 21, 1
   6              		.eabi_attribute 23, 3
   7              		.eabi_attribute 24, 1
   8              		.eabi_attribute 25, 1
   9              		.eabi_attribute 26, 1
  10              		.eabi_attribute 30, 6
  11              		.eabi_attribute 34, 1
  12              		.eabi_attribute 18, 4
  13              		.thumb
  14              		.syntax unified
  15              		.file	"SCD30.c"
  16              		.text
  17              	.Ltext0:
  18              		.cfi_sections	.debug_frame
  19              		.comm	DS18x8_Sensor,32,4
  20              		.comm	DS18x8_DataReady,1,1
  21              		.global	devAddr
  22              		.data
  23              		.type	devAddr, %object
  24              		.size	devAddr, 1
  25              	devAddr:
  26 0000 61       		.byte	97
  27              		.section	.text.SCD30_initialize,"ax",%progbits
  28              		.align	2
  29              		.global	SCD30_initialize
  30              		.thumb
  31              		.thumb_func
  32              		.type	SCD30_initialize, %function
  33              	SCD30_initialize:
  34              	.LFB63:
  35              		.file 1 "..\\..\\SCD30\\SCD30.cydsn\\SCD30.c"
   1:..\..\SCD30\SCD30.cydsn/SCD30.c **** /* ========================================
   2:..\..\SCD30\SCD30.cydsn/SCD30.c ****  *
   3:..\..\SCD30\SCD30.cydsn/SCD30.c ****  * Copyright YOUR COMPANY, THE YEAR
   4:..\..\SCD30\SCD30.cydsn/SCD30.c ****  * All Rights Reserved
   5:..\..\SCD30\SCD30.cydsn/SCD30.c ****  * UNPUBLISHED, LICENSED SOFTWARE.
   6:..\..\SCD30\SCD30.cydsn/SCD30.c ****  *
   7:..\..\SCD30\SCD30.cydsn/SCD30.c ****  * CONFIDENTIAL AND PROPRIETARY INFORMATION
   8:..\..\SCD30\SCD30.cydsn/SCD30.c ****  * WHICH IS THE PROPERTY OF your company.
   9:..\..\SCD30\SCD30.cydsn/SCD30.c ****  *
  10:..\..\SCD30\SCD30.cydsn/SCD30.c ****  * ========================================
  11:..\..\SCD30\SCD30.cydsn/SCD30.c **** */
  12:..\..\SCD30\SCD30.cydsn/SCD30.c **** #include "project.h"
  13:..\..\SCD30\SCD30.cydsn/SCD30.c **** #include "SCD30.h"
  14:..\..\SCD30\SCD30.cydsn/SCD30.c **** 
  15:..\..\SCD30\SCD30.cydsn/SCD30.c **** 
  16:..\..\SCD30\SCD30.cydsn/SCD30.c ****      uint8_t devAddr = SCD30_I2C_ADDRESS;
  17:..\..\SCD30\SCD30.cydsn/SCD30.c **** 
  18:..\..\SCD30\SCD30.cydsn/SCD30.c **** 
  19:..\..\SCD30\SCD30.cydsn/SCD30.c **** void SCD30_initialize(void) {
  36              		.loc 1 19 0
  37              		.cfi_startproc
  38              		@ args = 0, pretend = 0, frame = 0
ARM GAS  C:\Users\mag94\AppData\Local\Temp\cci7MTUe.s 			page 2


  39              		@ frame_needed = 1, uses_anonymous_args = 0
  40 0000 80B5     		push	{r7, lr}
  41              		.cfi_def_cfa_offset 8
  42              		.cfi_offset 7, -8
  43              		.cfi_offset 14, -4
  44 0002 00AF     		add	r7, sp, #0
  45              		.cfi_def_cfa_register 7
  20:..\..\SCD30\SCD30.cydsn/SCD30.c ****     //Set temperature offset。
  21:..\..\SCD30\SCD30.cydsn/SCD30.c ****     //setTemperatureOffset(0);
  22:..\..\SCD30\SCD30.cydsn/SCD30.c **** 
  23:..\..\SCD30\SCD30.cydsn/SCD30.c ****     SCD30_setMeasurementInterval(2); // 2 seconds between measurements
  46              		.loc 1 23 0
  47 0004 0220     		movs	r0, #2
  48 0006 FFF7FEFF 		bl	SCD30_setMeasurementInterval
  24:..\..\SCD30\SCD30.cydsn/SCD30.c ****     SCD30_startPeriodicMeasurment(); // start periodic measuments
  49              		.loc 1 24 0
  50 000a FFF7FEFF 		bl	SCD30_startPeriodicMeasurment
  25:..\..\SCD30\SCD30.cydsn/SCD30.c **** 
  26:..\..\SCD30\SCD30.cydsn/SCD30.c ****     //setAutoSelfCalibration(true); // Enable auto-self-calibration
  27:..\..\SCD30\SCD30.cydsn/SCD30.c **** }
  51              		.loc 1 27 0
  52 000e 00BF     		nop
  53 0010 80BD     		pop	{r7, pc}
  54              		.cfi_endproc
  55              	.LFE63:
  56              		.size	SCD30_initialize, .-SCD30_initialize
  57 0012 00BF     		.section	.text.SCD30_setTemperatureOffset,"ax",%progbits
  58              		.align	2
  59              		.global	SCD30_setTemperatureOffset
  60              		.thumb
  61              		.thumb_func
  62              		.type	SCD30_setTemperatureOffset, %function
  63              	SCD30_setTemperatureOffset:
  64              	.LFB64:
  28:..\..\SCD30\SCD30.cydsn/SCD30.c **** 
  29:..\..\SCD30\SCD30.cydsn/SCD30.c **** 
  30:..\..\SCD30\SCD30.cydsn/SCD30.c **** void SCD30_setTemperatureOffset(uint16_t offset) {
  65              		.loc 1 30 0
  66              		.cfi_startproc
  67              		@ args = 0, pretend = 0, frame = 8
  68              		@ frame_needed = 1, uses_anonymous_args = 0
  69 0000 80B5     		push	{r7, lr}
  70              		.cfi_def_cfa_offset 8
  71              		.cfi_offset 7, -8
  72              		.cfi_offset 14, -4
  73 0002 82B0     		sub	sp, sp, #8
  74              		.cfi_def_cfa_offset 16
  75 0004 00AF     		add	r7, sp, #0
  76              		.cfi_def_cfa_register 7
  77 0006 0346     		mov	r3, r0
  78 0008 FB80     		strh	r3, [r7, #6]	@ movhi
  31:..\..\SCD30\SCD30.cydsn/SCD30.c ****     SCD30_writeCommandWithArguments(SCD30_SET_TEMP_OFFSET, offset);
  79              		.loc 1 31 0
  80 000a FB88     		ldrh	r3, [r7, #6]
  81 000c 1946     		mov	r1, r3
  82 000e 45F20340 		movw	r0, #21507
  83 0012 FFF7FEFF 		bl	SCD30_writeCommandWithArguments
ARM GAS  C:\Users\mag94\AppData\Local\Temp\cci7MTUe.s 			page 3


  32:..\..\SCD30\SCD30.cydsn/SCD30.c **** }
  84              		.loc 1 32 0
  85 0016 00BF     		nop
  86 0018 0837     		adds	r7, r7, #8
  87              		.cfi_def_cfa_offset 8
  88 001a BD46     		mov	sp, r7
  89              		.cfi_def_cfa_register 13
  90              		@ sp needed
  91 001c 80BD     		pop	{r7, pc}
  92              		.cfi_endproc
  93              	.LFE64:
  94              		.size	SCD30_setTemperatureOffset, .-SCD30_setTemperatureOffset
  95 001e 00BF     		.section	.text.SCD30_isAvailable,"ax",%progbits
  96              		.align	2
  97              		.global	SCD30_isAvailable
  98              		.thumb
  99              		.thumb_func
 100              		.type	SCD30_isAvailable, %function
 101              	SCD30_isAvailable:
 102              	.LFB65:
  33:..\..\SCD30\SCD30.cydsn/SCD30.c **** 
  34:..\..\SCD30\SCD30.cydsn/SCD30.c **** _Bool SCD30_isAvailable(void) {
 103              		.loc 1 34 0
 104              		.cfi_startproc
 105              		@ args = 0, pretend = 0, frame = 0
 106              		@ frame_needed = 1, uses_anonymous_args = 0
 107 0000 80B5     		push	{r7, lr}
 108              		.cfi_def_cfa_offset 8
 109              		.cfi_offset 7, -8
 110              		.cfi_offset 14, -4
 111 0002 00AF     		add	r7, sp, #0
 112              		.cfi_def_cfa_register 7
  35:..\..\SCD30\SCD30.cydsn/SCD30.c ****     return SCD30_readRegister(SCD30_GET_DATA_READY);
 113              		.loc 1 35 0
 114 0004 40F20220 		movw	r0, #514
 115 0008 FFF7FEFF 		bl	SCD30_readRegister
 116 000c 0346     		mov	r3, r0
 117 000e 002B     		cmp	r3, #0
 118 0010 14BF     		ite	ne
 119 0012 0123     		movne	r3, #1
 120 0014 0023     		moveq	r3, #0
 121 0016 DBB2     		uxtb	r3, r3
  36:..\..\SCD30\SCD30.cydsn/SCD30.c **** }
 122              		.loc 1 36 0
 123 0018 1846     		mov	r0, r3
 124 001a 80BD     		pop	{r7, pc}
 125              		.cfi_endproc
 126              	.LFE65:
 127              		.size	SCD30_isAvailable, .-SCD30_isAvailable
 128              		.section	.text.SCD30_setAutoSelfCalibration,"ax",%progbits
 129              		.align	2
 130              		.global	SCD30_setAutoSelfCalibration
 131              		.thumb
 132              		.thumb_func
 133              		.type	SCD30_setAutoSelfCalibration, %function
 134              	SCD30_setAutoSelfCalibration:
 135              	.LFB66:
ARM GAS  C:\Users\mag94\AppData\Local\Temp\cci7MTUe.s 			page 4


  37:..\..\SCD30\SCD30.cydsn/SCD30.c **** 
  38:..\..\SCD30\SCD30.cydsn/SCD30.c **** void SCD30_setAutoSelfCalibration(_Bool enable) {
 136              		.loc 1 38 0
 137              		.cfi_startproc
 138              		@ args = 0, pretend = 0, frame = 8
 139              		@ frame_needed = 1, uses_anonymous_args = 0
 140 0000 80B5     		push	{r7, lr}
 141              		.cfi_def_cfa_offset 8
 142              		.cfi_offset 7, -8
 143              		.cfi_offset 14, -4
 144 0002 82B0     		sub	sp, sp, #8
 145              		.cfi_def_cfa_offset 16
 146 0004 00AF     		add	r7, sp, #0
 147              		.cfi_def_cfa_register 7
 148 0006 0346     		mov	r3, r0
 149 0008 FB71     		strb	r3, [r7, #7]
  39:..\..\SCD30\SCD30.cydsn/SCD30.c ****     if (enable) {
 150              		.loc 1 39 0
 151 000a FB79     		ldrb	r3, [r7, #7]	@ zero_extendqisi2
 152 000c 002B     		cmp	r3, #0
 153 000e 05D0     		beq	.L6
  40:..\..\SCD30\SCD30.cydsn/SCD30.c ****         SCD30_writeCommandWithArguments(SCD30_AUTOMATIC_SELF_CALIBRATION, 1);    //Activate continu
 154              		.loc 1 40 0
 155 0010 0121     		movs	r1, #1
 156 0012 45F20630 		movw	r0, #21254
 157 0016 FFF7FEFF 		bl	SCD30_writeCommandWithArguments
  41:..\..\SCD30\SCD30.cydsn/SCD30.c ****     } else {
  42:..\..\SCD30\SCD30.cydsn/SCD30.c ****         SCD30_writeCommandWithArguments(SCD30_AUTOMATIC_SELF_CALIBRATION, 0);    //Deactivate conti
  43:..\..\SCD30\SCD30.cydsn/SCD30.c ****     }
  44:..\..\SCD30\SCD30.cydsn/SCD30.c **** }
 158              		.loc 1 44 0
 159 001a 04E0     		b	.L8
 160              	.L6:
  42:..\..\SCD30\SCD30.cydsn/SCD30.c ****     }
 161              		.loc 1 42 0
 162 001c 0021     		movs	r1, #0
 163 001e 45F20630 		movw	r0, #21254
 164 0022 FFF7FEFF 		bl	SCD30_writeCommandWithArguments
 165              	.L8:
 166              		.loc 1 44 0
 167 0026 00BF     		nop
 168 0028 0837     		adds	r7, r7, #8
 169              		.cfi_def_cfa_offset 8
 170 002a BD46     		mov	sp, r7
 171              		.cfi_def_cfa_register 13
 172              		@ sp needed
 173 002c 80BD     		pop	{r7, pc}
 174              		.cfi_endproc
 175              	.LFE66:
 176              		.size	SCD30_setAutoSelfCalibration, .-SCD30_setAutoSelfCalibration
 177 002e 00BF     		.section	.text.SCD30_setMeasurementInterval,"ax",%progbits
 178              		.align	2
 179              		.global	SCD30_setMeasurementInterval
 180              		.thumb
 181              		.thumb_func
 182              		.type	SCD30_setMeasurementInterval, %function
 183              	SCD30_setMeasurementInterval:
ARM GAS  C:\Users\mag94\AppData\Local\Temp\cci7MTUe.s 			page 5


 184              	.LFB67:
  45:..\..\SCD30\SCD30.cydsn/SCD30.c **** 
  46:..\..\SCD30\SCD30.cydsn/SCD30.c **** void SCD30_setMeasurementInterval(uint16_t interval) {
 185              		.loc 1 46 0
 186              		.cfi_startproc
 187              		@ args = 0, pretend = 0, frame = 8
 188              		@ frame_needed = 1, uses_anonymous_args = 0
 189 0000 80B5     		push	{r7, lr}
 190              		.cfi_def_cfa_offset 8
 191              		.cfi_offset 7, -8
 192              		.cfi_offset 14, -4
 193 0002 82B0     		sub	sp, sp, #8
 194              		.cfi_def_cfa_offset 16
 195 0004 00AF     		add	r7, sp, #0
 196              		.cfi_def_cfa_register 7
 197 0006 0346     		mov	r3, r0
 198 0008 FB80     		strh	r3, [r7, #6]	@ movhi
  47:..\..\SCD30\SCD30.cydsn/SCD30.c ****     SCD30_writeCommandWithArguments(SCD30_SET_MEASUREMENT_INTERVAL, interval);
 199              		.loc 1 47 0
 200 000a FB88     		ldrh	r3, [r7, #6]
 201 000c 1946     		mov	r1, r3
 202 000e 4FF48C40 		mov	r0, #17920
 203 0012 FFF7FEFF 		bl	SCD30_writeCommandWithArguments
  48:..\..\SCD30\SCD30.cydsn/SCD30.c **** }
 204              		.loc 1 48 0
 205 0016 00BF     		nop
 206 0018 0837     		adds	r7, r7, #8
 207              		.cfi_def_cfa_offset 8
 208 001a BD46     		mov	sp, r7
 209              		.cfi_def_cfa_register 13
 210              		@ sp needed
 211 001c 80BD     		pop	{r7, pc}
 212              		.cfi_endproc
 213              	.LFE67:
 214              		.size	SCD30_setMeasurementInterval, .-SCD30_setMeasurementInterval
 215 001e 00BF     		.section	.text.SCD30_startPeriodicMeasurment,"ax",%progbits
 216              		.align	2
 217              		.global	SCD30_startPeriodicMeasurment
 218              		.thumb
 219              		.thumb_func
 220              		.type	SCD30_startPeriodicMeasurment, %function
 221              	SCD30_startPeriodicMeasurment:
 222              	.LFB68:
  49:..\..\SCD30\SCD30.cydsn/SCD30.c **** 
  50:..\..\SCD30\SCD30.cydsn/SCD30.c **** void SCD30_startPeriodicMeasurment(void) {
 223              		.loc 1 50 0
 224              		.cfi_startproc
 225              		@ args = 0, pretend = 0, frame = 0
 226              		@ frame_needed = 1, uses_anonymous_args = 0
 227 0000 80B5     		push	{r7, lr}
 228              		.cfi_def_cfa_offset 8
 229              		.cfi_offset 7, -8
 230              		.cfi_offset 14, -4
 231 0002 00AF     		add	r7, sp, #0
 232              		.cfi_def_cfa_register 7
  51:..\..\SCD30\SCD30.cydsn/SCD30.c ****     SCD30_writeCommandWithArguments(SCD30_CONTINUOUS_MEASUREMENT, 0x0000);
 233              		.loc 1 51 0
ARM GAS  C:\Users\mag94\AppData\Local\Temp\cci7MTUe.s 			page 6


 234 0004 0021     		movs	r1, #0
 235 0006 1020     		movs	r0, #16
 236 0008 FFF7FEFF 		bl	SCD30_writeCommandWithArguments
  52:..\..\SCD30\SCD30.cydsn/SCD30.c **** }
 237              		.loc 1 52 0
 238 000c 00BF     		nop
 239 000e 80BD     		pop	{r7, pc}
 240              		.cfi_endproc
 241              	.LFE68:
 242              		.size	SCD30_startPeriodicMeasurment, .-SCD30_startPeriodicMeasurment
 243              		.section	.text.SCD30_stopMeasurement,"ax",%progbits
 244              		.align	2
 245              		.global	SCD30_stopMeasurement
 246              		.thumb
 247              		.thumb_func
 248              		.type	SCD30_stopMeasurement, %function
 249              	SCD30_stopMeasurement:
 250              	.LFB69:
  53:..\..\SCD30\SCD30.cydsn/SCD30.c **** 
  54:..\..\SCD30\SCD30.cydsn/SCD30.c **** void SCD30_stopMeasurement(void) {
 251              		.loc 1 54 0
 252              		.cfi_startproc
 253              		@ args = 0, pretend = 0, frame = 0
 254              		@ frame_needed = 1, uses_anonymous_args = 0
 255 0000 80B5     		push	{r7, lr}
 256              		.cfi_def_cfa_offset 8
 257              		.cfi_offset 7, -8
 258              		.cfi_offset 14, -4
 259 0002 00AF     		add	r7, sp, #0
 260              		.cfi_def_cfa_register 7
  55:..\..\SCD30\SCD30.cydsn/SCD30.c ****    SCD30_writeCommand(SCD30_STOP_MEASUREMENT);
 261              		.loc 1 55 0
 262 0004 4FF48270 		mov	r0, #260
 263 0008 FFF7FEFF 		bl	SCD30_writeCommand
  56:..\..\SCD30\SCD30.cydsn/SCD30.c **** }
 264              		.loc 1 56 0
 265 000c 00BF     		nop
 266 000e 80BD     		pop	{r7, pc}
 267              		.cfi_endproc
 268              	.LFE69:
 269              		.size	SCD30_stopMeasurement, .-SCD30_stopMeasurement
 270              		.section	.text.SCD30_getCarbonDioxideConcentration,"ax",%progbits
 271              		.align	2
 272              		.global	SCD30_getCarbonDioxideConcentration
 273              		.thumb
 274              		.thumb_func
 275              		.type	SCD30_getCarbonDioxideConcentration, %function
 276              	SCD30_getCarbonDioxideConcentration:
 277              	.LFB70:
  57:..\..\SCD30\SCD30.cydsn/SCD30.c **** 
  58:..\..\SCD30\SCD30.cydsn/SCD30.c **** void SCD30_getCarbonDioxideConcentration(float* result) {
 278              		.loc 1 58 0
 279              		.cfi_startproc
 280              		@ args = 0, pretend = 0, frame = 56
 281              		@ frame_needed = 1, uses_anonymous_args = 0
 282 0000 80B5     		push	{r7, lr}
 283              		.cfi_def_cfa_offset 8
ARM GAS  C:\Users\mag94\AppData\Local\Temp\cci7MTUe.s 			page 7


 284              		.cfi_offset 7, -8
 285              		.cfi_offset 14, -4
 286 0002 8EB0     		sub	sp, sp, #56
 287              		.cfi_def_cfa_offset 64
 288 0004 00AF     		add	r7, sp, #0
 289              		.cfi_def_cfa_register 7
 290 0006 7860     		str	r0, [r7, #4]
  59:..\..\SCD30\SCD30.cydsn/SCD30.c ****     uint8_t buf[18] = { 0 };
 291              		.loc 1 59 0
 292 0008 07F11803 		add	r3, r7, #24
 293 000c 0022     		movs	r2, #0
 294 000e 1A60     		str	r2, [r3]
 295 0010 5A60     		str	r2, [r3, #4]
 296 0012 9A60     		str	r2, [r3, #8]
 297 0014 DA60     		str	r2, [r3, #12]
 298 0016 1A82     		strh	r2, [r3, #16]	@ movhi
  60:..\..\SCD30\SCD30.cydsn/SCD30.c ****     uint32_t co2U32 = 0;
 299              		.loc 1 60 0
 300 0018 0023     		movs	r3, #0
 301 001a 7B61     		str	r3, [r7, #20]
  61:..\..\SCD30\SCD30.cydsn/SCD30.c ****     uint32_t tempU32 = 0;
 302              		.loc 1 61 0
 303 001c 0023     		movs	r3, #0
 304 001e 3B61     		str	r3, [r7, #16]
  62:..\..\SCD30\SCD30.cydsn/SCD30.c ****     uint32_t humU32 = 0;
 305              		.loc 1 62 0
 306 0020 0023     		movs	r3, #0
 307 0022 FB60     		str	r3, [r7, #12]
  63:..\..\SCD30\SCD30.cydsn/SCD30.c ****     float co2Concentration = 0;
 308              		.loc 1 63 0
 309 0024 4FF00003 		mov	r3, #0
 310 0028 7B63     		str	r3, [r7, #52]	@ float
  64:..\..\SCD30\SCD30.cydsn/SCD30.c ****     float temperature = 0;
 311              		.loc 1 64 0
 312 002a 4FF00003 		mov	r3, #0
 313 002e 3B63     		str	r3, [r7, #48]	@ float
  65:..\..\SCD30\SCD30.cydsn/SCD30.c ****     float humidity = 0;
 314              		.loc 1 65 0
 315 0030 4FF00003 		mov	r3, #0
 316 0034 FB62     		str	r3, [r7, #44]	@ float
  66:..\..\SCD30\SCD30.cydsn/SCD30.c **** 
  67:..\..\SCD30\SCD30.cydsn/SCD30.c ****     SCD30_writeCommand(SCD30_READ_MEASUREMENT);
 317              		.loc 1 67 0
 318 0036 4FF44070 		mov	r0, #768
 319 003a FFF7FEFF 		bl	SCD30_writeCommand
  68:..\..\SCD30\SCD30.cydsn/SCD30.c ****     SCD30_readBuffer(buf, 18);
 320              		.loc 1 68 0
 321 003e 07F11803 		add	r3, r7, #24
 322 0042 1221     		movs	r1, #18
 323 0044 1846     		mov	r0, r3
 324 0046 FFF7FEFF 		bl	SCD30_readBuffer
  69:..\..\SCD30\SCD30.cydsn/SCD30.c **** 
  70:..\..\SCD30\SCD30.cydsn/SCD30.c ****     co2U32 = (uint32_t)((((uint32_t)buf[0]) << 24) | (((uint32_t)buf[1]) << 16) |
 325              		.loc 1 70 0
 326 004a 3B7E     		ldrb	r3, [r7, #24]	@ zero_extendqisi2
 327 004c 1A06     		lsls	r2, r3, #24
 328 004e 7B7E     		ldrb	r3, [r7, #25]	@ zero_extendqisi2
ARM GAS  C:\Users\mag94\AppData\Local\Temp\cci7MTUe.s 			page 8


 329 0050 1B04     		lsls	r3, r3, #16
 330 0052 1A43     		orrs	r2, r2, r3
  71:..\..\SCD30\SCD30.cydsn/SCD30.c ****                         (((uint32_t)buf[3]) << 8) | ((uint32_t)buf[4]));
 331              		.loc 1 71 0
 332 0054 FB7E     		ldrb	r3, [r7, #27]	@ zero_extendqisi2
 333 0056 1B02     		lsls	r3, r3, #8
  70:..\..\SCD30\SCD30.cydsn/SCD30.c ****                         (((uint32_t)buf[3]) << 8) | ((uint32_t)buf[4]));
 334              		.loc 1 70 0
 335 0058 1343     		orrs	r3, r3, r2
 336              		.loc 1 71 0
 337 005a 3A7F     		ldrb	r2, [r7, #28]	@ zero_extendqisi2
  70:..\..\SCD30\SCD30.cydsn/SCD30.c ****                         (((uint32_t)buf[3]) << 8) | ((uint32_t)buf[4]));
 338              		.loc 1 70 0
 339 005c 1343     		orrs	r3, r3, r2
 340 005e 7B61     		str	r3, [r7, #20]
  72:..\..\SCD30\SCD30.cydsn/SCD30.c **** 
  73:..\..\SCD30\SCD30.cydsn/SCD30.c ****     tempU32 = (uint32_t)((((uint32_t)buf[6]) << 24) | (((uint32_t)buf[7]) << 16) |
 341              		.loc 1 73 0
 342 0060 BB7F     		ldrb	r3, [r7, #30]	@ zero_extendqisi2
 343 0062 1A06     		lsls	r2, r3, #24
 344 0064 FB7F     		ldrb	r3, [r7, #31]	@ zero_extendqisi2
 345 0066 1B04     		lsls	r3, r3, #16
 346 0068 1A43     		orrs	r2, r2, r3
  74:..\..\SCD30\SCD30.cydsn/SCD30.c ****                          (((uint32_t)buf[9]) << 8) | ((uint32_t)buf[10]));
 347              		.loc 1 74 0
 348 006a 97F82130 		ldrb	r3, [r7, #33]	@ zero_extendqisi2
 349 006e 1B02     		lsls	r3, r3, #8
  73:..\..\SCD30\SCD30.cydsn/SCD30.c ****                          (((uint32_t)buf[9]) << 8) | ((uint32_t)buf[10]));
 350              		.loc 1 73 0
 351 0070 1343     		orrs	r3, r3, r2
 352              		.loc 1 74 0
 353 0072 97F82220 		ldrb	r2, [r7, #34]	@ zero_extendqisi2
  73:..\..\SCD30\SCD30.cydsn/SCD30.c ****                          (((uint32_t)buf[9]) << 8) | ((uint32_t)buf[10]));
 354              		.loc 1 73 0
 355 0076 1343     		orrs	r3, r3, r2
 356 0078 3B61     		str	r3, [r7, #16]
  75:..\..\SCD30\SCD30.cydsn/SCD30.c **** 
  76:..\..\SCD30\SCD30.cydsn/SCD30.c ****     humU32 = (uint32_t)((((uint32_t)buf[12]) << 24) | (((uint32_t)buf[13]) << 16) |
 357              		.loc 1 76 0
 358 007a 97F82430 		ldrb	r3, [r7, #36]	@ zero_extendqisi2
 359 007e 1A06     		lsls	r2, r3, #24
 360 0080 97F82530 		ldrb	r3, [r7, #37]	@ zero_extendqisi2
 361 0084 1B04     		lsls	r3, r3, #16
 362 0086 1A43     		orrs	r2, r2, r3
  77:..\..\SCD30\SCD30.cydsn/SCD30.c ****                         (((uint32_t)buf[15]) << 8) | ((uint32_t)buf[16]));
 363              		.loc 1 77 0
 364 0088 97F82730 		ldrb	r3, [r7, #39]	@ zero_extendqisi2
 365 008c 1B02     		lsls	r3, r3, #8
  76:..\..\SCD30\SCD30.cydsn/SCD30.c ****                         (((uint32_t)buf[15]) << 8) | ((uint32_t)buf[16]));
 366              		.loc 1 76 0
 367 008e 1343     		orrs	r3, r3, r2
 368              		.loc 1 77 0
 369 0090 97F82820 		ldrb	r2, [r7, #40]	@ zero_extendqisi2
  76:..\..\SCD30\SCD30.cydsn/SCD30.c ****                         (((uint32_t)buf[15]) << 8) | ((uint32_t)buf[16]));
 370              		.loc 1 76 0
 371 0094 1343     		orrs	r3, r3, r2
 372 0096 FB60     		str	r3, [r7, #12]
ARM GAS  C:\Users\mag94\AppData\Local\Temp\cci7MTUe.s 			page 9


  78:..\..\SCD30\SCD30.cydsn/SCD30.c **** 
  79:..\..\SCD30\SCD30.cydsn/SCD30.c ****     memcpy(&result[0], &co2U32, sizeof(co2Concentration));
 373              		.loc 1 79 0
 374 0098 07F11403 		add	r3, r7, #20
 375 009c 0422     		movs	r2, #4
 376 009e 1946     		mov	r1, r3
 377 00a0 7868     		ldr	r0, [r7, #4]
 378 00a2 FFF7FEFF 		bl	memcpy
  80:..\..\SCD30\SCD30.cydsn/SCD30.c ****     memcpy(&result[1], &tempU32, sizeof(temperature));
 379              		.loc 1 80 0
 380 00a6 7B68     		ldr	r3, [r7, #4]
 381 00a8 0433     		adds	r3, r3, #4
 382 00aa 07F11001 		add	r1, r7, #16
 383 00ae 0422     		movs	r2, #4
 384 00b0 1846     		mov	r0, r3
 385 00b2 FFF7FEFF 		bl	memcpy
  81:..\..\SCD30\SCD30.cydsn/SCD30.c ****     memcpy(&result[2], &humU32, sizeof(humidity));
 386              		.loc 1 81 0
 387 00b6 7B68     		ldr	r3, [r7, #4]
 388 00b8 0833     		adds	r3, r3, #8
 389 00ba 07F10C01 		add	r1, r7, #12
 390 00be 0422     		movs	r2, #4
 391 00c0 1846     		mov	r0, r3
 392 00c2 FFF7FEFF 		bl	memcpy
  82:..\..\SCD30\SCD30.cydsn/SCD30.c **** 
  83:..\..\SCD30\SCD30.cydsn/SCD30.c **** }
 393              		.loc 1 83 0
 394 00c6 00BF     		nop
 395 00c8 3837     		adds	r7, r7, #56
 396              		.cfi_def_cfa_offset 8
 397 00ca BD46     		mov	sp, r7
 398              		.cfi_def_cfa_register 13
 399              		@ sp needed
 400 00cc 80BD     		pop	{r7, pc}
 401              		.cfi_endproc
 402              	.LFE70:
 403              		.size	SCD30_getCarbonDioxideConcentration, .-SCD30_getCarbonDioxideConcentration
 404 00ce 00BF     		.section	.text.SCD30_writeCommand,"ax",%progbits
 405              		.align	2
 406              		.global	SCD30_writeCommand
 407              		.thumb
 408              		.thumb_func
 409              		.type	SCD30_writeCommand, %function
 410              	SCD30_writeCommand:
 411              	.LFB71:
  84:..\..\SCD30\SCD30.cydsn/SCD30.c **** 
  85:..\..\SCD30\SCD30.cydsn/SCD30.c **** void SCD30_writeCommand(uint16_t command) {
 412              		.loc 1 85 0
 413              		.cfi_startproc
 414              		@ args = 0, pretend = 0, frame = 16
 415              		@ frame_needed = 1, uses_anonymous_args = 0
 416 0000 80B5     		push	{r7, lr}
 417              		.cfi_def_cfa_offset 8
 418              		.cfi_offset 7, -8
 419              		.cfi_offset 14, -4
 420 0002 84B0     		sub	sp, sp, #16
 421              		.cfi_def_cfa_offset 24
ARM GAS  C:\Users\mag94\AppData\Local\Temp\cci7MTUe.s 			page 10


 422 0004 00AF     		add	r7, sp, #0
 423              		.cfi_def_cfa_register 7
 424 0006 0346     		mov	r3, r0
 425 0008 FB80     		strh	r3, [r7, #6]	@ movhi
  86:..\..\SCD30\SCD30.cydsn/SCD30.c ****     uint8_t buf [2];
  87:..\..\SCD30\SCD30.cydsn/SCD30.c ****     buf[0] = command >> 8;
 426              		.loc 1 87 0
 427 000a FB88     		ldrh	r3, [r7, #6]
 428 000c 1B0A     		lsrs	r3, r3, #8
 429 000e 9BB2     		uxth	r3, r3
 430 0010 DBB2     		uxtb	r3, r3
 431 0012 3B73     		strb	r3, [r7, #12]
  88:..\..\SCD30\SCD30.cydsn/SCD30.c ****     buf[1] = command;
 432              		.loc 1 88 0
 433 0014 FB88     		ldrh	r3, [r7, #6]	@ movhi
 434 0016 DBB2     		uxtb	r3, r3
 435 0018 7B73     		strb	r3, [r7, #13]
  89:..\..\SCD30\SCD30.cydsn/SCD30.c ****     
  90:..\..\SCD30\SCD30.cydsn/SCD30.c ****     I2C_1_MasterWriteBuf(SCD30_I2C_ADDRESS, buf, 2, I2C_1_MODE_COMPLETE_XFER);
 436              		.loc 1 90 0
 437 001a 07F10C01 		add	r1, r7, #12
 438 001e 0023     		movs	r3, #0
 439 0020 0222     		movs	r2, #2
 440 0022 6120     		movs	r0, #97
 441 0024 FFF7FEFF 		bl	I2C_1_MasterWriteBuf
 442              	.L16:
  91:..\..\SCD30\SCD30.cydsn/SCD30.c ****     for(;;){
  92:..\..\SCD30\SCD30.cydsn/SCD30.c ****             if(0u != (I2C_1_MasterStatus() & I2C_1_MSTAT_WR_CMPLT))
 443              		.loc 1 92 0
 444 0028 FFF7FEFF 		bl	I2C_1_MasterStatus
 445 002c 0346     		mov	r3, r0
 446 002e 03F00203 		and	r3, r3, #2
 447 0032 002B     		cmp	r3, #0
 448 0034 00D1     		bne	.L18
  93:..\..\SCD30\SCD30.cydsn/SCD30.c ****                 {
  94:..\..\SCD30\SCD30.cydsn/SCD30.c ****                 break;
  95:..\..\SCD30\SCD30.cydsn/SCD30.c ****                 }
  96:..\..\SCD30\SCD30.cydsn/SCD30.c ****             }
 449              		.loc 1 96 0
 450 0036 F7E7     		b	.L16
 451              	.L18:
  94:..\..\SCD30\SCD30.cydsn/SCD30.c ****                 }
 452              		.loc 1 94 0
 453 0038 00BF     		nop
  97:..\..\SCD30\SCD30.cydsn/SCD30.c ****          //         UART_PutHexInt(command);             UART_PutString("Command Written");       U
  98:..\..\SCD30\SCD30.cydsn/SCD30.c **** I2C_1_MasterClearStatus();
 454              		.loc 1 98 0
 455 003a FFF7FEFF 		bl	I2C_1_MasterClearStatus
  99:..\..\SCD30\SCD30.cydsn/SCD30.c **** }
 456              		.loc 1 99 0
 457 003e 00BF     		nop
 458 0040 1037     		adds	r7, r7, #16
 459              		.cfi_def_cfa_offset 8
 460 0042 BD46     		mov	sp, r7
 461              		.cfi_def_cfa_register 13
 462              		@ sp needed
 463 0044 80BD     		pop	{r7, pc}
ARM GAS  C:\Users\mag94\AppData\Local\Temp\cci7MTUe.s 			page 11


 464              		.cfi_endproc
 465              	.LFE71:
 466              		.size	SCD30_writeCommand, .-SCD30_writeCommand
 467 0046 00BF     		.section	.text.SCD30_writeCommandWithArguments,"ax",%progbits
 468              		.align	2
 469              		.global	SCD30_writeCommandWithArguments
 470              		.thumb
 471              		.thumb_func
 472              		.type	SCD30_writeCommandWithArguments, %function
 473              	SCD30_writeCommandWithArguments:
 474              	.LFB72:
 100:..\..\SCD30\SCD30.cydsn/SCD30.c **** 
 101:..\..\SCD30\SCD30.cydsn/SCD30.c **** void SCD30_writeCommandWithArguments(uint16_t command, uint16_t arguments) {
 475              		.loc 1 101 0
 476              		.cfi_startproc
 477              		@ args = 0, pretend = 0, frame = 16
 478              		@ frame_needed = 1, uses_anonymous_args = 0
 479 0000 80B5     		push	{r7, lr}
 480              		.cfi_def_cfa_offset 8
 481              		.cfi_offset 7, -8
 482              		.cfi_offset 14, -4
 483 0002 84B0     		sub	sp, sp, #16
 484              		.cfi_def_cfa_offset 24
 485 0004 00AF     		add	r7, sp, #0
 486              		.cfi_def_cfa_register 7
 487 0006 0346     		mov	r3, r0
 488 0008 0A46     		mov	r2, r1
 489 000a FB80     		strh	r3, [r7, #6]	@ movhi
 490 000c 1346     		mov	r3, r2	@ movhi
 491 000e BB80     		strh	r3, [r7, #4]	@ movhi
 102:..\..\SCD30\SCD30.cydsn/SCD30.c ****     uint8_t checkSum, buf[5] = { 0 };
 492              		.loc 1 102 0
 493 0010 07F10803 		add	r3, r7, #8
 494 0014 0022     		movs	r2, #0
 495 0016 1A60     		str	r2, [r3]
 496 0018 1A71     		strb	r2, [r3, #4]
 103:..\..\SCD30\SCD30.cydsn/SCD30.c **** 
 104:..\..\SCD30\SCD30.cydsn/SCD30.c ****     buf[0] = command >> 8;
 497              		.loc 1 104 0
 498 001a FB88     		ldrh	r3, [r7, #6]
 499 001c 1B0A     		lsrs	r3, r3, #8
 500 001e 9BB2     		uxth	r3, r3
 501 0020 DBB2     		uxtb	r3, r3
 502 0022 3B72     		strb	r3, [r7, #8]
 105:..\..\SCD30\SCD30.cydsn/SCD30.c ****     buf[1] = command;
 503              		.loc 1 105 0
 504 0024 FB88     		ldrh	r3, [r7, #6]	@ movhi
 505 0026 DBB2     		uxtb	r3, r3
 506 0028 7B72     		strb	r3, [r7, #9]
 106:..\..\SCD30\SCD30.cydsn/SCD30.c ****     buf[2] = arguments >> 8;
 507              		.loc 1 106 0
 508 002a BB88     		ldrh	r3, [r7, #4]
 509 002c 1B0A     		lsrs	r3, r3, #8
 510 002e 9BB2     		uxth	r3, r3
 511 0030 DBB2     		uxtb	r3, r3
 512 0032 BB72     		strb	r3, [r7, #10]
 107:..\..\SCD30\SCD30.cydsn/SCD30.c ****     buf[3] = arguments;
ARM GAS  C:\Users\mag94\AppData\Local\Temp\cci7MTUe.s 			page 12


 513              		.loc 1 107 0
 514 0034 BB88     		ldrh	r3, [r7, #4]	@ movhi
 515 0036 DBB2     		uxtb	r3, r3
 516 0038 FB72     		strb	r3, [r7, #11]
 108:..\..\SCD30\SCD30.cydsn/SCD30.c ****     checkSum = SCD30_calculateCrc(&buf[2], 2);
 517              		.loc 1 108 0
 518 003a 07F10803 		add	r3, r7, #8
 519 003e 0233     		adds	r3, r3, #2
 520 0040 0221     		movs	r1, #2
 521 0042 1846     		mov	r0, r3
 522 0044 FFF7FEFF 		bl	SCD30_calculateCrc
 523 0048 0346     		mov	r3, r0
 524 004a FB73     		strb	r3, [r7, #15]
 109:..\..\SCD30\SCD30.cydsn/SCD30.c ****     buf[4] = checkSum;
 525              		.loc 1 109 0
 526 004c FB7B     		ldrb	r3, [r7, #15]
 527 004e 3B73     		strb	r3, [r7, #12]
 110:..\..\SCD30\SCD30.cydsn/SCD30.c ****                                              //   for(int k = 0; k <= 4; )
 111:..\..\SCD30\SCD30.cydsn/SCD30.c ****     SCD30_writeBuffer(buf, 5);
 528              		.loc 1 111 0
 529 0050 07F10803 		add	r3, r7, #8
 530 0054 0521     		movs	r1, #5
 531 0056 1846     		mov	r0, r3
 532 0058 FFF7FEFF 		bl	SCD30_writeBuffer
 112:..\..\SCD30\SCD30.cydsn/SCD30.c **** }
 533              		.loc 1 112 0
 534 005c 00BF     		nop
 535 005e 1037     		adds	r7, r7, #16
 536              		.cfi_def_cfa_offset 8
 537 0060 BD46     		mov	sp, r7
 538              		.cfi_def_cfa_register 13
 539              		@ sp needed
 540 0062 80BD     		pop	{r7, pc}
 541              		.cfi_endproc
 542              	.LFE72:
 543              		.size	SCD30_writeCommandWithArguments, .-SCD30_writeCommandWithArguments
 544              		.section	.text.SCD30_readRegister,"ax",%progbits
 545              		.align	2
 546              		.global	SCD30_readRegister
 547              		.thumb
 548              		.thumb_func
 549              		.type	SCD30_readRegister, %function
 550              	SCD30_readRegister:
 551              	.LFB73:
 113:..\..\SCD30\SCD30.cydsn/SCD30.c **** 
 114:..\..\SCD30\SCD30.cydsn/SCD30.c **** uint16_t SCD30_readRegister(uint16_t command) {
 552              		.loc 1 114 0
 553              		.cfi_startproc
 554              		@ args = 0, pretend = 0, frame = 16
 555              		@ frame_needed = 1, uses_anonymous_args = 0
 556 0000 80B5     		push	{r7, lr}
 557              		.cfi_def_cfa_offset 8
 558              		.cfi_offset 7, -8
 559              		.cfi_offset 14, -4
 560 0002 84B0     		sub	sp, sp, #16
 561              		.cfi_def_cfa_offset 24
 562 0004 00AF     		add	r7, sp, #0
ARM GAS  C:\Users\mag94\AppData\Local\Temp\cci7MTUe.s 			page 13


 563              		.cfi_def_cfa_register 7
 564 0006 0346     		mov	r3, r0
 565 0008 FB80     		strh	r3, [r7, #6]	@ movhi
 115:..\..\SCD30\SCD30.cydsn/SCD30.c ****     uint8_t buf[3] = { 0 };
 566              		.loc 1 115 0
 567 000a 07F10C03 		add	r3, r7, #12
 568 000e 0021     		movs	r1, #0
 569 0010 0A46     		mov	r2, r1	@ movhi
 570 0012 1A80     		strh	r2, [r3]	@ movhi
 571 0014 0A46     		mov	r2, r1
 572 0016 9A70     		strb	r2, [r3, #2]
 116:..\..\SCD30\SCD30.cydsn/SCD30.c **** 
 117:..\..\SCD30\SCD30.cydsn/SCD30.c ****     SCD30_writeCommand(command);
 573              		.loc 1 117 0
 574 0018 FB88     		ldrh	r3, [r7, #6]
 575 001a 1846     		mov	r0, r3
 576 001c FFF7FEFF 		bl	SCD30_writeCommand
 118:..\..\SCD30\SCD30.cydsn/SCD30.c ****     SCD30_readBuffer(buf, 3);
 577              		.loc 1 118 0
 578 0020 07F10C03 		add	r3, r7, #12
 579 0024 0321     		movs	r1, #3
 580 0026 1846     		mov	r0, r3
 581 0028 FFF7FEFF 		bl	SCD30_readBuffer
 119:..\..\SCD30\SCD30.cydsn/SCD30.c **** 
 120:..\..\SCD30\SCD30.cydsn/SCD30.c ****     return ((((uint16_t)buf[0]) << 8) | buf[1]);
 582              		.loc 1 120 0
 583 002c 3B7B     		ldrb	r3, [r7, #12]	@ zero_extendqisi2
 584 002e 1B02     		lsls	r3, r3, #8
 585 0030 1AB2     		sxth	r2, r3
 586 0032 7B7B     		ldrb	r3, [r7, #13]	@ zero_extendqisi2
 587 0034 1BB2     		sxth	r3, r3
 588 0036 1343     		orrs	r3, r3, r2
 589 0038 1BB2     		sxth	r3, r3
 590 003a 9BB2     		uxth	r3, r3
 121:..\..\SCD30\SCD30.cydsn/SCD30.c **** }
 591              		.loc 1 121 0
 592 003c 1846     		mov	r0, r3
 593 003e 1037     		adds	r7, r7, #16
 594              		.cfi_def_cfa_offset 8
 595 0040 BD46     		mov	sp, r7
 596              		.cfi_def_cfa_register 13
 597              		@ sp needed
 598 0042 80BD     		pop	{r7, pc}
 599              		.cfi_endproc
 600              	.LFE73:
 601              		.size	SCD30_readRegister, .-SCD30_readRegister
 602              		.section	.text.SCD30_writeBuffer,"ax",%progbits
 603              		.align	2
 604              		.global	SCD30_writeBuffer
 605              		.thumb
 606              		.thumb_func
 607              		.type	SCD30_writeBuffer, %function
 608              	SCD30_writeBuffer:
 609              	.LFB74:
 122:..\..\SCD30\SCD30.cydsn/SCD30.c **** 
 123:..\..\SCD30\SCD30.cydsn/SCD30.c **** void SCD30_writeBuffer(uint8_t* data, uint8_t len) 
 124:..\..\SCD30\SCD30.cydsn/SCD30.c **** {
ARM GAS  C:\Users\mag94\AppData\Local\Temp\cci7MTUe.s 			page 14


 610              		.loc 1 124 0
 611              		.cfi_startproc
 612              		@ args = 0, pretend = 0, frame = 16
 613              		@ frame_needed = 1, uses_anonymous_args = 0
 614 0000 80B5     		push	{r7, lr}
 615              		.cfi_def_cfa_offset 8
 616              		.cfi_offset 7, -8
 617              		.cfi_offset 14, -4
 618 0002 84B0     		sub	sp, sp, #16
 619              		.cfi_def_cfa_offset 24
 620 0004 00AF     		add	r7, sp, #0
 621              		.cfi_def_cfa_register 7
 622 0006 7860     		str	r0, [r7, #4]
 623 0008 0B46     		mov	r3, r1
 624 000a FB70     		strb	r3, [r7, #3]
 125:..\..\SCD30\SCD30.cydsn/SCD30.c ****     I2C_1_MasterClearStatus();
 625              		.loc 1 125 0
 626 000c FFF7FEFF 		bl	I2C_1_MasterClearStatus
 126:..\..\SCD30\SCD30.cydsn/SCD30.c ****     uint8_t status = I2C_1_MasterWriteBuf(SCD30_I2C_ADDRESS, data, len, I2C_1_MODE_COMPLETE_XFER);
 627              		.loc 1 126 0
 628 0010 FA78     		ldrb	r2, [r7, #3]	@ zero_extendqisi2
 629 0012 0023     		movs	r3, #0
 630 0014 7968     		ldr	r1, [r7, #4]
 631 0016 6120     		movs	r0, #97
 632 0018 FFF7FEFF 		bl	I2C_1_MasterWriteBuf
 633 001c 0346     		mov	r3, r0
 634 001e FB73     		strb	r3, [r7, #15]
 127:..\..\SCD30\SCD30.cydsn/SCD30.c ****     uint8_t masterstatus = I2C_1_MasterStatus();  
 635              		.loc 1 127 0
 636 0020 FFF7FEFF 		bl	I2C_1_MasterStatus
 637 0024 0346     		mov	r3, r0
 638 0026 BB73     		strb	r3, [r7, #14]
 128:..\..\SCD30\SCD30.cydsn/SCD30.c ****     if(status == I2C_1_MSTR_NO_ERROR)
 639              		.loc 1 128 0
 640 0028 FB7B     		ldrb	r3, [r7, #15]	@ zero_extendqisi2
 641 002a 002B     		cmp	r3, #0
 642 002c 08D1     		bne	.L27
 643              	.L25:
 129:..\..\SCD30\SCD30.cydsn/SCD30.c ****     {
 130:..\..\SCD30\SCD30.cydsn/SCD30.c ****         for(;;)
 131:..\..\SCD30\SCD30.cydsn/SCD30.c ****         {
 132:..\..\SCD30\SCD30.cydsn/SCD30.c ****             if(0 !=(I2C_1_MasterStatus() & I2C_1_MSTAT_WR_CMPLT))
 644              		.loc 1 132 0
 645 002e FFF7FEFF 		bl	I2C_1_MasterStatus
 646 0032 0346     		mov	r3, r0
 647 0034 03F00203 		and	r3, r3, #2
 648 0038 002B     		cmp	r3, #0
 649 003a 00D1     		bne	.L28
 133:..\..\SCD30\SCD30.cydsn/SCD30.c ****             {
 134:..\..\SCD30\SCD30.cydsn/SCD30.c ****                 break;
 135:..\..\SCD30\SCD30.cydsn/SCD30.c ****             }
 136:..\..\SCD30\SCD30.cydsn/SCD30.c ****         }
 650              		.loc 1 136 0
 651 003c F7E7     		b	.L25
 652              	.L28:
 134:..\..\SCD30\SCD30.cydsn/SCD30.c ****             }
 653              		.loc 1 134 0
ARM GAS  C:\Users\mag94\AppData\Local\Temp\cci7MTUe.s 			page 15


 654 003e 00BF     		nop
 655              	.L27:
 137:..\..\SCD30\SCD30.cydsn/SCD30.c ****     }
 138:..\..\SCD30\SCD30.cydsn/SCD30.c **** /*   
 139:..\..\SCD30\SCD30.cydsn/SCD30.c **** UART_PutString("Data Written:");
 140:..\..\SCD30\SCD30.cydsn/SCD30.c **** UART_PutString("\n");
 141:..\..\SCD30\SCD30.cydsn/SCD30.c **** for (int k=0; k<len; k++)
 142:..\..\SCD30\SCD30.cydsn/SCD30.c **** {
 143:..\..\SCD30\SCD30.cydsn/SCD30.c ****     UART_PutHexByte(data[k]);
 144:..\..\SCD30\SCD30.cydsn/SCD30.c **** }
 145:..\..\SCD30\SCD30.cydsn/SCD30.c **** UART_PutString("\n");
 146:..\..\SCD30\SCD30.cydsn/SCD30.c **** */
 147:..\..\SCD30\SCD30.cydsn/SCD30.c **** 
 148:..\..\SCD30\SCD30.cydsn/SCD30.c **** }
 656              		.loc 1 148 0
 657 0040 00BF     		nop
 658 0042 1037     		adds	r7, r7, #16
 659              		.cfi_def_cfa_offset 8
 660 0044 BD46     		mov	sp, r7
 661              		.cfi_def_cfa_register 13
 662              		@ sp needed
 663 0046 80BD     		pop	{r7, pc}
 664              		.cfi_endproc
 665              	.LFE74:
 666              		.size	SCD30_writeBuffer, .-SCD30_writeBuffer
 667              		.section	.text.SCD30_readBuffer,"ax",%progbits
 668              		.align	2
 669              		.global	SCD30_readBuffer
 670              		.thumb
 671              		.thumb_func
 672              		.type	SCD30_readBuffer, %function
 673              	SCD30_readBuffer:
 674              	.LFB75:
 149:..\..\SCD30\SCD30.cydsn/SCD30.c **** 
 150:..\..\SCD30\SCD30.cydsn/SCD30.c **** void SCD30_readBuffer(uint8_t* data, uint8_t len) 
 151:..\..\SCD30\SCD30.cydsn/SCD30.c **** {
 675              		.loc 1 151 0
 676              		.cfi_startproc
 677              		@ args = 0, pretend = 0, frame = 8
 678              		@ frame_needed = 1, uses_anonymous_args = 0
 679 0000 80B5     		push	{r7, lr}
 680              		.cfi_def_cfa_offset 8
 681              		.cfi_offset 7, -8
 682              		.cfi_offset 14, -4
 683 0002 82B0     		sub	sp, sp, #8
 684              		.cfi_def_cfa_offset 16
 685 0004 00AF     		add	r7, sp, #0
 686              		.cfi_def_cfa_register 7
 687 0006 7860     		str	r0, [r7, #4]
 688 0008 0B46     		mov	r3, r1
 689 000a FB70     		strb	r3, [r7, #3]
 152:..\..\SCD30\SCD30.cydsn/SCD30.c ****     CyDelay(50);
 690              		.loc 1 152 0
 691 000c 3220     		movs	r0, #50
 692 000e FFF7FEFF 		bl	CyDelay
 153:..\..\SCD30\SCD30.cydsn/SCD30.c ****     
 154:..\..\SCD30\SCD30.cydsn/SCD30.c ****     I2C_1_MasterReadBuf(SCD30_I2C_ADDRESS, data, len, I2C_1_MODE_COMPLETE_XFER);
ARM GAS  C:\Users\mag94\AppData\Local\Temp\cci7MTUe.s 			page 16


 693              		.loc 1 154 0
 694 0012 FA78     		ldrb	r2, [r7, #3]	@ zero_extendqisi2
 695 0014 0023     		movs	r3, #0
 696 0016 7968     		ldr	r1, [r7, #4]
 697 0018 6120     		movs	r0, #97
 698 001a FFF7FEFF 		bl	I2C_1_MasterReadBuf
 699              	.L32:
 155:..\..\SCD30\SCD30.cydsn/SCD30.c ****     for(;;){
 156:..\..\SCD30\SCD30.cydsn/SCD30.c ****             if(0u != (I2C_1_MasterStatus() & I2C_1_MSTAT_RD_CMPLT)){
 700              		.loc 1 156 0
 701 001e FFF7FEFF 		bl	I2C_1_MasterStatus
 702 0022 0346     		mov	r3, r0
 703 0024 03F00103 		and	r3, r3, #1
 704 0028 002B     		cmp	r3, #0
 705 002a 00D1     		bne	.L34
 157:..\..\SCD30\SCD30.cydsn/SCD30.c ****                 break;
 158:..\..\SCD30\SCD30.cydsn/SCD30.c ****                 }
 159:..\..\SCD30\SCD30.cydsn/SCD30.c ****             }
 706              		.loc 1 159 0
 707 002c F7E7     		b	.L32
 708              	.L34:
 157:..\..\SCD30\SCD30.cydsn/SCD30.c ****                 break;
 709              		.loc 1 157 0
 710 002e 00BF     		nop
 160:..\..\SCD30\SCD30.cydsn/SCD30.c **** /*
 161:..\..\SCD30\SCD30.cydsn/SCD30.c **** UART_PutString("Data Read:");
 162:..\..\SCD30\SCD30.cydsn/SCD30.c **** UART_PutString("\n");
 163:..\..\SCD30\SCD30.cydsn/SCD30.c **** for(int k=0; k<len; k++)
 164:..\..\SCD30\SCD30.cydsn/SCD30.c **** {
 165:..\..\SCD30\SCD30.cydsn/SCD30.c ****     UART_PutHexByte(data[k]);
 166:..\..\SCD30\SCD30.cydsn/SCD30.c **** }
 167:..\..\SCD30\SCD30.cydsn/SCD30.c **** UART_PutString("\n");
 168:..\..\SCD30\SCD30.cydsn/SCD30.c **** */
 169:..\..\SCD30\SCD30.cydsn/SCD30.c **** I2C_1_MasterClearStatus();
 711              		.loc 1 169 0
 712 0030 FFF7FEFF 		bl	I2C_1_MasterClearStatus
 170:..\..\SCD30\SCD30.cydsn/SCD30.c **** }
 713              		.loc 1 170 0
 714 0034 00BF     		nop
 715 0036 0837     		adds	r7, r7, #8
 716              		.cfi_def_cfa_offset 8
 717 0038 BD46     		mov	sp, r7
 718              		.cfi_def_cfa_register 13
 719              		@ sp needed
 720 003a 80BD     		pop	{r7, pc}
 721              		.cfi_endproc
 722              	.LFE75:
 723              		.size	SCD30_readBuffer, .-SCD30_readBuffer
 724              		.section	.text.SCD30_calculateCrc,"ax",%progbits
 725              		.align	2
 726              		.global	SCD30_calculateCrc
 727              		.thumb
 728              		.thumb_func
 729              		.type	SCD30_calculateCrc, %function
 730              	SCD30_calculateCrc:
 731              	.LFB76:
 171:..\..\SCD30\SCD30.cydsn/SCD30.c **** 
ARM GAS  C:\Users\mag94\AppData\Local\Temp\cci7MTUe.s 			page 17


 172:..\..\SCD30\SCD30.cydsn/SCD30.c **** 
 173:..\..\SCD30\SCD30.cydsn/SCD30.c **** 
 174:..\..\SCD30\SCD30.cydsn/SCD30.c **** uint8_t SCD30_calculateCrc(uint8_t data[], uint8_t len) {
 732              		.loc 1 174 0
 733              		.cfi_startproc
 734              		@ args = 0, pretend = 0, frame = 16
 735              		@ frame_needed = 1, uses_anonymous_args = 0
 736              		@ link register save eliminated.
 737 0000 80B4     		push	{r7}
 738              		.cfi_def_cfa_offset 4
 739              		.cfi_offset 7, -4
 740 0002 85B0     		sub	sp, sp, #20
 741              		.cfi_def_cfa_offset 24
 742 0004 00AF     		add	r7, sp, #0
 743              		.cfi_def_cfa_register 7
 744 0006 7860     		str	r0, [r7, #4]
 745 0008 0B46     		mov	r3, r1
 746 000a FB70     		strb	r3, [r7, #3]
 175:..\..\SCD30\SCD30.cydsn/SCD30.c ****     uint8_t bit, byteCtr, crc = 0xff;
 747              		.loc 1 175 0
 748 000c FF23     		movs	r3, #255
 749 000e 7B73     		strb	r3, [r7, #13]
 176:..\..\SCD30\SCD30.cydsn/SCD30.c **** 
 177:..\..\SCD30\SCD30.cydsn/SCD30.c ****     // calculates 8-Bit checksum with given polynomial
 178:..\..\SCD30\SCD30.cydsn/SCD30.c ****     for (byteCtr = 0; byteCtr < len; byteCtr ++) {
 750              		.loc 1 178 0
 751 0010 0023     		movs	r3, #0
 752 0012 BB73     		strb	r3, [r7, #14]
 753 0014 20E0     		b	.L36
 754              	.L41:
 179:..\..\SCD30\SCD30.cydsn/SCD30.c ****         crc ^= (data[byteCtr]);
 755              		.loc 1 179 0
 756 0016 BB7B     		ldrb	r3, [r7, #14]	@ zero_extendqisi2
 757 0018 7A68     		ldr	r2, [r7, #4]
 758 001a 1344     		add	r3, r3, r2
 759 001c 1A78     		ldrb	r2, [r3]	@ zero_extendqisi2
 760 001e 7B7B     		ldrb	r3, [r7, #13]
 761 0020 5340     		eors	r3, r3, r2
 762 0022 7B73     		strb	r3, [r7, #13]
 180:..\..\SCD30\SCD30.cydsn/SCD30.c **** 
 181:..\..\SCD30\SCD30.cydsn/SCD30.c ****         for (bit = 8; bit > 0; -- bit) {
 763              		.loc 1 181 0
 764 0024 0823     		movs	r3, #8
 765 0026 FB73     		strb	r3, [r7, #15]
 766 0028 10E0     		b	.L37
 767              	.L40:
 182:..\..\SCD30\SCD30.cydsn/SCD30.c ****             if (crc & 0x80) {
 768              		.loc 1 182 0
 769 002a 97F90D30 		ldrsb	r3, [r7, #13]
 770 002e 002B     		cmp	r3, #0
 771 0030 06DA     		bge	.L38
 183:..\..\SCD30\SCD30.cydsn/SCD30.c ****                 crc = (crc << 1) ^ SCD30_POLYNOMIAL;
 772              		.loc 1 183 0
 773 0032 7B7B     		ldrb	r3, [r7, #13]
 774 0034 5B00     		lsls	r3, r3, #1
 775 0036 DBB2     		uxtb	r3, r3
 776 0038 83F03103 		eor	r3, r3, #49
ARM GAS  C:\Users\mag94\AppData\Local\Temp\cci7MTUe.s 			page 18


 777 003c 7B73     		strb	r3, [r7, #13]
 778 003e 02E0     		b	.L39
 779              	.L38:
 184:..\..\SCD30\SCD30.cydsn/SCD30.c ****             } else {
 185:..\..\SCD30\SCD30.cydsn/SCD30.c ****                 crc = (crc << 1);
 780              		.loc 1 185 0
 781 0040 7B7B     		ldrb	r3, [r7, #13]
 782 0042 5B00     		lsls	r3, r3, #1
 783 0044 7B73     		strb	r3, [r7, #13]
 784              	.L39:
 181:..\..\SCD30\SCD30.cydsn/SCD30.c ****             if (crc & 0x80) {
 785              		.loc 1 181 0 discriminator 2
 786 0046 FB7B     		ldrb	r3, [r7, #15]
 787 0048 013B     		subs	r3, r3, #1
 788 004a FB73     		strb	r3, [r7, #15]
 789              	.L37:
 181:..\..\SCD30\SCD30.cydsn/SCD30.c ****             if (crc & 0x80) {
 790              		.loc 1 181 0 is_stmt 0 discriminator 1
 791 004c FB7B     		ldrb	r3, [r7, #15]	@ zero_extendqisi2
 792 004e 002B     		cmp	r3, #0
 793 0050 EBD1     		bne	.L40
 178:..\..\SCD30\SCD30.cydsn/SCD30.c ****         crc ^= (data[byteCtr]);
 794              		.loc 1 178 0 is_stmt 1 discriminator 2
 795 0052 BB7B     		ldrb	r3, [r7, #14]	@ zero_extendqisi2
 796 0054 0133     		adds	r3, r3, #1
 797 0056 BB73     		strb	r3, [r7, #14]
 798              	.L36:
 178:..\..\SCD30\SCD30.cydsn/SCD30.c ****         crc ^= (data[byteCtr]);
 799              		.loc 1 178 0 is_stmt 0 discriminator 1
 800 0058 BA7B     		ldrb	r2, [r7, #14]	@ zero_extendqisi2
 801 005a FB78     		ldrb	r3, [r7, #3]	@ zero_extendqisi2
 802 005c 9A42     		cmp	r2, r3
 803 005e DAD3     		bcc	.L41
 186:..\..\SCD30\SCD30.cydsn/SCD30.c ****             }
 187:..\..\SCD30\SCD30.cydsn/SCD30.c ****         }
 188:..\..\SCD30\SCD30.cydsn/SCD30.c ****     }
 189:..\..\SCD30\SCD30.cydsn/SCD30.c **** 
 190:..\..\SCD30\SCD30.cydsn/SCD30.c ****     return crc;
 804              		.loc 1 190 0 is_stmt 1
 805 0060 7B7B     		ldrb	r3, [r7, #13]	@ zero_extendqisi2
 191:..\..\SCD30\SCD30.cydsn/SCD30.c **** }
 806              		.loc 1 191 0
 807 0062 1846     		mov	r0, r3
 808 0064 1437     		adds	r7, r7, #20
 809              		.cfi_def_cfa_offset 4
 810 0066 BD46     		mov	sp, r7
 811              		.cfi_def_cfa_register 13
 812              		@ sp needed
 813 0068 80BC     		pop	{r7}
 814              		.cfi_restore 7
 815              		.cfi_def_cfa_offset 0
 816 006a 7047     		bx	lr
 817              		.cfi_endproc
 818              	.LFE76:
 819              		.size	SCD30_calculateCrc, .-SCD30_calculateCrc
 820              		.text
 821              	.Letext0:
ARM GAS  C:\Users\mag94\AppData\Local\Temp\cci7MTUe.s 			page 19


 822              		.file 2 "c:\\program files (x86)\\cypress\\psoc creator\\4.3\\psoc creator\\import\\gnu\\arm\\5.4.
 823              		.file 3 "c:\\program files (x86)\\cypress\\psoc creator\\4.3\\psoc creator\\import\\gnu\\arm\\5.4.
 824              		.file 4 "Generated_Source\\PSoC5/cytypes.h"
 825              		.file 5 "Generated_Source\\PSoC5/DS18x8.h"
 826              		.file 6 "Generated_Source\\PSoC5/core_cm3.h"
 827              		.section	.debug_info,"",%progbits
 828              	.Ldebug_info0:
 829 0000 9C040000 		.4byte	0x49c
 830 0004 0400     		.2byte	0x4
 831 0006 00000000 		.4byte	.Ldebug_abbrev0
 832 000a 04       		.byte	0x4
 833 000b 01       		.uleb128 0x1
 834 000c 66000000 		.4byte	.LASF61
 835 0010 0C       		.byte	0xc
 836 0011 47010000 		.4byte	.LASF62
 837 0015 D5020000 		.4byte	.LASF63
 838 0019 00000000 		.4byte	.Ldebug_ranges0+0
 839 001d 00000000 		.4byte	0
 840 0021 00000000 		.4byte	.Ldebug_line0
 841 0025 02       		.uleb128 0x2
 842 0026 01       		.byte	0x1
 843 0027 06       		.byte	0x6
 844 0028 1B020000 		.4byte	.LASF0
 845 002c 03       		.uleb128 0x3
 846 002d C1010000 		.4byte	.LASF3
 847 0031 02       		.byte	0x2
 848 0032 1D       		.byte	0x1d
 849 0033 37000000 		.4byte	0x37
 850 0037 02       		.uleb128 0x2
 851 0038 01       		.byte	0x1
 852 0039 08       		.byte	0x8
 853 003a 0D020000 		.4byte	.LASF1
 854 003e 02       		.uleb128 0x2
 855 003f 02       		.byte	0x2
 856 0040 05       		.byte	0x5
 857 0041 20000000 		.4byte	.LASF2
 858 0045 03       		.uleb128 0x3
 859 0046 1F010000 		.4byte	.LASF4
 860 004a 02       		.byte	0x2
 861 004b 2B       		.byte	0x2b
 862 004c 50000000 		.4byte	0x50
 863 0050 02       		.uleb128 0x2
 864 0051 02       		.byte	0x2
 865 0052 07       		.byte	0x7
 866 0053 9F020000 		.4byte	.LASF5
 867 0057 03       		.uleb128 0x3
 868 0058 CF030000 		.4byte	.LASF6
 869 005c 02       		.byte	0x2
 870 005d 3F       		.byte	0x3f
 871 005e 62000000 		.4byte	0x62
 872 0062 02       		.uleb128 0x2
 873 0063 04       		.byte	0x4
 874 0064 05       		.byte	0x5
 875 0065 C4020000 		.4byte	.LASF7
 876 0069 03       		.uleb128 0x3
 877 006a 14010000 		.4byte	.LASF8
 878 006e 02       		.byte	0x2
ARM GAS  C:\Users\mag94\AppData\Local\Temp\cci7MTUe.s 			page 20


 879 006f 41       		.byte	0x41
 880 0070 74000000 		.4byte	0x74
 881 0074 02       		.uleb128 0x2
 882 0075 04       		.byte	0x4
 883 0076 07       		.byte	0x7
 884 0077 4D030000 		.4byte	.LASF9
 885 007b 02       		.uleb128 0x2
 886 007c 08       		.byte	0x8
 887 007d 05       		.byte	0x5
 888 007e 97010000 		.4byte	.LASF10
 889 0082 02       		.uleb128 0x2
 890 0083 08       		.byte	0x8
 891 0084 07       		.byte	0x7
 892 0085 27020000 		.4byte	.LASF11
 893 0089 04       		.uleb128 0x4
 894 008a 04       		.byte	0x4
 895 008b 05       		.byte	0x5
 896 008c 696E7400 		.ascii	"int\000"
 897 0090 02       		.uleb128 0x2
 898 0091 04       		.byte	0x4
 899 0092 07       		.byte	0x7
 900 0093 47020000 		.4byte	.LASF12
 901 0097 03       		.uleb128 0x3
 902 0098 D9030000 		.4byte	.LASF13
 903 009c 03       		.byte	0x3
 904 009d 18       		.byte	0x18
 905 009e 2C000000 		.4byte	0x2c
 906 00a2 03       		.uleb128 0x3
 907 00a3 54020000 		.4byte	.LASF14
 908 00a7 03       		.byte	0x3
 909 00a8 24       		.byte	0x24
 910 00a9 45000000 		.4byte	0x45
 911 00ad 03       		.uleb128 0x3
 912 00ae CD020000 		.4byte	.LASF15
 913 00b2 03       		.byte	0x3
 914 00b3 2C       		.byte	0x2c
 915 00b4 57000000 		.4byte	0x57
 916 00b8 03       		.uleb128 0x3
 917 00b9 3E020000 		.4byte	.LASF16
 918 00bd 03       		.byte	0x3
 919 00be 30       		.byte	0x30
 920 00bf 69000000 		.4byte	0x69
 921 00c3 05       		.uleb128 0x5
 922 00c4 6E010000 		.4byte	.LASF17
 923 00c8 04       		.byte	0x4
 924 00c9 E401     		.2byte	0x1e4
 925 00cb 37000000 		.4byte	0x37
 926 00cf 05       		.uleb128 0x5
 927 00d0 40010000 		.4byte	.LASF18
 928 00d4 04       		.byte	0x4
 929 00d5 E501     		.2byte	0x1e5
 930 00d7 50000000 		.4byte	0x50
 931 00db 02       		.uleb128 0x2
 932 00dc 04       		.byte	0x4
 933 00dd 04       		.byte	0x4
 934 00de 91010000 		.4byte	.LASF19
 935 00e2 02       		.uleb128 0x2
ARM GAS  C:\Users\mag94\AppData\Local\Temp\cci7MTUe.s 			page 21


 936 00e3 08       		.byte	0x8
 937 00e4 04       		.byte	0x4
 938 00e5 04040000 		.4byte	.LASF20
 939 00e9 02       		.uleb128 0x2
 940 00ea 01       		.byte	0x1
 941 00eb 08       		.byte	0x8
 942 00ec B9020000 		.4byte	.LASF21
 943 00f0 06       		.uleb128 0x6
 944 00f1 C3000000 		.4byte	0xc3
 945 00f5 02       		.uleb128 0x2
 946 00f6 08       		.byte	0x8
 947 00f7 04       		.byte	0x4
 948 00f8 F9010000 		.4byte	.LASF22
 949 00fc 02       		.uleb128 0x2
 950 00fd 04       		.byte	0x4
 951 00fe 07       		.byte	0x7
 952 00ff 2A000000 		.4byte	.LASF23
 953 0103 07       		.uleb128 0x7
 954 0104 39030000 		.4byte	.LASF64
 955 0108 04       		.byte	0x4
 956 0109 05       		.byte	0x5
 957 010a 30       		.byte	0x30
 958 010b 28010000 		.4byte	0x128
 959 010f 08       		.uleb128 0x8
 960 0110 F8030000 		.4byte	.LASF24
 961 0114 05       		.byte	0x5
 962 0115 31       		.byte	0x31
 963 0116 CF000000 		.4byte	0xcf
 964 011a 00       		.byte	0
 965 011b 08       		.uleb128 0x8
 966 011c E1030000 		.4byte	.LASF25
 967 0120 05       		.byte	0x5
 968 0121 32       		.byte	0x32
 969 0122 C3000000 		.4byte	0xc3
 970 0126 02       		.byte	0x2
 971 0127 00       		.byte	0
 972 0128 09       		.uleb128 0x9
 973 0129 8E020000 		.4byte	.LASF33
 974 012d 01       		.byte	0x1
 975 012e 13       		.byte	0x13
 976 012f 00000000 		.4byte	.LFB63
 977 0133 12000000 		.4byte	.LFE63-.LFB63
 978 0137 01       		.uleb128 0x1
 979 0138 9C       		.byte	0x9c
 980 0139 0A       		.uleb128 0xa
 981 013a 7B030000 		.4byte	.LASF27
 982 013e 01       		.byte	0x1
 983 013f 1E       		.byte	0x1e
 984 0140 00000000 		.4byte	.LFB64
 985 0144 1E000000 		.4byte	.LFE64-.LFB64
 986 0148 01       		.uleb128 0x1
 987 0149 9C       		.byte	0x9c
 988 014a 5D010000 		.4byte	0x15d
 989 014e 0B       		.uleb128 0xb
 990 014f BA010000 		.4byte	.LASF29
 991 0153 01       		.byte	0x1
 992 0154 1E       		.byte	0x1e
ARM GAS  C:\Users\mag94\AppData\Local\Temp\cci7MTUe.s 			page 22


 993 0155 A2000000 		.4byte	0xa2
 994 0159 02       		.uleb128 0x2
 995 015a 91       		.byte	0x91
 996 015b 76       		.sleb128 -10
 997 015c 00       		.byte	0
 998 015d 0C       		.uleb128 0xc
 999 015e 0E000000 		.4byte	.LASF65
 1000 0162 01       		.byte	0x1
 1001 0163 22       		.byte	0x22
 1002 0164 72010000 		.4byte	0x172
 1003 0168 00000000 		.4byte	.LFB65
 1004 016c 1C000000 		.4byte	.LFE65-.LFB65
 1005 0170 01       		.uleb128 0x1
 1006 0171 9C       		.byte	0x9c
 1007 0172 02       		.uleb128 0x2
 1008 0173 01       		.byte	0x1
 1009 0174 02       		.byte	0x2
 1010 0175 BE020000 		.4byte	.LASF26
 1011 0179 0A       		.uleb128 0xa
 1012 017a DC010000 		.4byte	.LASF28
 1013 017e 01       		.byte	0x1
 1014 017f 26       		.byte	0x26
 1015 0180 00000000 		.4byte	.LFB66
 1016 0184 2E000000 		.4byte	.LFE66-.LFB66
 1017 0188 01       		.uleb128 0x1
 1018 0189 9C       		.byte	0x9c
 1019 018a 9D010000 		.4byte	0x19d
 1020 018e 0B       		.uleb128 0xb
 1021 018f 67010000 		.4byte	.LASF30
 1022 0193 01       		.byte	0x1
 1023 0194 26       		.byte	0x26
 1024 0195 72010000 		.4byte	0x172
 1025 0199 02       		.uleb128 0x2
 1026 019a 91       		.byte	0x91
 1027 019b 77       		.sleb128 -9
 1028 019c 00       		.byte	0
 1029 019d 0A       		.uleb128 0xa
 1030 019e 74010000 		.4byte	.LASF31
 1031 01a2 01       		.byte	0x1
 1032 01a3 2E       		.byte	0x2e
 1033 01a4 00000000 		.4byte	.LFB67
 1034 01a8 1E000000 		.4byte	.LFE67-.LFB67
 1035 01ac 01       		.uleb128 0x1
 1036 01ad 9C       		.byte	0x9c
 1037 01ae C1010000 		.4byte	0x1c1
 1038 01b2 0B       		.uleb128 0xb
 1039 01b3 72030000 		.4byte	.LASF32
 1040 01b7 01       		.byte	0x1
 1041 01b8 2E       		.byte	0x2e
 1042 01b9 A2000000 		.4byte	0xa2
 1043 01bd 02       		.uleb128 0x2
 1044 01be 91       		.byte	0x91
 1045 01bf 76       		.sleb128 -10
 1046 01c0 00       		.byte	0
 1047 01c1 09       		.uleb128 0x9
 1048 01c2 5D020000 		.4byte	.LASF34
 1049 01c6 01       		.byte	0x1
ARM GAS  C:\Users\mag94\AppData\Local\Temp\cci7MTUe.s 			page 23


 1050 01c7 32       		.byte	0x32
 1051 01c8 00000000 		.4byte	.LFB68
 1052 01cc 10000000 		.4byte	.LFE68-.LFB68
 1053 01d0 01       		.uleb128 0x1
 1054 01d1 9C       		.byte	0x9c
 1055 01d2 09       		.uleb128 0x9
 1056 01d3 2A010000 		.4byte	.LASF35
 1057 01d7 01       		.byte	0x1
 1058 01d8 36       		.byte	0x36
 1059 01d9 00000000 		.4byte	.LFB69
 1060 01dd 10000000 		.4byte	.LFE69-.LFB69
 1061 01e1 01       		.uleb128 0x1
 1062 01e2 9C       		.byte	0x9c
 1063 01e3 0A       		.uleb128 0xa
 1064 01e4 A2030000 		.4byte	.LASF36
 1065 01e8 01       		.byte	0x1
 1066 01e9 3A       		.byte	0x3a
 1067 01ea 00000000 		.4byte	.LFB70
 1068 01ee CE000000 		.4byte	.LFE70-.LFB70
 1069 01f2 01       		.uleb128 0x1
 1070 01f3 9C       		.byte	0x9c
 1071 01f4 69020000 		.4byte	0x269
 1072 01f8 0B       		.uleb128 0xb
 1073 01f9 07000000 		.4byte	.LASF37
 1074 01fd 01       		.byte	0x1
 1075 01fe 3A       		.byte	0x3a
 1076 01ff 69020000 		.4byte	0x269
 1077 0203 02       		.uleb128 0x2
 1078 0204 91       		.byte	0x91
 1079 0205 44       		.sleb128 -60
 1080 0206 0D       		.uleb128 0xd
 1081 0207 62756600 		.ascii	"buf\000"
 1082 020b 01       		.byte	0x1
 1083 020c 3B       		.byte	0x3b
 1084 020d 6F020000 		.4byte	0x26f
 1085 0211 02       		.uleb128 0x2
 1086 0212 91       		.byte	0x91
 1087 0213 58       		.sleb128 -40
 1088 0214 0E       		.uleb128 0xe
 1089 0215 00000000 		.4byte	.LASF38
 1090 0219 01       		.byte	0x1
 1091 021a 3C       		.byte	0x3c
 1092 021b B8000000 		.4byte	0xb8
 1093 021f 02       		.uleb128 0x2
 1094 0220 91       		.byte	0x91
 1095 0221 54       		.sleb128 -44
 1096 0222 0E       		.uleb128 0xe
 1097 0223 05020000 		.4byte	.LASF39
 1098 0227 01       		.byte	0x1
 1099 0228 3D       		.byte	0x3d
 1100 0229 B8000000 		.4byte	0xb8
 1101 022d 02       		.uleb128 0x2
 1102 022e 91       		.byte	0x91
 1103 022f 50       		.sleb128 -48
 1104 0230 0E       		.uleb128 0xe
 1105 0231 E9030000 		.4byte	.LASF40
 1106 0235 01       		.byte	0x1
ARM GAS  C:\Users\mag94\AppData\Local\Temp\cci7MTUe.s 			page 24


 1107 0236 3E       		.byte	0x3e
 1108 0237 B8000000 		.4byte	0xb8
 1109 023b 02       		.uleb128 0x2
 1110 023c 91       		.byte	0x91
 1111 023d 4C       		.sleb128 -52
 1112 023e 0E       		.uleb128 0xe
 1113 023f CB010000 		.4byte	.LASF41
 1114 0243 01       		.byte	0x1
 1115 0244 3F       		.byte	0x3f
 1116 0245 DB000000 		.4byte	0xdb
 1117 0249 02       		.uleb128 0x2
 1118 024a 91       		.byte	0x91
 1119 024b 74       		.sleb128 -12
 1120 024c 0E       		.uleb128 0xe
 1121 024d 96030000 		.4byte	.LASF42
 1122 0251 01       		.byte	0x1
 1123 0252 40       		.byte	0x40
 1124 0253 DB000000 		.4byte	0xdb
 1125 0257 02       		.uleb128 0x2
 1126 0258 91       		.byte	0x91
 1127 0259 70       		.sleb128 -16
 1128 025a 0E       		.uleb128 0xe
 1129 025b C6030000 		.4byte	.LASF43
 1130 025f 01       		.byte	0x1
 1131 0260 41       		.byte	0x41
 1132 0261 DB000000 		.4byte	0xdb
 1133 0265 02       		.uleb128 0x2
 1134 0266 91       		.byte	0x91
 1135 0267 6C       		.sleb128 -20
 1136 0268 00       		.byte	0
 1137 0269 0F       		.uleb128 0xf
 1138 026a 04       		.byte	0x4
 1139 026b DB000000 		.4byte	0xdb
 1140 026f 10       		.uleb128 0x10
 1141 0270 97000000 		.4byte	0x97
 1142 0274 7F020000 		.4byte	0x27f
 1143 0278 11       		.uleb128 0x11
 1144 0279 FC000000 		.4byte	0xfc
 1145 027d 11       		.byte	0x11
 1146 027e 00       		.byte	0
 1147 027f 0A       		.uleb128 0xa
 1148 0280 5F030000 		.4byte	.LASF44
 1149 0284 01       		.byte	0x1
 1150 0285 55       		.byte	0x55
 1151 0286 00000000 		.4byte	.LFB71
 1152 028a 46000000 		.4byte	.LFE71-.LFB71
 1153 028e 01       		.uleb128 0x1
 1154 028f 9C       		.byte	0x9c
 1155 0290 B1020000 		.4byte	0x2b1
 1156 0294 0B       		.uleb128 0xb
 1157 0295 3C040000 		.4byte	.LASF45
 1158 0299 01       		.byte	0x1
 1159 029a 55       		.byte	0x55
 1160 029b A2000000 		.4byte	0xa2
 1161 029f 02       		.uleb128 0x2
 1162 02a0 91       		.byte	0x91
 1163 02a1 6E       		.sleb128 -18
ARM GAS  C:\Users\mag94\AppData\Local\Temp\cci7MTUe.s 			page 25


 1164 02a2 0D       		.uleb128 0xd
 1165 02a3 62756600 		.ascii	"buf\000"
 1166 02a7 01       		.byte	0x1
 1167 02a8 56       		.byte	0x56
 1168 02a9 B1020000 		.4byte	0x2b1
 1169 02ad 02       		.uleb128 0x2
 1170 02ae 91       		.byte	0x91
 1171 02af 74       		.sleb128 -12
 1172 02b0 00       		.byte	0
 1173 02b1 10       		.uleb128 0x10
 1174 02b2 97000000 		.4byte	0x97
 1175 02b6 C1020000 		.4byte	0x2c1
 1176 02ba 11       		.uleb128 0x11
 1177 02bb FC000000 		.4byte	0xfc
 1178 02bf 01       		.byte	0x1
 1179 02c0 00       		.byte	0
 1180 02c1 0A       		.uleb128 0xa
 1181 02c2 F4000000 		.4byte	.LASF46
 1182 02c6 01       		.byte	0x1
 1183 02c7 65       		.byte	0x65
 1184 02c8 00000000 		.4byte	.LFB72
 1185 02cc 64000000 		.4byte	.LFE72-.LFB72
 1186 02d0 01       		.uleb128 0x1
 1187 02d1 9C       		.byte	0x9c
 1188 02d2 0F030000 		.4byte	0x30f
 1189 02d6 0B       		.uleb128 0xb
 1190 02d7 3C040000 		.4byte	.LASF45
 1191 02db 01       		.byte	0x1
 1192 02dc 65       		.byte	0x65
 1193 02dd A2000000 		.4byte	0xa2
 1194 02e1 02       		.uleb128 0x2
 1195 02e2 91       		.byte	0x91
 1196 02e3 6E       		.sleb128 -18
 1197 02e4 0B       		.uleb128 0xb
 1198 02e5 21040000 		.4byte	.LASF47
 1199 02e9 01       		.byte	0x1
 1200 02ea 65       		.byte	0x65
 1201 02eb A2000000 		.4byte	0xa2
 1202 02ef 02       		.uleb128 0x2
 1203 02f0 91       		.byte	0x91
 1204 02f1 6C       		.sleb128 -20
 1205 02f2 0E       		.uleb128 0xe
 1206 02f3 18040000 		.4byte	.LASF48
 1207 02f7 01       		.byte	0x1
 1208 02f8 66       		.byte	0x66
 1209 02f9 97000000 		.4byte	0x97
 1210 02fd 02       		.uleb128 0x2
 1211 02fe 91       		.byte	0x91
 1212 02ff 77       		.sleb128 -9
 1213 0300 0D       		.uleb128 0xd
 1214 0301 62756600 		.ascii	"buf\000"
 1215 0305 01       		.byte	0x1
 1216 0306 66       		.byte	0x66
 1217 0307 0F030000 		.4byte	0x30f
 1218 030b 02       		.uleb128 0x2
 1219 030c 91       		.byte	0x91
 1220 030d 70       		.sleb128 -16
ARM GAS  C:\Users\mag94\AppData\Local\Temp\cci7MTUe.s 			page 26


 1221 030e 00       		.byte	0
 1222 030f 10       		.uleb128 0x10
 1223 0310 97000000 		.4byte	0x97
 1224 0314 1F030000 		.4byte	0x31f
 1225 0318 11       		.uleb128 0x11
 1226 0319 FC000000 		.4byte	0xfc
 1227 031d 04       		.byte	0x4
 1228 031e 00       		.byte	0
 1229 031f 12       		.uleb128 0x12
 1230 0320 53000000 		.4byte	.LASF54
 1231 0324 01       		.byte	0x1
 1232 0325 72       		.byte	0x72
 1233 0326 A2000000 		.4byte	0xa2
 1234 032a 00000000 		.4byte	.LFB73
 1235 032e 44000000 		.4byte	.LFE73-.LFB73
 1236 0332 01       		.uleb128 0x1
 1237 0333 9C       		.byte	0x9c
 1238 0334 55030000 		.4byte	0x355
 1239 0338 0B       		.uleb128 0xb
 1240 0339 3C040000 		.4byte	.LASF45
 1241 033d 01       		.byte	0x1
 1242 033e 72       		.byte	0x72
 1243 033f A2000000 		.4byte	0xa2
 1244 0343 02       		.uleb128 0x2
 1245 0344 91       		.byte	0x91
 1246 0345 6E       		.sleb128 -18
 1247 0346 0D       		.uleb128 0xd
 1248 0347 62756600 		.ascii	"buf\000"
 1249 034b 01       		.byte	0x1
 1250 034c 73       		.byte	0x73
 1251 034d 55030000 		.4byte	0x355
 1252 0351 02       		.uleb128 0x2
 1253 0352 91       		.byte	0x91
 1254 0353 74       		.sleb128 -12
 1255 0354 00       		.byte	0
 1256 0355 10       		.uleb128 0x10
 1257 0356 97000000 		.4byte	0x97
 1258 035a 65030000 		.4byte	0x365
 1259 035e 11       		.uleb128 0x11
 1260 035f FC000000 		.4byte	0xfc
 1261 0363 02       		.byte	0x2
 1262 0364 00       		.byte	0
 1263 0365 0A       		.uleb128 0xa
 1264 0366 41000000 		.4byte	.LASF49
 1265 036a 01       		.byte	0x1
 1266 036b 7B       		.byte	0x7b
 1267 036c 00000000 		.4byte	.LFB74
 1268 0370 48000000 		.4byte	.LFE74-.LFB74
 1269 0374 01       		.uleb128 0x1
 1270 0375 9C       		.byte	0x9c
 1271 0376 B3030000 		.4byte	0x3b3
 1272 037a 0B       		.uleb128 0xb
 1273 037b 48030000 		.4byte	.LASF50
 1274 037f 01       		.byte	0x1
 1275 0380 7B       		.byte	0x7b
 1276 0381 B3030000 		.4byte	0x3b3
 1277 0385 02       		.uleb128 0x2
ARM GAS  C:\Users\mag94\AppData\Local\Temp\cci7MTUe.s 			page 27


 1278 0386 91       		.byte	0x91
 1279 0387 6C       		.sleb128 -20
 1280 0388 13       		.uleb128 0x13
 1281 0389 6C656E00 		.ascii	"len\000"
 1282 038d 01       		.byte	0x1
 1283 038e 7B       		.byte	0x7b
 1284 038f 97000000 		.4byte	0x97
 1285 0393 02       		.uleb128 0x2
 1286 0394 91       		.byte	0x91
 1287 0395 6B       		.sleb128 -21
 1288 0396 0E       		.uleb128 0xe
 1289 0397 B2020000 		.4byte	.LASF51
 1290 039b 01       		.byte	0x1
 1291 039c 7E       		.byte	0x7e
 1292 039d 97000000 		.4byte	0x97
 1293 03a1 02       		.uleb128 0x2
 1294 03a2 91       		.byte	0x91
 1295 03a3 77       		.sleb128 -9
 1296 03a4 0E       		.uleb128 0xe
 1297 03a5 A5010000 		.4byte	.LASF52
 1298 03a9 01       		.byte	0x1
 1299 03aa 7F       		.byte	0x7f
 1300 03ab 97000000 		.4byte	0x97
 1301 03af 02       		.uleb128 0x2
 1302 03b0 91       		.byte	0x91
 1303 03b1 76       		.sleb128 -10
 1304 03b2 00       		.byte	0
 1305 03b3 0F       		.uleb128 0xf
 1306 03b4 04       		.byte	0x4
 1307 03b5 97000000 		.4byte	0x97
 1308 03b9 0A       		.uleb128 0xa
 1309 03ba 44040000 		.4byte	.LASF53
 1310 03be 01       		.byte	0x1
 1311 03bf 96       		.byte	0x96
 1312 03c0 00000000 		.4byte	.LFB75
 1313 03c4 3C000000 		.4byte	.LFE75-.LFB75
 1314 03c8 01       		.uleb128 0x1
 1315 03c9 9C       		.byte	0x9c
 1316 03ca EB030000 		.4byte	0x3eb
 1317 03ce 0B       		.uleb128 0xb
 1318 03cf 48030000 		.4byte	.LASF50
 1319 03d3 01       		.byte	0x1
 1320 03d4 96       		.byte	0x96
 1321 03d5 B3030000 		.4byte	0x3b3
 1322 03d9 02       		.uleb128 0x2
 1323 03da 91       		.byte	0x91
 1324 03db 74       		.sleb128 -12
 1325 03dc 13       		.uleb128 0x13
 1326 03dd 6C656E00 		.ascii	"len\000"
 1327 03e1 01       		.byte	0x1
 1328 03e2 96       		.byte	0x96
 1329 03e3 97000000 		.4byte	0x97
 1330 03e7 02       		.uleb128 0x2
 1331 03e8 91       		.byte	0x91
 1332 03e9 73       		.sleb128 -13
 1333 03ea 00       		.byte	0
 1334 03eb 14       		.uleb128 0x14
ARM GAS  C:\Users\mag94\AppData\Local\Temp\cci7MTUe.s 			page 28


 1335 03ec 7B020000 		.4byte	.LASF55
 1336 03f0 01       		.byte	0x1
 1337 03f1 AE       		.byte	0xae
 1338 03f2 97000000 		.4byte	0x97
 1339 03f6 00000000 		.4byte	.LFB76
 1340 03fa 6C000000 		.4byte	.LFE76-.LFB76
 1341 03fe 01       		.uleb128 0x1
 1342 03ff 9C       		.byte	0x9c
 1343 0400 4B040000 		.4byte	0x44b
 1344 0404 0B       		.uleb128 0xb
 1345 0405 48030000 		.4byte	.LASF50
 1346 0409 01       		.byte	0x1
 1347 040a AE       		.byte	0xae
 1348 040b B3030000 		.4byte	0x3b3
 1349 040f 02       		.uleb128 0x2
 1350 0410 91       		.byte	0x91
 1351 0411 6C       		.sleb128 -20
 1352 0412 13       		.uleb128 0x13
 1353 0413 6C656E00 		.ascii	"len\000"
 1354 0417 01       		.byte	0x1
 1355 0418 AE       		.byte	0xae
 1356 0419 97000000 		.4byte	0x97
 1357 041d 02       		.uleb128 0x2
 1358 041e 91       		.byte	0x91
 1359 041f 6B       		.sleb128 -21
 1360 0420 0D       		.uleb128 0xd
 1361 0421 62697400 		.ascii	"bit\000"
 1362 0425 01       		.byte	0x1
 1363 0426 AF       		.byte	0xaf
 1364 0427 97000000 		.4byte	0x97
 1365 042b 02       		.uleb128 0x2
 1366 042c 91       		.byte	0x91
 1367 042d 77       		.sleb128 -9
 1368 042e 0E       		.uleb128 0xe
 1369 042f B2010000 		.4byte	.LASF56
 1370 0433 01       		.byte	0x1
 1371 0434 AF       		.byte	0xaf
 1372 0435 97000000 		.4byte	0x97
 1373 0439 02       		.uleb128 0x2
 1374 043a 91       		.byte	0x91
 1375 043b 76       		.sleb128 -10
 1376 043c 0D       		.uleb128 0xd
 1377 043d 63726300 		.ascii	"crc\000"
 1378 0441 01       		.byte	0x1
 1379 0442 AF       		.byte	0xaf
 1380 0443 97000000 		.4byte	0x97
 1381 0447 02       		.uleb128 0x2
 1382 0448 91       		.byte	0x91
 1383 0449 75       		.sleb128 -11
 1384 044a 00       		.byte	0
 1385 044b 10       		.uleb128 0x10
 1386 044c 03010000 		.4byte	0x103
 1387 0450 5B040000 		.4byte	0x45b
 1388 0454 11       		.uleb128 0x11
 1389 0455 FC000000 		.4byte	0xfc
 1390 0459 07       		.byte	0x7
 1391 045a 00       		.byte	0
ARM GAS  C:\Users\mag94\AppData\Local\Temp\cci7MTUe.s 			page 29


 1392 045b 15       		.uleb128 0x15
 1393 045c 33000000 		.4byte	.LASF57
 1394 0460 05       		.byte	0x5
 1395 0461 34       		.byte	0x34
 1396 0462 4B040000 		.4byte	0x44b
 1397 0466 05       		.uleb128 0x5
 1398 0467 03       		.byte	0x3
 1399 0468 00000000 		.4byte	DS18x8_Sensor
 1400 046c 15       		.uleb128 0x15
 1401 046d 2B040000 		.4byte	.LASF58
 1402 0471 05       		.byte	0x5
 1403 0472 39       		.byte	0x39
 1404 0473 F0000000 		.4byte	0xf0
 1405 0477 05       		.uleb128 0x5
 1406 0478 03       		.byte	0x3
 1407 0479 00000000 		.4byte	DS18x8_DataReady
 1408 047d 16       		.uleb128 0x16
 1409 047e 0B040000 		.4byte	.LASF59
 1410 0482 06       		.byte	0x6
 1411 0483 1207     		.2byte	0x712
 1412 0485 89040000 		.4byte	0x489
 1413 0489 06       		.uleb128 0x6
 1414 048a AD000000 		.4byte	0xad
 1415 048e 15       		.uleb128 0x15
 1416 048f F0030000 		.4byte	.LASF60
 1417 0493 01       		.byte	0x1
 1418 0494 10       		.byte	0x10
 1419 0495 97000000 		.4byte	0x97
 1420 0499 05       		.uleb128 0x5
 1421 049a 03       		.byte	0x3
 1422 049b 00000000 		.4byte	devAddr
 1423 049f 00       		.byte	0
 1424              		.section	.debug_abbrev,"",%progbits
 1425              	.Ldebug_abbrev0:
 1426 0000 01       		.uleb128 0x1
 1427 0001 11       		.uleb128 0x11
 1428 0002 01       		.byte	0x1
 1429 0003 25       		.uleb128 0x25
 1430 0004 0E       		.uleb128 0xe
 1431 0005 13       		.uleb128 0x13
 1432 0006 0B       		.uleb128 0xb
 1433 0007 03       		.uleb128 0x3
 1434 0008 0E       		.uleb128 0xe
 1435 0009 1B       		.uleb128 0x1b
 1436 000a 0E       		.uleb128 0xe
 1437 000b 55       		.uleb128 0x55
 1438 000c 17       		.uleb128 0x17
 1439 000d 11       		.uleb128 0x11
 1440 000e 01       		.uleb128 0x1
 1441 000f 10       		.uleb128 0x10
 1442 0010 17       		.uleb128 0x17
 1443 0011 00       		.byte	0
 1444 0012 00       		.byte	0
 1445 0013 02       		.uleb128 0x2
 1446 0014 24       		.uleb128 0x24
 1447 0015 00       		.byte	0
 1448 0016 0B       		.uleb128 0xb
ARM GAS  C:\Users\mag94\AppData\Local\Temp\cci7MTUe.s 			page 30


 1449 0017 0B       		.uleb128 0xb
 1450 0018 3E       		.uleb128 0x3e
 1451 0019 0B       		.uleb128 0xb
 1452 001a 03       		.uleb128 0x3
 1453 001b 0E       		.uleb128 0xe
 1454 001c 00       		.byte	0
 1455 001d 00       		.byte	0
 1456 001e 03       		.uleb128 0x3
 1457 001f 16       		.uleb128 0x16
 1458 0020 00       		.byte	0
 1459 0021 03       		.uleb128 0x3
 1460 0022 0E       		.uleb128 0xe
 1461 0023 3A       		.uleb128 0x3a
 1462 0024 0B       		.uleb128 0xb
 1463 0025 3B       		.uleb128 0x3b
 1464 0026 0B       		.uleb128 0xb
 1465 0027 49       		.uleb128 0x49
 1466 0028 13       		.uleb128 0x13
 1467 0029 00       		.byte	0
 1468 002a 00       		.byte	0
 1469 002b 04       		.uleb128 0x4
 1470 002c 24       		.uleb128 0x24
 1471 002d 00       		.byte	0
 1472 002e 0B       		.uleb128 0xb
 1473 002f 0B       		.uleb128 0xb
 1474 0030 3E       		.uleb128 0x3e
 1475 0031 0B       		.uleb128 0xb
 1476 0032 03       		.uleb128 0x3
 1477 0033 08       		.uleb128 0x8
 1478 0034 00       		.byte	0
 1479 0035 00       		.byte	0
 1480 0036 05       		.uleb128 0x5
 1481 0037 16       		.uleb128 0x16
 1482 0038 00       		.byte	0
 1483 0039 03       		.uleb128 0x3
 1484 003a 0E       		.uleb128 0xe
 1485 003b 3A       		.uleb128 0x3a
 1486 003c 0B       		.uleb128 0xb
 1487 003d 3B       		.uleb128 0x3b
 1488 003e 05       		.uleb128 0x5
 1489 003f 49       		.uleb128 0x49
 1490 0040 13       		.uleb128 0x13
 1491 0041 00       		.byte	0
 1492 0042 00       		.byte	0
 1493 0043 06       		.uleb128 0x6
 1494 0044 35       		.uleb128 0x35
 1495 0045 00       		.byte	0
 1496 0046 49       		.uleb128 0x49
 1497 0047 13       		.uleb128 0x13
 1498 0048 00       		.byte	0
 1499 0049 00       		.byte	0
 1500 004a 07       		.uleb128 0x7
 1501 004b 13       		.uleb128 0x13
 1502 004c 01       		.byte	0x1
 1503 004d 03       		.uleb128 0x3
 1504 004e 0E       		.uleb128 0xe
 1505 004f 0B       		.uleb128 0xb
ARM GAS  C:\Users\mag94\AppData\Local\Temp\cci7MTUe.s 			page 31


 1506 0050 0B       		.uleb128 0xb
 1507 0051 3A       		.uleb128 0x3a
 1508 0052 0B       		.uleb128 0xb
 1509 0053 3B       		.uleb128 0x3b
 1510 0054 0B       		.uleb128 0xb
 1511 0055 01       		.uleb128 0x1
 1512 0056 13       		.uleb128 0x13
 1513 0057 00       		.byte	0
 1514 0058 00       		.byte	0
 1515 0059 08       		.uleb128 0x8
 1516 005a 0D       		.uleb128 0xd
 1517 005b 00       		.byte	0
 1518 005c 03       		.uleb128 0x3
 1519 005d 0E       		.uleb128 0xe
 1520 005e 3A       		.uleb128 0x3a
 1521 005f 0B       		.uleb128 0xb
 1522 0060 3B       		.uleb128 0x3b
 1523 0061 0B       		.uleb128 0xb
 1524 0062 49       		.uleb128 0x49
 1525 0063 13       		.uleb128 0x13
 1526 0064 38       		.uleb128 0x38
 1527 0065 0B       		.uleb128 0xb
 1528 0066 00       		.byte	0
 1529 0067 00       		.byte	0
 1530 0068 09       		.uleb128 0x9
 1531 0069 2E       		.uleb128 0x2e
 1532 006a 00       		.byte	0
 1533 006b 3F       		.uleb128 0x3f
 1534 006c 19       		.uleb128 0x19
 1535 006d 03       		.uleb128 0x3
 1536 006e 0E       		.uleb128 0xe
 1537 006f 3A       		.uleb128 0x3a
 1538 0070 0B       		.uleb128 0xb
 1539 0071 3B       		.uleb128 0x3b
 1540 0072 0B       		.uleb128 0xb
 1541 0073 27       		.uleb128 0x27
 1542 0074 19       		.uleb128 0x19
 1543 0075 11       		.uleb128 0x11
 1544 0076 01       		.uleb128 0x1
 1545 0077 12       		.uleb128 0x12
 1546 0078 06       		.uleb128 0x6
 1547 0079 40       		.uleb128 0x40
 1548 007a 18       		.uleb128 0x18
 1549 007b 9642     		.uleb128 0x2116
 1550 007d 19       		.uleb128 0x19
 1551 007e 00       		.byte	0
 1552 007f 00       		.byte	0
 1553 0080 0A       		.uleb128 0xa
 1554 0081 2E       		.uleb128 0x2e
 1555 0082 01       		.byte	0x1
 1556 0083 3F       		.uleb128 0x3f
 1557 0084 19       		.uleb128 0x19
 1558 0085 03       		.uleb128 0x3
 1559 0086 0E       		.uleb128 0xe
 1560 0087 3A       		.uleb128 0x3a
 1561 0088 0B       		.uleb128 0xb
 1562 0089 3B       		.uleb128 0x3b
ARM GAS  C:\Users\mag94\AppData\Local\Temp\cci7MTUe.s 			page 32


 1563 008a 0B       		.uleb128 0xb
 1564 008b 27       		.uleb128 0x27
 1565 008c 19       		.uleb128 0x19
 1566 008d 11       		.uleb128 0x11
 1567 008e 01       		.uleb128 0x1
 1568 008f 12       		.uleb128 0x12
 1569 0090 06       		.uleb128 0x6
 1570 0091 40       		.uleb128 0x40
 1571 0092 18       		.uleb128 0x18
 1572 0093 9642     		.uleb128 0x2116
 1573 0095 19       		.uleb128 0x19
 1574 0096 01       		.uleb128 0x1
 1575 0097 13       		.uleb128 0x13
 1576 0098 00       		.byte	0
 1577 0099 00       		.byte	0
 1578 009a 0B       		.uleb128 0xb
 1579 009b 05       		.uleb128 0x5
 1580 009c 00       		.byte	0
 1581 009d 03       		.uleb128 0x3
 1582 009e 0E       		.uleb128 0xe
 1583 009f 3A       		.uleb128 0x3a
 1584 00a0 0B       		.uleb128 0xb
 1585 00a1 3B       		.uleb128 0x3b
 1586 00a2 0B       		.uleb128 0xb
 1587 00a3 49       		.uleb128 0x49
 1588 00a4 13       		.uleb128 0x13
 1589 00a5 02       		.uleb128 0x2
 1590 00a6 18       		.uleb128 0x18
 1591 00a7 00       		.byte	0
 1592 00a8 00       		.byte	0
 1593 00a9 0C       		.uleb128 0xc
 1594 00aa 2E       		.uleb128 0x2e
 1595 00ab 00       		.byte	0
 1596 00ac 3F       		.uleb128 0x3f
 1597 00ad 19       		.uleb128 0x19
 1598 00ae 03       		.uleb128 0x3
 1599 00af 0E       		.uleb128 0xe
 1600 00b0 3A       		.uleb128 0x3a
 1601 00b1 0B       		.uleb128 0xb
 1602 00b2 3B       		.uleb128 0x3b
 1603 00b3 0B       		.uleb128 0xb
 1604 00b4 27       		.uleb128 0x27
 1605 00b5 19       		.uleb128 0x19
 1606 00b6 49       		.uleb128 0x49
 1607 00b7 13       		.uleb128 0x13
 1608 00b8 11       		.uleb128 0x11
 1609 00b9 01       		.uleb128 0x1
 1610 00ba 12       		.uleb128 0x12
 1611 00bb 06       		.uleb128 0x6
 1612 00bc 40       		.uleb128 0x40
 1613 00bd 18       		.uleb128 0x18
 1614 00be 9642     		.uleb128 0x2116
 1615 00c0 19       		.uleb128 0x19
 1616 00c1 00       		.byte	0
 1617 00c2 00       		.byte	0
 1618 00c3 0D       		.uleb128 0xd
 1619 00c4 34       		.uleb128 0x34
ARM GAS  C:\Users\mag94\AppData\Local\Temp\cci7MTUe.s 			page 33


 1620 00c5 00       		.byte	0
 1621 00c6 03       		.uleb128 0x3
 1622 00c7 08       		.uleb128 0x8
 1623 00c8 3A       		.uleb128 0x3a
 1624 00c9 0B       		.uleb128 0xb
 1625 00ca 3B       		.uleb128 0x3b
 1626 00cb 0B       		.uleb128 0xb
 1627 00cc 49       		.uleb128 0x49
 1628 00cd 13       		.uleb128 0x13
 1629 00ce 02       		.uleb128 0x2
 1630 00cf 18       		.uleb128 0x18
 1631 00d0 00       		.byte	0
 1632 00d1 00       		.byte	0
 1633 00d2 0E       		.uleb128 0xe
 1634 00d3 34       		.uleb128 0x34
 1635 00d4 00       		.byte	0
 1636 00d5 03       		.uleb128 0x3
 1637 00d6 0E       		.uleb128 0xe
 1638 00d7 3A       		.uleb128 0x3a
 1639 00d8 0B       		.uleb128 0xb
 1640 00d9 3B       		.uleb128 0x3b
 1641 00da 0B       		.uleb128 0xb
 1642 00db 49       		.uleb128 0x49
 1643 00dc 13       		.uleb128 0x13
 1644 00dd 02       		.uleb128 0x2
 1645 00de 18       		.uleb128 0x18
 1646 00df 00       		.byte	0
 1647 00e0 00       		.byte	0
 1648 00e1 0F       		.uleb128 0xf
 1649 00e2 0F       		.uleb128 0xf
 1650 00e3 00       		.byte	0
 1651 00e4 0B       		.uleb128 0xb
 1652 00e5 0B       		.uleb128 0xb
 1653 00e6 49       		.uleb128 0x49
 1654 00e7 13       		.uleb128 0x13
 1655 00e8 00       		.byte	0
 1656 00e9 00       		.byte	0
 1657 00ea 10       		.uleb128 0x10
 1658 00eb 01       		.uleb128 0x1
 1659 00ec 01       		.byte	0x1
 1660 00ed 49       		.uleb128 0x49
 1661 00ee 13       		.uleb128 0x13
 1662 00ef 01       		.uleb128 0x1
 1663 00f0 13       		.uleb128 0x13
 1664 00f1 00       		.byte	0
 1665 00f2 00       		.byte	0
 1666 00f3 11       		.uleb128 0x11
 1667 00f4 21       		.uleb128 0x21
 1668 00f5 00       		.byte	0
 1669 00f6 49       		.uleb128 0x49
 1670 00f7 13       		.uleb128 0x13
 1671 00f8 2F       		.uleb128 0x2f
 1672 00f9 0B       		.uleb128 0xb
 1673 00fa 00       		.byte	0
 1674 00fb 00       		.byte	0
 1675 00fc 12       		.uleb128 0x12
 1676 00fd 2E       		.uleb128 0x2e
ARM GAS  C:\Users\mag94\AppData\Local\Temp\cci7MTUe.s 			page 34


 1677 00fe 01       		.byte	0x1
 1678 00ff 3F       		.uleb128 0x3f
 1679 0100 19       		.uleb128 0x19
 1680 0101 03       		.uleb128 0x3
 1681 0102 0E       		.uleb128 0xe
 1682 0103 3A       		.uleb128 0x3a
 1683 0104 0B       		.uleb128 0xb
 1684 0105 3B       		.uleb128 0x3b
 1685 0106 0B       		.uleb128 0xb
 1686 0107 27       		.uleb128 0x27
 1687 0108 19       		.uleb128 0x19
 1688 0109 49       		.uleb128 0x49
 1689 010a 13       		.uleb128 0x13
 1690 010b 11       		.uleb128 0x11
 1691 010c 01       		.uleb128 0x1
 1692 010d 12       		.uleb128 0x12
 1693 010e 06       		.uleb128 0x6
 1694 010f 40       		.uleb128 0x40
 1695 0110 18       		.uleb128 0x18
 1696 0111 9642     		.uleb128 0x2116
 1697 0113 19       		.uleb128 0x19
 1698 0114 01       		.uleb128 0x1
 1699 0115 13       		.uleb128 0x13
 1700 0116 00       		.byte	0
 1701 0117 00       		.byte	0
 1702 0118 13       		.uleb128 0x13
 1703 0119 05       		.uleb128 0x5
 1704 011a 00       		.byte	0
 1705 011b 03       		.uleb128 0x3
 1706 011c 08       		.uleb128 0x8
 1707 011d 3A       		.uleb128 0x3a
 1708 011e 0B       		.uleb128 0xb
 1709 011f 3B       		.uleb128 0x3b
 1710 0120 0B       		.uleb128 0xb
 1711 0121 49       		.uleb128 0x49
 1712 0122 13       		.uleb128 0x13
 1713 0123 02       		.uleb128 0x2
 1714 0124 18       		.uleb128 0x18
 1715 0125 00       		.byte	0
 1716 0126 00       		.byte	0
 1717 0127 14       		.uleb128 0x14
 1718 0128 2E       		.uleb128 0x2e
 1719 0129 01       		.byte	0x1
 1720 012a 3F       		.uleb128 0x3f
 1721 012b 19       		.uleb128 0x19
 1722 012c 03       		.uleb128 0x3
 1723 012d 0E       		.uleb128 0xe
 1724 012e 3A       		.uleb128 0x3a
 1725 012f 0B       		.uleb128 0xb
 1726 0130 3B       		.uleb128 0x3b
 1727 0131 0B       		.uleb128 0xb
 1728 0132 27       		.uleb128 0x27
 1729 0133 19       		.uleb128 0x19
 1730 0134 49       		.uleb128 0x49
 1731 0135 13       		.uleb128 0x13
 1732 0136 11       		.uleb128 0x11
 1733 0137 01       		.uleb128 0x1
ARM GAS  C:\Users\mag94\AppData\Local\Temp\cci7MTUe.s 			page 35


 1734 0138 12       		.uleb128 0x12
 1735 0139 06       		.uleb128 0x6
 1736 013a 40       		.uleb128 0x40
 1737 013b 18       		.uleb128 0x18
 1738 013c 9742     		.uleb128 0x2117
 1739 013e 19       		.uleb128 0x19
 1740 013f 01       		.uleb128 0x1
 1741 0140 13       		.uleb128 0x13
 1742 0141 00       		.byte	0
 1743 0142 00       		.byte	0
 1744 0143 15       		.uleb128 0x15
 1745 0144 34       		.uleb128 0x34
 1746 0145 00       		.byte	0
 1747 0146 03       		.uleb128 0x3
 1748 0147 0E       		.uleb128 0xe
 1749 0148 3A       		.uleb128 0x3a
 1750 0149 0B       		.uleb128 0xb
 1751 014a 3B       		.uleb128 0x3b
 1752 014b 0B       		.uleb128 0xb
 1753 014c 49       		.uleb128 0x49
 1754 014d 13       		.uleb128 0x13
 1755 014e 3F       		.uleb128 0x3f
 1756 014f 19       		.uleb128 0x19
 1757 0150 02       		.uleb128 0x2
 1758 0151 18       		.uleb128 0x18
 1759 0152 00       		.byte	0
 1760 0153 00       		.byte	0
 1761 0154 16       		.uleb128 0x16
 1762 0155 34       		.uleb128 0x34
 1763 0156 00       		.byte	0
 1764 0157 03       		.uleb128 0x3
 1765 0158 0E       		.uleb128 0xe
 1766 0159 3A       		.uleb128 0x3a
 1767 015a 0B       		.uleb128 0xb
 1768 015b 3B       		.uleb128 0x3b
 1769 015c 05       		.uleb128 0x5
 1770 015d 49       		.uleb128 0x49
 1771 015e 13       		.uleb128 0x13
 1772 015f 3F       		.uleb128 0x3f
 1773 0160 19       		.uleb128 0x19
 1774 0161 3C       		.uleb128 0x3c
 1775 0162 19       		.uleb128 0x19
 1776 0163 00       		.byte	0
 1777 0164 00       		.byte	0
 1778 0165 00       		.byte	0
 1779              		.section	.debug_aranges,"",%progbits
 1780 0000 84000000 		.4byte	0x84
 1781 0004 0200     		.2byte	0x2
 1782 0006 00000000 		.4byte	.Ldebug_info0
 1783 000a 04       		.byte	0x4
 1784 000b 00       		.byte	0
 1785 000c 0000     		.2byte	0
 1786 000e 0000     		.2byte	0
 1787 0010 00000000 		.4byte	.LFB63
 1788 0014 12000000 		.4byte	.LFE63-.LFB63
 1789 0018 00000000 		.4byte	.LFB64
 1790 001c 1E000000 		.4byte	.LFE64-.LFB64
ARM GAS  C:\Users\mag94\AppData\Local\Temp\cci7MTUe.s 			page 36


 1791 0020 00000000 		.4byte	.LFB65
 1792 0024 1C000000 		.4byte	.LFE65-.LFB65
 1793 0028 00000000 		.4byte	.LFB66
 1794 002c 2E000000 		.4byte	.LFE66-.LFB66
 1795 0030 00000000 		.4byte	.LFB67
 1796 0034 1E000000 		.4byte	.LFE67-.LFB67
 1797 0038 00000000 		.4byte	.LFB68
 1798 003c 10000000 		.4byte	.LFE68-.LFB68
 1799 0040 00000000 		.4byte	.LFB69
 1800 0044 10000000 		.4byte	.LFE69-.LFB69
 1801 0048 00000000 		.4byte	.LFB70
 1802 004c CE000000 		.4byte	.LFE70-.LFB70
 1803 0050 00000000 		.4byte	.LFB71
 1804 0054 46000000 		.4byte	.LFE71-.LFB71
 1805 0058 00000000 		.4byte	.LFB72
 1806 005c 64000000 		.4byte	.LFE72-.LFB72
 1807 0060 00000000 		.4byte	.LFB73
 1808 0064 44000000 		.4byte	.LFE73-.LFB73
 1809 0068 00000000 		.4byte	.LFB74
 1810 006c 48000000 		.4byte	.LFE74-.LFB74
 1811 0070 00000000 		.4byte	.LFB75
 1812 0074 3C000000 		.4byte	.LFE75-.LFB75
 1813 0078 00000000 		.4byte	.LFB76
 1814 007c 6C000000 		.4byte	.LFE76-.LFB76
 1815 0080 00000000 		.4byte	0
 1816 0084 00000000 		.4byte	0
 1817              		.section	.debug_ranges,"",%progbits
 1818              	.Ldebug_ranges0:
 1819 0000 00000000 		.4byte	.LFB63
 1820 0004 12000000 		.4byte	.LFE63
 1821 0008 00000000 		.4byte	.LFB64
 1822 000c 1E000000 		.4byte	.LFE64
 1823 0010 00000000 		.4byte	.LFB65
 1824 0014 1C000000 		.4byte	.LFE65
 1825 0018 00000000 		.4byte	.LFB66
 1826 001c 2E000000 		.4byte	.LFE66
 1827 0020 00000000 		.4byte	.LFB67
 1828 0024 1E000000 		.4byte	.LFE67
 1829 0028 00000000 		.4byte	.LFB68
 1830 002c 10000000 		.4byte	.LFE68
 1831 0030 00000000 		.4byte	.LFB69
 1832 0034 10000000 		.4byte	.LFE69
 1833 0038 00000000 		.4byte	.LFB70
 1834 003c CE000000 		.4byte	.LFE70
 1835 0040 00000000 		.4byte	.LFB71
 1836 0044 46000000 		.4byte	.LFE71
 1837 0048 00000000 		.4byte	.LFB72
 1838 004c 64000000 		.4byte	.LFE72
 1839 0050 00000000 		.4byte	.LFB73
 1840 0054 44000000 		.4byte	.LFE73
 1841 0058 00000000 		.4byte	.LFB74
 1842 005c 48000000 		.4byte	.LFE74
 1843 0060 00000000 		.4byte	.LFB75
 1844 0064 3C000000 		.4byte	.LFE75
 1845 0068 00000000 		.4byte	.LFB76
 1846 006c 6C000000 		.4byte	.LFE76
 1847 0070 00000000 		.4byte	0
ARM GAS  C:\Users\mag94\AppData\Local\Temp\cci7MTUe.s 			page 37


 1848 0074 00000000 		.4byte	0
 1849              		.section	.debug_line,"",%progbits
 1850              	.Ldebug_line0:
 1851 0000 C9020000 		.section	.debug_str,"MS",%progbits,1
 1851      02007101 
 1851      00000201 
 1851      FB0E0D00 
 1851      01010101 
 1852              	.LASF38:
 1853 0000 636F3255 		.ascii	"co2U32\000"
 1853      333200
 1854              	.LASF37:
 1855 0007 72657375 		.ascii	"result\000"
 1855      6C7400
 1856              	.LASF65:
 1857 000e 53434433 		.ascii	"SCD30_isAvailable\000"
 1857      305F6973 
 1857      41766169 
 1857      6C61626C 
 1857      6500
 1858              	.LASF2:
 1859 0020 73686F72 		.ascii	"short int\000"
 1859      7420696E 
 1859      7400
 1860              	.LASF23:
 1861 002a 73697A65 		.ascii	"sizetype\000"
 1861      74797065 
 1861      00
 1862              	.LASF57:
 1863 0033 44533138 		.ascii	"DS18x8_Sensor\000"
 1863      78385F53 
 1863      656E736F 
 1863      7200
 1864              	.LASF49:
 1865 0041 53434433 		.ascii	"SCD30_writeBuffer\000"
 1865      305F7772 
 1865      69746542 
 1865      75666665 
 1865      7200
 1866              	.LASF54:
 1867 0053 53434433 		.ascii	"SCD30_readRegister\000"
 1867      305F7265 
 1867      61645265 
 1867      67697374 
 1867      657200
 1868              	.LASF61:
 1869 0066 474E5520 		.ascii	"GNU C11 5.4.1 20160609 (release) [ARM/embedded-5-br"
 1869      43313120 
 1869      352E342E 
 1869      31203230 
 1869      31363036 
 1870 0099 616E6368 		.ascii	"anch revision 237715] -mcpu=cortex-m3 -mthumb -g -O"
 1870      20726576 
 1870      6973696F 
 1870      6E203233 
 1870      37373135 
 1871 00cc 30202D66 		.ascii	"0 -ffunction-sections -ffat-lto-objects\000"
ARM GAS  C:\Users\mag94\AppData\Local\Temp\cci7MTUe.s 			page 38


 1871      66756E63 
 1871      74696F6E 
 1871      2D736563 
 1871      74696F6E 
 1872              	.LASF46:
 1873 00f4 53434433 		.ascii	"SCD30_writeCommandWithArguments\000"
 1873      305F7772 
 1873      69746543 
 1873      6F6D6D61 
 1873      6E645769 
 1874              	.LASF8:
 1875 0114 5F5F7569 		.ascii	"__uint32_t\000"
 1875      6E743332 
 1875      5F7400
 1876              	.LASF4:
 1877 011f 5F5F7569 		.ascii	"__uint16_t\000"
 1877      6E743136 
 1877      5F7400
 1878              	.LASF35:
 1879 012a 53434433 		.ascii	"SCD30_stopMeasurement\000"
 1879      305F7374 
 1879      6F704D65 
 1879      61737572 
 1879      656D656E 
 1880              	.LASF18:
 1881 0140 75696E74 		.ascii	"uint16\000"
 1881      313600
 1882              	.LASF62:
 1883 0147 2E2E5C2E 		.ascii	"..\\..\\SCD30\\SCD30.cydsn\\SCD30.c\000"
 1883      2E5C5343 
 1883      4433305C 
 1883      53434433 
 1883      302E6379 
 1884              	.LASF30:
 1885 0167 656E6162 		.ascii	"enable\000"
 1885      6C6500
 1886              	.LASF17:
 1887 016e 75696E74 		.ascii	"uint8\000"
 1887      3800
 1888              	.LASF31:
 1889 0174 53434433 		.ascii	"SCD30_setMeasurementInterval\000"
 1889      305F7365 
 1889      744D6561 
 1889      73757265 
 1889      6D656E74 
 1890              	.LASF19:
 1891 0191 666C6F61 		.ascii	"float\000"
 1891      7400
 1892              	.LASF10:
 1893 0197 6C6F6E67 		.ascii	"long long int\000"
 1893      206C6F6E 
 1893      6720696E 
 1893      7400
 1894              	.LASF52:
 1895 01a5 6D617374 		.ascii	"masterstatus\000"
 1895      65727374 
 1895      61747573 
ARM GAS  C:\Users\mag94\AppData\Local\Temp\cci7MTUe.s 			page 39


 1895      00
 1896              	.LASF56:
 1897 01b2 62797465 		.ascii	"byteCtr\000"
 1897      43747200 
 1898              	.LASF29:
 1899 01ba 6F666673 		.ascii	"offset\000"
 1899      657400
 1900              	.LASF3:
 1901 01c1 5F5F7569 		.ascii	"__uint8_t\000"
 1901      6E74385F 
 1901      7400
 1902              	.LASF41:
 1903 01cb 636F3243 		.ascii	"co2Concentration\000"
 1903      6F6E6365 
 1903      6E747261 
 1903      74696F6E 
 1903      00
 1904              	.LASF28:
 1905 01dc 53434433 		.ascii	"SCD30_setAutoSelfCalibration\000"
 1905      305F7365 
 1905      74417574 
 1905      6F53656C 
 1905      6643616C 
 1906              	.LASF22:
 1907 01f9 6C6F6E67 		.ascii	"long double\000"
 1907      20646F75 
 1907      626C6500 
 1908              	.LASF39:
 1909 0205 74656D70 		.ascii	"tempU32\000"
 1909      55333200 
 1910              	.LASF1:
 1911 020d 756E7369 		.ascii	"unsigned char\000"
 1911      676E6564 
 1911      20636861 
 1911      7200
 1912              	.LASF0:
 1913 021b 7369676E 		.ascii	"signed char\000"
 1913      65642063 
 1913      68617200 
 1914              	.LASF11:
 1915 0227 6C6F6E67 		.ascii	"long long unsigned int\000"
 1915      206C6F6E 
 1915      6720756E 
 1915      7369676E 
 1915      65642069 
 1916              	.LASF16:
 1917 023e 75696E74 		.ascii	"uint32_t\000"
 1917      33325F74 
 1917      00
 1918              	.LASF12:
 1919 0247 756E7369 		.ascii	"unsigned int\000"
 1919      676E6564 
 1919      20696E74 
 1919      00
 1920              	.LASF14:
 1921 0254 75696E74 		.ascii	"uint16_t\000"
 1921      31365F74 
ARM GAS  C:\Users\mag94\AppData\Local\Temp\cci7MTUe.s 			page 40


 1921      00
 1922              	.LASF34:
 1923 025d 53434433 		.ascii	"SCD30_startPeriodicMeasurment\000"
 1923      305F7374 
 1923      61727450 
 1923      6572696F 
 1923      6469634D 
 1924              	.LASF55:
 1925 027b 53434433 		.ascii	"SCD30_calculateCrc\000"
 1925      305F6361 
 1925      6C63756C 
 1925      61746543 
 1925      726300
 1926              	.LASF33:
 1927 028e 53434433 		.ascii	"SCD30_initialize\000"
 1927      305F696E 
 1927      69746961 
 1927      6C697A65 
 1927      00
 1928              	.LASF5:
 1929 029f 73686F72 		.ascii	"short unsigned int\000"
 1929      7420756E 
 1929      7369676E 
 1929      65642069 
 1929      6E7400
 1930              	.LASF51:
 1931 02b2 73746174 		.ascii	"status\000"
 1931      757300
 1932              	.LASF21:
 1933 02b9 63686172 		.ascii	"char\000"
 1933      00
 1934              	.LASF26:
 1935 02be 5F426F6F 		.ascii	"_Bool\000"
 1935      6C00
 1936              	.LASF7:
 1937 02c4 6C6F6E67 		.ascii	"long int\000"
 1937      20696E74 
 1937      00
 1938              	.LASF15:
 1939 02cd 696E7433 		.ascii	"int32_t\000"
 1939      325F7400 
 1940              	.LASF63:
 1941 02d5 433A5C55 		.ascii	"C:\\Users\\mag94\\Desktop\\UNIstuff\\4. Semester\\P"
 1941      73657273 
 1941      5C6D6167 
 1941      39345C44 
 1941      65736B74 
 1942 0302 345F5665 		.ascii	"4_Vertical_farm\\RTOS_TEMPLATE-master\\PlanteModul."
 1942      72746963 
 1942      616C5F66 
 1942      61726D5C 
 1942      52544F53 
 1943 0333 63796473 		.ascii	"cydsn\000"
 1943      6E00
 1944              	.LASF64:
 1945 0339 44533138 		.ascii	"DS18x8_TSensor\000"
 1945      78385F54 
ARM GAS  C:\Users\mag94\AppData\Local\Temp\cci7MTUe.s 			page 41


 1945      53656E73 
 1945      6F7200
 1946              	.LASF50:
 1947 0348 64617461 		.ascii	"data\000"
 1947      00
 1948              	.LASF9:
 1949 034d 6C6F6E67 		.ascii	"long unsigned int\000"
 1949      20756E73 
 1949      69676E65 
 1949      6420696E 
 1949      7400
 1950              	.LASF44:
 1951 035f 53434433 		.ascii	"SCD30_writeCommand\000"
 1951      305F7772 
 1951      69746543 
 1951      6F6D6D61 
 1951      6E6400
 1952              	.LASF32:
 1953 0372 696E7465 		.ascii	"interval\000"
 1953      7276616C 
 1953      00
 1954              	.LASF27:
 1955 037b 53434433 		.ascii	"SCD30_setTemperatureOffset\000"
 1955      305F7365 
 1955      7454656D 
 1955      70657261 
 1955      74757265 
 1956              	.LASF42:
 1957 0396 74656D70 		.ascii	"temperature\000"
 1957      65726174 
 1957      75726500 
 1958              	.LASF36:
 1959 03a2 53434433 		.ascii	"SCD30_getCarbonDioxideConcentration\000"
 1959      305F6765 
 1959      74436172 
 1959      626F6E44 
 1959      696F7869 
 1960              	.LASF43:
 1961 03c6 68756D69 		.ascii	"humidity\000"
 1961      64697479 
 1961      00
 1962              	.LASF6:
 1963 03cf 5F5F696E 		.ascii	"__int32_t\000"
 1963      7433325F 
 1963      7400
 1964              	.LASF13:
 1965 03d9 75696E74 		.ascii	"uint8_t\000"
 1965      385F7400 
 1966              	.LASF25:
 1967 03e1 70726573 		.ascii	"present\000"
 1967      656E7400 
 1968              	.LASF40:
 1969 03e9 68756D55 		.ascii	"humU32\000"
 1969      333200
 1970              	.LASF60:
 1971 03f0 64657641 		.ascii	"devAddr\000"
 1971      64647200 
ARM GAS  C:\Users\mag94\AppData\Local\Temp\cci7MTUe.s 			page 42


 1972              	.LASF24:
 1973 03f8 54656D70 		.ascii	"Temperature\000"
 1973      65726174 
 1973      75726500 
 1974              	.LASF20:
 1975 0404 646F7562 		.ascii	"double\000"
 1975      6C6500
 1976              	.LASF59:
 1977 040b 49544D5F 		.ascii	"ITM_RxBuffer\000"
 1977      52784275 
 1977      66666572 
 1977      00
 1978              	.LASF48:
 1979 0418 63686563 		.ascii	"checkSum\000"
 1979      6B53756D 
 1979      00
 1980              	.LASF47:
 1981 0421 61726775 		.ascii	"arguments\000"
 1981      6D656E74 
 1981      7300
 1982              	.LASF58:
 1983 042b 44533138 		.ascii	"DS18x8_DataReady\000"
 1983      78385F44 
 1983      61746152 
 1983      65616479 
 1983      00
 1984              	.LASF45:
 1985 043c 636F6D6D 		.ascii	"command\000"
 1985      616E6400 
 1986              	.LASF53:
 1987 0444 53434433 		.ascii	"SCD30_readBuffer\000"
 1987      305F7265 
 1987      61644275 
 1987      66666572 
 1987      00
 1988              		.ident	"GCC: (GNU Tools for ARM Embedded Processors) 5.4.1 20160609 (release) [ARM/embedded-5-bran
