ARM GAS  C:\Users\mag94\AppData\Local\Temp\ccLnQ9Gh.s 			page 1


   1              		.syntax unified
   2              		.cpu cortex-m3
   3              		.fpu softvfp
   4              		.eabi_attribute 20, 1
   5              		.eabi_attribute 21, 1
   6              		.eabi_attribute 23, 3
   7              		.eabi_attribute 24, 1
   8              		.eabi_attribute 25, 1
   9              		.eabi_attribute 26, 1
  10              		.eabi_attribute 30, 6
  11              		.eabi_attribute 34, 1
  12              		.eabi_attribute 18, 4
  13              		.thumb
  14              		.syntax unified
  15              		.file	"SCD30_v2.c"
  16              		.text
  17              	.Ltext0:
  18              		.cfi_sections	.debug_frame
  19              		.comm	DS18x8_Sensor,32,4
  20              		.comm	DS18x8_DataReady,1,1
  21              		.global	devAddr
  22              		.data
  23              		.type	devAddr, %object
  24              		.size	devAddr, 1
  25              	devAddr:
  26 0000 61       		.byte	97
  27              		.section	.text.SCD30_initialize,"ax",%progbits
  28              		.align	2
  29              		.global	SCD30_initialize
  30              		.thumb
  31              		.thumb_func
  32              		.type	SCD30_initialize, %function
  33              	SCD30_initialize:
  34              	.LFB63:
  35              		.file 1 "SCD30_v2.c"
   1:SCD30_v2.c    **** /* ========================================
   2:SCD30_v2.c    ****  *
   3:SCD30_v2.c    ****  * Copyright YOUR COMPANY, THE YEAR
   4:SCD30_v2.c    ****  * All Rights Reserved
   5:SCD30_v2.c    ****  * UNPUBLISHED, LICENSED SOFTWARE.
   6:SCD30_v2.c    ****  *
   7:SCD30_v2.c    ****  * CONFIDENTIAL AND PROPRIETARY INFORMATION
   8:SCD30_v2.c    ****  * WHICH IS THE PROPERTY OF your company.
   9:SCD30_v2.c    ****  *
  10:SCD30_v2.c    ****  * ========================================
  11:SCD30_v2.c    **** */
  12:SCD30_v2.c    **** #include "project.h"
  13:SCD30_v2.c    **** #include "SCD30_v2.h"
  14:SCD30_v2.c    **** 
  15:SCD30_v2.c    **** 
  16:SCD30_v2.c    ****      uint8_t devAddr = SCD30_I2C_ADDRESS;
  17:SCD30_v2.c    **** 
  18:SCD30_v2.c    **** 
  19:SCD30_v2.c    **** void SCD30_initialize(void) {
  36              		.loc 1 19 0
  37              		.cfi_startproc
  38              		@ args = 0, pretend = 0, frame = 0
ARM GAS  C:\Users\mag94\AppData\Local\Temp\ccLnQ9Gh.s 			page 2


  39              		@ frame_needed = 1, uses_anonymous_args = 0
  40 0000 80B5     		push	{r7, lr}
  41              		.cfi_def_cfa_offset 8
  42              		.cfi_offset 7, -8
  43              		.cfi_offset 14, -4
  44 0002 00AF     		add	r7, sp, #0
  45              		.cfi_def_cfa_register 7
  20:SCD30_v2.c    ****     //Set temperature offset。
  21:SCD30_v2.c    ****     //setTemperatureOffset(0);
  22:SCD30_v2.c    **** 
  23:SCD30_v2.c    ****     SCD30_setMeasurementInterval(2); // 2 seconds between measurements
  46              		.loc 1 23 0
  47 0004 0220     		movs	r0, #2
  48 0006 FFF7FEFF 		bl	SCD30_setMeasurementInterval
  24:SCD30_v2.c    ****     SCD30_startPeriodicMeasurment(); // start periodic measuments
  49              		.loc 1 24 0
  50 000a FFF7FEFF 		bl	SCD30_startPeriodicMeasurment
  25:SCD30_v2.c    **** 
  26:SCD30_v2.c    ****     //setAutoSelfCalibration(true); // Enable auto-self-calibration
  27:SCD30_v2.c    **** }
  51              		.loc 1 27 0
  52 000e 00BF     		nop
  53 0010 80BD     		pop	{r7, pc}
  54              		.cfi_endproc
  55              	.LFE63:
  56              		.size	SCD30_initialize, .-SCD30_initialize
  57 0012 00BF     		.section	.text.SCD30_setTemperatureOffset,"ax",%progbits
  58              		.align	2
  59              		.global	SCD30_setTemperatureOffset
  60              		.thumb
  61              		.thumb_func
  62              		.type	SCD30_setTemperatureOffset, %function
  63              	SCD30_setTemperatureOffset:
  64              	.LFB64:
  28:SCD30_v2.c    **** 
  29:SCD30_v2.c    **** 
  30:SCD30_v2.c    **** void SCD30_setTemperatureOffset(uint16_t offset) {
  65              		.loc 1 30 0
  66              		.cfi_startproc
  67              		@ args = 0, pretend = 0, frame = 8
  68              		@ frame_needed = 1, uses_anonymous_args = 0
  69 0000 80B5     		push	{r7, lr}
  70              		.cfi_def_cfa_offset 8
  71              		.cfi_offset 7, -8
  72              		.cfi_offset 14, -4
  73 0002 82B0     		sub	sp, sp, #8
  74              		.cfi_def_cfa_offset 16
  75 0004 00AF     		add	r7, sp, #0
  76              		.cfi_def_cfa_register 7
  77 0006 0346     		mov	r3, r0
  78 0008 FB80     		strh	r3, [r7, #6]	@ movhi
  31:SCD30_v2.c    ****     SCD30_writeCommandWithArguments(SCD30_SET_TEMP_OFFSET, offset);
  79              		.loc 1 31 0
  80 000a FB88     		ldrh	r3, [r7, #6]
  81 000c 1946     		mov	r1, r3
  82 000e 45F20340 		movw	r0, #21507
  83 0012 FFF7FEFF 		bl	SCD30_writeCommandWithArguments
ARM GAS  C:\Users\mag94\AppData\Local\Temp\ccLnQ9Gh.s 			page 3


  32:SCD30_v2.c    **** }
  84              		.loc 1 32 0
  85 0016 00BF     		nop
  86 0018 0837     		adds	r7, r7, #8
  87              		.cfi_def_cfa_offset 8
  88 001a BD46     		mov	sp, r7
  89              		.cfi_def_cfa_register 13
  90              		@ sp needed
  91 001c 80BD     		pop	{r7, pc}
  92              		.cfi_endproc
  93              	.LFE64:
  94              		.size	SCD30_setTemperatureOffset, .-SCD30_setTemperatureOffset
  95 001e 00BF     		.section	.text.SCD30_isAvailable,"ax",%progbits
  96              		.align	2
  97              		.global	SCD30_isAvailable
  98              		.thumb
  99              		.thumb_func
 100              		.type	SCD30_isAvailable, %function
 101              	SCD30_isAvailable:
 102              	.LFB65:
  33:SCD30_v2.c    **** 
  34:SCD30_v2.c    **** _Bool SCD30_isAvailable(void) {
 103              		.loc 1 34 0
 104              		.cfi_startproc
 105              		@ args = 0, pretend = 0, frame = 0
 106              		@ frame_needed = 1, uses_anonymous_args = 0
 107 0000 80B5     		push	{r7, lr}
 108              		.cfi_def_cfa_offset 8
 109              		.cfi_offset 7, -8
 110              		.cfi_offset 14, -4
 111 0002 00AF     		add	r7, sp, #0
 112              		.cfi_def_cfa_register 7
  35:SCD30_v2.c    ****     return SCD30_readRegister(SCD30_GET_DATA_READY);
 113              		.loc 1 35 0
 114 0004 40F20220 		movw	r0, #514
 115 0008 FFF7FEFF 		bl	SCD30_readRegister
 116 000c 0346     		mov	r3, r0
 117 000e 002B     		cmp	r3, #0
 118 0010 14BF     		ite	ne
 119 0012 0123     		movne	r3, #1
 120 0014 0023     		moveq	r3, #0
 121 0016 DBB2     		uxtb	r3, r3
  36:SCD30_v2.c    **** }
 122              		.loc 1 36 0
 123 0018 1846     		mov	r0, r3
 124 001a 80BD     		pop	{r7, pc}
 125              		.cfi_endproc
 126              	.LFE65:
 127              		.size	SCD30_isAvailable, .-SCD30_isAvailable
 128              		.section	.text.SCD30_setAutoSelfCalibration,"ax",%progbits
 129              		.align	2
 130              		.global	SCD30_setAutoSelfCalibration
 131              		.thumb
 132              		.thumb_func
 133              		.type	SCD30_setAutoSelfCalibration, %function
 134              	SCD30_setAutoSelfCalibration:
 135              	.LFB66:
ARM GAS  C:\Users\mag94\AppData\Local\Temp\ccLnQ9Gh.s 			page 4


  37:SCD30_v2.c    **** 
  38:SCD30_v2.c    **** void SCD30_setAutoSelfCalibration(_Bool enable) {
 136              		.loc 1 38 0
 137              		.cfi_startproc
 138              		@ args = 0, pretend = 0, frame = 8
 139              		@ frame_needed = 1, uses_anonymous_args = 0
 140 0000 80B5     		push	{r7, lr}
 141              		.cfi_def_cfa_offset 8
 142              		.cfi_offset 7, -8
 143              		.cfi_offset 14, -4
 144 0002 82B0     		sub	sp, sp, #8
 145              		.cfi_def_cfa_offset 16
 146 0004 00AF     		add	r7, sp, #0
 147              		.cfi_def_cfa_register 7
 148 0006 0346     		mov	r3, r0
 149 0008 FB71     		strb	r3, [r7, #7]
  39:SCD30_v2.c    ****     if (enable) {
 150              		.loc 1 39 0
 151 000a FB79     		ldrb	r3, [r7, #7]	@ zero_extendqisi2
 152 000c 002B     		cmp	r3, #0
 153 000e 05D0     		beq	.L6
  40:SCD30_v2.c    ****         SCD30_writeCommandWithArguments(SCD30_AUTOMATIC_SELF_CALIBRATION, 1);    //Activate continu
 154              		.loc 1 40 0
 155 0010 0121     		movs	r1, #1
 156 0012 45F20630 		movw	r0, #21254
 157 0016 FFF7FEFF 		bl	SCD30_writeCommandWithArguments
  41:SCD30_v2.c    ****     } else {
  42:SCD30_v2.c    ****         SCD30_writeCommandWithArguments(SCD30_AUTOMATIC_SELF_CALIBRATION, 0);    //Deactivate conti
  43:SCD30_v2.c    ****     }
  44:SCD30_v2.c    **** }
 158              		.loc 1 44 0
 159 001a 04E0     		b	.L8
 160              	.L6:
  42:SCD30_v2.c    ****     }
 161              		.loc 1 42 0
 162 001c 0021     		movs	r1, #0
 163 001e 45F20630 		movw	r0, #21254
 164 0022 FFF7FEFF 		bl	SCD30_writeCommandWithArguments
 165              	.L8:
 166              		.loc 1 44 0
 167 0026 00BF     		nop
 168 0028 0837     		adds	r7, r7, #8
 169              		.cfi_def_cfa_offset 8
 170 002a BD46     		mov	sp, r7
 171              		.cfi_def_cfa_register 13
 172              		@ sp needed
 173 002c 80BD     		pop	{r7, pc}
 174              		.cfi_endproc
 175              	.LFE66:
 176              		.size	SCD30_setAutoSelfCalibration, .-SCD30_setAutoSelfCalibration
 177 002e 00BF     		.section	.text.SCD30_setMeasurementInterval,"ax",%progbits
 178              		.align	2
 179              		.global	SCD30_setMeasurementInterval
 180              		.thumb
 181              		.thumb_func
 182              		.type	SCD30_setMeasurementInterval, %function
 183              	SCD30_setMeasurementInterval:
ARM GAS  C:\Users\mag94\AppData\Local\Temp\ccLnQ9Gh.s 			page 5


 184              	.LFB67:
  45:SCD30_v2.c    **** 
  46:SCD30_v2.c    **** void SCD30_setMeasurementInterval(uint16_t interval) {
 185              		.loc 1 46 0
 186              		.cfi_startproc
 187              		@ args = 0, pretend = 0, frame = 8
 188              		@ frame_needed = 1, uses_anonymous_args = 0
 189 0000 80B5     		push	{r7, lr}
 190              		.cfi_def_cfa_offset 8
 191              		.cfi_offset 7, -8
 192              		.cfi_offset 14, -4
 193 0002 82B0     		sub	sp, sp, #8
 194              		.cfi_def_cfa_offset 16
 195 0004 00AF     		add	r7, sp, #0
 196              		.cfi_def_cfa_register 7
 197 0006 0346     		mov	r3, r0
 198 0008 FB80     		strh	r3, [r7, #6]	@ movhi
  47:SCD30_v2.c    ****     SCD30_writeCommandWithArguments(SCD30_SET_MEASUREMENT_INTERVAL, interval);
 199              		.loc 1 47 0
 200 000a FB88     		ldrh	r3, [r7, #6]
 201 000c 1946     		mov	r1, r3
 202 000e 4FF48C40 		mov	r0, #17920
 203 0012 FFF7FEFF 		bl	SCD30_writeCommandWithArguments
  48:SCD30_v2.c    **** }
 204              		.loc 1 48 0
 205 0016 00BF     		nop
 206 0018 0837     		adds	r7, r7, #8
 207              		.cfi_def_cfa_offset 8
 208 001a BD46     		mov	sp, r7
 209              		.cfi_def_cfa_register 13
 210              		@ sp needed
 211 001c 80BD     		pop	{r7, pc}
 212              		.cfi_endproc
 213              	.LFE67:
 214              		.size	SCD30_setMeasurementInterval, .-SCD30_setMeasurementInterval
 215 001e 00BF     		.section	.text.SCD30_startPeriodicMeasurment,"ax",%progbits
 216              		.align	2
 217              		.global	SCD30_startPeriodicMeasurment
 218              		.thumb
 219              		.thumb_func
 220              		.type	SCD30_startPeriodicMeasurment, %function
 221              	SCD30_startPeriodicMeasurment:
 222              	.LFB68:
  49:SCD30_v2.c    **** 
  50:SCD30_v2.c    **** void SCD30_startPeriodicMeasurment(void) {
 223              		.loc 1 50 0
 224              		.cfi_startproc
 225              		@ args = 0, pretend = 0, frame = 0
 226              		@ frame_needed = 1, uses_anonymous_args = 0
 227 0000 80B5     		push	{r7, lr}
 228              		.cfi_def_cfa_offset 8
 229              		.cfi_offset 7, -8
 230              		.cfi_offset 14, -4
 231 0002 00AF     		add	r7, sp, #0
 232              		.cfi_def_cfa_register 7
  51:SCD30_v2.c    ****     SCD30_writeCommandWithArguments(SCD30_CONTINUOUS_MEASUREMENT, 0x0000);
 233              		.loc 1 51 0
ARM GAS  C:\Users\mag94\AppData\Local\Temp\ccLnQ9Gh.s 			page 6


 234 0004 0021     		movs	r1, #0
 235 0006 1020     		movs	r0, #16
 236 0008 FFF7FEFF 		bl	SCD30_writeCommandWithArguments
  52:SCD30_v2.c    **** }
 237              		.loc 1 52 0
 238 000c 00BF     		nop
 239 000e 80BD     		pop	{r7, pc}
 240              		.cfi_endproc
 241              	.LFE68:
 242              		.size	SCD30_startPeriodicMeasurment, .-SCD30_startPeriodicMeasurment
 243              		.section	.text.SCD30_stopMeasurement,"ax",%progbits
 244              		.align	2
 245              		.global	SCD30_stopMeasurement
 246              		.thumb
 247              		.thumb_func
 248              		.type	SCD30_stopMeasurement, %function
 249              	SCD30_stopMeasurement:
 250              	.LFB69:
  53:SCD30_v2.c    **** 
  54:SCD30_v2.c    **** void SCD30_stopMeasurement(void) {
 251              		.loc 1 54 0
 252              		.cfi_startproc
 253              		@ args = 0, pretend = 0, frame = 0
 254              		@ frame_needed = 1, uses_anonymous_args = 0
 255 0000 80B5     		push	{r7, lr}
 256              		.cfi_def_cfa_offset 8
 257              		.cfi_offset 7, -8
 258              		.cfi_offset 14, -4
 259 0002 00AF     		add	r7, sp, #0
 260              		.cfi_def_cfa_register 7
  55:SCD30_v2.c    ****    SCD30_writeCommand(SCD30_STOP_MEASUREMENT);
 261              		.loc 1 55 0
 262 0004 4FF48270 		mov	r0, #260
 263 0008 FFF7FEFF 		bl	SCD30_writeCommand
  56:SCD30_v2.c    **** }
 264              		.loc 1 56 0
 265 000c 00BF     		nop
 266 000e 80BD     		pop	{r7, pc}
 267              		.cfi_endproc
 268              	.LFE69:
 269              		.size	SCD30_stopMeasurement, .-SCD30_stopMeasurement
 270              		.section	.text.SCD30_getCarbonDioxideConcentration,"ax",%progbits
 271              		.align	2
 272              		.global	SCD30_getCarbonDioxideConcentration
 273              		.thumb
 274              		.thumb_func
 275              		.type	SCD30_getCarbonDioxideConcentration, %function
 276              	SCD30_getCarbonDioxideConcentration:
 277              	.LFB70:
  57:SCD30_v2.c    **** 
  58:SCD30_v2.c    **** void SCD30_getCarbonDioxideConcentration(float* result) {
 278              		.loc 1 58 0
 279              		.cfi_startproc
 280              		@ args = 0, pretend = 0, frame = 56
 281              		@ frame_needed = 1, uses_anonymous_args = 0
 282 0000 80B5     		push	{r7, lr}
 283              		.cfi_def_cfa_offset 8
ARM GAS  C:\Users\mag94\AppData\Local\Temp\ccLnQ9Gh.s 			page 7


 284              		.cfi_offset 7, -8
 285              		.cfi_offset 14, -4
 286 0002 8EB0     		sub	sp, sp, #56
 287              		.cfi_def_cfa_offset 64
 288 0004 00AF     		add	r7, sp, #0
 289              		.cfi_def_cfa_register 7
 290 0006 7860     		str	r0, [r7, #4]
  59:SCD30_v2.c    ****     uint8_t buf[18] = { 0 };
 291              		.loc 1 59 0
 292 0008 07F11803 		add	r3, r7, #24
 293 000c 0022     		movs	r2, #0
 294 000e 1A60     		str	r2, [r3]
 295 0010 5A60     		str	r2, [r3, #4]
 296 0012 9A60     		str	r2, [r3, #8]
 297 0014 DA60     		str	r2, [r3, #12]
 298 0016 1A82     		strh	r2, [r3, #16]	@ movhi
  60:SCD30_v2.c    ****     uint32_t co2U32 = 0;
 299              		.loc 1 60 0
 300 0018 0023     		movs	r3, #0
 301 001a 7B61     		str	r3, [r7, #20]
  61:SCD30_v2.c    ****     uint32_t tempU32 = 0;
 302              		.loc 1 61 0
 303 001c 0023     		movs	r3, #0
 304 001e 3B61     		str	r3, [r7, #16]
  62:SCD30_v2.c    ****     uint32_t humU32 = 0;
 305              		.loc 1 62 0
 306 0020 0023     		movs	r3, #0
 307 0022 FB60     		str	r3, [r7, #12]
  63:SCD30_v2.c    ****     float co2Concentration = 0;
 308              		.loc 1 63 0
 309 0024 4FF00003 		mov	r3, #0
 310 0028 7B63     		str	r3, [r7, #52]	@ float
  64:SCD30_v2.c    ****     float temperature = 0;
 311              		.loc 1 64 0
 312 002a 4FF00003 		mov	r3, #0
 313 002e 3B63     		str	r3, [r7, #48]	@ float
  65:SCD30_v2.c    ****     float humidity = 0;
 314              		.loc 1 65 0
 315 0030 4FF00003 		mov	r3, #0
 316 0034 FB62     		str	r3, [r7, #44]	@ float
  66:SCD30_v2.c    **** 
  67:SCD30_v2.c    ****     SCD30_writeCommand(SCD30_READ_MEASUREMENT);
 317              		.loc 1 67 0
 318 0036 4FF44070 		mov	r0, #768
 319 003a FFF7FEFF 		bl	SCD30_writeCommand
  68:SCD30_v2.c    ****     SCD30_readBuffer(buf, 18);
 320              		.loc 1 68 0
 321 003e 07F11803 		add	r3, r7, #24
 322 0042 1221     		movs	r1, #18
 323 0044 1846     		mov	r0, r3
 324 0046 FFF7FEFF 		bl	SCD30_readBuffer
  69:SCD30_v2.c    **** 
  70:SCD30_v2.c    ****     co2U32 = (uint32_t)((((uint32_t)buf[0]) << 24) | (((uint32_t)buf[1]) << 16) |
 325              		.loc 1 70 0
 326 004a 3B7E     		ldrb	r3, [r7, #24]	@ zero_extendqisi2
 327 004c 1A06     		lsls	r2, r3, #24
 328 004e 7B7E     		ldrb	r3, [r7, #25]	@ zero_extendqisi2
ARM GAS  C:\Users\mag94\AppData\Local\Temp\ccLnQ9Gh.s 			page 8


 329 0050 1B04     		lsls	r3, r3, #16
 330 0052 1A43     		orrs	r2, r2, r3
  71:SCD30_v2.c    ****                         (((uint32_t)buf[3]) << 8) | ((uint32_t)buf[4]));
 331              		.loc 1 71 0
 332 0054 FB7E     		ldrb	r3, [r7, #27]	@ zero_extendqisi2
 333 0056 1B02     		lsls	r3, r3, #8
  70:SCD30_v2.c    ****                         (((uint32_t)buf[3]) << 8) | ((uint32_t)buf[4]));
 334              		.loc 1 70 0
 335 0058 1343     		orrs	r3, r3, r2
 336              		.loc 1 71 0
 337 005a 3A7F     		ldrb	r2, [r7, #28]	@ zero_extendqisi2
  70:SCD30_v2.c    ****                         (((uint32_t)buf[3]) << 8) | ((uint32_t)buf[4]));
 338              		.loc 1 70 0
 339 005c 1343     		orrs	r3, r3, r2
 340 005e 7B61     		str	r3, [r7, #20]
  72:SCD30_v2.c    **** 
  73:SCD30_v2.c    ****     tempU32 = (uint32_t)((((uint32_t)buf[6]) << 24) | (((uint32_t)buf[7]) << 16) |
 341              		.loc 1 73 0
 342 0060 BB7F     		ldrb	r3, [r7, #30]	@ zero_extendqisi2
 343 0062 1A06     		lsls	r2, r3, #24
 344 0064 FB7F     		ldrb	r3, [r7, #31]	@ zero_extendqisi2
 345 0066 1B04     		lsls	r3, r3, #16
 346 0068 1A43     		orrs	r2, r2, r3
  74:SCD30_v2.c    ****                          (((uint32_t)buf[9]) << 8) | ((uint32_t)buf[10]));
 347              		.loc 1 74 0
 348 006a 97F82130 		ldrb	r3, [r7, #33]	@ zero_extendqisi2
 349 006e 1B02     		lsls	r3, r3, #8
  73:SCD30_v2.c    ****                          (((uint32_t)buf[9]) << 8) | ((uint32_t)buf[10]));
 350              		.loc 1 73 0
 351 0070 1343     		orrs	r3, r3, r2
 352              		.loc 1 74 0
 353 0072 97F82220 		ldrb	r2, [r7, #34]	@ zero_extendqisi2
  73:SCD30_v2.c    ****                          (((uint32_t)buf[9]) << 8) | ((uint32_t)buf[10]));
 354              		.loc 1 73 0
 355 0076 1343     		orrs	r3, r3, r2
 356 0078 3B61     		str	r3, [r7, #16]
  75:SCD30_v2.c    **** 
  76:SCD30_v2.c    ****     humU32 = (uint32_t)((((uint32_t)buf[12]) << 24) | (((uint32_t)buf[13]) << 16) |
 357              		.loc 1 76 0
 358 007a 97F82430 		ldrb	r3, [r7, #36]	@ zero_extendqisi2
 359 007e 1A06     		lsls	r2, r3, #24
 360 0080 97F82530 		ldrb	r3, [r7, #37]	@ zero_extendqisi2
 361 0084 1B04     		lsls	r3, r3, #16
 362 0086 1A43     		orrs	r2, r2, r3
  77:SCD30_v2.c    ****                         (((uint32_t)buf[15]) << 8) | ((uint32_t)buf[16]));
 363              		.loc 1 77 0
 364 0088 97F82730 		ldrb	r3, [r7, #39]	@ zero_extendqisi2
 365 008c 1B02     		lsls	r3, r3, #8
  76:SCD30_v2.c    ****                         (((uint32_t)buf[15]) << 8) | ((uint32_t)buf[16]));
 366              		.loc 1 76 0
 367 008e 1343     		orrs	r3, r3, r2
 368              		.loc 1 77 0
 369 0090 97F82820 		ldrb	r2, [r7, #40]	@ zero_extendqisi2
  76:SCD30_v2.c    ****                         (((uint32_t)buf[15]) << 8) | ((uint32_t)buf[16]));
 370              		.loc 1 76 0
 371 0094 1343     		orrs	r3, r3, r2
 372 0096 FB60     		str	r3, [r7, #12]
ARM GAS  C:\Users\mag94\AppData\Local\Temp\ccLnQ9Gh.s 			page 9


  78:SCD30_v2.c    **** 
  79:SCD30_v2.c    ****     memcpy(&result[0], &co2U32, sizeof(co2Concentration));
 373              		.loc 1 79 0
 374 0098 07F11403 		add	r3, r7, #20
 375 009c 0422     		movs	r2, #4
 376 009e 1946     		mov	r1, r3
 377 00a0 7868     		ldr	r0, [r7, #4]
 378 00a2 FFF7FEFF 		bl	memcpy
  80:SCD30_v2.c    ****     memcpy(&result[1], &tempU32, sizeof(temperature));
 379              		.loc 1 80 0
 380 00a6 7B68     		ldr	r3, [r7, #4]
 381 00a8 0433     		adds	r3, r3, #4
 382 00aa 07F11001 		add	r1, r7, #16
 383 00ae 0422     		movs	r2, #4
 384 00b0 1846     		mov	r0, r3
 385 00b2 FFF7FEFF 		bl	memcpy
  81:SCD30_v2.c    ****     memcpy(&result[2], &humU32, sizeof(humidity));
 386              		.loc 1 81 0
 387 00b6 7B68     		ldr	r3, [r7, #4]
 388 00b8 0833     		adds	r3, r3, #8
 389 00ba 07F10C01 		add	r1, r7, #12
 390 00be 0422     		movs	r2, #4
 391 00c0 1846     		mov	r0, r3
 392 00c2 FFF7FEFF 		bl	memcpy
  82:SCD30_v2.c    **** 
  83:SCD30_v2.c    **** }
 393              		.loc 1 83 0
 394 00c6 00BF     		nop
 395 00c8 3837     		adds	r7, r7, #56
 396              		.cfi_def_cfa_offset 8
 397 00ca BD46     		mov	sp, r7
 398              		.cfi_def_cfa_register 13
 399              		@ sp needed
 400 00cc 80BD     		pop	{r7, pc}
 401              		.cfi_endproc
 402              	.LFE70:
 403              		.size	SCD30_getCarbonDioxideConcentration, .-SCD30_getCarbonDioxideConcentration
 404 00ce 00BF     		.section	.text.SCD30_writeCommand,"ax",%progbits
 405              		.align	2
 406              		.global	SCD30_writeCommand
 407              		.thumb
 408              		.thumb_func
 409              		.type	SCD30_writeCommand, %function
 410              	SCD30_writeCommand:
 411              	.LFB71:
  84:SCD30_v2.c    **** 
  85:SCD30_v2.c    **** void SCD30_writeCommand(uint16_t command) {
 412              		.loc 1 85 0
 413              		.cfi_startproc
 414              		@ args = 0, pretend = 0, frame = 16
 415              		@ frame_needed = 1, uses_anonymous_args = 0
 416 0000 80B5     		push	{r7, lr}
 417              		.cfi_def_cfa_offset 8
 418              		.cfi_offset 7, -8
 419              		.cfi_offset 14, -4
 420 0002 84B0     		sub	sp, sp, #16
 421              		.cfi_def_cfa_offset 24
ARM GAS  C:\Users\mag94\AppData\Local\Temp\ccLnQ9Gh.s 			page 10


 422 0004 00AF     		add	r7, sp, #0
 423              		.cfi_def_cfa_register 7
 424 0006 0346     		mov	r3, r0
 425 0008 FB80     		strh	r3, [r7, #6]	@ movhi
  86:SCD30_v2.c    ****     uint8_t buf [2];
  87:SCD30_v2.c    ****     buf[0] = command >> 8;
 426              		.loc 1 87 0
 427 000a FB88     		ldrh	r3, [r7, #6]
 428 000c 1B0A     		lsrs	r3, r3, #8
 429 000e 9BB2     		uxth	r3, r3
 430 0010 DBB2     		uxtb	r3, r3
 431 0012 3B73     		strb	r3, [r7, #12]
  88:SCD30_v2.c    ****     buf[1] = command;
 432              		.loc 1 88 0
 433 0014 FB88     		ldrh	r3, [r7, #6]	@ movhi
 434 0016 DBB2     		uxtb	r3, r3
 435 0018 7B73     		strb	r3, [r7, #13]
  89:SCD30_v2.c    ****     
  90:SCD30_v2.c    ****     I2C_1_MasterWriteBuf(SCD30_I2C_ADDRESS, buf, 2, I2C_1_MODE_COMPLETE_XFER);
 436              		.loc 1 90 0
 437 001a 07F10C01 		add	r1, r7, #12
 438 001e 0023     		movs	r3, #0
 439 0020 0222     		movs	r2, #2
 440 0022 6120     		movs	r0, #97
 441 0024 FFF7FEFF 		bl	I2C_1_MasterWriteBuf
 442              	.L16:
  91:SCD30_v2.c    ****     for(;;){
  92:SCD30_v2.c    ****             if(0u != (I2C_1_MasterStatus() & I2C_1_MSTAT_WR_CMPLT))
 443              		.loc 1 92 0
 444 0028 FFF7FEFF 		bl	I2C_1_MasterStatus
 445 002c 0346     		mov	r3, r0
 446 002e 03F00203 		and	r3, r3, #2
 447 0032 002B     		cmp	r3, #0
 448 0034 00D1     		bne	.L18
  93:SCD30_v2.c    ****                 {
  94:SCD30_v2.c    ****                 break;
  95:SCD30_v2.c    ****                 }
  96:SCD30_v2.c    ****             }
 449              		.loc 1 96 0
 450 0036 F7E7     		b	.L16
 451              	.L18:
  94:SCD30_v2.c    ****                 }
 452              		.loc 1 94 0
 453 0038 00BF     		nop
  97:SCD30_v2.c    ****          //         UART_PutHexInt(command);             UART_PutString("Command Written");       U
  98:SCD30_v2.c    **** I2C_1_MasterClearStatus();
 454              		.loc 1 98 0
 455 003a FFF7FEFF 		bl	I2C_1_MasterClearStatus
  99:SCD30_v2.c    **** }
 456              		.loc 1 99 0
 457 003e 00BF     		nop
 458 0040 1037     		adds	r7, r7, #16
 459              		.cfi_def_cfa_offset 8
 460 0042 BD46     		mov	sp, r7
 461              		.cfi_def_cfa_register 13
 462              		@ sp needed
 463 0044 80BD     		pop	{r7, pc}
ARM GAS  C:\Users\mag94\AppData\Local\Temp\ccLnQ9Gh.s 			page 11


 464              		.cfi_endproc
 465              	.LFE71:
 466              		.size	SCD30_writeCommand, .-SCD30_writeCommand
 467 0046 00BF     		.section	.text.SCD30_writeCommandWithArguments,"ax",%progbits
 468              		.align	2
 469              		.global	SCD30_writeCommandWithArguments
 470              		.thumb
 471              		.thumb_func
 472              		.type	SCD30_writeCommandWithArguments, %function
 473              	SCD30_writeCommandWithArguments:
 474              	.LFB72:
 100:SCD30_v2.c    **** 
 101:SCD30_v2.c    **** void SCD30_writeCommandWithArguments(uint16_t command, uint16_t arguments) {
 475              		.loc 1 101 0
 476              		.cfi_startproc
 477              		@ args = 0, pretend = 0, frame = 8
 478              		@ frame_needed = 1, uses_anonymous_args = 0
 479 0000 80B5     		push	{r7, lr}
 480              		.cfi_def_cfa_offset 8
 481              		.cfi_offset 7, -8
 482              		.cfi_offset 14, -4
 483 0002 82B0     		sub	sp, sp, #8
 484              		.cfi_def_cfa_offset 16
 485 0004 00AF     		add	r7, sp, #0
 486              		.cfi_def_cfa_register 7
 487 0006 0346     		mov	r3, r0
 488 0008 0A46     		mov	r2, r1
 489 000a FB80     		strh	r3, [r7, #6]	@ movhi
 490 000c 1346     		mov	r3, r2	@ movhi
 491 000e BB80     		strh	r3, [r7, #4]	@ movhi
 102:SCD30_v2.c    ****     static uint8_t checkSum, buf[5] = { 0 };
 103:SCD30_v2.c    **** 
 104:SCD30_v2.c    ****     buf[0] = command >> 8;
 492              		.loc 1 104 0
 493 0010 FB88     		ldrh	r3, [r7, #6]
 494 0012 1B0A     		lsrs	r3, r3, #8
 495 0014 9BB2     		uxth	r3, r3
 496 0016 DAB2     		uxtb	r2, r3
 497 0018 114B     		ldr	r3, .L20
 498 001a 1A70     		strb	r2, [r3]
 105:SCD30_v2.c    ****     buf[1] = command;
 499              		.loc 1 105 0
 500 001c FB88     		ldrh	r3, [r7, #6]	@ movhi
 501 001e DAB2     		uxtb	r2, r3
 502 0020 0F4B     		ldr	r3, .L20
 503 0022 5A70     		strb	r2, [r3, #1]
 106:SCD30_v2.c    ****     buf[2] = arguments >> 8;
 504              		.loc 1 106 0
 505 0024 BB88     		ldrh	r3, [r7, #4]
 506 0026 1B0A     		lsrs	r3, r3, #8
 507 0028 9BB2     		uxth	r3, r3
 508 002a DAB2     		uxtb	r2, r3
 509 002c 0C4B     		ldr	r3, .L20
 510 002e 9A70     		strb	r2, [r3, #2]
 107:SCD30_v2.c    ****     buf[3] = arguments;
 511              		.loc 1 107 0
 512 0030 BB88     		ldrh	r3, [r7, #4]	@ movhi
ARM GAS  C:\Users\mag94\AppData\Local\Temp\ccLnQ9Gh.s 			page 12


 513 0032 DAB2     		uxtb	r2, r3
 514 0034 0A4B     		ldr	r3, .L20
 515 0036 DA70     		strb	r2, [r3, #3]
 108:SCD30_v2.c    ****     checkSum = SCD30_calculateCrc(&buf[2], 2);
 516              		.loc 1 108 0
 517 0038 0221     		movs	r1, #2
 518 003a 0A48     		ldr	r0, .L20+4
 519 003c FFF7FEFF 		bl	SCD30_calculateCrc
 520 0040 0346     		mov	r3, r0
 521 0042 1A46     		mov	r2, r3
 522 0044 084B     		ldr	r3, .L20+8
 523 0046 1A70     		strb	r2, [r3]
 109:SCD30_v2.c    ****     buf[4] = checkSum;
 524              		.loc 1 109 0
 525 0048 074B     		ldr	r3, .L20+8
 526 004a 1A78     		ldrb	r2, [r3]	@ zero_extendqisi2
 527 004c 044B     		ldr	r3, .L20
 528 004e 1A71     		strb	r2, [r3, #4]
 110:SCD30_v2.c    ****                                              //   for(int k = 0; k <= 4; )
 111:SCD30_v2.c    ****     SCD30_writeBuffer(buf, 5);
 529              		.loc 1 111 0
 530 0050 0521     		movs	r1, #5
 531 0052 0348     		ldr	r0, .L20
 532 0054 FFF7FEFF 		bl	SCD30_writeBuffer
 112:SCD30_v2.c    **** }
 533              		.loc 1 112 0
 534 0058 00BF     		nop
 535 005a 0837     		adds	r7, r7, #8
 536              		.cfi_def_cfa_offset 8
 537 005c BD46     		mov	sp, r7
 538              		.cfi_def_cfa_register 13
 539              		@ sp needed
 540 005e 80BD     		pop	{r7, pc}
 541              	.L21:
 542              		.align	2
 543              	.L20:
 544 0060 00000000 		.word	buf.6169
 545 0064 02000000 		.word	buf.6169+2
 546 0068 05000000 		.word	checkSum.6168
 547              		.cfi_endproc
 548              	.LFE72:
 549              		.size	SCD30_writeCommandWithArguments, .-SCD30_writeCommandWithArguments
 550              		.section	.text.SCD30_readRegister,"ax",%progbits
 551              		.align	2
 552              		.global	SCD30_readRegister
 553              		.thumb
 554              		.thumb_func
 555              		.type	SCD30_readRegister, %function
 556              	SCD30_readRegister:
 557              	.LFB73:
 113:SCD30_v2.c    **** 
 114:SCD30_v2.c    **** uint16_t SCD30_readRegister(uint16_t command) {
 558              		.loc 1 114 0
 559              		.cfi_startproc
 560              		@ args = 0, pretend = 0, frame = 16
 561              		@ frame_needed = 1, uses_anonymous_args = 0
 562 0000 80B5     		push	{r7, lr}
ARM GAS  C:\Users\mag94\AppData\Local\Temp\ccLnQ9Gh.s 			page 13


 563              		.cfi_def_cfa_offset 8
 564              		.cfi_offset 7, -8
 565              		.cfi_offset 14, -4
 566 0002 84B0     		sub	sp, sp, #16
 567              		.cfi_def_cfa_offset 24
 568 0004 00AF     		add	r7, sp, #0
 569              		.cfi_def_cfa_register 7
 570 0006 0346     		mov	r3, r0
 571 0008 FB80     		strh	r3, [r7, #6]	@ movhi
 115:SCD30_v2.c    ****     uint8_t buf[3] = { 0 };
 572              		.loc 1 115 0
 573 000a 07F10C03 		add	r3, r7, #12
 574 000e 0021     		movs	r1, #0
 575 0010 0A46     		mov	r2, r1	@ movhi
 576 0012 1A80     		strh	r2, [r3]	@ movhi
 577 0014 0A46     		mov	r2, r1
 578 0016 9A70     		strb	r2, [r3, #2]
 116:SCD30_v2.c    **** 
 117:SCD30_v2.c    ****     SCD30_writeCommand(command);
 579              		.loc 1 117 0
 580 0018 FB88     		ldrh	r3, [r7, #6]
 581 001a 1846     		mov	r0, r3
 582 001c FFF7FEFF 		bl	SCD30_writeCommand
 118:SCD30_v2.c    ****     SCD30_readBuffer(buf, 3);
 583              		.loc 1 118 0
 584 0020 07F10C03 		add	r3, r7, #12
 585 0024 0321     		movs	r1, #3
 586 0026 1846     		mov	r0, r3
 587 0028 FFF7FEFF 		bl	SCD30_readBuffer
 119:SCD30_v2.c    **** 
 120:SCD30_v2.c    ****     return ((((uint16_t)buf[0]) << 8) | buf[1]);
 588              		.loc 1 120 0
 589 002c 3B7B     		ldrb	r3, [r7, #12]	@ zero_extendqisi2
 590 002e 1B02     		lsls	r3, r3, #8
 591 0030 1AB2     		sxth	r2, r3
 592 0032 7B7B     		ldrb	r3, [r7, #13]	@ zero_extendqisi2
 593 0034 1BB2     		sxth	r3, r3
 594 0036 1343     		orrs	r3, r3, r2
 595 0038 1BB2     		sxth	r3, r3
 596 003a 9BB2     		uxth	r3, r3
 121:SCD30_v2.c    **** }
 597              		.loc 1 121 0
 598 003c 1846     		mov	r0, r3
 599 003e 1037     		adds	r7, r7, #16
 600              		.cfi_def_cfa_offset 8
 601 0040 BD46     		mov	sp, r7
 602              		.cfi_def_cfa_register 13
 603              		@ sp needed
 604 0042 80BD     		pop	{r7, pc}
 605              		.cfi_endproc
 606              	.LFE73:
 607              		.size	SCD30_readRegister, .-SCD30_readRegister
 608              		.section	.text.SCD30_writeBuffer,"ax",%progbits
 609              		.align	2
 610              		.global	SCD30_writeBuffer
 611              		.thumb
 612              		.thumb_func
ARM GAS  C:\Users\mag94\AppData\Local\Temp\ccLnQ9Gh.s 			page 14


 613              		.type	SCD30_writeBuffer, %function
 614              	SCD30_writeBuffer:
 615              	.LFB74:
 122:SCD30_v2.c    **** 
 123:SCD30_v2.c    **** void SCD30_writeBuffer(uint8_t* data, uint8_t len) 
 124:SCD30_v2.c    **** {
 616              		.loc 1 124 0
 617              		.cfi_startproc
 618              		@ args = 0, pretend = 0, frame = 16
 619              		@ frame_needed = 1, uses_anonymous_args = 0
 620 0000 80B5     		push	{r7, lr}
 621              		.cfi_def_cfa_offset 8
 622              		.cfi_offset 7, -8
 623              		.cfi_offset 14, -4
 624 0002 84B0     		sub	sp, sp, #16
 625              		.cfi_def_cfa_offset 24
 626 0004 00AF     		add	r7, sp, #0
 627              		.cfi_def_cfa_register 7
 628 0006 7860     		str	r0, [r7, #4]
 629 0008 0B46     		mov	r3, r1
 630 000a FB70     		strb	r3, [r7, #3]
 125:SCD30_v2.c    ****     I2C_1_MasterClearStatus();
 631              		.loc 1 125 0
 632 000c FFF7FEFF 		bl	I2C_1_MasterClearStatus
 126:SCD30_v2.c    ****     uint8_t status = I2C_1_MasterWriteBuf(SCD30_I2C_ADDRESS, data, len, I2C_1_MODE_COMPLETE_XFER);
 633              		.loc 1 126 0
 634 0010 FA78     		ldrb	r2, [r7, #3]	@ zero_extendqisi2
 635 0012 0023     		movs	r3, #0
 636 0014 7968     		ldr	r1, [r7, #4]
 637 0016 6120     		movs	r0, #97
 638 0018 FFF7FEFF 		bl	I2C_1_MasterWriteBuf
 639 001c 0346     		mov	r3, r0
 640 001e FB73     		strb	r3, [r7, #15]
 127:SCD30_v2.c    ****     uint8_t masterstatus = I2C_1_MasterStatus();  
 641              		.loc 1 127 0
 642 0020 FFF7FEFF 		bl	I2C_1_MasterStatus
 643 0024 0346     		mov	r3, r0
 644 0026 BB73     		strb	r3, [r7, #14]
 128:SCD30_v2.c    ****     if(status == I2C_1_MSTR_NO_ERROR)
 645              		.loc 1 128 0
 646 0028 FB7B     		ldrb	r3, [r7, #15]	@ zero_extendqisi2
 647 002a 002B     		cmp	r3, #0
 648 002c 0CD1     		bne	.L29
 649              	.L27:
 129:SCD30_v2.c    ****     {
 130:SCD30_v2.c    ****         for(;;)
 131:SCD30_v2.c    ****         {
 132:SCD30_v2.c    ****             status = I2C_1_MasterStatus();
 650              		.loc 1 132 0
 651 002e FFF7FEFF 		bl	I2C_1_MasterStatus
 652 0032 0346     		mov	r3, r0
 653 0034 FB73     		strb	r3, [r7, #15]
 133:SCD30_v2.c    ****             if(0 !=(I2C_1_MasterStatus() & I2C_1_MSTAT_WR_CMPLT))
 654              		.loc 1 133 0
 655 0036 FFF7FEFF 		bl	I2C_1_MasterStatus
 656 003a 0346     		mov	r3, r0
 657 003c 03F00203 		and	r3, r3, #2
ARM GAS  C:\Users\mag94\AppData\Local\Temp\ccLnQ9Gh.s 			page 15


 658 0040 002B     		cmp	r3, #0
 659 0042 00D1     		bne	.L30
 134:SCD30_v2.c    ****             {
 135:SCD30_v2.c    ****                 break;
 136:SCD30_v2.c    ****             }
 137:SCD30_v2.c    ****         }
 660              		.loc 1 137 0
 661 0044 F3E7     		b	.L27
 662              	.L30:
 135:SCD30_v2.c    ****             }
 663              		.loc 1 135 0
 664 0046 00BF     		nop
 665              	.L29:
 138:SCD30_v2.c    ****     }
 139:SCD30_v2.c    **** /*   
 140:SCD30_v2.c    **** UART_PutString("Data Written:");
 141:SCD30_v2.c    **** UART_PutString("\n");
 142:SCD30_v2.c    **** for (int k=0; k<len; k++)
 143:SCD30_v2.c    **** {
 144:SCD30_v2.c    ****     UART_PutHexByte(data[k]);
 145:SCD30_v2.c    **** }
 146:SCD30_v2.c    **** UART_PutString("\n");
 147:SCD30_v2.c    **** */
 148:SCD30_v2.c    **** 
 149:SCD30_v2.c    **** }
 666              		.loc 1 149 0
 667 0048 00BF     		nop
 668 004a 1037     		adds	r7, r7, #16
 669              		.cfi_def_cfa_offset 8
 670 004c BD46     		mov	sp, r7
 671              		.cfi_def_cfa_register 13
 672              		@ sp needed
 673 004e 80BD     		pop	{r7, pc}
 674              		.cfi_endproc
 675              	.LFE74:
 676              		.size	SCD30_writeBuffer, .-SCD30_writeBuffer
 677              		.section	.text.SCD30_readBuffer,"ax",%progbits
 678              		.align	2
 679              		.global	SCD30_readBuffer
 680              		.thumb
 681              		.thumb_func
 682              		.type	SCD30_readBuffer, %function
 683              	SCD30_readBuffer:
 684              	.LFB75:
 150:SCD30_v2.c    **** 
 151:SCD30_v2.c    **** void SCD30_readBuffer(uint8_t* data, uint8_t len) 
 152:SCD30_v2.c    **** {
 685              		.loc 1 152 0
 686              		.cfi_startproc
 687              		@ args = 0, pretend = 0, frame = 8
 688              		@ frame_needed = 1, uses_anonymous_args = 0
 689 0000 80B5     		push	{r7, lr}
 690              		.cfi_def_cfa_offset 8
 691              		.cfi_offset 7, -8
 692              		.cfi_offset 14, -4
 693 0002 82B0     		sub	sp, sp, #8
 694              		.cfi_def_cfa_offset 16
ARM GAS  C:\Users\mag94\AppData\Local\Temp\ccLnQ9Gh.s 			page 16


 695 0004 00AF     		add	r7, sp, #0
 696              		.cfi_def_cfa_register 7
 697 0006 7860     		str	r0, [r7, #4]
 698 0008 0B46     		mov	r3, r1
 699 000a FB70     		strb	r3, [r7, #3]
 153:SCD30_v2.c    ****     CyDelay(50);
 700              		.loc 1 153 0
 701 000c 3220     		movs	r0, #50
 702 000e FFF7FEFF 		bl	CyDelay
 154:SCD30_v2.c    ****     
 155:SCD30_v2.c    ****     I2C_1_MasterReadBuf(SCD30_I2C_ADDRESS, data, len, I2C_1_MODE_COMPLETE_XFER);
 703              		.loc 1 155 0
 704 0012 FA78     		ldrb	r2, [r7, #3]	@ zero_extendqisi2
 705 0014 0023     		movs	r3, #0
 706 0016 7968     		ldr	r1, [r7, #4]
 707 0018 6120     		movs	r0, #97
 708 001a FFF7FEFF 		bl	I2C_1_MasterReadBuf
 709              	.L34:
 156:SCD30_v2.c    ****     for(;;){
 157:SCD30_v2.c    ****             if(0u != (I2C_1_MasterStatus() & I2C_1_MSTAT_RD_CMPLT)){
 710              		.loc 1 157 0
 711 001e FFF7FEFF 		bl	I2C_1_MasterStatus
 712 0022 0346     		mov	r3, r0
 713 0024 03F00103 		and	r3, r3, #1
 714 0028 002B     		cmp	r3, #0
 715 002a 00D1     		bne	.L36
 158:SCD30_v2.c    ****                 break;
 159:SCD30_v2.c    ****                 }
 160:SCD30_v2.c    ****             }
 716              		.loc 1 160 0
 717 002c F7E7     		b	.L34
 718              	.L36:
 158:SCD30_v2.c    ****                 break;
 719              		.loc 1 158 0
 720 002e 00BF     		nop
 161:SCD30_v2.c    **** /*
 162:SCD30_v2.c    **** UART_PutString("Data Read:");
 163:SCD30_v2.c    **** UART_PutString("\n");
 164:SCD30_v2.c    **** for(int k=0; k<len; k++)
 165:SCD30_v2.c    **** {
 166:SCD30_v2.c    ****     UART_PutHexByte(data[k]);
 167:SCD30_v2.c    **** }
 168:SCD30_v2.c    **** UART_PutString("\n");
 169:SCD30_v2.c    **** */
 170:SCD30_v2.c    **** I2C_1_MasterClearStatus();
 721              		.loc 1 170 0
 722 0030 FFF7FEFF 		bl	I2C_1_MasterClearStatus
 171:SCD30_v2.c    **** }
 723              		.loc 1 171 0
 724 0034 00BF     		nop
 725 0036 0837     		adds	r7, r7, #8
 726              		.cfi_def_cfa_offset 8
 727 0038 BD46     		mov	sp, r7
 728              		.cfi_def_cfa_register 13
 729              		@ sp needed
 730 003a 80BD     		pop	{r7, pc}
 731              		.cfi_endproc
ARM GAS  C:\Users\mag94\AppData\Local\Temp\ccLnQ9Gh.s 			page 17


 732              	.LFE75:
 733              		.size	SCD30_readBuffer, .-SCD30_readBuffer
 734              		.section	.text.SCD30_calculateCrc,"ax",%progbits
 735              		.align	2
 736              		.global	SCD30_calculateCrc
 737              		.thumb
 738              		.thumb_func
 739              		.type	SCD30_calculateCrc, %function
 740              	SCD30_calculateCrc:
 741              	.LFB76:
 172:SCD30_v2.c    **** 
 173:SCD30_v2.c    **** 
 174:SCD30_v2.c    **** 
 175:SCD30_v2.c    **** uint8_t SCD30_calculateCrc(uint8_t data[], uint8_t len) {
 742              		.loc 1 175 0
 743              		.cfi_startproc
 744              		@ args = 0, pretend = 0, frame = 16
 745              		@ frame_needed = 1, uses_anonymous_args = 0
 746              		@ link register save eliminated.
 747 0000 80B4     		push	{r7}
 748              		.cfi_def_cfa_offset 4
 749              		.cfi_offset 7, -4
 750 0002 85B0     		sub	sp, sp, #20
 751              		.cfi_def_cfa_offset 24
 752 0004 00AF     		add	r7, sp, #0
 753              		.cfi_def_cfa_register 7
 754 0006 7860     		str	r0, [r7, #4]
 755 0008 0B46     		mov	r3, r1
 756 000a FB70     		strb	r3, [r7, #3]
 176:SCD30_v2.c    ****     uint8_t bit, byteCtr, crc = 0xff;
 757              		.loc 1 176 0
 758 000c FF23     		movs	r3, #255
 759 000e 7B73     		strb	r3, [r7, #13]
 177:SCD30_v2.c    **** 
 178:SCD30_v2.c    ****     // calculates 8-Bit checksum with given polynomial
 179:SCD30_v2.c    ****     for (byteCtr = 0; byteCtr < len; byteCtr ++) {
 760              		.loc 1 179 0
 761 0010 0023     		movs	r3, #0
 762 0012 BB73     		strb	r3, [r7, #14]
 763 0014 20E0     		b	.L38
 764              	.L43:
 180:SCD30_v2.c    ****         crc ^= (data[byteCtr]);
 765              		.loc 1 180 0
 766 0016 BB7B     		ldrb	r3, [r7, #14]	@ zero_extendqisi2
 767 0018 7A68     		ldr	r2, [r7, #4]
 768 001a 1344     		add	r3, r3, r2
 769 001c 1A78     		ldrb	r2, [r3]	@ zero_extendqisi2
 770 001e 7B7B     		ldrb	r3, [r7, #13]
 771 0020 5340     		eors	r3, r3, r2
 772 0022 7B73     		strb	r3, [r7, #13]
 181:SCD30_v2.c    **** 
 182:SCD30_v2.c    ****         for (bit = 8; bit > 0; -- bit) {
 773              		.loc 1 182 0
 774 0024 0823     		movs	r3, #8
 775 0026 FB73     		strb	r3, [r7, #15]
 776 0028 10E0     		b	.L39
 777              	.L42:
ARM GAS  C:\Users\mag94\AppData\Local\Temp\ccLnQ9Gh.s 			page 18


 183:SCD30_v2.c    ****             if (crc & 0x80) {
 778              		.loc 1 183 0
 779 002a 97F90D30 		ldrsb	r3, [r7, #13]
 780 002e 002B     		cmp	r3, #0
 781 0030 06DA     		bge	.L40
 184:SCD30_v2.c    ****                 crc = (crc << 1) ^ SCD30_POLYNOMIAL;
 782              		.loc 1 184 0
 783 0032 7B7B     		ldrb	r3, [r7, #13]
 784 0034 5B00     		lsls	r3, r3, #1
 785 0036 DBB2     		uxtb	r3, r3
 786 0038 83F03103 		eor	r3, r3, #49
 787 003c 7B73     		strb	r3, [r7, #13]
 788 003e 02E0     		b	.L41
 789              	.L40:
 185:SCD30_v2.c    ****             } else {
 186:SCD30_v2.c    ****                 crc = (crc << 1);
 790              		.loc 1 186 0
 791 0040 7B7B     		ldrb	r3, [r7, #13]
 792 0042 5B00     		lsls	r3, r3, #1
 793 0044 7B73     		strb	r3, [r7, #13]
 794              	.L41:
 182:SCD30_v2.c    ****             if (crc & 0x80) {
 795              		.loc 1 182 0 discriminator 2
 796 0046 FB7B     		ldrb	r3, [r7, #15]
 797 0048 013B     		subs	r3, r3, #1
 798 004a FB73     		strb	r3, [r7, #15]
 799              	.L39:
 182:SCD30_v2.c    ****             if (crc & 0x80) {
 800              		.loc 1 182 0 is_stmt 0 discriminator 1
 801 004c FB7B     		ldrb	r3, [r7, #15]	@ zero_extendqisi2
 802 004e 002B     		cmp	r3, #0
 803 0050 EBD1     		bne	.L42
 179:SCD30_v2.c    ****         crc ^= (data[byteCtr]);
 804              		.loc 1 179 0 is_stmt 1 discriminator 2
 805 0052 BB7B     		ldrb	r3, [r7, #14]	@ zero_extendqisi2
 806 0054 0133     		adds	r3, r3, #1
 807 0056 BB73     		strb	r3, [r7, #14]
 808              	.L38:
 179:SCD30_v2.c    ****         crc ^= (data[byteCtr]);
 809              		.loc 1 179 0 is_stmt 0 discriminator 1
 810 0058 BA7B     		ldrb	r2, [r7, #14]	@ zero_extendqisi2
 811 005a FB78     		ldrb	r3, [r7, #3]	@ zero_extendqisi2
 812 005c 9A42     		cmp	r2, r3
 813 005e DAD3     		bcc	.L43
 187:SCD30_v2.c    ****             }
 188:SCD30_v2.c    ****         }
 189:SCD30_v2.c    ****     }
 190:SCD30_v2.c    **** 
 191:SCD30_v2.c    ****     return crc;
 814              		.loc 1 191 0 is_stmt 1
 815 0060 7B7B     		ldrb	r3, [r7, #13]	@ zero_extendqisi2
 192:SCD30_v2.c    **** }
 816              		.loc 1 192 0
 817 0062 1846     		mov	r0, r3
 818 0064 1437     		adds	r7, r7, #20
 819              		.cfi_def_cfa_offset 4
 820 0066 BD46     		mov	sp, r7
ARM GAS  C:\Users\mag94\AppData\Local\Temp\ccLnQ9Gh.s 			page 19


 821              		.cfi_def_cfa_register 13
 822              		@ sp needed
 823 0068 80BC     		pop	{r7}
 824              		.cfi_restore 7
 825              		.cfi_def_cfa_offset 0
 826 006a 7047     		bx	lr
 827              		.cfi_endproc
 828              	.LFE76:
 829              		.size	SCD30_calculateCrc, .-SCD30_calculateCrc
 830              		.bss
 831              		.align	2
 832              	buf.6169:
 833 0000 00000000 		.space	5
 833      00
 834              	checkSum.6168:
 835 0005 00       		.space	1
 836              		.text
 837              	.Letext0:
 838              		.file 2 "c:\\program files (x86)\\cypress\\psoc creator\\4.3\\psoc creator\\import\\gnu\\arm\\5.4.
 839              		.file 3 "c:\\program files (x86)\\cypress\\psoc creator\\4.3\\psoc creator\\import\\gnu\\arm\\5.4.
 840              		.file 4 "Generated_Source\\PSoC5/cytypes.h"
 841              		.file 5 "Generated_Source\\PSoC5/DS18x8.h"
 842              		.file 6 "Generated_Source\\PSoC5/core_cm3.h"
 843              		.section	.debug_info,"",%progbits
 844              	.Ldebug_info0:
 845 0000 A2040000 		.4byte	0x4a2
 846 0004 0400     		.2byte	0x4
 847 0006 00000000 		.4byte	.Ldebug_abbrev0
 848 000a 04       		.byte	0x4
 849 000b 01       		.uleb128 0x1
 850 000c 66000000 		.4byte	.LASF61
 851 0010 0C       		.byte	0xc
 852 0011 D9010000 		.4byte	.LASF62
 853 0015 C0020000 		.4byte	.LASF63
 854 0019 00000000 		.4byte	.Ldebug_ranges0+0
 855 001d 00000000 		.4byte	0
 856 0021 00000000 		.4byte	.Ldebug_line0
 857 0025 02       		.uleb128 0x2
 858 0026 01       		.byte	0x1
 859 0027 06       		.byte	0x6
 860 0028 06020000 		.4byte	.LASF0
 861 002c 03       		.uleb128 0x3
 862 002d A1010000 		.4byte	.LASF3
 863 0031 02       		.byte	0x2
 864 0032 1D       		.byte	0x1d
 865 0033 37000000 		.4byte	0x37
 866 0037 02       		.uleb128 0x2
 867 0038 01       		.byte	0x1
 868 0039 08       		.byte	0x8
 869 003a F8010000 		.4byte	.LASF1
 870 003e 02       		.uleb128 0x2
 871 003f 02       		.byte	0x2
 872 0040 05       		.byte	0x5
 873 0041 20000000 		.4byte	.LASF2
 874 0045 03       		.uleb128 0x3
 875 0046 1F010000 		.4byte	.LASF4
 876 004a 02       		.byte	0x2
ARM GAS  C:\Users\mag94\AppData\Local\Temp\ccLnQ9Gh.s 			page 20


 877 004b 2B       		.byte	0x2b
 878 004c 50000000 		.4byte	0x50
 879 0050 02       		.uleb128 0x2
 880 0051 02       		.byte	0x2
 881 0052 07       		.byte	0x7
 882 0053 8A020000 		.4byte	.LASF5
 883 0057 03       		.uleb128 0x3
 884 0058 BA030000 		.4byte	.LASF6
 885 005c 02       		.byte	0x2
 886 005d 3F       		.byte	0x3f
 887 005e 62000000 		.4byte	0x62
 888 0062 02       		.uleb128 0x2
 889 0063 04       		.byte	0x4
 890 0064 05       		.byte	0x5
 891 0065 AF020000 		.4byte	.LASF7
 892 0069 03       		.uleb128 0x3
 893 006a 14010000 		.4byte	.LASF8
 894 006e 02       		.byte	0x2
 895 006f 41       		.byte	0x41
 896 0070 74000000 		.4byte	0x74
 897 0074 02       		.uleb128 0x2
 898 0075 04       		.byte	0x4
 899 0076 07       		.byte	0x7
 900 0077 38030000 		.4byte	.LASF9
 901 007b 02       		.uleb128 0x2
 902 007c 08       		.byte	0x8
 903 007d 05       		.byte	0x5
 904 007e 77010000 		.4byte	.LASF10
 905 0082 02       		.uleb128 0x2
 906 0083 08       		.byte	0x8
 907 0084 07       		.byte	0x7
 908 0085 12020000 		.4byte	.LASF11
 909 0089 04       		.uleb128 0x4
 910 008a 04       		.byte	0x4
 911 008b 05       		.byte	0x5
 912 008c 696E7400 		.ascii	"int\000"
 913 0090 02       		.uleb128 0x2
 914 0091 04       		.byte	0x4
 915 0092 07       		.byte	0x7
 916 0093 32020000 		.4byte	.LASF12
 917 0097 03       		.uleb128 0x3
 918 0098 C4030000 		.4byte	.LASF13
 919 009c 03       		.byte	0x3
 920 009d 18       		.byte	0x18
 921 009e 2C000000 		.4byte	0x2c
 922 00a2 03       		.uleb128 0x3
 923 00a3 3F020000 		.4byte	.LASF14
 924 00a7 03       		.byte	0x3
 925 00a8 24       		.byte	0x24
 926 00a9 45000000 		.4byte	0x45
 927 00ad 03       		.uleb128 0x3
 928 00ae B8020000 		.4byte	.LASF15
 929 00b2 03       		.byte	0x3
 930 00b3 2C       		.byte	0x2c
 931 00b4 57000000 		.4byte	0x57
 932 00b8 03       		.uleb128 0x3
 933 00b9 29020000 		.4byte	.LASF16
ARM GAS  C:\Users\mag94\AppData\Local\Temp\ccLnQ9Gh.s 			page 21


 934 00bd 03       		.byte	0x3
 935 00be 30       		.byte	0x30
 936 00bf 69000000 		.4byte	0x69
 937 00c3 05       		.uleb128 0x5
 938 00c4 4E010000 		.4byte	.LASF17
 939 00c8 04       		.byte	0x4
 940 00c9 E401     		.2byte	0x1e4
 941 00cb 37000000 		.4byte	0x37
 942 00cf 05       		.uleb128 0x5
 943 00d0 40010000 		.4byte	.LASF18
 944 00d4 04       		.byte	0x4
 945 00d5 E501     		.2byte	0x1e5
 946 00d7 50000000 		.4byte	0x50
 947 00db 02       		.uleb128 0x2
 948 00dc 04       		.byte	0x4
 949 00dd 04       		.byte	0x4
 950 00de 71010000 		.4byte	.LASF19
 951 00e2 02       		.uleb128 0x2
 952 00e3 08       		.byte	0x8
 953 00e4 04       		.byte	0x4
 954 00e5 EF030000 		.4byte	.LASF20
 955 00e9 02       		.uleb128 0x2
 956 00ea 01       		.byte	0x1
 957 00eb 08       		.byte	0x8
 958 00ec A4020000 		.4byte	.LASF21
 959 00f0 06       		.uleb128 0x6
 960 00f1 C3000000 		.4byte	0xc3
 961 00f5 02       		.uleb128 0x2
 962 00f6 08       		.byte	0x8
 963 00f7 04       		.byte	0x4
 964 00f8 E4010000 		.4byte	.LASF22
 965 00fc 02       		.uleb128 0x2
 966 00fd 04       		.byte	0x4
 967 00fe 07       		.byte	0x7
 968 00ff 2A000000 		.4byte	.LASF23
 969 0103 07       		.uleb128 0x7
 970 0104 24030000 		.4byte	.LASF64
 971 0108 04       		.byte	0x4
 972 0109 05       		.byte	0x5
 973 010a 30       		.byte	0x30
 974 010b 28010000 		.4byte	0x128
 975 010f 08       		.uleb128 0x8
 976 0110 E3030000 		.4byte	.LASF24
 977 0114 05       		.byte	0x5
 978 0115 31       		.byte	0x31
 979 0116 CF000000 		.4byte	0xcf
 980 011a 00       		.byte	0
 981 011b 08       		.uleb128 0x8
 982 011c CC030000 		.4byte	.LASF25
 983 0120 05       		.byte	0x5
 984 0121 32       		.byte	0x32
 985 0122 C3000000 		.4byte	0xc3
 986 0126 02       		.byte	0x2
 987 0127 00       		.byte	0
 988 0128 09       		.uleb128 0x9
 989 0129 79020000 		.4byte	.LASF33
 990 012d 01       		.byte	0x1
ARM GAS  C:\Users\mag94\AppData\Local\Temp\ccLnQ9Gh.s 			page 22


 991 012e 13       		.byte	0x13
 992 012f 00000000 		.4byte	.LFB63
 993 0133 12000000 		.4byte	.LFE63-.LFB63
 994 0137 01       		.uleb128 0x1
 995 0138 9C       		.byte	0x9c
 996 0139 0A       		.uleb128 0xa
 997 013a 66030000 		.4byte	.LASF27
 998 013e 01       		.byte	0x1
 999 013f 1E       		.byte	0x1e
 1000 0140 00000000 		.4byte	.LFB64
 1001 0144 1E000000 		.4byte	.LFE64-.LFB64
 1002 0148 01       		.uleb128 0x1
 1003 0149 9C       		.byte	0x9c
 1004 014a 5D010000 		.4byte	0x15d
 1005 014e 0B       		.uleb128 0xb
 1006 014f 9A010000 		.4byte	.LASF29
 1007 0153 01       		.byte	0x1
 1008 0154 1E       		.byte	0x1e
 1009 0155 A2000000 		.4byte	0xa2
 1010 0159 02       		.uleb128 0x2
 1011 015a 91       		.byte	0x91
 1012 015b 76       		.sleb128 -10
 1013 015c 00       		.byte	0
 1014 015d 0C       		.uleb128 0xc
 1015 015e 0E000000 		.4byte	.LASF65
 1016 0162 01       		.byte	0x1
 1017 0163 22       		.byte	0x22
 1018 0164 72010000 		.4byte	0x172
 1019 0168 00000000 		.4byte	.LFB65
 1020 016c 1C000000 		.4byte	.LFE65-.LFB65
 1021 0170 01       		.uleb128 0x1
 1022 0171 9C       		.byte	0x9c
 1023 0172 02       		.uleb128 0x2
 1024 0173 01       		.byte	0x1
 1025 0174 02       		.byte	0x2
 1026 0175 A9020000 		.4byte	.LASF26
 1027 0179 0A       		.uleb128 0xa
 1028 017a BC010000 		.4byte	.LASF28
 1029 017e 01       		.byte	0x1
 1030 017f 26       		.byte	0x26
 1031 0180 00000000 		.4byte	.LFB66
 1032 0184 2E000000 		.4byte	.LFE66-.LFB66
 1033 0188 01       		.uleb128 0x1
 1034 0189 9C       		.byte	0x9c
 1035 018a 9D010000 		.4byte	0x19d
 1036 018e 0B       		.uleb128 0xb
 1037 018f 47010000 		.4byte	.LASF30
 1038 0193 01       		.byte	0x1
 1039 0194 26       		.byte	0x26
 1040 0195 72010000 		.4byte	0x172
 1041 0199 02       		.uleb128 0x2
 1042 019a 91       		.byte	0x91
 1043 019b 77       		.sleb128 -9
 1044 019c 00       		.byte	0
 1045 019d 0A       		.uleb128 0xa
 1046 019e 54010000 		.4byte	.LASF31
 1047 01a2 01       		.byte	0x1
ARM GAS  C:\Users\mag94\AppData\Local\Temp\ccLnQ9Gh.s 			page 23


 1048 01a3 2E       		.byte	0x2e
 1049 01a4 00000000 		.4byte	.LFB67
 1050 01a8 1E000000 		.4byte	.LFE67-.LFB67
 1051 01ac 01       		.uleb128 0x1
 1052 01ad 9C       		.byte	0x9c
 1053 01ae C1010000 		.4byte	0x1c1
 1054 01b2 0B       		.uleb128 0xb
 1055 01b3 5D030000 		.4byte	.LASF32
 1056 01b7 01       		.byte	0x1
 1057 01b8 2E       		.byte	0x2e
 1058 01b9 A2000000 		.4byte	0xa2
 1059 01bd 02       		.uleb128 0x2
 1060 01be 91       		.byte	0x91
 1061 01bf 76       		.sleb128 -10
 1062 01c0 00       		.byte	0
 1063 01c1 09       		.uleb128 0x9
 1064 01c2 48020000 		.4byte	.LASF34
 1065 01c6 01       		.byte	0x1
 1066 01c7 32       		.byte	0x32
 1067 01c8 00000000 		.4byte	.LFB68
 1068 01cc 10000000 		.4byte	.LFE68-.LFB68
 1069 01d0 01       		.uleb128 0x1
 1070 01d1 9C       		.byte	0x9c
 1071 01d2 09       		.uleb128 0x9
 1072 01d3 2A010000 		.4byte	.LASF35
 1073 01d7 01       		.byte	0x1
 1074 01d8 36       		.byte	0x36
 1075 01d9 00000000 		.4byte	.LFB69
 1076 01dd 10000000 		.4byte	.LFE69-.LFB69
 1077 01e1 01       		.uleb128 0x1
 1078 01e2 9C       		.byte	0x9c
 1079 01e3 0A       		.uleb128 0xa
 1080 01e4 8D030000 		.4byte	.LASF36
 1081 01e8 01       		.byte	0x1
 1082 01e9 3A       		.byte	0x3a
 1083 01ea 00000000 		.4byte	.LFB70
 1084 01ee CE000000 		.4byte	.LFE70-.LFB70
 1085 01f2 01       		.uleb128 0x1
 1086 01f3 9C       		.byte	0x9c
 1087 01f4 69020000 		.4byte	0x269
 1088 01f8 0B       		.uleb128 0xb
 1089 01f9 07000000 		.4byte	.LASF37
 1090 01fd 01       		.byte	0x1
 1091 01fe 3A       		.byte	0x3a
 1092 01ff 69020000 		.4byte	0x269
 1093 0203 02       		.uleb128 0x2
 1094 0204 91       		.byte	0x91
 1095 0205 44       		.sleb128 -60
 1096 0206 0D       		.uleb128 0xd
 1097 0207 62756600 		.ascii	"buf\000"
 1098 020b 01       		.byte	0x1
 1099 020c 3B       		.byte	0x3b
 1100 020d 6F020000 		.4byte	0x26f
 1101 0211 02       		.uleb128 0x2
 1102 0212 91       		.byte	0x91
 1103 0213 58       		.sleb128 -40
 1104 0214 0E       		.uleb128 0xe
ARM GAS  C:\Users\mag94\AppData\Local\Temp\ccLnQ9Gh.s 			page 24


 1105 0215 00000000 		.4byte	.LASF38
 1106 0219 01       		.byte	0x1
 1107 021a 3C       		.byte	0x3c
 1108 021b B8000000 		.4byte	0xb8
 1109 021f 02       		.uleb128 0x2
 1110 0220 91       		.byte	0x91
 1111 0221 54       		.sleb128 -44
 1112 0222 0E       		.uleb128 0xe
 1113 0223 F0010000 		.4byte	.LASF39
 1114 0227 01       		.byte	0x1
 1115 0228 3D       		.byte	0x3d
 1116 0229 B8000000 		.4byte	0xb8
 1117 022d 02       		.uleb128 0x2
 1118 022e 91       		.byte	0x91
 1119 022f 50       		.sleb128 -48
 1120 0230 0E       		.uleb128 0xe
 1121 0231 D4030000 		.4byte	.LASF40
 1122 0235 01       		.byte	0x1
 1123 0236 3E       		.byte	0x3e
 1124 0237 B8000000 		.4byte	0xb8
 1125 023b 02       		.uleb128 0x2
 1126 023c 91       		.byte	0x91
 1127 023d 4C       		.sleb128 -52
 1128 023e 0E       		.uleb128 0xe
 1129 023f AB010000 		.4byte	.LASF41
 1130 0243 01       		.byte	0x1
 1131 0244 3F       		.byte	0x3f
 1132 0245 DB000000 		.4byte	0xdb
 1133 0249 02       		.uleb128 0x2
 1134 024a 91       		.byte	0x91
 1135 024b 74       		.sleb128 -12
 1136 024c 0E       		.uleb128 0xe
 1137 024d 81030000 		.4byte	.LASF42
 1138 0251 01       		.byte	0x1
 1139 0252 40       		.byte	0x40
 1140 0253 DB000000 		.4byte	0xdb
 1141 0257 02       		.uleb128 0x2
 1142 0258 91       		.byte	0x91
 1143 0259 70       		.sleb128 -16
 1144 025a 0E       		.uleb128 0xe
 1145 025b B1030000 		.4byte	.LASF43
 1146 025f 01       		.byte	0x1
 1147 0260 41       		.byte	0x41
 1148 0261 DB000000 		.4byte	0xdb
 1149 0265 02       		.uleb128 0x2
 1150 0266 91       		.byte	0x91
 1151 0267 6C       		.sleb128 -20
 1152 0268 00       		.byte	0
 1153 0269 0F       		.uleb128 0xf
 1154 026a 04       		.byte	0x4
 1155 026b DB000000 		.4byte	0xdb
 1156 026f 10       		.uleb128 0x10
 1157 0270 97000000 		.4byte	0x97
 1158 0274 7F020000 		.4byte	0x27f
 1159 0278 11       		.uleb128 0x11
 1160 0279 FC000000 		.4byte	0xfc
 1161 027d 11       		.byte	0x11
ARM GAS  C:\Users\mag94\AppData\Local\Temp\ccLnQ9Gh.s 			page 25


 1162 027e 00       		.byte	0
 1163 027f 0A       		.uleb128 0xa
 1164 0280 4A030000 		.4byte	.LASF44
 1165 0284 01       		.byte	0x1
 1166 0285 55       		.byte	0x55
 1167 0286 00000000 		.4byte	.LFB71
 1168 028a 46000000 		.4byte	.LFE71-.LFB71
 1169 028e 01       		.uleb128 0x1
 1170 028f 9C       		.byte	0x9c
 1171 0290 B1020000 		.4byte	0x2b1
 1172 0294 0B       		.uleb128 0xb
 1173 0295 27040000 		.4byte	.LASF45
 1174 0299 01       		.byte	0x1
 1175 029a 55       		.byte	0x55
 1176 029b A2000000 		.4byte	0xa2
 1177 029f 02       		.uleb128 0x2
 1178 02a0 91       		.byte	0x91
 1179 02a1 6E       		.sleb128 -18
 1180 02a2 0D       		.uleb128 0xd
 1181 02a3 62756600 		.ascii	"buf\000"
 1182 02a7 01       		.byte	0x1
 1183 02a8 56       		.byte	0x56
 1184 02a9 B1020000 		.4byte	0x2b1
 1185 02ad 02       		.uleb128 0x2
 1186 02ae 91       		.byte	0x91
 1187 02af 74       		.sleb128 -12
 1188 02b0 00       		.byte	0
 1189 02b1 10       		.uleb128 0x10
 1190 02b2 97000000 		.4byte	0x97
 1191 02b6 C1020000 		.4byte	0x2c1
 1192 02ba 11       		.uleb128 0x11
 1193 02bb FC000000 		.4byte	0xfc
 1194 02bf 01       		.byte	0x1
 1195 02c0 00       		.byte	0
 1196 02c1 0A       		.uleb128 0xa
 1197 02c2 F4000000 		.4byte	.LASF46
 1198 02c6 01       		.byte	0x1
 1199 02c7 65       		.byte	0x65
 1200 02c8 00000000 		.4byte	.LFB72
 1201 02cc 6C000000 		.4byte	.LFE72-.LFB72
 1202 02d0 01       		.uleb128 0x1
 1203 02d1 9C       		.byte	0x9c
 1204 02d2 15030000 		.4byte	0x315
 1205 02d6 0B       		.uleb128 0xb
 1206 02d7 27040000 		.4byte	.LASF45
 1207 02db 01       		.byte	0x1
 1208 02dc 65       		.byte	0x65
 1209 02dd A2000000 		.4byte	0xa2
 1210 02e1 02       		.uleb128 0x2
 1211 02e2 91       		.byte	0x91
 1212 02e3 76       		.sleb128 -10
 1213 02e4 0B       		.uleb128 0xb
 1214 02e5 0C040000 		.4byte	.LASF47
 1215 02e9 01       		.byte	0x1
 1216 02ea 65       		.byte	0x65
 1217 02eb A2000000 		.4byte	0xa2
 1218 02ef 02       		.uleb128 0x2
ARM GAS  C:\Users\mag94\AppData\Local\Temp\ccLnQ9Gh.s 			page 26


 1219 02f0 91       		.byte	0x91
 1220 02f1 74       		.sleb128 -12
 1221 02f2 0E       		.uleb128 0xe
 1222 02f3 03040000 		.4byte	.LASF48
 1223 02f7 01       		.byte	0x1
 1224 02f8 66       		.byte	0x66
 1225 02f9 97000000 		.4byte	0x97
 1226 02fd 05       		.uleb128 0x5
 1227 02fe 03       		.byte	0x3
 1228 02ff 05000000 		.4byte	checkSum.6168
 1229 0303 0D       		.uleb128 0xd
 1230 0304 62756600 		.ascii	"buf\000"
 1231 0308 01       		.byte	0x1
 1232 0309 66       		.byte	0x66
 1233 030a 15030000 		.4byte	0x315
 1234 030e 05       		.uleb128 0x5
 1235 030f 03       		.byte	0x3
 1236 0310 00000000 		.4byte	buf.6169
 1237 0314 00       		.byte	0
 1238 0315 10       		.uleb128 0x10
 1239 0316 97000000 		.4byte	0x97
 1240 031a 25030000 		.4byte	0x325
 1241 031e 11       		.uleb128 0x11
 1242 031f FC000000 		.4byte	0xfc
 1243 0323 04       		.byte	0x4
 1244 0324 00       		.byte	0
 1245 0325 12       		.uleb128 0x12
 1246 0326 53000000 		.4byte	.LASF54
 1247 032a 01       		.byte	0x1
 1248 032b 72       		.byte	0x72
 1249 032c A2000000 		.4byte	0xa2
 1250 0330 00000000 		.4byte	.LFB73
 1251 0334 44000000 		.4byte	.LFE73-.LFB73
 1252 0338 01       		.uleb128 0x1
 1253 0339 9C       		.byte	0x9c
 1254 033a 5B030000 		.4byte	0x35b
 1255 033e 0B       		.uleb128 0xb
 1256 033f 27040000 		.4byte	.LASF45
 1257 0343 01       		.byte	0x1
 1258 0344 72       		.byte	0x72
 1259 0345 A2000000 		.4byte	0xa2
 1260 0349 02       		.uleb128 0x2
 1261 034a 91       		.byte	0x91
 1262 034b 6E       		.sleb128 -18
 1263 034c 0D       		.uleb128 0xd
 1264 034d 62756600 		.ascii	"buf\000"
 1265 0351 01       		.byte	0x1
 1266 0352 73       		.byte	0x73
 1267 0353 5B030000 		.4byte	0x35b
 1268 0357 02       		.uleb128 0x2
 1269 0358 91       		.byte	0x91
 1270 0359 74       		.sleb128 -12
 1271 035a 00       		.byte	0
 1272 035b 10       		.uleb128 0x10
 1273 035c 97000000 		.4byte	0x97
 1274 0360 6B030000 		.4byte	0x36b
 1275 0364 11       		.uleb128 0x11
ARM GAS  C:\Users\mag94\AppData\Local\Temp\ccLnQ9Gh.s 			page 27


 1276 0365 FC000000 		.4byte	0xfc
 1277 0369 02       		.byte	0x2
 1278 036a 00       		.byte	0
 1279 036b 0A       		.uleb128 0xa
 1280 036c 41000000 		.4byte	.LASF49
 1281 0370 01       		.byte	0x1
 1282 0371 7B       		.byte	0x7b
 1283 0372 00000000 		.4byte	.LFB74
 1284 0376 50000000 		.4byte	.LFE74-.LFB74
 1285 037a 01       		.uleb128 0x1
 1286 037b 9C       		.byte	0x9c
 1287 037c B9030000 		.4byte	0x3b9
 1288 0380 0B       		.uleb128 0xb
 1289 0381 33030000 		.4byte	.LASF50
 1290 0385 01       		.byte	0x1
 1291 0386 7B       		.byte	0x7b
 1292 0387 B9030000 		.4byte	0x3b9
 1293 038b 02       		.uleb128 0x2
 1294 038c 91       		.byte	0x91
 1295 038d 6C       		.sleb128 -20
 1296 038e 13       		.uleb128 0x13
 1297 038f 6C656E00 		.ascii	"len\000"
 1298 0393 01       		.byte	0x1
 1299 0394 7B       		.byte	0x7b
 1300 0395 97000000 		.4byte	0x97
 1301 0399 02       		.uleb128 0x2
 1302 039a 91       		.byte	0x91
 1303 039b 6B       		.sleb128 -21
 1304 039c 0E       		.uleb128 0xe
 1305 039d 9D020000 		.4byte	.LASF51
 1306 03a1 01       		.byte	0x1
 1307 03a2 7E       		.byte	0x7e
 1308 03a3 97000000 		.4byte	0x97
 1309 03a7 02       		.uleb128 0x2
 1310 03a8 91       		.byte	0x91
 1311 03a9 77       		.sleb128 -9
 1312 03aa 0E       		.uleb128 0xe
 1313 03ab 85010000 		.4byte	.LASF52
 1314 03af 01       		.byte	0x1
 1315 03b0 7F       		.byte	0x7f
 1316 03b1 97000000 		.4byte	0x97
 1317 03b5 02       		.uleb128 0x2
 1318 03b6 91       		.byte	0x91
 1319 03b7 76       		.sleb128 -10
 1320 03b8 00       		.byte	0
 1321 03b9 0F       		.uleb128 0xf
 1322 03ba 04       		.byte	0x4
 1323 03bb 97000000 		.4byte	0x97
 1324 03bf 0A       		.uleb128 0xa
 1325 03c0 2F040000 		.4byte	.LASF53
 1326 03c4 01       		.byte	0x1
 1327 03c5 97       		.byte	0x97
 1328 03c6 00000000 		.4byte	.LFB75
 1329 03ca 3C000000 		.4byte	.LFE75-.LFB75
 1330 03ce 01       		.uleb128 0x1
 1331 03cf 9C       		.byte	0x9c
 1332 03d0 F1030000 		.4byte	0x3f1
ARM GAS  C:\Users\mag94\AppData\Local\Temp\ccLnQ9Gh.s 			page 28


 1333 03d4 0B       		.uleb128 0xb
 1334 03d5 33030000 		.4byte	.LASF50
 1335 03d9 01       		.byte	0x1
 1336 03da 97       		.byte	0x97
 1337 03db B9030000 		.4byte	0x3b9
 1338 03df 02       		.uleb128 0x2
 1339 03e0 91       		.byte	0x91
 1340 03e1 74       		.sleb128 -12
 1341 03e2 13       		.uleb128 0x13
 1342 03e3 6C656E00 		.ascii	"len\000"
 1343 03e7 01       		.byte	0x1
 1344 03e8 97       		.byte	0x97
 1345 03e9 97000000 		.4byte	0x97
 1346 03ed 02       		.uleb128 0x2
 1347 03ee 91       		.byte	0x91
 1348 03ef 73       		.sleb128 -13
 1349 03f0 00       		.byte	0
 1350 03f1 14       		.uleb128 0x14
 1351 03f2 66020000 		.4byte	.LASF55
 1352 03f6 01       		.byte	0x1
 1353 03f7 AF       		.byte	0xaf
 1354 03f8 97000000 		.4byte	0x97
 1355 03fc 00000000 		.4byte	.LFB76
 1356 0400 6C000000 		.4byte	.LFE76-.LFB76
 1357 0404 01       		.uleb128 0x1
 1358 0405 9C       		.byte	0x9c
 1359 0406 51040000 		.4byte	0x451
 1360 040a 0B       		.uleb128 0xb
 1361 040b 33030000 		.4byte	.LASF50
 1362 040f 01       		.byte	0x1
 1363 0410 AF       		.byte	0xaf
 1364 0411 B9030000 		.4byte	0x3b9
 1365 0415 02       		.uleb128 0x2
 1366 0416 91       		.byte	0x91
 1367 0417 6C       		.sleb128 -20
 1368 0418 13       		.uleb128 0x13
 1369 0419 6C656E00 		.ascii	"len\000"
 1370 041d 01       		.byte	0x1
 1371 041e AF       		.byte	0xaf
 1372 041f 97000000 		.4byte	0x97
 1373 0423 02       		.uleb128 0x2
 1374 0424 91       		.byte	0x91
 1375 0425 6B       		.sleb128 -21
 1376 0426 0D       		.uleb128 0xd
 1377 0427 62697400 		.ascii	"bit\000"
 1378 042b 01       		.byte	0x1
 1379 042c B0       		.byte	0xb0
 1380 042d 97000000 		.4byte	0x97
 1381 0431 02       		.uleb128 0x2
 1382 0432 91       		.byte	0x91
 1383 0433 77       		.sleb128 -9
 1384 0434 0E       		.uleb128 0xe
 1385 0435 92010000 		.4byte	.LASF56
 1386 0439 01       		.byte	0x1
 1387 043a B0       		.byte	0xb0
 1388 043b 97000000 		.4byte	0x97
 1389 043f 02       		.uleb128 0x2
ARM GAS  C:\Users\mag94\AppData\Local\Temp\ccLnQ9Gh.s 			page 29


 1390 0440 91       		.byte	0x91
 1391 0441 76       		.sleb128 -10
 1392 0442 0D       		.uleb128 0xd
 1393 0443 63726300 		.ascii	"crc\000"
 1394 0447 01       		.byte	0x1
 1395 0448 B0       		.byte	0xb0
 1396 0449 97000000 		.4byte	0x97
 1397 044d 02       		.uleb128 0x2
 1398 044e 91       		.byte	0x91
 1399 044f 75       		.sleb128 -11
 1400 0450 00       		.byte	0
 1401 0451 10       		.uleb128 0x10
 1402 0452 03010000 		.4byte	0x103
 1403 0456 61040000 		.4byte	0x461
 1404 045a 11       		.uleb128 0x11
 1405 045b FC000000 		.4byte	0xfc
 1406 045f 07       		.byte	0x7
 1407 0460 00       		.byte	0
 1408 0461 15       		.uleb128 0x15
 1409 0462 33000000 		.4byte	.LASF57
 1410 0466 05       		.byte	0x5
 1411 0467 34       		.byte	0x34
 1412 0468 51040000 		.4byte	0x451
 1413 046c 05       		.uleb128 0x5
 1414 046d 03       		.byte	0x3
 1415 046e 00000000 		.4byte	DS18x8_Sensor
 1416 0472 15       		.uleb128 0x15
 1417 0473 16040000 		.4byte	.LASF58
 1418 0477 05       		.byte	0x5
 1419 0478 39       		.byte	0x39
 1420 0479 F0000000 		.4byte	0xf0
 1421 047d 05       		.uleb128 0x5
 1422 047e 03       		.byte	0x3
 1423 047f 00000000 		.4byte	DS18x8_DataReady
 1424 0483 16       		.uleb128 0x16
 1425 0484 F6030000 		.4byte	.LASF59
 1426 0488 06       		.byte	0x6
 1427 0489 1207     		.2byte	0x712
 1428 048b 8F040000 		.4byte	0x48f
 1429 048f 06       		.uleb128 0x6
 1430 0490 AD000000 		.4byte	0xad
 1431 0494 15       		.uleb128 0x15
 1432 0495 DB030000 		.4byte	.LASF60
 1433 0499 01       		.byte	0x1
 1434 049a 10       		.byte	0x10
 1435 049b 97000000 		.4byte	0x97
 1436 049f 05       		.uleb128 0x5
 1437 04a0 03       		.byte	0x3
 1438 04a1 00000000 		.4byte	devAddr
 1439 04a5 00       		.byte	0
 1440              		.section	.debug_abbrev,"",%progbits
 1441              	.Ldebug_abbrev0:
 1442 0000 01       		.uleb128 0x1
 1443 0001 11       		.uleb128 0x11
 1444 0002 01       		.byte	0x1
 1445 0003 25       		.uleb128 0x25
 1446 0004 0E       		.uleb128 0xe
ARM GAS  C:\Users\mag94\AppData\Local\Temp\ccLnQ9Gh.s 			page 30


 1447 0005 13       		.uleb128 0x13
 1448 0006 0B       		.uleb128 0xb
 1449 0007 03       		.uleb128 0x3
 1450 0008 0E       		.uleb128 0xe
 1451 0009 1B       		.uleb128 0x1b
 1452 000a 0E       		.uleb128 0xe
 1453 000b 55       		.uleb128 0x55
 1454 000c 17       		.uleb128 0x17
 1455 000d 11       		.uleb128 0x11
 1456 000e 01       		.uleb128 0x1
 1457 000f 10       		.uleb128 0x10
 1458 0010 17       		.uleb128 0x17
 1459 0011 00       		.byte	0
 1460 0012 00       		.byte	0
 1461 0013 02       		.uleb128 0x2
 1462 0014 24       		.uleb128 0x24
 1463 0015 00       		.byte	0
 1464 0016 0B       		.uleb128 0xb
 1465 0017 0B       		.uleb128 0xb
 1466 0018 3E       		.uleb128 0x3e
 1467 0019 0B       		.uleb128 0xb
 1468 001a 03       		.uleb128 0x3
 1469 001b 0E       		.uleb128 0xe
 1470 001c 00       		.byte	0
 1471 001d 00       		.byte	0
 1472 001e 03       		.uleb128 0x3
 1473 001f 16       		.uleb128 0x16
 1474 0020 00       		.byte	0
 1475 0021 03       		.uleb128 0x3
 1476 0022 0E       		.uleb128 0xe
 1477 0023 3A       		.uleb128 0x3a
 1478 0024 0B       		.uleb128 0xb
 1479 0025 3B       		.uleb128 0x3b
 1480 0026 0B       		.uleb128 0xb
 1481 0027 49       		.uleb128 0x49
 1482 0028 13       		.uleb128 0x13
 1483 0029 00       		.byte	0
 1484 002a 00       		.byte	0
 1485 002b 04       		.uleb128 0x4
 1486 002c 24       		.uleb128 0x24
 1487 002d 00       		.byte	0
 1488 002e 0B       		.uleb128 0xb
 1489 002f 0B       		.uleb128 0xb
 1490 0030 3E       		.uleb128 0x3e
 1491 0031 0B       		.uleb128 0xb
 1492 0032 03       		.uleb128 0x3
 1493 0033 08       		.uleb128 0x8
 1494 0034 00       		.byte	0
 1495 0035 00       		.byte	0
 1496 0036 05       		.uleb128 0x5
 1497 0037 16       		.uleb128 0x16
 1498 0038 00       		.byte	0
 1499 0039 03       		.uleb128 0x3
 1500 003a 0E       		.uleb128 0xe
 1501 003b 3A       		.uleb128 0x3a
 1502 003c 0B       		.uleb128 0xb
 1503 003d 3B       		.uleb128 0x3b
ARM GAS  C:\Users\mag94\AppData\Local\Temp\ccLnQ9Gh.s 			page 31


 1504 003e 05       		.uleb128 0x5
 1505 003f 49       		.uleb128 0x49
 1506 0040 13       		.uleb128 0x13
 1507 0041 00       		.byte	0
 1508 0042 00       		.byte	0
 1509 0043 06       		.uleb128 0x6
 1510 0044 35       		.uleb128 0x35
 1511 0045 00       		.byte	0
 1512 0046 49       		.uleb128 0x49
 1513 0047 13       		.uleb128 0x13
 1514 0048 00       		.byte	0
 1515 0049 00       		.byte	0
 1516 004a 07       		.uleb128 0x7
 1517 004b 13       		.uleb128 0x13
 1518 004c 01       		.byte	0x1
 1519 004d 03       		.uleb128 0x3
 1520 004e 0E       		.uleb128 0xe
 1521 004f 0B       		.uleb128 0xb
 1522 0050 0B       		.uleb128 0xb
 1523 0051 3A       		.uleb128 0x3a
 1524 0052 0B       		.uleb128 0xb
 1525 0053 3B       		.uleb128 0x3b
 1526 0054 0B       		.uleb128 0xb
 1527 0055 01       		.uleb128 0x1
 1528 0056 13       		.uleb128 0x13
 1529 0057 00       		.byte	0
 1530 0058 00       		.byte	0
 1531 0059 08       		.uleb128 0x8
 1532 005a 0D       		.uleb128 0xd
 1533 005b 00       		.byte	0
 1534 005c 03       		.uleb128 0x3
 1535 005d 0E       		.uleb128 0xe
 1536 005e 3A       		.uleb128 0x3a
 1537 005f 0B       		.uleb128 0xb
 1538 0060 3B       		.uleb128 0x3b
 1539 0061 0B       		.uleb128 0xb
 1540 0062 49       		.uleb128 0x49
 1541 0063 13       		.uleb128 0x13
 1542 0064 38       		.uleb128 0x38
 1543 0065 0B       		.uleb128 0xb
 1544 0066 00       		.byte	0
 1545 0067 00       		.byte	0
 1546 0068 09       		.uleb128 0x9
 1547 0069 2E       		.uleb128 0x2e
 1548 006a 00       		.byte	0
 1549 006b 3F       		.uleb128 0x3f
 1550 006c 19       		.uleb128 0x19
 1551 006d 03       		.uleb128 0x3
 1552 006e 0E       		.uleb128 0xe
 1553 006f 3A       		.uleb128 0x3a
 1554 0070 0B       		.uleb128 0xb
 1555 0071 3B       		.uleb128 0x3b
 1556 0072 0B       		.uleb128 0xb
 1557 0073 27       		.uleb128 0x27
 1558 0074 19       		.uleb128 0x19
 1559 0075 11       		.uleb128 0x11
 1560 0076 01       		.uleb128 0x1
ARM GAS  C:\Users\mag94\AppData\Local\Temp\ccLnQ9Gh.s 			page 32


 1561 0077 12       		.uleb128 0x12
 1562 0078 06       		.uleb128 0x6
 1563 0079 40       		.uleb128 0x40
 1564 007a 18       		.uleb128 0x18
 1565 007b 9642     		.uleb128 0x2116
 1566 007d 19       		.uleb128 0x19
 1567 007e 00       		.byte	0
 1568 007f 00       		.byte	0
 1569 0080 0A       		.uleb128 0xa
 1570 0081 2E       		.uleb128 0x2e
 1571 0082 01       		.byte	0x1
 1572 0083 3F       		.uleb128 0x3f
 1573 0084 19       		.uleb128 0x19
 1574 0085 03       		.uleb128 0x3
 1575 0086 0E       		.uleb128 0xe
 1576 0087 3A       		.uleb128 0x3a
 1577 0088 0B       		.uleb128 0xb
 1578 0089 3B       		.uleb128 0x3b
 1579 008a 0B       		.uleb128 0xb
 1580 008b 27       		.uleb128 0x27
 1581 008c 19       		.uleb128 0x19
 1582 008d 11       		.uleb128 0x11
 1583 008e 01       		.uleb128 0x1
 1584 008f 12       		.uleb128 0x12
 1585 0090 06       		.uleb128 0x6
 1586 0091 40       		.uleb128 0x40
 1587 0092 18       		.uleb128 0x18
 1588 0093 9642     		.uleb128 0x2116
 1589 0095 19       		.uleb128 0x19
 1590 0096 01       		.uleb128 0x1
 1591 0097 13       		.uleb128 0x13
 1592 0098 00       		.byte	0
 1593 0099 00       		.byte	0
 1594 009a 0B       		.uleb128 0xb
 1595 009b 05       		.uleb128 0x5
 1596 009c 00       		.byte	0
 1597 009d 03       		.uleb128 0x3
 1598 009e 0E       		.uleb128 0xe
 1599 009f 3A       		.uleb128 0x3a
 1600 00a0 0B       		.uleb128 0xb
 1601 00a1 3B       		.uleb128 0x3b
 1602 00a2 0B       		.uleb128 0xb
 1603 00a3 49       		.uleb128 0x49
 1604 00a4 13       		.uleb128 0x13
 1605 00a5 02       		.uleb128 0x2
 1606 00a6 18       		.uleb128 0x18
 1607 00a7 00       		.byte	0
 1608 00a8 00       		.byte	0
 1609 00a9 0C       		.uleb128 0xc
 1610 00aa 2E       		.uleb128 0x2e
 1611 00ab 00       		.byte	0
 1612 00ac 3F       		.uleb128 0x3f
 1613 00ad 19       		.uleb128 0x19
 1614 00ae 03       		.uleb128 0x3
 1615 00af 0E       		.uleb128 0xe
 1616 00b0 3A       		.uleb128 0x3a
 1617 00b1 0B       		.uleb128 0xb
ARM GAS  C:\Users\mag94\AppData\Local\Temp\ccLnQ9Gh.s 			page 33


 1618 00b2 3B       		.uleb128 0x3b
 1619 00b3 0B       		.uleb128 0xb
 1620 00b4 27       		.uleb128 0x27
 1621 00b5 19       		.uleb128 0x19
 1622 00b6 49       		.uleb128 0x49
 1623 00b7 13       		.uleb128 0x13
 1624 00b8 11       		.uleb128 0x11
 1625 00b9 01       		.uleb128 0x1
 1626 00ba 12       		.uleb128 0x12
 1627 00bb 06       		.uleb128 0x6
 1628 00bc 40       		.uleb128 0x40
 1629 00bd 18       		.uleb128 0x18
 1630 00be 9642     		.uleb128 0x2116
 1631 00c0 19       		.uleb128 0x19
 1632 00c1 00       		.byte	0
 1633 00c2 00       		.byte	0
 1634 00c3 0D       		.uleb128 0xd
 1635 00c4 34       		.uleb128 0x34
 1636 00c5 00       		.byte	0
 1637 00c6 03       		.uleb128 0x3
 1638 00c7 08       		.uleb128 0x8
 1639 00c8 3A       		.uleb128 0x3a
 1640 00c9 0B       		.uleb128 0xb
 1641 00ca 3B       		.uleb128 0x3b
 1642 00cb 0B       		.uleb128 0xb
 1643 00cc 49       		.uleb128 0x49
 1644 00cd 13       		.uleb128 0x13
 1645 00ce 02       		.uleb128 0x2
 1646 00cf 18       		.uleb128 0x18
 1647 00d0 00       		.byte	0
 1648 00d1 00       		.byte	0
 1649 00d2 0E       		.uleb128 0xe
 1650 00d3 34       		.uleb128 0x34
 1651 00d4 00       		.byte	0
 1652 00d5 03       		.uleb128 0x3
 1653 00d6 0E       		.uleb128 0xe
 1654 00d7 3A       		.uleb128 0x3a
 1655 00d8 0B       		.uleb128 0xb
 1656 00d9 3B       		.uleb128 0x3b
 1657 00da 0B       		.uleb128 0xb
 1658 00db 49       		.uleb128 0x49
 1659 00dc 13       		.uleb128 0x13
 1660 00dd 02       		.uleb128 0x2
 1661 00de 18       		.uleb128 0x18
 1662 00df 00       		.byte	0
 1663 00e0 00       		.byte	0
 1664 00e1 0F       		.uleb128 0xf
 1665 00e2 0F       		.uleb128 0xf
 1666 00e3 00       		.byte	0
 1667 00e4 0B       		.uleb128 0xb
 1668 00e5 0B       		.uleb128 0xb
 1669 00e6 49       		.uleb128 0x49
 1670 00e7 13       		.uleb128 0x13
 1671 00e8 00       		.byte	0
 1672 00e9 00       		.byte	0
 1673 00ea 10       		.uleb128 0x10
 1674 00eb 01       		.uleb128 0x1
ARM GAS  C:\Users\mag94\AppData\Local\Temp\ccLnQ9Gh.s 			page 34


 1675 00ec 01       		.byte	0x1
 1676 00ed 49       		.uleb128 0x49
 1677 00ee 13       		.uleb128 0x13
 1678 00ef 01       		.uleb128 0x1
 1679 00f0 13       		.uleb128 0x13
 1680 00f1 00       		.byte	0
 1681 00f2 00       		.byte	0
 1682 00f3 11       		.uleb128 0x11
 1683 00f4 21       		.uleb128 0x21
 1684 00f5 00       		.byte	0
 1685 00f6 49       		.uleb128 0x49
 1686 00f7 13       		.uleb128 0x13
 1687 00f8 2F       		.uleb128 0x2f
 1688 00f9 0B       		.uleb128 0xb
 1689 00fa 00       		.byte	0
 1690 00fb 00       		.byte	0
 1691 00fc 12       		.uleb128 0x12
 1692 00fd 2E       		.uleb128 0x2e
 1693 00fe 01       		.byte	0x1
 1694 00ff 3F       		.uleb128 0x3f
 1695 0100 19       		.uleb128 0x19
 1696 0101 03       		.uleb128 0x3
 1697 0102 0E       		.uleb128 0xe
 1698 0103 3A       		.uleb128 0x3a
 1699 0104 0B       		.uleb128 0xb
 1700 0105 3B       		.uleb128 0x3b
 1701 0106 0B       		.uleb128 0xb
 1702 0107 27       		.uleb128 0x27
 1703 0108 19       		.uleb128 0x19
 1704 0109 49       		.uleb128 0x49
 1705 010a 13       		.uleb128 0x13
 1706 010b 11       		.uleb128 0x11
 1707 010c 01       		.uleb128 0x1
 1708 010d 12       		.uleb128 0x12
 1709 010e 06       		.uleb128 0x6
 1710 010f 40       		.uleb128 0x40
 1711 0110 18       		.uleb128 0x18
 1712 0111 9642     		.uleb128 0x2116
 1713 0113 19       		.uleb128 0x19
 1714 0114 01       		.uleb128 0x1
 1715 0115 13       		.uleb128 0x13
 1716 0116 00       		.byte	0
 1717 0117 00       		.byte	0
 1718 0118 13       		.uleb128 0x13
 1719 0119 05       		.uleb128 0x5
 1720 011a 00       		.byte	0
 1721 011b 03       		.uleb128 0x3
 1722 011c 08       		.uleb128 0x8
 1723 011d 3A       		.uleb128 0x3a
 1724 011e 0B       		.uleb128 0xb
 1725 011f 3B       		.uleb128 0x3b
 1726 0120 0B       		.uleb128 0xb
 1727 0121 49       		.uleb128 0x49
 1728 0122 13       		.uleb128 0x13
 1729 0123 02       		.uleb128 0x2
 1730 0124 18       		.uleb128 0x18
 1731 0125 00       		.byte	0
ARM GAS  C:\Users\mag94\AppData\Local\Temp\ccLnQ9Gh.s 			page 35


 1732 0126 00       		.byte	0
 1733 0127 14       		.uleb128 0x14
 1734 0128 2E       		.uleb128 0x2e
 1735 0129 01       		.byte	0x1
 1736 012a 3F       		.uleb128 0x3f
 1737 012b 19       		.uleb128 0x19
 1738 012c 03       		.uleb128 0x3
 1739 012d 0E       		.uleb128 0xe
 1740 012e 3A       		.uleb128 0x3a
 1741 012f 0B       		.uleb128 0xb
 1742 0130 3B       		.uleb128 0x3b
 1743 0131 0B       		.uleb128 0xb
 1744 0132 27       		.uleb128 0x27
 1745 0133 19       		.uleb128 0x19
 1746 0134 49       		.uleb128 0x49
 1747 0135 13       		.uleb128 0x13
 1748 0136 11       		.uleb128 0x11
 1749 0137 01       		.uleb128 0x1
 1750 0138 12       		.uleb128 0x12
 1751 0139 06       		.uleb128 0x6
 1752 013a 40       		.uleb128 0x40
 1753 013b 18       		.uleb128 0x18
 1754 013c 9742     		.uleb128 0x2117
 1755 013e 19       		.uleb128 0x19
 1756 013f 01       		.uleb128 0x1
 1757 0140 13       		.uleb128 0x13
 1758 0141 00       		.byte	0
 1759 0142 00       		.byte	0
 1760 0143 15       		.uleb128 0x15
 1761 0144 34       		.uleb128 0x34
 1762 0145 00       		.byte	0
 1763 0146 03       		.uleb128 0x3
 1764 0147 0E       		.uleb128 0xe
 1765 0148 3A       		.uleb128 0x3a
 1766 0149 0B       		.uleb128 0xb
 1767 014a 3B       		.uleb128 0x3b
 1768 014b 0B       		.uleb128 0xb
 1769 014c 49       		.uleb128 0x49
 1770 014d 13       		.uleb128 0x13
 1771 014e 3F       		.uleb128 0x3f
 1772 014f 19       		.uleb128 0x19
 1773 0150 02       		.uleb128 0x2
 1774 0151 18       		.uleb128 0x18
 1775 0152 00       		.byte	0
 1776 0153 00       		.byte	0
 1777 0154 16       		.uleb128 0x16
 1778 0155 34       		.uleb128 0x34
 1779 0156 00       		.byte	0
 1780 0157 03       		.uleb128 0x3
 1781 0158 0E       		.uleb128 0xe
 1782 0159 3A       		.uleb128 0x3a
 1783 015a 0B       		.uleb128 0xb
 1784 015b 3B       		.uleb128 0x3b
 1785 015c 05       		.uleb128 0x5
 1786 015d 49       		.uleb128 0x49
 1787 015e 13       		.uleb128 0x13
 1788 015f 3F       		.uleb128 0x3f
ARM GAS  C:\Users\mag94\AppData\Local\Temp\ccLnQ9Gh.s 			page 36


 1789 0160 19       		.uleb128 0x19
 1790 0161 3C       		.uleb128 0x3c
 1791 0162 19       		.uleb128 0x19
 1792 0163 00       		.byte	0
 1793 0164 00       		.byte	0
 1794 0165 00       		.byte	0
 1795              		.section	.debug_aranges,"",%progbits
 1796 0000 84000000 		.4byte	0x84
 1797 0004 0200     		.2byte	0x2
 1798 0006 00000000 		.4byte	.Ldebug_info0
 1799 000a 04       		.byte	0x4
 1800 000b 00       		.byte	0
 1801 000c 0000     		.2byte	0
 1802 000e 0000     		.2byte	0
 1803 0010 00000000 		.4byte	.LFB63
 1804 0014 12000000 		.4byte	.LFE63-.LFB63
 1805 0018 00000000 		.4byte	.LFB64
 1806 001c 1E000000 		.4byte	.LFE64-.LFB64
 1807 0020 00000000 		.4byte	.LFB65
 1808 0024 1C000000 		.4byte	.LFE65-.LFB65
 1809 0028 00000000 		.4byte	.LFB66
 1810 002c 2E000000 		.4byte	.LFE66-.LFB66
 1811 0030 00000000 		.4byte	.LFB67
 1812 0034 1E000000 		.4byte	.LFE67-.LFB67
 1813 0038 00000000 		.4byte	.LFB68
 1814 003c 10000000 		.4byte	.LFE68-.LFB68
 1815 0040 00000000 		.4byte	.LFB69
 1816 0044 10000000 		.4byte	.LFE69-.LFB69
 1817 0048 00000000 		.4byte	.LFB70
 1818 004c CE000000 		.4byte	.LFE70-.LFB70
 1819 0050 00000000 		.4byte	.LFB71
 1820 0054 46000000 		.4byte	.LFE71-.LFB71
 1821 0058 00000000 		.4byte	.LFB72
 1822 005c 6C000000 		.4byte	.LFE72-.LFB72
 1823 0060 00000000 		.4byte	.LFB73
 1824 0064 44000000 		.4byte	.LFE73-.LFB73
 1825 0068 00000000 		.4byte	.LFB74
 1826 006c 50000000 		.4byte	.LFE74-.LFB74
 1827 0070 00000000 		.4byte	.LFB75
 1828 0074 3C000000 		.4byte	.LFE75-.LFB75
 1829 0078 00000000 		.4byte	.LFB76
 1830 007c 6C000000 		.4byte	.LFE76-.LFB76
 1831 0080 00000000 		.4byte	0
 1832 0084 00000000 		.4byte	0
 1833              		.section	.debug_ranges,"",%progbits
 1834              	.Ldebug_ranges0:
 1835 0000 00000000 		.4byte	.LFB63
 1836 0004 12000000 		.4byte	.LFE63
 1837 0008 00000000 		.4byte	.LFB64
 1838 000c 1E000000 		.4byte	.LFE64
 1839 0010 00000000 		.4byte	.LFB65
 1840 0014 1C000000 		.4byte	.LFE65
 1841 0018 00000000 		.4byte	.LFB66
 1842 001c 2E000000 		.4byte	.LFE66
 1843 0020 00000000 		.4byte	.LFB67
 1844 0024 1E000000 		.4byte	.LFE67
 1845 0028 00000000 		.4byte	.LFB68
ARM GAS  C:\Users\mag94\AppData\Local\Temp\ccLnQ9Gh.s 			page 37


 1846 002c 10000000 		.4byte	.LFE68
 1847 0030 00000000 		.4byte	.LFB69
 1848 0034 10000000 		.4byte	.LFE69
 1849 0038 00000000 		.4byte	.LFB70
 1850 003c CE000000 		.4byte	.LFE70
 1851 0040 00000000 		.4byte	.LFB71
 1852 0044 46000000 		.4byte	.LFE71
 1853 0048 00000000 		.4byte	.LFB72
 1854 004c 6C000000 		.4byte	.LFE72
 1855 0050 00000000 		.4byte	.LFB73
 1856 0054 44000000 		.4byte	.LFE73
 1857 0058 00000000 		.4byte	.LFB74
 1858 005c 50000000 		.4byte	.LFE74
 1859 0060 00000000 		.4byte	.LFB75
 1860 0064 3C000000 		.4byte	.LFE75
 1861 0068 00000000 		.4byte	.LFB76
 1862 006c 6C000000 		.4byte	.LFE76
 1863 0070 00000000 		.4byte	0
 1864 0074 00000000 		.4byte	0
 1865              		.section	.debug_line,"",%progbits
 1866              	.Ldebug_line0:
 1867 0000 B4020000 		.section	.debug_str,"MS",%progbits,1
 1867      02005C01 
 1867      00000201 
 1867      FB0E0D00 
 1867      01010101 
 1868              	.LASF38:
 1869 0000 636F3255 		.ascii	"co2U32\000"
 1869      333200
 1870              	.LASF37:
 1871 0007 72657375 		.ascii	"result\000"
 1871      6C7400
 1872              	.LASF65:
 1873 000e 53434433 		.ascii	"SCD30_isAvailable\000"
 1873      305F6973 
 1873      41766169 
 1873      6C61626C 
 1873      6500
 1874              	.LASF2:
 1875 0020 73686F72 		.ascii	"short int\000"
 1875      7420696E 
 1875      7400
 1876              	.LASF23:
 1877 002a 73697A65 		.ascii	"sizetype\000"
 1877      74797065 
 1877      00
 1878              	.LASF57:
 1879 0033 44533138 		.ascii	"DS18x8_Sensor\000"
 1879      78385F53 
 1879      656E736F 
 1879      7200
 1880              	.LASF49:
 1881 0041 53434433 		.ascii	"SCD30_writeBuffer\000"
 1881      305F7772 
 1881      69746542 
 1881      75666665 
 1881      7200
ARM GAS  C:\Users\mag94\AppData\Local\Temp\ccLnQ9Gh.s 			page 38


 1882              	.LASF54:
 1883 0053 53434433 		.ascii	"SCD30_readRegister\000"
 1883      305F7265 
 1883      61645265 
 1883      67697374 
 1883      657200
 1884              	.LASF61:
 1885 0066 474E5520 		.ascii	"GNU C11 5.4.1 20160609 (release) [ARM/embedded-5-br"
 1885      43313120 
 1885      352E342E 
 1885      31203230 
 1885      31363036 
 1886 0099 616E6368 		.ascii	"anch revision 237715] -mcpu=cortex-m3 -mthumb -g -O"
 1886      20726576 
 1886      6973696F 
 1886      6E203233 
 1886      37373135 
 1887 00cc 30202D66 		.ascii	"0 -ffunction-sections -ffat-lto-objects\000"
 1887      66756E63 
 1887      74696F6E 
 1887      2D736563 
 1887      74696F6E 
 1888              	.LASF46:
 1889 00f4 53434433 		.ascii	"SCD30_writeCommandWithArguments\000"
 1889      305F7772 
 1889      69746543 
 1889      6F6D6D61 
 1889      6E645769 
 1890              	.LASF8:
 1891 0114 5F5F7569 		.ascii	"__uint32_t\000"
 1891      6E743332 
 1891      5F7400
 1892              	.LASF4:
 1893 011f 5F5F7569 		.ascii	"__uint16_t\000"
 1893      6E743136 
 1893      5F7400
 1894              	.LASF35:
 1895 012a 53434433 		.ascii	"SCD30_stopMeasurement\000"
 1895      305F7374 
 1895      6F704D65 
 1895      61737572 
 1895      656D656E 
 1896              	.LASF18:
 1897 0140 75696E74 		.ascii	"uint16\000"
 1897      313600
 1898              	.LASF30:
 1899 0147 656E6162 		.ascii	"enable\000"
 1899      6C6500
 1900              	.LASF17:
 1901 014e 75696E74 		.ascii	"uint8\000"
 1901      3800
 1902              	.LASF31:
 1903 0154 53434433 		.ascii	"SCD30_setMeasurementInterval\000"
 1903      305F7365 
 1903      744D6561 
 1903      73757265 
 1903      6D656E74 
ARM GAS  C:\Users\mag94\AppData\Local\Temp\ccLnQ9Gh.s 			page 39


 1904              	.LASF19:
 1905 0171 666C6F61 		.ascii	"float\000"
 1905      7400
 1906              	.LASF10:
 1907 0177 6C6F6E67 		.ascii	"long long int\000"
 1907      206C6F6E 
 1907      6720696E 
 1907      7400
 1908              	.LASF52:
 1909 0185 6D617374 		.ascii	"masterstatus\000"
 1909      65727374 
 1909      61747573 
 1909      00
 1910              	.LASF56:
 1911 0192 62797465 		.ascii	"byteCtr\000"
 1911      43747200 
 1912              	.LASF29:
 1913 019a 6F666673 		.ascii	"offset\000"
 1913      657400
 1914              	.LASF3:
 1915 01a1 5F5F7569 		.ascii	"__uint8_t\000"
 1915      6E74385F 
 1915      7400
 1916              	.LASF41:
 1917 01ab 636F3243 		.ascii	"co2Concentration\000"
 1917      6F6E6365 
 1917      6E747261 
 1917      74696F6E 
 1917      00
 1918              	.LASF28:
 1919 01bc 53434433 		.ascii	"SCD30_setAutoSelfCalibration\000"
 1919      305F7365 
 1919      74417574 
 1919      6F53656C 
 1919      6643616C 
 1920              	.LASF62:
 1921 01d9 53434433 		.ascii	"SCD30_v2.c\000"
 1921      305F7632 
 1921      2E6300
 1922              	.LASF22:
 1923 01e4 6C6F6E67 		.ascii	"long double\000"
 1923      20646F75 
 1923      626C6500 
 1924              	.LASF39:
 1925 01f0 74656D70 		.ascii	"tempU32\000"
 1925      55333200 
 1926              	.LASF1:
 1927 01f8 756E7369 		.ascii	"unsigned char\000"
 1927      676E6564 
 1927      20636861 
 1927      7200
 1928              	.LASF0:
 1929 0206 7369676E 		.ascii	"signed char\000"
 1929      65642063 
 1929      68617200 
 1930              	.LASF11:
 1931 0212 6C6F6E67 		.ascii	"long long unsigned int\000"
ARM GAS  C:\Users\mag94\AppData\Local\Temp\ccLnQ9Gh.s 			page 40


 1931      206C6F6E 
 1931      6720756E 
 1931      7369676E 
 1931      65642069 
 1932              	.LASF16:
 1933 0229 75696E74 		.ascii	"uint32_t\000"
 1933      33325F74 
 1933      00
 1934              	.LASF12:
 1935 0232 756E7369 		.ascii	"unsigned int\000"
 1935      676E6564 
 1935      20696E74 
 1935      00
 1936              	.LASF14:
 1937 023f 75696E74 		.ascii	"uint16_t\000"
 1937      31365F74 
 1937      00
 1938              	.LASF34:
 1939 0248 53434433 		.ascii	"SCD30_startPeriodicMeasurment\000"
 1939      305F7374 
 1939      61727450 
 1939      6572696F 
 1939      6469634D 
 1940              	.LASF55:
 1941 0266 53434433 		.ascii	"SCD30_calculateCrc\000"
 1941      305F6361 
 1941      6C63756C 
 1941      61746543 
 1941      726300
 1942              	.LASF33:
 1943 0279 53434433 		.ascii	"SCD30_initialize\000"
 1943      305F696E 
 1943      69746961 
 1943      6C697A65 
 1943      00
 1944              	.LASF5:
 1945 028a 73686F72 		.ascii	"short unsigned int\000"
 1945      7420756E 
 1945      7369676E 
 1945      65642069 
 1945      6E7400
 1946              	.LASF51:
 1947 029d 73746174 		.ascii	"status\000"
 1947      757300
 1948              	.LASF21:
 1949 02a4 63686172 		.ascii	"char\000"
 1949      00
 1950              	.LASF26:
 1951 02a9 5F426F6F 		.ascii	"_Bool\000"
 1951      6C00
 1952              	.LASF7:
 1953 02af 6C6F6E67 		.ascii	"long int\000"
 1953      20696E74 
 1953      00
 1954              	.LASF15:
 1955 02b8 696E7433 		.ascii	"int32_t\000"
 1955      325F7400 
ARM GAS  C:\Users\mag94\AppData\Local\Temp\ccLnQ9Gh.s 			page 41


 1956              	.LASF63:
 1957 02c0 433A5C55 		.ascii	"C:\\Users\\mag94\\Desktop\\UNIstuff\\4. Semester\\P"
 1957      73657273 
 1957      5C6D6167 
 1957      39345C44 
 1957      65736B74 
 1958 02ed 345F5665 		.ascii	"4_Vertical_farm\\RTOS_TEMPLATE-master\\PlanteModul."
 1958      72746963 
 1958      616C5F66 
 1958      61726D5C 
 1958      52544F53 
 1959 031e 63796473 		.ascii	"cydsn\000"
 1959      6E00
 1960              	.LASF64:
 1961 0324 44533138 		.ascii	"DS18x8_TSensor\000"
 1961      78385F54 
 1961      53656E73 
 1961      6F7200
 1962              	.LASF50:
 1963 0333 64617461 		.ascii	"data\000"
 1963      00
 1964              	.LASF9:
 1965 0338 6C6F6E67 		.ascii	"long unsigned int\000"
 1965      20756E73 
 1965      69676E65 
 1965      6420696E 
 1965      7400
 1966              	.LASF44:
 1967 034a 53434433 		.ascii	"SCD30_writeCommand\000"
 1967      305F7772 
 1967      69746543 
 1967      6F6D6D61 
 1967      6E6400
 1968              	.LASF32:
 1969 035d 696E7465 		.ascii	"interval\000"
 1969      7276616C 
 1969      00
 1970              	.LASF27:
 1971 0366 53434433 		.ascii	"SCD30_setTemperatureOffset\000"
 1971      305F7365 
 1971      7454656D 
 1971      70657261 
 1971      74757265 
 1972              	.LASF42:
 1973 0381 74656D70 		.ascii	"temperature\000"
 1973      65726174 
 1973      75726500 
 1974              	.LASF36:
 1975 038d 53434433 		.ascii	"SCD30_getCarbonDioxideConcentration\000"
 1975      305F6765 
 1975      74436172 
 1975      626F6E44 
 1975      696F7869 
 1976              	.LASF43:
 1977 03b1 68756D69 		.ascii	"humidity\000"
 1977      64697479 
 1977      00
ARM GAS  C:\Users\mag94\AppData\Local\Temp\ccLnQ9Gh.s 			page 42


 1978              	.LASF6:
 1979 03ba 5F5F696E 		.ascii	"__int32_t\000"
 1979      7433325F 
 1979      7400
 1980              	.LASF13:
 1981 03c4 75696E74 		.ascii	"uint8_t\000"
 1981      385F7400 
 1982              	.LASF25:
 1983 03cc 70726573 		.ascii	"present\000"
 1983      656E7400 
 1984              	.LASF40:
 1985 03d4 68756D55 		.ascii	"humU32\000"
 1985      333200
 1986              	.LASF60:
 1987 03db 64657641 		.ascii	"devAddr\000"
 1987      64647200 
 1988              	.LASF24:
 1989 03e3 54656D70 		.ascii	"Temperature\000"
 1989      65726174 
 1989      75726500 
 1990              	.LASF20:
 1991 03ef 646F7562 		.ascii	"double\000"
 1991      6C6500
 1992              	.LASF59:
 1993 03f6 49544D5F 		.ascii	"ITM_RxBuffer\000"
 1993      52784275 
 1993      66666572 
 1993      00
 1994              	.LASF48:
 1995 0403 63686563 		.ascii	"checkSum\000"
 1995      6B53756D 
 1995      00
 1996              	.LASF47:
 1997 040c 61726775 		.ascii	"arguments\000"
 1997      6D656E74 
 1997      7300
 1998              	.LASF58:
 1999 0416 44533138 		.ascii	"DS18x8_DataReady\000"
 1999      78385F44 
 1999      61746152 
 1999      65616479 
 1999      00
 2000              	.LASF45:
 2001 0427 636F6D6D 		.ascii	"command\000"
 2001      616E6400 
 2002              	.LASF53:
 2003 042f 53434433 		.ascii	"SCD30_readBuffer\000"
 2003      305F7265 
 2003      61644275 
 2003      66666572 
 2003      00
 2004              		.ident	"GCC: (GNU Tools for ARM Embedded Processors) 5.4.1 20160609 (release) [ARM/embedded-5-bran
