ARM GAS  C:\Users\Gusta\AppData\Local\Temp\ccgjrydc.s 			page 1


   1              		.syntax unified
   2              		.cpu cortex-m3
   3              		.fpu softvfp
   4              		.eabi_attribute 20, 1
   5              		.eabi_attribute 21, 1
   6              		.eabi_attribute 23, 3
   7              		.eabi_attribute 24, 1
   8              		.eabi_attribute 25, 1
   9              		.eabi_attribute 26, 1
  10              		.eabi_attribute 30, 6
  11              		.eabi_attribute 34, 1
  12              		.eabi_attribute 18, 4
  13              		.thumb
  14              		.syntax unified
  15              		.file	"timers.c"
  16              		.text
  17              	.Ltext0:
  18              		.cfi_sections	.debug_frame
  19              		.comm	DS18x8_Sensor,32,4
  20              		.comm	DS18x8_DataReady,1,1
  21              	.Letext0:
  22              		.file 1 "c:\\program files (x86)\\cypress\\psoc creator\\4.3\\psoc creator\\import\\gnu\\arm\\5.4.
  23              		.file 2 "c:\\program files (x86)\\cypress\\psoc creator\\4.3\\psoc creator\\import\\gnu\\arm\\5.4.
  24              		.file 3 "Generated_Source\\PSoC5/cytypes.h"
  25              		.file 4 "Generated_Source\\PSoC5/DS18x8.h"
  26              		.file 5 "Generated_Source\\PSoC5/core_cm3.h"
  27              		.section	.debug_info,"",%progbits
  28              	.Ldebug_info0:
  29 0000 1E010000 		.4byte	0x11e
  30 0004 0400     		.2byte	0x4
  31 0006 00000000 		.4byte	.Ldebug_abbrev0
  32 000a 04       		.byte	0x4
  33 000b 01       		.uleb128 0x1
  34 000c E5000000 		.4byte	.LASF23
  35 0010 0C       		.byte	0xc
  36 0011 9E000000 		.4byte	.LASF24
  37 0015 3C000000 		.4byte	.LASF25
  38 0019 00000000 		.4byte	.Ldebug_line0
  39 001d 02       		.uleb128 0x2
  40 001e 04       		.byte	0x4
  41 001f 07       		.byte	0x7
  42 0020 21000000 		.4byte	.LASF0
  43 0024 03       		.uleb128 0x3
  44 0025 04       		.byte	0x4
  45 0026 05       		.byte	0x5
  46 0027 696E7400 		.ascii	"int\000"
  47 002b 02       		.uleb128 0x2
  48 002c 08       		.byte	0x8
  49 002d 05       		.byte	0x5
  50 002e 00000000 		.4byte	.LASF1
  51 0032 02       		.uleb128 0x2
  52 0033 08       		.byte	0x8
  53 0034 04       		.byte	0x4
  54 0035 C9010000 		.4byte	.LASF2
  55 0039 02       		.uleb128 0x2
  56 003a 01       		.byte	0x1
  57 003b 06       		.byte	0x6
ARM GAS  C:\Users\Gusta\AppData\Local\Temp\ccgjrydc.s 			page 2


  58 003c BD010000 		.4byte	.LASF3
  59 0040 02       		.uleb128 0x2
  60 0041 01       		.byte	0x1
  61 0042 08       		.byte	0x8
  62 0043 73010000 		.4byte	.LASF4
  63 0047 02       		.uleb128 0x2
  64 0048 02       		.byte	0x2
  65 0049 05       		.byte	0x5
  66 004a E5010000 		.4byte	.LASF5
  67 004e 02       		.uleb128 0x2
  68 004f 02       		.byte	0x2
  69 0050 07       		.byte	0x7
  70 0051 0E000000 		.4byte	.LASF6
  71 0055 04       		.uleb128 0x4
  72 0056 D5010000 		.4byte	.LASF12
  73 005a 01       		.byte	0x1
  74 005b 3F       		.byte	0x3f
  75 005c 60000000 		.4byte	0x60
  76 0060 02       		.uleb128 0x2
  77 0061 04       		.byte	0x4
  78 0062 05       		.byte	0x5
  79 0063 97010000 		.4byte	.LASF7
  80 0067 02       		.uleb128 0x2
  81 0068 04       		.byte	0x4
  82 0069 07       		.byte	0x7
  83 006a B4000000 		.4byte	.LASF8
  84 006e 02       		.uleb128 0x2
  85 006f 08       		.byte	0x8
  86 0070 07       		.byte	0x7
  87 0071 C6000000 		.4byte	.LASF9
  88 0075 02       		.uleb128 0x2
  89 0076 04       		.byte	0x4
  90 0077 07       		.byte	0x7
  91 0078 A7010000 		.4byte	.LASF10
  92 007c 02       		.uleb128 0x2
  93 007d 01       		.byte	0x1
  94 007e 08       		.byte	0x8
  95 007f 81010000 		.4byte	.LASF11
  96 0083 04       		.uleb128 0x4
  97 0084 F6010000 		.4byte	.LASF13
  98 0088 02       		.byte	0x2
  99 0089 2C       		.byte	0x2c
 100 008a 55000000 		.4byte	0x55
 101 008e 05       		.uleb128 0x5
 102 008f AE000000 		.4byte	.LASF14
 103 0093 03       		.byte	0x3
 104 0094 E401     		.2byte	0x1e4
 105 0096 40000000 		.4byte	0x40
 106 009a 05       		.uleb128 0x5
 107 009b EF010000 		.4byte	.LASF15
 108 009f 03       		.byte	0x3
 109 00a0 E501     		.2byte	0x1e5
 110 00a2 4E000000 		.4byte	0x4e
 111 00a6 02       		.uleb128 0x2
 112 00a7 04       		.byte	0x4
 113 00a8 04       		.byte	0x4
 114 00a9 DF010000 		.4byte	.LASF16
ARM GAS  C:\Users\Gusta\AppData\Local\Temp\ccgjrydc.s 			page 3


 115 00ad 02       		.uleb128 0x2
 116 00ae 08       		.byte	0x8
 117 00af 04       		.byte	0x4
 118 00b0 A0010000 		.4byte	.LASF17
 119 00b4 06       		.uleb128 0x6
 120 00b5 8E000000 		.4byte	0x8e
 121 00b9 07       		.uleb128 0x7
 122 00ba 0A020000 		.4byte	.LASF26
 123 00be 04       		.byte	0x4
 124 00bf 04       		.byte	0x4
 125 00c0 30       		.byte	0x30
 126 00c1 DE000000 		.4byte	0xde
 127 00c5 08       		.uleb128 0x8
 128 00c6 FE010000 		.4byte	.LASF18
 129 00ca 04       		.byte	0x4
 130 00cb 31       		.byte	0x31
 131 00cc 9A000000 		.4byte	0x9a
 132 00d0 00       		.byte	0
 133 00d1 08       		.uleb128 0x8
 134 00d2 DD000000 		.4byte	.LASF19
 135 00d6 04       		.byte	0x4
 136 00d7 32       		.byte	0x32
 137 00d8 8E000000 		.4byte	0x8e
 138 00dc 02       		.byte	0x2
 139 00dd 00       		.byte	0
 140 00de 09       		.uleb128 0x9
 141 00df B9000000 		.4byte	0xb9
 142 00e3 EE000000 		.4byte	0xee
 143 00e7 0A       		.uleb128 0xa
 144 00e8 75000000 		.4byte	0x75
 145 00ec 07       		.byte	0x7
 146 00ed 00       		.byte	0
 147 00ee 0B       		.uleb128 0xb
 148 00ef 2E000000 		.4byte	.LASF20
 149 00f3 04       		.byte	0x4
 150 00f4 34       		.byte	0x34
 151 00f5 DE000000 		.4byte	0xde
 152 00f9 05       		.uleb128 0x5
 153 00fa 03       		.byte	0x3
 154 00fb 00000000 		.4byte	DS18x8_Sensor
 155 00ff 0B       		.uleb128 0xb
 156 0100 86010000 		.4byte	.LASF21
 157 0104 04       		.byte	0x4
 158 0105 39       		.byte	0x39
 159 0106 B4000000 		.4byte	0xb4
 160 010a 05       		.uleb128 0x5
 161 010b 03       		.byte	0x3
 162 010c 00000000 		.4byte	DS18x8_DataReady
 163 0110 0C       		.uleb128 0xc
 164 0111 B0010000 		.4byte	.LASF22
 165 0115 05       		.byte	0x5
 166 0116 1207     		.2byte	0x712
 167 0118 1C010000 		.4byte	0x11c
 168 011c 06       		.uleb128 0x6
 169 011d 83000000 		.4byte	0x83
 170 0121 00       		.byte	0
 171              		.section	.debug_abbrev,"",%progbits
ARM GAS  C:\Users\Gusta\AppData\Local\Temp\ccgjrydc.s 			page 4


 172              	.Ldebug_abbrev0:
 173 0000 01       		.uleb128 0x1
 174 0001 11       		.uleb128 0x11
 175 0002 01       		.byte	0x1
 176 0003 25       		.uleb128 0x25
 177 0004 0E       		.uleb128 0xe
 178 0005 13       		.uleb128 0x13
 179 0006 0B       		.uleb128 0xb
 180 0007 03       		.uleb128 0x3
 181 0008 0E       		.uleb128 0xe
 182 0009 1B       		.uleb128 0x1b
 183 000a 0E       		.uleb128 0xe
 184 000b 10       		.uleb128 0x10
 185 000c 17       		.uleb128 0x17
 186 000d 00       		.byte	0
 187 000e 00       		.byte	0
 188 000f 02       		.uleb128 0x2
 189 0010 24       		.uleb128 0x24
 190 0011 00       		.byte	0
 191 0012 0B       		.uleb128 0xb
 192 0013 0B       		.uleb128 0xb
 193 0014 3E       		.uleb128 0x3e
 194 0015 0B       		.uleb128 0xb
 195 0016 03       		.uleb128 0x3
 196 0017 0E       		.uleb128 0xe
 197 0018 00       		.byte	0
 198 0019 00       		.byte	0
 199 001a 03       		.uleb128 0x3
 200 001b 24       		.uleb128 0x24
 201 001c 00       		.byte	0
 202 001d 0B       		.uleb128 0xb
 203 001e 0B       		.uleb128 0xb
 204 001f 3E       		.uleb128 0x3e
 205 0020 0B       		.uleb128 0xb
 206 0021 03       		.uleb128 0x3
 207 0022 08       		.uleb128 0x8
 208 0023 00       		.byte	0
 209 0024 00       		.byte	0
 210 0025 04       		.uleb128 0x4
 211 0026 16       		.uleb128 0x16
 212 0027 00       		.byte	0
 213 0028 03       		.uleb128 0x3
 214 0029 0E       		.uleb128 0xe
 215 002a 3A       		.uleb128 0x3a
 216 002b 0B       		.uleb128 0xb
 217 002c 3B       		.uleb128 0x3b
 218 002d 0B       		.uleb128 0xb
 219 002e 49       		.uleb128 0x49
 220 002f 13       		.uleb128 0x13
 221 0030 00       		.byte	0
 222 0031 00       		.byte	0
 223 0032 05       		.uleb128 0x5
 224 0033 16       		.uleb128 0x16
 225 0034 00       		.byte	0
 226 0035 03       		.uleb128 0x3
 227 0036 0E       		.uleb128 0xe
 228 0037 3A       		.uleb128 0x3a
ARM GAS  C:\Users\Gusta\AppData\Local\Temp\ccgjrydc.s 			page 5


 229 0038 0B       		.uleb128 0xb
 230 0039 3B       		.uleb128 0x3b
 231 003a 05       		.uleb128 0x5
 232 003b 49       		.uleb128 0x49
 233 003c 13       		.uleb128 0x13
 234 003d 00       		.byte	0
 235 003e 00       		.byte	0
 236 003f 06       		.uleb128 0x6
 237 0040 35       		.uleb128 0x35
 238 0041 00       		.byte	0
 239 0042 49       		.uleb128 0x49
 240 0043 13       		.uleb128 0x13
 241 0044 00       		.byte	0
 242 0045 00       		.byte	0
 243 0046 07       		.uleb128 0x7
 244 0047 13       		.uleb128 0x13
 245 0048 01       		.byte	0x1
 246 0049 03       		.uleb128 0x3
 247 004a 0E       		.uleb128 0xe
 248 004b 0B       		.uleb128 0xb
 249 004c 0B       		.uleb128 0xb
 250 004d 3A       		.uleb128 0x3a
 251 004e 0B       		.uleb128 0xb
 252 004f 3B       		.uleb128 0x3b
 253 0050 0B       		.uleb128 0xb
 254 0051 01       		.uleb128 0x1
 255 0052 13       		.uleb128 0x13
 256 0053 00       		.byte	0
 257 0054 00       		.byte	0
 258 0055 08       		.uleb128 0x8
 259 0056 0D       		.uleb128 0xd
 260 0057 00       		.byte	0
 261 0058 03       		.uleb128 0x3
 262 0059 0E       		.uleb128 0xe
 263 005a 3A       		.uleb128 0x3a
 264 005b 0B       		.uleb128 0xb
 265 005c 3B       		.uleb128 0x3b
 266 005d 0B       		.uleb128 0xb
 267 005e 49       		.uleb128 0x49
 268 005f 13       		.uleb128 0x13
 269 0060 38       		.uleb128 0x38
 270 0061 0B       		.uleb128 0xb
 271 0062 00       		.byte	0
 272 0063 00       		.byte	0
 273 0064 09       		.uleb128 0x9
 274 0065 01       		.uleb128 0x1
 275 0066 01       		.byte	0x1
 276 0067 49       		.uleb128 0x49
 277 0068 13       		.uleb128 0x13
 278 0069 01       		.uleb128 0x1
 279 006a 13       		.uleb128 0x13
 280 006b 00       		.byte	0
 281 006c 00       		.byte	0
 282 006d 0A       		.uleb128 0xa
 283 006e 21       		.uleb128 0x21
 284 006f 00       		.byte	0
 285 0070 49       		.uleb128 0x49
ARM GAS  C:\Users\Gusta\AppData\Local\Temp\ccgjrydc.s 			page 6


 286 0071 13       		.uleb128 0x13
 287 0072 2F       		.uleb128 0x2f
 288 0073 0B       		.uleb128 0xb
 289 0074 00       		.byte	0
 290 0075 00       		.byte	0
 291 0076 0B       		.uleb128 0xb
 292 0077 34       		.uleb128 0x34
 293 0078 00       		.byte	0
 294 0079 03       		.uleb128 0x3
 295 007a 0E       		.uleb128 0xe
 296 007b 3A       		.uleb128 0x3a
 297 007c 0B       		.uleb128 0xb
 298 007d 3B       		.uleb128 0x3b
 299 007e 0B       		.uleb128 0xb
 300 007f 49       		.uleb128 0x49
 301 0080 13       		.uleb128 0x13
 302 0081 3F       		.uleb128 0x3f
 303 0082 19       		.uleb128 0x19
 304 0083 02       		.uleb128 0x2
 305 0084 18       		.uleb128 0x18
 306 0085 00       		.byte	0
 307 0086 00       		.byte	0
 308 0087 0C       		.uleb128 0xc
 309 0088 34       		.uleb128 0x34
 310 0089 00       		.byte	0
 311 008a 03       		.uleb128 0x3
 312 008b 0E       		.uleb128 0xe
 313 008c 3A       		.uleb128 0x3a
 314 008d 0B       		.uleb128 0xb
 315 008e 3B       		.uleb128 0x3b
 316 008f 05       		.uleb128 0x5
 317 0090 49       		.uleb128 0x49
 318 0091 13       		.uleb128 0x13
 319 0092 3F       		.uleb128 0x3f
 320 0093 19       		.uleb128 0x19
 321 0094 3C       		.uleb128 0x3c
 322 0095 19       		.uleb128 0x19
 323 0096 00       		.byte	0
 324 0097 00       		.byte	0
 325 0098 00       		.byte	0
 326              		.section	.debug_aranges,"",%progbits
 327 0000 14000000 		.4byte	0x14
 328 0004 0200     		.2byte	0x2
 329 0006 00000000 		.4byte	.Ldebug_info0
 330 000a 04       		.byte	0x4
 331 000b 00       		.byte	0
 332 000c 0000     		.2byte	0
 333 000e 0000     		.2byte	0
 334 0010 00000000 		.4byte	0
 335 0014 00000000 		.4byte	0
 336              		.section	.debug_line,"",%progbits
 337              	.Ldebug_line0:
 338 0000 54010000 		.section	.debug_str,"MS",%progbits,1
 338      02004E01 
 338      00000201 
 338      FB0E0D00 
 338      01010101 
ARM GAS  C:\Users\Gusta\AppData\Local\Temp\ccgjrydc.s 			page 7


 339              	.LASF1:
 340 0000 6C6F6E67 		.ascii	"long long int\000"
 340      206C6F6E 
 340      6720696E 
 340      7400
 341              	.LASF6:
 342 000e 73686F72 		.ascii	"short unsigned int\000"
 342      7420756E 
 342      7369676E 
 342      65642069 
 342      6E7400
 343              	.LASF0:
 344 0021 756E7369 		.ascii	"unsigned int\000"
 344      676E6564 
 344      20696E74 
 344      00
 345              	.LASF20:
 346 002e 44533138 		.ascii	"DS18x8_Sensor\000"
 346      78385F53 
 346      656E736F 
 346      7200
 347              	.LASF25:
 348 003c 433A5C55 		.ascii	"C:\\Users\\Gusta\\OneDrive\\Dokumenter\\GitHub\\P4_"
 348      73657273 
 348      5C477573 
 348      74615C4F 
 348      6E654472 
 349 0069 56657274 		.ascii	"Vertical_farm\\RTOS_TEMPLATE-master\\PlanteModul.cy"
 349      6963616C 
 349      5F666172 
 349      6D5C5254 
 349      4F535F54 
 350 009a 64736E00 		.ascii	"dsn\000"
 351              	.LASF24:
 352 009e 536F7572 		.ascii	"Source\\timers.c\000"
 352      63655C74 
 352      696D6572 
 352      732E6300 
 353              	.LASF14:
 354 00ae 75696E74 		.ascii	"uint8\000"
 354      3800
 355              	.LASF8:
 356 00b4 6C6F6E67 		.ascii	"long unsigned int\000"
 356      20756E73 
 356      69676E65 
 356      6420696E 
 356      7400
 357              	.LASF9:
 358 00c6 6C6F6E67 		.ascii	"long long unsigned int\000"
 358      206C6F6E 
 358      6720756E 
 358      7369676E 
 358      65642069 
 359              	.LASF19:
 360 00dd 70726573 		.ascii	"present\000"
 360      656E7400 
 361              	.LASF23:
ARM GAS  C:\Users\Gusta\AppData\Local\Temp\ccgjrydc.s 			page 8


 362 00e5 474E5520 		.ascii	"GNU C11 5.4.1 20160609 (release) [ARM/embedded-5-br"
 362      43313120 
 362      352E342E 
 362      31203230 
 362      31363036 
 363 0118 616E6368 		.ascii	"anch revision 237715] -mcpu=cortex-m3 -mthumb -g -O"
 363      20726576 
 363      6973696F 
 363      6E203233 
 363      37373135 
 364 014b 30202D66 		.ascii	"0 -ffunction-sections -ffat-lto-objects\000"
 364      66756E63 
 364      74696F6E 
 364      2D736563 
 364      74696F6E 
 365              	.LASF4:
 366 0173 756E7369 		.ascii	"unsigned char\000"
 366      676E6564 
 366      20636861 
 366      7200
 367              	.LASF11:
 368 0181 63686172 		.ascii	"char\000"
 368      00
 369              	.LASF21:
 370 0186 44533138 		.ascii	"DS18x8_DataReady\000"
 370      78385F44 
 370      61746152 
 370      65616479 
 370      00
 371              	.LASF7:
 372 0197 6C6F6E67 		.ascii	"long int\000"
 372      20696E74 
 372      00
 373              	.LASF17:
 374 01a0 646F7562 		.ascii	"double\000"
 374      6C6500
 375              	.LASF10:
 376 01a7 73697A65 		.ascii	"sizetype\000"
 376      74797065 
 376      00
 377              	.LASF22:
 378 01b0 49544D5F 		.ascii	"ITM_RxBuffer\000"
 378      52784275 
 378      66666572 
 378      00
 379              	.LASF3:
 380 01bd 7369676E 		.ascii	"signed char\000"
 380      65642063 
 380      68617200 
 381              	.LASF2:
 382 01c9 6C6F6E67 		.ascii	"long double\000"
 382      20646F75 
 382      626C6500 
 383              	.LASF12:
 384 01d5 5F5F696E 		.ascii	"__int32_t\000"
 384      7433325F 
 384      7400
ARM GAS  C:\Users\Gusta\AppData\Local\Temp\ccgjrydc.s 			page 9


 385              	.LASF16:
 386 01df 666C6F61 		.ascii	"float\000"
 386      7400
 387              	.LASF5:
 388 01e5 73686F72 		.ascii	"short int\000"
 388      7420696E 
 388      7400
 389              	.LASF15:
 390 01ef 75696E74 		.ascii	"uint16\000"
 390      313600
 391              	.LASF13:
 392 01f6 696E7433 		.ascii	"int32_t\000"
 392      325F7400 
 393              	.LASF18:
 394 01fe 54656D70 		.ascii	"Temperature\000"
 394      65726174 
 394      75726500 
 395              	.LASF26:
 396 020a 44533138 		.ascii	"DS18x8_TSensor\000"
 396      78385F54 
 396      53656E73 
 396      6F7200
 397              		.ident	"GCC: (GNU Tools for ARM Embedded Processors) 5.4.1 20160609 (release) [ARM/embedded-5-bran
