ARM GAS  C:\Users\mag94\AppData\Local\Temp\ccfIjbxa.s 			page 1


   1              		.syntax unified
   2              		.cpu cortex-m3
   3              		.fpu softvfp
   4              		.eabi_attribute 20, 1
   5              		.eabi_attribute 21, 1
   6              		.eabi_attribute 23, 3
   7              		.eabi_attribute 24, 1
   8              		.eabi_attribute 25, 1
   9              		.eabi_attribute 26, 1
  10              		.eabi_attribute 30, 1
  11              		.eabi_attribute 34, 1
  12              		.eabi_attribute 18, 4
  13              		.thumb
  14              		.syntax unified
  15              		.file	"main.c"
  16              		.text
  17              	.Ltext0:
  18              		.cfi_sections	.debug_frame
  19              		.global	__aeabi_f2uiz
  20              		.section	.text.main,"ax",%progbits
  21              		.align	2
  22              		.global	main
  23              		.thumb
  24              		.thumb_func
  25              		.type	main, %function
  26              	main:
  27              	.LFB63:
  28              		.file 1 "main.c"
   1:main.c        **** /* ========================================
   2:main.c        ****  *
   3:main.c        ****  * Copyright YOUR COMPANY, THE YEAR
   4:main.c        ****  * All Rights Reserved
   5:main.c        ****  * UNPUBLISHED, LICENSED SOFTWARE.
   6:main.c        ****  *
   7:main.c        ****  * CONFIDENTIAL AND PROPRIETARY INFORMATION
   8:main.c        ****  * WHICH IS THE PROPERTY OF your company.
   9:main.c        ****  *
  10:main.c        ****  * ========================================
  11:main.c        **** */
  12:main.c        **** #include "project.h"
  13:main.c        **** #include "SCD30.h"
  14:main.c        **** 
  15:main.c        **** 
  16:main.c        **** int main(void)
  17:main.c        **** {
  29              		.loc 1 17 0
  30              		.cfi_startproc
  31              		@ args = 0, pretend = 0, frame = 16
  32              		@ frame_needed = 0, uses_anonymous_args = 0
  33 0000 10B5     		push	{r4, lr}
  34              		.cfi_def_cfa_offset 8
  35              		.cfi_offset 4, -8
  36              		.cfi_offset 14, -4
  37 0002 84B0     		sub	sp, sp, #16
  38              		.cfi_def_cfa_offset 24
  18:main.c        ****     CyGlobalIntEnable; 
  39              		.loc 1 18 0
ARM GAS  C:\Users\mag94\AppData\Local\Temp\ccfIjbxa.s 			page 2


  40              		.syntax unified
  41              	@ 18 "main.c" 1
  42 0004 62B6     		CPSIE   i
  43              	@ 0 "" 2
  19:main.c        ****             UART_PutString("Initializing..");
  44              		.loc 1 19 0
  45              		.thumb
  46              		.syntax unified
  47 0006 2448     		ldr	r0, .L6
  48 0008 FFF7FEFF 		bl	UART_PutString
  49              	.LVL0:
  20:main.c        ****              UART_PutString("\n");
  50              		.loc 1 20 0
  51 000c 2348     		ldr	r0, .L6+4
  52 000e FFF7FEFF 		bl	UART_PutString
  53              	.LVL1:
  21:main.c        **** UART_Start();    
  54              		.loc 1 21 0
  55 0012 FFF7FEFF 		bl	UART_Start
  56              	.LVL2:
  22:main.c        **** I2C_Start();
  57              		.loc 1 22 0
  58 0016 FFF7FEFF 		bl	I2C_Start
  59              	.LVL3:
  23:main.c        **** SCD30_initialize();
  60              		.loc 1 23 0
  61 001a FFF7FEFF 		bl	SCD30_initialize
  62              	.LVL4:
  63              	.L4:
  64              	.LBB2:
  24:main.c        **** 
  25:main.c        **** 
  26:main.c        ****     for(;;)
  27:main.c        ****     {
  28:main.c        ****         UART_PutString("Initializing..");
  65              		.loc 1 28 0
  66 001e 1E48     		ldr	r0, .L6
  67 0020 FFF7FEFF 		bl	UART_PutString
  68              	.LVL5:
  29:main.c        ****          UART_PutString("\n");
  69              		.loc 1 29 0
  70 0024 1D48     		ldr	r0, .L6+4
  71 0026 FFF7FEFF 		bl	UART_PutString
  72              	.LVL6:
  30:main.c        ****     float resultat[3] = {0};
  73              		.loc 1 30 0
  74 002a 0023     		movs	r3, #0
  75 002c 0193     		str	r3, [sp, #4]
  76 002e 0293     		str	r3, [sp, #8]
  77 0030 0393     		str	r3, [sp, #12]
  31:main.c        **** 
  32:main.c        ****     if (SCD30_isAvailable()) 
  78              		.loc 1 32 0
  79 0032 FFF7FEFF 		bl	SCD30_isAvailable
  80              	.LVL7:
  81 0036 58B3     		cbz	r0, .L2
  33:main.c        ****         {
ARM GAS  C:\Users\mag94\AppData\Local\Temp\ccfIjbxa.s 			page 3


  34:main.c        ****             UART_PutString("SCD30 available");
  82              		.loc 1 34 0
  83 0038 1948     		ldr	r0, .L6+8
  84 003a FFF7FEFF 		bl	UART_PutString
  85              	.LVL8:
  35:main.c        ****         SCD30_getCarbonDioxideConcentration(resultat);
  86              		.loc 1 35 0
  87 003e 01A8     		add	r0, sp, #4
  88 0040 FFF7FEFF 		bl	SCD30_getCarbonDioxideConcentration
  89              	.LVL9:
  36:main.c        ****         UART_PutString("CO2: ");
  90              		.loc 1 36 0
  91 0044 1748     		ldr	r0, .L6+12
  92 0046 FFF7FEFF 		bl	UART_PutString
  93              	.LVL10:
  37:main.c        ****         UART_PutHexInt(resultat[0]);
  94              		.loc 1 37 0
  95 004a 0198     		ldr	r0, [sp, #4]	@ float
  96 004c FFF7FEFF 		bl	__aeabi_f2uiz
  97              	.LVL11:
  98 0050 80B2     		uxth	r0, r0
  99 0052 FFF7FEFF 		bl	UART_PutHexInt
 100              	.LVL12:
  38:main.c        ****         UART_PutString("\n");
 101              		.loc 1 38 0
 102 0056 114C     		ldr	r4, .L6+4
 103 0058 2046     		mov	r0, r4
 104 005a FFF7FEFF 		bl	UART_PutString
 105              	.LVL13:
  39:main.c        ****         UART_PutString("TEMP: ");
 106              		.loc 1 39 0
 107 005e 1248     		ldr	r0, .L6+16
 108 0060 FFF7FEFF 		bl	UART_PutString
 109              	.LVL14:
  40:main.c        ****         UART_PutHexInt(resultat[1]);
 110              		.loc 1 40 0
 111 0064 0298     		ldr	r0, [sp, #8]	@ float
 112 0066 FFF7FEFF 		bl	__aeabi_f2uiz
 113              	.LVL15:
 114 006a 80B2     		uxth	r0, r0
 115 006c FFF7FEFF 		bl	UART_PutHexInt
 116              	.LVL16:
  41:main.c        ****         UART_PutString("\n");
 117              		.loc 1 41 0
 118 0070 2046     		mov	r0, r4
 119 0072 FFF7FEFF 		bl	UART_PutString
 120              	.LVL17:
  42:main.c        ****         UART_PutString("RH: ");
 121              		.loc 1 42 0
 122 0076 0D48     		ldr	r0, .L6+20
 123 0078 FFF7FEFF 		bl	UART_PutString
 124              	.LVL18:
  43:main.c        ****         UART_PutHexInt(resultat[2]);
 125              		.loc 1 43 0
 126 007c 0398     		ldr	r0, [sp, #12]	@ float
 127 007e FFF7FEFF 		bl	__aeabi_f2uiz
 128              	.LVL19:
ARM GAS  C:\Users\mag94\AppData\Local\Temp\ccfIjbxa.s 			page 4


 129 0082 80B2     		uxth	r0, r0
 130 0084 FFF7FEFF 		bl	UART_PutHexInt
 131              	.LVL20:
  44:main.c        ****         UART_PutString("\n");
 132              		.loc 1 44 0
 133 0088 2046     		mov	r0, r4
 134 008a FFF7FEFF 		bl	UART_PutString
 135              	.LVL21:
 136 008e C6E7     		b	.L4
 137              	.L2:
  45:main.c        ****         }
  46:main.c        ****     else {
  47:main.c        ****     UART_PutString("ERROR");
 138              		.loc 1 47 0
 139 0090 0748     		ldr	r0, .L6+24
 140 0092 FFF7FEFF 		bl	UART_PutString
 141              	.LVL22:
 142              	.LBE2:
  48:main.c        ****     }
  49:main.c        ****     }
 143              		.loc 1 49 0
 144 0096 C2E7     		b	.L4
 145              	.L7:
 146              		.align	2
 147              	.L6:
 148 0098 00000000 		.word	.LC0
 149 009c 10000000 		.word	.LC1
 150 00a0 14000000 		.word	.LC2
 151 00a4 24000000 		.word	.LC3
 152 00a8 2C000000 		.word	.LC4
 153 00ac 34000000 		.word	.LC5
 154 00b0 3C000000 		.word	.LC6
 155              		.cfi_endproc
 156              	.LFE63:
 157              		.size	main, .-main
 158              		.section	.rodata.str1.4,"aMS",%progbits,1
 159              		.align	2
 160              	.LC0:
 161 0000 496E6974 		.ascii	"Initializing..\000"
 161      69616C69 
 161      7A696E67 
 161      2E2E00
 162 000f 00       		.space	1
 163              	.LC1:
 164 0010 0A00     		.ascii	"\012\000"
 165 0012 0000     		.space	2
 166              	.LC2:
 167 0014 53434433 		.ascii	"SCD30 available\000"
 167      30206176 
 167      61696C61 
 167      626C6500 
 168              	.LC3:
 169 0024 434F323A 		.ascii	"CO2: \000"
 169      2000
 170 002a 0000     		.space	2
 171              	.LC4:
 172 002c 54454D50 		.ascii	"TEMP: \000"
ARM GAS  C:\Users\mag94\AppData\Local\Temp\ccfIjbxa.s 			page 5


 172      3A2000
 173 0033 00       		.space	1
 174              	.LC5:
 175 0034 52483A20 		.ascii	"RH: \000"
 175      00
 176 0039 000000   		.space	3
 177              	.LC6:
 178 003c 4552524F 		.ascii	"ERROR\000"
 178      5200
 179              		.text
 180              	.Letext0:
 181              		.file 2 "c:\\program files (x86)\\cypress\\psoc creator\\4.3\\psoc creator\\import\\gnu\\arm\\5.4.
 182              		.file 3 "c:\\program files (x86)\\cypress\\psoc creator\\4.3\\psoc creator\\import\\gnu\\arm\\5.4.
 183              		.file 4 "Generated_Source\\PSoC5/UART.h"
 184              		.file 5 "SCD30.h"
 185              		.file 6 "Generated_Source\\PSoC5/I2C.h"
 186              		.file 7 "Generated_Source\\PSoC5/core_cm3.h"
 187              		.section	.debug_info,"",%progbits
 188              	.Ldebug_info0:
 189 0000 9F020000 		.4byte	0x29f
 190 0004 0400     		.2byte	0x4
 191 0006 00000000 		.4byte	.Ldebug_abbrev0
 192 000a 04       		.byte	0x4
 193 000b 01       		.uleb128 0x1
 194 000c 4C000000 		.4byte	.LASF23
 195 0010 0C       		.byte	0xc
 196 0011 25000000 		.4byte	.LASF24
 197 0015 31010000 		.4byte	.LASF25
 198 0019 00000000 		.4byte	.Ldebug_ranges0+0
 199 001d 00000000 		.4byte	0
 200 0021 00000000 		.4byte	.Ldebug_line0
 201 0025 02       		.uleb128 0x2
 202 0026 01       		.byte	0x1
 203 0027 06       		.byte	0x6
 204 0028 40000000 		.4byte	.LASF0
 205 002c 02       		.uleb128 0x2
 206 002d 01       		.byte	0x1
 207 002e 08       		.byte	0x8
 208 002f 74010000 		.4byte	.LASF1
 209 0033 02       		.uleb128 0x2
 210 0034 02       		.byte	0x2
 211 0035 05       		.byte	0x5
 212 0036 04020000 		.4byte	.LASF2
 213 003a 02       		.uleb128 0x2
 214 003b 02       		.byte	0x2
 215 003c 07       		.byte	0x7
 216 003d 03010000 		.4byte	.LASF3
 217 0041 03       		.uleb128 0x3
 218 0042 F4010000 		.4byte	.LASF9
 219 0046 02       		.byte	0x2
 220 0047 3F       		.byte	0x3f
 221 0048 4C000000 		.4byte	0x4c
 222 004c 02       		.uleb128 0x2
 223 004d 04       		.byte	0x4
 224 004e 05       		.byte	0x5
 225 004f 87010000 		.4byte	.LASF4
 226 0053 02       		.uleb128 0x2
ARM GAS  C:\Users\mag94\AppData\Local\Temp\ccfIjbxa.s 			page 6


 227 0054 04       		.byte	0x4
 228 0055 07       		.byte	0x7
 229 0056 DA000000 		.4byte	.LASF5
 230 005a 02       		.uleb128 0x2
 231 005b 08       		.byte	0x8
 232 005c 05       		.byte	0x5
 233 005d 00000000 		.4byte	.LASF6
 234 0061 02       		.uleb128 0x2
 235 0062 08       		.byte	0x8
 236 0063 07       		.byte	0x7
 237 0064 EC000000 		.4byte	.LASF7
 238 0068 04       		.uleb128 0x4
 239 0069 04       		.byte	0x4
 240 006a 05       		.byte	0x5
 241 006b 696E7400 		.ascii	"int\000"
 242 006f 02       		.uleb128 0x2
 243 0070 04       		.byte	0x4
 244 0071 07       		.byte	0x7
 245 0072 18000000 		.4byte	.LASF8
 246 0076 03       		.uleb128 0x3
 247 0077 0E020000 		.4byte	.LASF10
 248 007b 03       		.byte	0x3
 249 007c 2C       		.byte	0x2c
 250 007d 41000000 		.4byte	0x41
 251 0081 02       		.uleb128 0x2
 252 0082 04       		.byte	0x4
 253 0083 04       		.byte	0x4
 254 0084 FE010000 		.4byte	.LASF11
 255 0088 02       		.uleb128 0x2
 256 0089 08       		.byte	0x8
 257 008a 04       		.byte	0x4
 258 008b B4010000 		.4byte	.LASF12
 259 008f 02       		.uleb128 0x2
 260 0090 01       		.byte	0x1
 261 0091 08       		.byte	0x8
 262 0092 82010000 		.4byte	.LASF13
 263 0096 02       		.uleb128 0x2
 264 0097 08       		.byte	0x8
 265 0098 04       		.byte	0x4
 266 0099 E8010000 		.4byte	.LASF14
 267 009d 02       		.uleb128 0x2
 268 009e 04       		.byte	0x4
 269 009f 07       		.byte	0x7
 270 00a0 16020000 		.4byte	.LASF15
 271 00a4 05       		.uleb128 0x5
 272 00a5 3B000000 		.4byte	.LASF26
 273 00a9 01       		.byte	0x1
 274 00aa 10       		.byte	0x10
 275 00ab 68000000 		.4byte	0x68
 276 00af 00000000 		.4byte	.LFB63
 277 00b3 B4000000 		.4byte	.LFE63-.LFB63
 278 00b7 01       		.uleb128 0x1
 279 00b8 9C       		.byte	0x9c
 280 00b9 34020000 		.4byte	0x234
 281 00bd 06       		.uleb128 0x6
 282 00be 1E000000 		.4byte	.LBB2
 283 00c2 78000000 		.4byte	.LBE2-.LBB2
ARM GAS  C:\Users\mag94\AppData\Local\Temp\ccfIjbxa.s 			page 7


 284 00c6 EA010000 		.4byte	0x1ea
 285 00ca 07       		.uleb128 0x7
 286 00cb 16010000 		.4byte	.LASF27
 287 00cf 01       		.byte	0x1
 288 00d0 1E       		.byte	0x1e
 289 00d1 34020000 		.4byte	0x234
 290 00d5 02       		.uleb128 0x2
 291 00d6 91       		.byte	0x91
 292 00d7 6C       		.sleb128 -20
 293 00d8 08       		.uleb128 0x8
 294 00d9 24000000 		.4byte	.LVL5
 295 00dd 55020000 		.4byte	0x255
 296 00e1 EF000000 		.4byte	0xef
 297 00e5 09       		.uleb128 0x9
 298 00e6 01       		.uleb128 0x1
 299 00e7 50       		.byte	0x50
 300 00e8 05       		.uleb128 0x5
 301 00e9 03       		.byte	0x3
 302 00ea 00000000 		.4byte	.LC0
 303 00ee 00       		.byte	0
 304 00ef 08       		.uleb128 0x8
 305 00f0 2A000000 		.4byte	.LVL6
 306 00f4 55020000 		.4byte	0x255
 307 00f8 06010000 		.4byte	0x106
 308 00fc 09       		.uleb128 0x9
 309 00fd 01       		.uleb128 0x1
 310 00fe 50       		.byte	0x50
 311 00ff 05       		.uleb128 0x5
 312 0100 03       		.byte	0x3
 313 0101 10000000 		.4byte	.LC1
 314 0105 00       		.byte	0
 315 0106 0A       		.uleb128 0xa
 316 0107 36000000 		.4byte	.LVL7
 317 010b 60020000 		.4byte	0x260
 318 010f 08       		.uleb128 0x8
 319 0110 3E000000 		.4byte	.LVL8
 320 0114 55020000 		.4byte	0x255
 321 0118 26010000 		.4byte	0x126
 322 011c 09       		.uleb128 0x9
 323 011d 01       		.uleb128 0x1
 324 011e 50       		.byte	0x50
 325 011f 05       		.uleb128 0x5
 326 0120 03       		.byte	0x3
 327 0121 14000000 		.4byte	.LC2
 328 0125 00       		.byte	0
 329 0126 08       		.uleb128 0x8
 330 0127 44000000 		.4byte	.LVL9
 331 012b 6B020000 		.4byte	0x26b
 332 012f 3A010000 		.4byte	0x13a
 333 0133 09       		.uleb128 0x9
 334 0134 01       		.uleb128 0x1
 335 0135 50       		.byte	0x50
 336 0136 02       		.uleb128 0x2
 337 0137 91       		.byte	0x91
 338 0138 6C       		.sleb128 -20
 339 0139 00       		.byte	0
 340 013a 08       		.uleb128 0x8
ARM GAS  C:\Users\mag94\AppData\Local\Temp\ccfIjbxa.s 			page 8


 341 013b 4A000000 		.4byte	.LVL10
 342 013f 55020000 		.4byte	0x255
 343 0143 51010000 		.4byte	0x151
 344 0147 09       		.uleb128 0x9
 345 0148 01       		.uleb128 0x1
 346 0149 50       		.byte	0x50
 347 014a 05       		.uleb128 0x5
 348 014b 03       		.byte	0x3
 349 014c 24000000 		.4byte	.LC3
 350 0150 00       		.byte	0
 351 0151 0A       		.uleb128 0xa
 352 0152 56000000 		.4byte	.LVL12
 353 0156 76020000 		.4byte	0x276
 354 015a 08       		.uleb128 0x8
 355 015b 5E000000 		.4byte	.LVL13
 356 015f 55020000 		.4byte	0x255
 357 0163 6E010000 		.4byte	0x16e
 358 0167 09       		.uleb128 0x9
 359 0168 01       		.uleb128 0x1
 360 0169 50       		.byte	0x50
 361 016a 02       		.uleb128 0x2
 362 016b 74       		.byte	0x74
 363 016c 00       		.sleb128 0
 364 016d 00       		.byte	0
 365 016e 08       		.uleb128 0x8
 366 016f 64000000 		.4byte	.LVL14
 367 0173 55020000 		.4byte	0x255
 368 0177 85010000 		.4byte	0x185
 369 017b 09       		.uleb128 0x9
 370 017c 01       		.uleb128 0x1
 371 017d 50       		.byte	0x50
 372 017e 05       		.uleb128 0x5
 373 017f 03       		.byte	0x3
 374 0180 2C000000 		.4byte	.LC4
 375 0184 00       		.byte	0
 376 0185 0A       		.uleb128 0xa
 377 0186 70000000 		.4byte	.LVL16
 378 018a 76020000 		.4byte	0x276
 379 018e 08       		.uleb128 0x8
 380 018f 76000000 		.4byte	.LVL17
 381 0193 55020000 		.4byte	0x255
 382 0197 A2010000 		.4byte	0x1a2
 383 019b 09       		.uleb128 0x9
 384 019c 01       		.uleb128 0x1
 385 019d 50       		.byte	0x50
 386 019e 02       		.uleb128 0x2
 387 019f 74       		.byte	0x74
 388 01a0 00       		.sleb128 0
 389 01a1 00       		.byte	0
 390 01a2 08       		.uleb128 0x8
 391 01a3 7C000000 		.4byte	.LVL18
 392 01a7 55020000 		.4byte	0x255
 393 01ab B9010000 		.4byte	0x1b9
 394 01af 09       		.uleb128 0x9
 395 01b0 01       		.uleb128 0x1
 396 01b1 50       		.byte	0x50
 397 01b2 05       		.uleb128 0x5
ARM GAS  C:\Users\mag94\AppData\Local\Temp\ccfIjbxa.s 			page 9


 398 01b3 03       		.byte	0x3
 399 01b4 34000000 		.4byte	.LC5
 400 01b8 00       		.byte	0
 401 01b9 0A       		.uleb128 0xa
 402 01ba 88000000 		.4byte	.LVL20
 403 01be 76020000 		.4byte	0x276
 404 01c2 08       		.uleb128 0x8
 405 01c3 8E000000 		.4byte	.LVL21
 406 01c7 55020000 		.4byte	0x255
 407 01cb D6010000 		.4byte	0x1d6
 408 01cf 09       		.uleb128 0x9
 409 01d0 01       		.uleb128 0x1
 410 01d1 50       		.byte	0x50
 411 01d2 02       		.uleb128 0x2
 412 01d3 74       		.byte	0x74
 413 01d4 00       		.sleb128 0
 414 01d5 00       		.byte	0
 415 01d6 0B       		.uleb128 0xb
 416 01d7 96000000 		.4byte	.LVL22
 417 01db 55020000 		.4byte	0x255
 418 01df 09       		.uleb128 0x9
 419 01e0 01       		.uleb128 0x1
 420 01e1 50       		.byte	0x50
 421 01e2 05       		.uleb128 0x5
 422 01e3 03       		.byte	0x3
 423 01e4 3C000000 		.4byte	.LC6
 424 01e8 00       		.byte	0
 425 01e9 00       		.byte	0
 426 01ea 08       		.uleb128 0x8
 427 01eb 0C000000 		.4byte	.LVL0
 428 01ef 55020000 		.4byte	0x255
 429 01f3 01020000 		.4byte	0x201
 430 01f7 09       		.uleb128 0x9
 431 01f8 01       		.uleb128 0x1
 432 01f9 50       		.byte	0x50
 433 01fa 05       		.uleb128 0x5
 434 01fb 03       		.byte	0x3
 435 01fc 00000000 		.4byte	.LC0
 436 0200 00       		.byte	0
 437 0201 08       		.uleb128 0x8
 438 0202 12000000 		.4byte	.LVL1
 439 0206 55020000 		.4byte	0x255
 440 020a 18020000 		.4byte	0x218
 441 020e 09       		.uleb128 0x9
 442 020f 01       		.uleb128 0x1
 443 0210 50       		.byte	0x50
 444 0211 05       		.uleb128 0x5
 445 0212 03       		.byte	0x3
 446 0213 10000000 		.4byte	.LC1
 447 0217 00       		.byte	0
 448 0218 0A       		.uleb128 0xa
 449 0219 16000000 		.4byte	.LVL2
 450 021d 81020000 		.4byte	0x281
 451 0221 0A       		.uleb128 0xa
 452 0222 1A000000 		.4byte	.LVL3
 453 0226 8C020000 		.4byte	0x28c
 454 022a 0A       		.uleb128 0xa
ARM GAS  C:\Users\mag94\AppData\Local\Temp\ccfIjbxa.s 			page 10


 455 022b 1E000000 		.4byte	.LVL4
 456 022f 97020000 		.4byte	0x297
 457 0233 00       		.byte	0
 458 0234 0C       		.uleb128 0xc
 459 0235 81000000 		.4byte	0x81
 460 0239 44020000 		.4byte	0x244
 461 023d 0D       		.uleb128 0xd
 462 023e 9D000000 		.4byte	0x9d
 463 0242 02       		.byte	0x2
 464 0243 00       		.byte	0
 465 0244 0E       		.uleb128 0xe
 466 0245 CA010000 		.4byte	.LASF28
 467 0249 07       		.byte	0x7
 468 024a 1207     		.2byte	0x712
 469 024c 50020000 		.4byte	0x250
 470 0250 0F       		.uleb128 0xf
 471 0251 76000000 		.4byte	0x76
 472 0255 10       		.uleb128 0x10
 473 0256 BB010000 		.4byte	.LASF16
 474 025a BB010000 		.4byte	.LASF16
 475 025e 04       		.byte	0x4
 476 025f 26       		.byte	0x26
 477 0260 10       		.uleb128 0x10
 478 0261 1F010000 		.4byte	.LASF17
 479 0265 1F010000 		.4byte	.LASF17
 480 0269 05       		.byte	0x5
 481 026a 28       		.byte	0x28
 482 026b 10       		.uleb128 0x10
 483 026c 90010000 		.4byte	.LASF18
 484 0270 90010000 		.4byte	.LASF18
 485 0274 05       		.byte	0x5
 486 0275 31       		.byte	0x31
 487 0276 10       		.uleb128 0x10
 488 0277 2C000000 		.4byte	.LASF19
 489 027b 2C000000 		.4byte	.LASF19
 490 027f 04       		.byte	0x4
 491 0280 29       		.byte	0x29
 492 0281 10       		.uleb128 0x10
 493 0282 69010000 		.4byte	.LASF20
 494 0286 69010000 		.4byte	.LASF20
 495 028a 04       		.byte	0x4
 496 028b 1F       		.byte	0x1f
 497 028c 10       		.uleb128 0x10
 498 028d 0E000000 		.4byte	.LASF21
 499 0291 0E000000 		.4byte	.LASF21
 500 0295 06       		.byte	0x6
 501 0296 93       		.byte	0x93
 502 0297 10       		.uleb128 0x10
 503 0298 D7010000 		.4byte	.LASF22
 504 029c D7010000 		.4byte	.LASF22
 505 02a0 05       		.byte	0x5
 506 02a1 26       		.byte	0x26
 507 02a2 00       		.byte	0
 508              		.section	.debug_abbrev,"",%progbits
 509              	.Ldebug_abbrev0:
 510 0000 01       		.uleb128 0x1
 511 0001 11       		.uleb128 0x11
ARM GAS  C:\Users\mag94\AppData\Local\Temp\ccfIjbxa.s 			page 11


 512 0002 01       		.byte	0x1
 513 0003 25       		.uleb128 0x25
 514 0004 0E       		.uleb128 0xe
 515 0005 13       		.uleb128 0x13
 516 0006 0B       		.uleb128 0xb
 517 0007 03       		.uleb128 0x3
 518 0008 0E       		.uleb128 0xe
 519 0009 1B       		.uleb128 0x1b
 520 000a 0E       		.uleb128 0xe
 521 000b 55       		.uleb128 0x55
 522 000c 17       		.uleb128 0x17
 523 000d 11       		.uleb128 0x11
 524 000e 01       		.uleb128 0x1
 525 000f 10       		.uleb128 0x10
 526 0010 17       		.uleb128 0x17
 527 0011 00       		.byte	0
 528 0012 00       		.byte	0
 529 0013 02       		.uleb128 0x2
 530 0014 24       		.uleb128 0x24
 531 0015 00       		.byte	0
 532 0016 0B       		.uleb128 0xb
 533 0017 0B       		.uleb128 0xb
 534 0018 3E       		.uleb128 0x3e
 535 0019 0B       		.uleb128 0xb
 536 001a 03       		.uleb128 0x3
 537 001b 0E       		.uleb128 0xe
 538 001c 00       		.byte	0
 539 001d 00       		.byte	0
 540 001e 03       		.uleb128 0x3
 541 001f 16       		.uleb128 0x16
 542 0020 00       		.byte	0
 543 0021 03       		.uleb128 0x3
 544 0022 0E       		.uleb128 0xe
 545 0023 3A       		.uleb128 0x3a
 546 0024 0B       		.uleb128 0xb
 547 0025 3B       		.uleb128 0x3b
 548 0026 0B       		.uleb128 0xb
 549 0027 49       		.uleb128 0x49
 550 0028 13       		.uleb128 0x13
 551 0029 00       		.byte	0
 552 002a 00       		.byte	0
 553 002b 04       		.uleb128 0x4
 554 002c 24       		.uleb128 0x24
 555 002d 00       		.byte	0
 556 002e 0B       		.uleb128 0xb
 557 002f 0B       		.uleb128 0xb
 558 0030 3E       		.uleb128 0x3e
 559 0031 0B       		.uleb128 0xb
 560 0032 03       		.uleb128 0x3
 561 0033 08       		.uleb128 0x8
 562 0034 00       		.byte	0
 563 0035 00       		.byte	0
 564 0036 05       		.uleb128 0x5
 565 0037 2E       		.uleb128 0x2e
 566 0038 01       		.byte	0x1
 567 0039 3F       		.uleb128 0x3f
 568 003a 19       		.uleb128 0x19
ARM GAS  C:\Users\mag94\AppData\Local\Temp\ccfIjbxa.s 			page 12


 569 003b 03       		.uleb128 0x3
 570 003c 0E       		.uleb128 0xe
 571 003d 3A       		.uleb128 0x3a
 572 003e 0B       		.uleb128 0xb
 573 003f 3B       		.uleb128 0x3b
 574 0040 0B       		.uleb128 0xb
 575 0041 27       		.uleb128 0x27
 576 0042 19       		.uleb128 0x19
 577 0043 49       		.uleb128 0x49
 578 0044 13       		.uleb128 0x13
 579 0045 8701     		.uleb128 0x87
 580 0047 19       		.uleb128 0x19
 581 0048 11       		.uleb128 0x11
 582 0049 01       		.uleb128 0x1
 583 004a 12       		.uleb128 0x12
 584 004b 06       		.uleb128 0x6
 585 004c 40       		.uleb128 0x40
 586 004d 18       		.uleb128 0x18
 587 004e 9642     		.uleb128 0x2116
 588 0050 19       		.uleb128 0x19
 589 0051 01       		.uleb128 0x1
 590 0052 13       		.uleb128 0x13
 591 0053 00       		.byte	0
 592 0054 00       		.byte	0
 593 0055 06       		.uleb128 0x6
 594 0056 0B       		.uleb128 0xb
 595 0057 01       		.byte	0x1
 596 0058 11       		.uleb128 0x11
 597 0059 01       		.uleb128 0x1
 598 005a 12       		.uleb128 0x12
 599 005b 06       		.uleb128 0x6
 600 005c 01       		.uleb128 0x1
 601 005d 13       		.uleb128 0x13
 602 005e 00       		.byte	0
 603 005f 00       		.byte	0
 604 0060 07       		.uleb128 0x7
 605 0061 34       		.uleb128 0x34
 606 0062 00       		.byte	0
 607 0063 03       		.uleb128 0x3
 608 0064 0E       		.uleb128 0xe
 609 0065 3A       		.uleb128 0x3a
 610 0066 0B       		.uleb128 0xb
 611 0067 3B       		.uleb128 0x3b
 612 0068 0B       		.uleb128 0xb
 613 0069 49       		.uleb128 0x49
 614 006a 13       		.uleb128 0x13
 615 006b 02       		.uleb128 0x2
 616 006c 18       		.uleb128 0x18
 617 006d 00       		.byte	0
 618 006e 00       		.byte	0
 619 006f 08       		.uleb128 0x8
 620 0070 898201   		.uleb128 0x4109
 621 0073 01       		.byte	0x1
 622 0074 11       		.uleb128 0x11
 623 0075 01       		.uleb128 0x1
 624 0076 31       		.uleb128 0x31
 625 0077 13       		.uleb128 0x13
ARM GAS  C:\Users\mag94\AppData\Local\Temp\ccfIjbxa.s 			page 13


 626 0078 01       		.uleb128 0x1
 627 0079 13       		.uleb128 0x13
 628 007a 00       		.byte	0
 629 007b 00       		.byte	0
 630 007c 09       		.uleb128 0x9
 631 007d 8A8201   		.uleb128 0x410a
 632 0080 00       		.byte	0
 633 0081 02       		.uleb128 0x2
 634 0082 18       		.uleb128 0x18
 635 0083 9142     		.uleb128 0x2111
 636 0085 18       		.uleb128 0x18
 637 0086 00       		.byte	0
 638 0087 00       		.byte	0
 639 0088 0A       		.uleb128 0xa
 640 0089 898201   		.uleb128 0x4109
 641 008c 00       		.byte	0
 642 008d 11       		.uleb128 0x11
 643 008e 01       		.uleb128 0x1
 644 008f 31       		.uleb128 0x31
 645 0090 13       		.uleb128 0x13
 646 0091 00       		.byte	0
 647 0092 00       		.byte	0
 648 0093 0B       		.uleb128 0xb
 649 0094 898201   		.uleb128 0x4109
 650 0097 01       		.byte	0x1
 651 0098 11       		.uleb128 0x11
 652 0099 01       		.uleb128 0x1
 653 009a 31       		.uleb128 0x31
 654 009b 13       		.uleb128 0x13
 655 009c 00       		.byte	0
 656 009d 00       		.byte	0
 657 009e 0C       		.uleb128 0xc
 658 009f 01       		.uleb128 0x1
 659 00a0 01       		.byte	0x1
 660 00a1 49       		.uleb128 0x49
 661 00a2 13       		.uleb128 0x13
 662 00a3 01       		.uleb128 0x1
 663 00a4 13       		.uleb128 0x13
 664 00a5 00       		.byte	0
 665 00a6 00       		.byte	0
 666 00a7 0D       		.uleb128 0xd
 667 00a8 21       		.uleb128 0x21
 668 00a9 00       		.byte	0
 669 00aa 49       		.uleb128 0x49
 670 00ab 13       		.uleb128 0x13
 671 00ac 2F       		.uleb128 0x2f
 672 00ad 0B       		.uleb128 0xb
 673 00ae 00       		.byte	0
 674 00af 00       		.byte	0
 675 00b0 0E       		.uleb128 0xe
 676 00b1 34       		.uleb128 0x34
 677 00b2 00       		.byte	0
 678 00b3 03       		.uleb128 0x3
 679 00b4 0E       		.uleb128 0xe
 680 00b5 3A       		.uleb128 0x3a
 681 00b6 0B       		.uleb128 0xb
 682 00b7 3B       		.uleb128 0x3b
ARM GAS  C:\Users\mag94\AppData\Local\Temp\ccfIjbxa.s 			page 14


 683 00b8 05       		.uleb128 0x5
 684 00b9 49       		.uleb128 0x49
 685 00ba 13       		.uleb128 0x13
 686 00bb 3F       		.uleb128 0x3f
 687 00bc 19       		.uleb128 0x19
 688 00bd 3C       		.uleb128 0x3c
 689 00be 19       		.uleb128 0x19
 690 00bf 00       		.byte	0
 691 00c0 00       		.byte	0
 692 00c1 0F       		.uleb128 0xf
 693 00c2 35       		.uleb128 0x35
 694 00c3 00       		.byte	0
 695 00c4 49       		.uleb128 0x49
 696 00c5 13       		.uleb128 0x13
 697 00c6 00       		.byte	0
 698 00c7 00       		.byte	0
 699 00c8 10       		.uleb128 0x10
 700 00c9 2E       		.uleb128 0x2e
 701 00ca 00       		.byte	0
 702 00cb 3F       		.uleb128 0x3f
 703 00cc 19       		.uleb128 0x19
 704 00cd 3C       		.uleb128 0x3c
 705 00ce 19       		.uleb128 0x19
 706 00cf 6E       		.uleb128 0x6e
 707 00d0 0E       		.uleb128 0xe
 708 00d1 03       		.uleb128 0x3
 709 00d2 0E       		.uleb128 0xe
 710 00d3 3A       		.uleb128 0x3a
 711 00d4 0B       		.uleb128 0xb
 712 00d5 3B       		.uleb128 0x3b
 713 00d6 0B       		.uleb128 0xb
 714 00d7 00       		.byte	0
 715 00d8 00       		.byte	0
 716 00d9 00       		.byte	0
 717              		.section	.debug_aranges,"",%progbits
 718 0000 1C000000 		.4byte	0x1c
 719 0004 0200     		.2byte	0x2
 720 0006 00000000 		.4byte	.Ldebug_info0
 721 000a 04       		.byte	0x4
 722 000b 00       		.byte	0
 723 000c 0000     		.2byte	0
 724 000e 0000     		.2byte	0
 725 0010 00000000 		.4byte	.LFB63
 726 0014 B4000000 		.4byte	.LFE63-.LFB63
 727 0018 00000000 		.4byte	0
 728 001c 00000000 		.4byte	0
 729              		.section	.debug_ranges,"",%progbits
 730              	.Ldebug_ranges0:
 731 0000 00000000 		.4byte	.LFB63
 732 0004 B4000000 		.4byte	.LFE63
 733 0008 00000000 		.4byte	0
 734 000c 00000000 		.4byte	0
 735              		.section	.debug_line,"",%progbits
 736              	.Ldebug_line0:
 737 0000 89010000 		.section	.debug_str,"MS",%progbits,1
 737      02005D01 
 737      00000201 
ARM GAS  C:\Users\mag94\AppData\Local\Temp\ccfIjbxa.s 			page 15


 737      FB0E0D00 
 737      01010101 
 738              	.LASF6:
 739 0000 6C6F6E67 		.ascii	"long long int\000"
 739      206C6F6E 
 739      6720696E 
 739      7400
 740              	.LASF21:
 741 000e 4932435F 		.ascii	"I2C_Start\000"
 741      53746172 
 741      7400
 742              	.LASF8:
 743 0018 756E7369 		.ascii	"unsigned int\000"
 743      676E6564 
 743      20696E74 
 743      00
 744              	.LASF24:
 745 0025 6D61696E 		.ascii	"main.c\000"
 745      2E6300
 746              	.LASF19:
 747 002c 55415254 		.ascii	"UART_PutHexInt\000"
 747      5F507574 
 747      48657849 
 747      6E7400
 748              	.LASF26:
 749 003b 6D61696E 		.ascii	"main\000"
 749      00
 750              	.LASF0:
 751 0040 7369676E 		.ascii	"signed char\000"
 751      65642063 
 751      68617200 
 752              	.LASF23:
 753 004c 474E5520 		.ascii	"GNU C11 5.4.1 20160609 (release) [ARM/embedded-5-br"
 753      43313120 
 753      352E342E 
 753      31203230 
 753      31363036 
 754 007f 616E6368 		.ascii	"anch revision 237715] -mcpu=cortex-m3 -mthumb -g -O"
 754      20726576 
 754      6973696F 
 754      6E203233 
 754      37373135 
 755 00b2 67202D66 		.ascii	"g -ffunction-sections -ffat-lto-objects\000"
 755      66756E63 
 755      74696F6E 
 755      2D736563 
 755      74696F6E 
 756              	.LASF5:
 757 00da 6C6F6E67 		.ascii	"long unsigned int\000"
 757      20756E73 
 757      69676E65 
 757      6420696E 
 757      7400
 758              	.LASF7:
 759 00ec 6C6F6E67 		.ascii	"long long unsigned int\000"
 759      206C6F6E 
 759      6720756E 
ARM GAS  C:\Users\mag94\AppData\Local\Temp\ccfIjbxa.s 			page 16


 759      7369676E 
 759      65642069 
 760              	.LASF3:
 761 0103 73686F72 		.ascii	"short unsigned int\000"
 761      7420756E 
 761      7369676E 
 761      65642069 
 761      6E7400
 762              	.LASF27:
 763 0116 72657375 		.ascii	"resultat\000"
 763      6C746174 
 763      00
 764              	.LASF17:
 765 011f 53434433 		.ascii	"SCD30_isAvailable\000"
 765      305F6973 
 765      41766169 
 765      6C61626C 
 765      6500
 766              	.LASF25:
 767 0131 433A5C55 		.ascii	"C:\\Users\\mag94\\Documents\\PSoC Creator\\SCD30\\S"
 767      73657273 
 767      5C6D6167 
 767      39345C44 
 767      6F63756D 
 768 015e 43443330 		.ascii	"CD30.cydsn\000"
 768      2E637964 
 768      736E00
 769              	.LASF20:
 770 0169 55415254 		.ascii	"UART_Start\000"
 770      5F537461 
 770      727400
 771              	.LASF1:
 772 0174 756E7369 		.ascii	"unsigned char\000"
 772      676E6564 
 772      20636861 
 772      7200
 773              	.LASF13:
 774 0182 63686172 		.ascii	"char\000"
 774      00
 775              	.LASF4:
 776 0187 6C6F6E67 		.ascii	"long int\000"
 776      20696E74 
 776      00
 777              	.LASF18:
 778 0190 53434433 		.ascii	"SCD30_getCarbonDioxideConcentration\000"
 778      305F6765 
 778      74436172 
 778      626F6E44 
 778      696F7869 
 779              	.LASF12:
 780 01b4 646F7562 		.ascii	"double\000"
 780      6C6500
 781              	.LASF16:
 782 01bb 55415254 		.ascii	"UART_PutString\000"
 782      5F507574 
 782      53747269 
 782      6E6700
ARM GAS  C:\Users\mag94\AppData\Local\Temp\ccfIjbxa.s 			page 17


 783              	.LASF28:
 784 01ca 49544D5F 		.ascii	"ITM_RxBuffer\000"
 784      52784275 
 784      66666572 
 784      00
 785              	.LASF22:
 786 01d7 53434433 		.ascii	"SCD30_initialize\000"
 786      305F696E 
 786      69746961 
 786      6C697A65 
 786      00
 787              	.LASF14:
 788 01e8 6C6F6E67 		.ascii	"long double\000"
 788      20646F75 
 788      626C6500 
 789              	.LASF9:
 790 01f4 5F5F696E 		.ascii	"__int32_t\000"
 790      7433325F 
 790      7400
 791              	.LASF11:
 792 01fe 666C6F61 		.ascii	"float\000"
 792      7400
 793              	.LASF2:
 794 0204 73686F72 		.ascii	"short int\000"
 794      7420696E 
 794      7400
 795              	.LASF10:
 796 020e 696E7433 		.ascii	"int32_t\000"
 796      325F7400 
 797              	.LASF15:
 798 0216 73697A65 		.ascii	"sizetype\000"
 798      74797065 
 798      00
 799              		.ident	"GCC: (GNU Tools for ARM Embedded Processors) 5.4.1 20160609 (release) [ARM/embedded-5-bran
